0 0 -nan
1 1 0
2 1.41683 0.00400835
3 1.72889 0.00587016
4 1.99735 0.00609577
5 2.2315 0.00842141
6 2.45146 0.0101981
7 2.64099 0.0115712
8 2.83302 0.0132992
9 3.00298 0.0142556
10 3.16148 0.014586
11 3.30757 0.0144193
12 3.46764 0.015034
13 3.60576 0.0164466
14 3.74233 0.0175939
15 3.87597 0.018167
16 4.00181 0.0179309
17 4.12337 0.0191328
18 4.23539 0.0199912
19 4.34634 0.0197901
20 4.47107 0.0197684
21 4.58403 0.0198865
22 4.70081 0.0207392
23 4.81243 0.0201113
24 4.9166 0.0210046
25 5.01299 0.0220594
26 5.10221 0.0233263
27 5.20719 0.0239909
28 5.30708 0.0241351
29 5.3968 0.0239633
30 5.48713 0.0250692
31 5.56739 0.0254801
32 5.64864 0.0253804
33 5.73582 0.0259816
34 5.82696 0.0261121
35 5.91764 0.0269829
36 5.9938 0.0267074
37 6.07375 0.0278216
38 6.16525 0.0275933
39 6.25251 0.0286448
40 6.3303 0.0290049
41 6.39507 0.0297837
42 6.4815 0.0303401
43 6.55441 0.0303108
44 6.63671 0.0312809
45 6.71035 0.031477
46 6.77636 0.0317844
47 6.84085 0.0322936
48 6.91287 0.0324713
49 6.9935 0.0329426
50 7.06535 0.0336261
51 7.13617 0.0331162
52 7.20842 0.0342963
53 7.27089 0.0346167
54 7.34688 0.034543
55 7.42405 0.0334579
56 7.49753 0.0341906
57 7.55223 0.0350041
58 7.62648 0.0348287
59 7.68095 0.0350992
60 7.74605 0.035017
61 7.81925 0.0360949
62 7.87203 0.0360381
63 7.92841 0.0368355
64 8.00743 0.0367278
65 8.07078 0.0359779
66 8.12224 0.0365791
67 8.18085 0.0365333
68 8.23907 0.0369409
69 8.29474 0.0376687
70 8.34174 0.0380415
71 8.40983 0.0392316
72 8.46164 0.0387342
73 8.51239 0.0389784
74 8.56822 0.0390176
75 8.61872 0.0390986
76 8.67813 0.0392112
77 8.7311 0.0387689
78 8.79647 0.0398988
79 8.85343 0.0396965
80 8.90608 0.0401617
81 8.95728 0.0404249
82 9.01429 0.0407868
83 9.07685 0.0404863
84 9.13236 0.0395284
85 9.19973 0.0392456
86 9.25617 0.0395114
87 9.31833 0.0390566
88 9.36289 0.0385286
89 9.41834 0.0390403
90 9.46659 0.0401965
91 9.52353 0.0405868
92 9.56975 0.0414332
93 9.62881 0.0412236
94 9.67776 0.0402639
95 9.72848 0.0407419
96 9.77502 0.0410725
97 9.84008 0.0412149
98 9.88941 0.0416115
99 9.943 0.0425067
