13.1971
13.1971
13.5241
13.5388
13.1603
12.3305
12.3445
12.3445
12.3445
12.3445
12.3318
12.5649
12.5649
13.196
13.196
12.3205
12.3205
12.3205
12.3205
12.8132
12.5932
12.5932
12.5932
12.5932
11.9879
11.9879
11.9879
11.7049
10.4
9.76284
9.64122
9.64122
9.64122
9.30754
9.30754
8.56722
9.25512
9.5336
9.6446
9.6446
9.5157
9.5157
8.66708
8.03224
7.16739
7.46275
7.17437
6.33675
6.16826
5.88218
5.88218
5.56063
5.48888
5.48888
4.93308
4.33454
3.52409
3.52409
4.22607
4.39236
4.39236
4.13563
4.13563
4.13563
4.13563
4.62636
4.62636
4.65738
4.65155
4.65155
3.91438
3.91438
3.64586
3.00346
3.64388
3.64388
3.89615
4.31311
4.31311
4.31311
4.31311
4.29996
3.25214
3.25214
3.71987
3.71987
3.71987
3.71987
3.57964
3.38873
3.29282
2.90794
2.90794
3.13718
1.75868
1.75868
2.12299
2.12299
2.12299
2.31496
2.31496
2.10646
1.76859
1.76859
1.76859
1.76859
1.76859
0.939526
0.939526
0.733146
0.618728
0.618728
0.618728
0.618728
0.623787
0.623787
0.623787
0.623787
0.623787
0.623787
0.623787
0.666735
0.666735
1.0042
1.0042
1.0042
1.0042
1.06818
1.06818
1.22317
1.68986
1.68986
1.87435
1.14847
1.14847
1.14847
1.14847
1.14847
1.11908
1.41594
1.41594
1.15543
2.7061
2.16847
1.25133
1.25133
1.25133
2.44924
2.54908
2.54908
2.01608
2.31353
2.5623
2.06647
2.3436
1.60132
1.60132
1.60132
1.60132
1.60132
0.941737
0.839537
0.675544
0.781881
0.662203
0.662203
0.508251
0.508251
0.97424
0.708602
1.0239
1.0239
1.0239
1.0239
1.0239
0.805851
2.25074
2.62857
2.58041
2.81833
3.24172
3.8576
3.8576
3.8576
3.8576
4.0917
3.57536
3.57536
1.7563
1.71067
0.716917
0.716917
2.11435
2.03921
1.27246
1.27246
2.11336
2.2256
1.19538
1.19538
1.19538
1.27401
1.27401
1.27401
0.615474
0.615474
0.615474
0.615474
0.615474
0.615474
0.615474
0.779247
0.779247
0.779247
1.173
0.989797
1.0131
1.54478
1.54478
1.50527
1.30905
1.30905
1.30905
0.679568
0.679568
0.679568
0.679568
0.679568
0.679568
0.679568
0.679568
0.853875
0.853875
0.86963
0.728391
0.728391
0.844063
1.05924
1.05924
1.05924
1.05924
1.30588
1.13223
1.13223
1.29572
1.29572
0.847057
0.977371
0.983781
0.983781
0.955598
0.955598
0.998472
0.998472
0.998472
0.998472
0.998472
0.998472
0.895032
0.895032
0.895032
0.895032
0.895032
0.895032
0.895032
1.80722
0.99152
0.694823
1.42609
1.42609
1.31889
0.766241
0.766241
0.766241
0.766241
0.766472
1.42883
0.875367
0.875367
0.875367
0.922426
0.922426
1.10637
1.10637
0.758949
0.850831
1.11179
1.25565
1.25565
1.25565
1.25565
1.23741
1.23741
2.64148
1.8674
2.1359
2.34941
1.87878
2.02668
1.90917
1.86389
1.86389
2.40528
2.36141
2.36141
2.44729
3.00484
3.58946
3.50719
3.50719
3.50719
3.22251
2.76093
2.90075
2.24127
2.46598
3.25622
3.34246
1.63624
1.57933
1.43593
1.60705
1.253
1.46569
1.46569
1.46569
1.70083
2.63962
2.63962
1.90118
1.93372
1.93372
1.93372
1.93372
1.08218
1.08218
1.42679
1.5917
0.940645
0.748153
0.748153
0.748153
0.880379
0.880379
1.62153
1.62153
2.0331
2.0331
1.96445
1.96445
1.96445
2.06277
2.06277
2.06277
2.80193
2.80193
3.42455
3.63772
3.14032
3.20618
3.20618
3.20618
3.20618
3.20618
3.272
3.272
3.80419
3.89578
4.51862
4.28704
3.55649
3.55649
3.22088
3.14669
3.1426
3.0393
1.93418
1.96591
1.63843
0.787577
0.787577
0.787577
0.787577
0.787577
0.787577
0.731343
0.81144
0.81144
0.81144
0.81144
0.81144
0.81144
0.81144
0.568131
0.568131
0.568131
0.568131
0.568131
0.568131
0.568131
0.568131
0.568131
0.568131
0.568131
0.568131
1.09315
1.09315
1.09315
0.61542
0.61542
2.02453
3.50224
3.50224
3.50224
3.50224
3.2012
3.2012
3.2012
2.52332
2.25096
1.67405
1.67405
2.112
1.7094
1.90591
1.90044
2.43013
2.52809
2.52809
2.52809
2.52809
2.55146
2.55146
2.55146
2.70465
3.23309
3.23309
3.23309
3.50709
3.50709
3.50709
3.34067
3.10456
1.86389
1.86389
1.86389
1.86389
2.65049
2.65049
2.49254
2.49254
1.63916
1.56075
1.94844
1.38781
1.63061
1.63061
1.63061
1.11858
1.23553
1.23553
1.23553
1.23553
2.31814
2.36184
2.14105
2.14105
2.14105
1.16402
1.18216
1.15409
1.15409
1.5184
1.5184
1.5184
1.62599
1.62599
1.21555
1.21555
1.21555
2.20987
3.20173
2.96063
3.19731
3.27086
3.11079
3.06909
1.78745
1.78745
2.40829
2.40829
1.81659
0.951627
1.45538
1.45538
1.45538
1.45538
1.45538
1.5459
1.5459
1.5459
0.684815
0.600806
0.600806
0.600806
0.600806
0.600806
0.590243
0.590243
0.81451
0.81451
0.81451
0.81451
0.81451
0.81451
1.04719
1.09883
1.13361
2.14285
1.76619
1.16512
1.38094
1.02201
1.02201
0.586349
0.586349
0.586349
0.586349
0.586349
0.586349
0.586349
0.586349
1.98146
1.5914
1.34753
1.34753
1.90822
2.24923
1.6484
1.6484
1.6484
1.6484
1.6484
1.41515
1.41515
1.41515
1.07296
1.28255
1.28255
1.12519
2.1935
2.1935
2.18271
2.60502
2.60502
3.30019
3.53283
2.81861
2.89358
2.89358
2.89358
2.26512
1.87994
1.87994
1.89436
2.07728
2.14537
1.98211
1.98211
2.3624
2.3624
2.45613
1.55534
1.55534
2.11081
1.56411
1.56411
1.99305
1.53981
1.53981
1.0948
1.59729
1.59729
2.53336
2.53336
2.53336
2.36701
2.47775
1.86751
1.41698
1.08623
0.696845
0.696845
0.696845
0.696845
0.696845
0.696845
0.696845
0.696845
0.696845
0.752273
0.752273
0.752273
1.64704
1.55459
1.56932
1.80399
1.18695
1.54431
1.54431
1.54431
1.54431
1.42261
1.10962
1.10962
0.577674
1.20241
1.20241
1.20241
1.20241
0.409027
0.409027
0.409027
0.409027
2.44113
1.48077
1.48077
1.48077
1.48077
1.35833
1.35833
1.76597
1.94149
1.94045
1.73264
1.20478
1.20478
1.12375
0.861006
0.861006
0.861006
0.861006
0.861006
1.12712
0.74075
1.13173
1.20719
1.20719
1.20719
1.77271
2.02271
2.02271
2.02271
2.15495
2.15495
0.454037
0.454037
0.454037
1.76217
1.63909
2.16708
2.30472
2.09032
2.09032
2.09032
2.09032
2.08011
2.08011
2.08011
1.85364
1.86516
1.86516
2.13979
2.13979
2.74445
2.49642
2.26583
2.26583
2.04061
2.04061
2.04061
2.04061
1.29577
2.18126
2.5617
2.68558
3.13
1.33444
1.33444
1.33444
1.96323
1.96323
1.63823
1.42357
1.57149
1.57149
1.48919
1.73871
1.73871
1.73871
2.17775
2.3749
2.3749
2.81677
3.22272
3.22272
3.22272
3.22272
3.22272
2.83327
2.83327
3.02338
2.89964
2.89964
2.89964
2.92043
2.70815
2.70815
2.57328
2.57328
3.52624
3.52624
1.78172
1.78172
2.3168
2.3168
2.37473
2.53484
1.58175
1.62198
0.653625
0.653625
0.332281
0.399522
0.399522
0.399522
0.399522
1.1093
1.36156
1.00486
1.41539
1.41539
1.17217
1.36188
1.41473
1.36771
1.52078
1.52078
1.52078
1.52078
1.71813
2.07219
2.07219
2.0801
2.0801
2.0801
2.37235
2.37235
2.54273
2.54273
0.892
0.892
1.15707
0.598546
0.598546
0.598546
0.598546
1.161
1.161
1.161
1.1084
0.640545
0.640545
1.13478
1.59997
1.59997
1.59997
1.59997
1.59997
1.47156
1.47156
1.03536
1.03536
1.25809
1.25809
1.25809
1.58681
0.995269
0.995269
0.995269
2.01052
2.82223
2.13666
1.14709
1.45551
0.789921
1.23298
1.23298
1.23298
1.23298
1.23298
1.23298
1.02146
1.02146
1.02146
1.02146
1.02146
1.31544
0.871581
0.871581
0.871581
1.12371
1.84423
0.75862
0.75862
0.75862
0.854084
0.854084
0.854084
0.854084
0.848216
0.848216
0.848216
0.848216
0.332679
0.332679
1.12584
1.12584
1.18918
0.890936
0.7143
0.7143
0.7143
1.17315
1.17315
1.17315
1.17315
0.845599
1.52495
1.69919
1.69919
1.27986
1.27986
1.27986
0.999657
0.999657
0.999657
0.950424
0.950424
0.950424
0.950424
0.950424
0.492556
0.492556
0.492556
0.492556
0.492556
0.492556
1.14931
1.14931
1.45655
2.68121
2.68121
3.52507
3.52507
3.52507
3.52507
3.63364
3.21174
2.07231
2.07231
1.58974
1.60717
1.7001
0.72394
0.72394
0.72394
0.891146
1.7998
1.66208
0.487413
0.896432
0.896432
0.830902
0.830902
1.67819
1.10006
0.895333
0.895333
0.895333
0.895333
0.895333
0.269561
0.622835
0.622835
0.622835
0.622835
0.622835
1.21838
1.21838
0.917648
0.917648
0.917648
0.752304
1.80891
1.52044
1.29807
0.747404
0.600003
0.600003
0.600003
0.600003
0.600003
0.557513
0.557513
0.557513
0.608635
0.316305
0.316305
0.316305
0.316305
0.316305
0.951258
0.951258
1.24668
1.24668
1.68994
2.03553
1.71134
1.73369
2.73205
2.51575
2.17523
2.17523
1.43183
1.43183
1.43183
1.86702
1.66153
1.81604
2.03105
2.03105
2.03105
1.60384
1.60384
1.98947
2.23711
2.23711
2.23711
2.03757
2.03757
2.03757
2.14748
2.14748
1.88745
1.50697
1.50697
1.16938
0.689331
0.928733
0.631859
0.864212
0.915108
0.779283
0.779283
0.779283
0.898364
0.898824
0.898824
0.898824
0.703348
0.703348
0.703348
0.703348
0.703348
0.703348
0.703348
0.703348
1.15533
1.19893
1.1853
1.1853
1.1853
1.64891
1.39008
1.29446
0.751275
0.751275
0.751275
0.751275
0.751275
0.751275
0.751275
0.482807
0.482807
0.482807
0.482807
0.482807
0.482807
0.482807
