13.244
13.1152
13.1256
13.1256
12.4719
12.4546
11.1006
10.7747
10.9787
10.3639
10.5606
9.86604
10.8864
10.0271
10.2564
9.49726
9.28703
9.28703
9.28703
9.90761
8.98357
8.66052
8.01796
7.06399
5.59631
5.19884
5.19884
5.19884
4.39856
3.25132
4.21707
3.41647
3.41647
3.41647
3.41647
3.20735
3.20735
2.30406
2.00151
2.00151
1.75294
1.65549
1.65549
1.14222
1.14222
1.14222
1.14222
1.14222
1.35772
1.65006
1.65006
1.65006
1.65006
1.65006
1.65006
1.65006
1.65006
1.3096
1.3096
1.3096
1.3096
1.3096
1.48839
1.44766
1.44766
1.44766
1.08889
1.54597
1.14005
1.14005
1.48136
1.32678
1.9221
1.9221
2.95934
2.95934
3.72844
3.72844
3.46231
3.46231
3.75145
3.70665
2.58567
1.85523
2.45831
2.45831
1.98516
2.46396
2.46396
2.49988
2.46186
2.46186
2.97392
2.97392
2.34529
1.51753
1.38168
1.38168
0.792078
0.792078
0.792078
0.792078
0.837717
0.837717
0.837717
0.837717
0.612734
0.612734
0.612734
1.77757
0.294728
0.294728
0.294728
1.14588
1.14588
1.14588
1.14588
1.56712
0.763371
0.763371
0.763371
0.763371
0.645001
0.645001
1.27969
1.27969
1.27969
1.27969
1.25575
1.25575
0.869557
1.38056
0.756799
0.756799
1.91295
0.753352
0.753352
0.830373
0.907208
0.907208
0.907208
0.907208
0.788056
0.788056
0.788056
0.788056
0.143109
0.143109
0.143109
0.536461
1.27875
1.34328
1.10535
1.10535
0.794321
0.794321
0.794321
0.794321
0.702747
0.702747
0.702747
0.662391
0.930003
0.889447
0.442976
0.766719
0.558316
1.04001
1.04001
0.851708
0.851708
0.851708
1.42861
1.42861
1.42861
1.42861
0.964091
0.701337
0.701337
0.701337
0.701337
2.11976
2.11976
2.1096
1.63525
1.63525
1.63525
1.60336
1.60336
2.00662
2.00662
2.00662
1.77326
1.77326
2.74749
2.53774
2.45838
2.18104
1.68976
1.71287
1.56679
1.73758
1.73758
1.73758
1.73758
1.45677
1.45677
1.45677
1.45677
0.998277
1.43345
1.35324
2.07976
2.07976
2.07976
2.07976
2.07976
1.85446
1.30215
1.30215
1.11659
1.17878
1.17878
1.17878
2.52704
1.94729
1.9364
1.9364
1.9796
1.40488
1.40488
1.44558
1.69563
1.22381
1.22381
0.789825
0.789825
0.789825
0.527848
0.527848
0.527848
0.527848
0.527848
0.527848
0.527848
0.527848
0.527848
0.876692
0.876692
0.928754
0.468075
0.468075
0.468075
0.468075
1.14287
1.14287
1.14287
1.09673
1.09673
1.09673
1.01237
0.907902
0.869137
0.869137
0.869137
0.782173
0.912206
0.912206
0.912206
0.912206
0.912206
0.912206
0.912206
1.03523
1.04817
1.04817
1.04817
1.04817
1.66312
1.66312
2.38842
2.38842
2.38842
2.1982
2.0511
2.18618
2.25281
2.25281
2.51217
1.86759
1.86759
1.86759
1.86759
1.86759
1.69656
1.46697
1.34434
1.08088
1.66017
1.66017
1.66017
0.858283
0.858283
0.949697
0.588959
1.63988
1.63988
1.63988
1.63988
1.19221
1.19221
1.19221
1.3971
1.3971
1.09648
0.556183
0.556183
0.556183
1.59541
0.882653
0.882653
0.882653
0.882653
0.882653
0.928324
0.928324
0.928324
0.928324
0.782519
0.782519
0.782519
0.782519
0.782519
0.782519
0.682377
0.682377
0.968261
1.28662
1.28662
0.819483
1.39683
1.39683
2.42096
2.42096
2.98275
2.98275
2.5574
2.5574
2.89895
2.81182
2.81182
2.81182
3.72763
4.21498
4.15677
3.48778
2.99241
2.90558
2.26546
2.28173
1.99898
1.99898
1.99898
2.12709
2.12709
2.12709
1.94501
1.94501
1.24804
1.24804
1.37142
2.43791
2.62516
2.62516
2.79111
2.04836
1.09075
0.652839
0.652839
0.652839
0.652839
0.54897
0.54897
0.54897
1.49879
0.623278
0.849663
0.658517
0.658517
0.658517
0.658517
0.658517
0.658517
1.99943
1.99943
1.99943
1.99943
1.99943
1.99943
1.98851
1.98851
1.98851
1.98851
1.03082
0.524609
0.614241
0.614241
0.245699
0.245699
0.245699
0.245699
0.245699
0.245699
0.245699
0.245699
0.245699
0.245699
0.245699
0.245699
0.245699
0.245699
0.245699
0.245699
1.28434
1.28434
1.95524
1.95524
1.95524
2.03807
1.6918
2.26148
2.26148
2.40334
1.72104
1.76881
1.76881
1.33862
0.662521
0.627292
0.627292
0.627292
0.627292
0.627292
0.627292
0.627292
0.627292
0.904566
0.704197
0.704197
0.704197
0.591307
0.802293
0.802293
0.771008
0.771008
0.690149
0.610794
0.610794
0.610794
0.610794
0.921185
0.921185
0.921185
1.11217
1.11217
1.11217
1.11217
0.810109
0.810109
0.804972
1.04275
1.36724
1.36724
1.36724
1.36724
1.80532
2.36508
2.21441
1.16486
0.94362
1.14784
1.40362
1.80785
1.80785
0.820972
0.820972
0.582705
0.582705
0.582705
0.582705
0.582705
0.582705
0.582705
0.582705
0.582705
0.582705
0.582705
0.470447
0.470447
0.753821
0.794329
0.794329
0.794329
0.794329
0.794329
0.794329
0.794329
0.794329
0.679808
0.679808
0.679808
0.679808
1.47147
1.47147
1.47147
1.47147
1.4579
1.50565
1.50565
1.50565
1.50565
1.50565
1.4971
1.25255
1.25255
0.524372
0.524372
0.524372
0.524372
1.26134
1.04251
1.41626
1.41626
2.02928
2.60021
2.60021
2.91315
2.99135
2.99135
2.63453
3.44915
3.44915
2.88875
2.88875
2.25078
2.25078
2.25078
1.77761
1.44364
1.2266
0.882138
1.49145
1.04831
0.919573
0.919573
0.919573
0.919573
0.940711
0.940711
0.940711
0.89944
0.89944
0.213103
0.213103
0.643808
0.643808
0.643808
0.643808
0.643808
0.298565
0.298565
0.916361
0.445649
0.445649
0.445649
0.863298
0.611315
0.611315
0.611315
0.611315
0.611315
0.611315
1.21726
1.21726
0.538764
0.538764
1.25358
1.21732
1.21732
2.07279
1.57269
1.57872
1.57872
1.57872
1.65446
1.65446
1.65446
1.80143
1.71494
1.71494
1.22299
1.26073
1.26073
0.446019
0.771545
2.08372
2.08372
1.94112
1.81504
1.42867
1.42867
1.42867
1.67699
1.97889
1.97889
1.97889
2.15994
2.16034
2.60591
2.60591
2.45521
1.18132
1.54487
1.07193
1.07193
1.00101
0.768922
0.652414
0.652414
0.652414
0.248023
0.956611
0.956611
1.32858
1.20198
1.20198
2.85973
3.27904
3.27904
2.53398
3.41664
3.41664
3.17854
3.17854
3.41118
3.85714
4.49538
4.49538
4.73203
4.73203
3.3092
2.3486
2.3486
2.32787
2.76932
3.8952
4.9746
4.9746
3.91921
3.64587
2.83877
2.83877
2.51945
2.02912
1.79384
2.43395
2.43395
2.43395
2.43395
2.4513
2.4513
1.55172
1.38338
1.38338
1.38338
1.38338
1.38338
1.33941
0.893157
0.893157
1.45634
1.16175
1.16175
1.16175
0.965083
0.965083
1.0351
1.0351
1.0351
0.914736
0.914736
0.914736
0.914736
1.7639
0.591487
0.89384
0.89384
0.89384
0.581341
0.581341
0.581341
0.581341
0.581341
0.433086
0.433086
0.433086
0.598032
0.536674
0.86775
1.13664
1.13664
1.13664
1.13664
1.13664
2.14485
2.14485
2.14485
1.33728
1.33728
1.33728
1.03377
0.793529
0.793529
0.793529
0.793529
0.547464
0.547464
0.547464
0.751981
0.751981
0.814377
0.814377
1.13939
1.21303
1.21303
0.702998
0.702998
0.702998
0.702998
0.702998
0.81425
0.81425
0.81425
0.81425
2.01091
2.17657
2.17657
2.17657
1.89472
0.854627
0.777416
1.77191
1.77191
1.94264
1.94535
1.94535
1.94535
1.66754
1.81674
2.43577
2.43577
2.31022
2.31022
2.31022
2.49114
2.19926
2.10116
2.11082
2.11082
1.24057
1.32314
1.32314
1.32314
1.12298
1.12298
1.12298
1.12298
1.12298
1.26489
1.26489
1.26489
1.26489
1.26489
0.660201
1.30922
1.30922
0.546661
1.08712
1.08712
1.04514
1.04514
1.04514
0.818727
0.818727
0.818727
0.818727
0.818727
0.818727
0.818727
1.36205
1.36205
1.00186
1.59738
1.59738
1.74261
1.74261
2.1657
1.98837
1.99288
1.62898
1.25166
1.57049
2.16236
2.14447
2.14447
2.52897
2.59052
1.84516
2.64681
2.31142
2.31142
1.95817
2.89888
3.10958
3.10958
3.01569
2.16456
2.50948
2.50948
2.15895
2.15895
2.15895
2.15895
1.24026
1.24026
1.24026
1.24026
0.508398
0.508398
0.810876
0.810876
0.810876
0.810876
0.810876
0.679159
1.17123
1.36324
1.36324
1.36324
1.68777
2.23024
2.23024
1.64791
1.73364
1.73364
1.05697
1.05697
1.05697
0.424088
0.424088
0.424088
0.424088
0.424088
0.424088
0.424088
0.424088
0.424088
0.424088
0.424088
1.38371
1.38371
1.38371
0.86929
1.94423
1.94423
1.94423
1.94423
2.52091
2.52091
2.52091
2.52091
2.2811
1.70149
1.9113
1.68583
1.68583
2.16099
2.16099
0.876729
1.01032
1.01032
1.01032
1.25111
0.970873
0.970873
1.46001
1.14999
1.13001
1.13001
1.13001
1.24363
1.24363
1.24363
1.18961
1.18961
1.18961
1.18961
2.04326
2.04326
1.75215
1.75215
2.1611
2.19863
1.72141
1.72141
1.72141
1.72141
1.72141
1.72141
1.13552
1.13552
1.13552
1.13552
1.13552
1.13552
1.13552
1.33805
1.73264
2.00603
1.56453
1.90334
1.90334
2.09503
2.09503
1.54367
1.54367
1.56611
1.56611
1.1876
0.830493
0.943656
0.690453
1.53644
1.21773
1.21773
1.34663
1.32367
1.2615
1.26656
1.26656
1.7295
1.16791
1.16791
1.07432
1.00029
0.958246
0.541258
0.541258
0.541258
0.541258
0.541258
0.822491
0.822491
1.20307
1.20307
1.20307
1.12612
1.12612
1.12612
0.961338
1.52456
1.8997
1.8997
2.03089
2.03089
1.64971
1.31086
1.31086
0.785075
1.45976
1.45976
1.45976
1.42624
1.25915
1.44461
1.278
1.0289
1.75624
0.69092
0.69092
0.69092
0.69092
0.69092
0.69092
0.69092
0.69092
0.69092
0.69092
1.74654
1.59217
