0 0.999536 0
1 0.986215 inf
2 0.992647 0.0141785
3 0.990822 0.00896571
4 0.989725 0.00666909
5 0.989656 0.00527294
6 0.991649 0.00488167
7 0.992898 0.00438149
8 0.993611 0.00389975
9 0.994663 0.00363619
10 0.994845 0.00327429
11 0.996309 0.00334697
12 0.996518 0.0030738
13 0.996358 0.00284077
14 0.996063 0.0026545
15 0.996753 0.00257745
16 0.99654 0.00242568
17 0.99778 0.00261619
18 0.998221 0.00251161
19 0.99782 0.00241442
20 0.998558 0.0024151
21 0.998379 0.00230707
22 0.998293 0.00220375
23 0.99842 0.00211172
24 0.998483 0.00202462
25 0.997943 0.00202038
26 0.997504 0.00199329
27 0.997367 0.00192448
28 0.998171 0.00202848
29 0.999297 0.00226917
30 0.999162 0.00219775
31 0.999101 0.00212769
32 0.999584 0.00211887
33 0.999259 0.00208098
34 0.999346 0.00202167
35 0.999269 0.00196542
36 0.999339 0.00191208
37 0.999734 0.00190308
38 0.999274 0.00191093
39 0.999216 0.00186281
40 0.998794 0.0018657
41 0.998973 0.00182914
42 0.999052 0.00178732
43 0.998246 0.00192671
44 0.998824 0.00197165
45 0.998556 0.00194681
46 0.998847 0.00192709
47 0.999067 0.00189915
48 0.999046 0.00185969
49 0.999116 0.00182308
50 0.999269 0.00179327
51 0.99946 0.00176865
52 0.999897 0.00178994
53 1.00052 0.00186406
54 1.00079 0.00184961
55 1.00095 0.00182398
56 1.0014 0.00184752
57 1.00156 0.00182216
58 1.0017 0.00179583
59 1.00168 0.00176542
60 1.00164 0.00173646
61 1.00171 0.0017094
62 1.00174 0.00168213
63 1.00183 0.00165755
64 1.00176 0.00163323
65 1.00156 0.00162027
66 1.00157 0.00159577
67 1.00154 0.0015722
68 1.00153 0.00154916
69 1.00142 0.00153037
70 1.00147 0.00150914
71 1.00151 0.00148846
72 1.00178 0.00149417
73 1.00164 0.00148077
74 1.00168 0.00146118
75 1.00153 0.0014494
76 1.00148 0.00143099
77 1.00154 0.0014136
78 1.00154 0.00139548
79 1.00143 0.00138208
80 1.00128 0.00137348
81 1.0011 0.00136812
82 1.00144 0.00139269
83 1.00145 0.00137602
84 1.00145 0.00135964
85 1.0014 0.00134481
86 1.00119 0.00134478
87 1.00147 0.00135938
88 1.00164 0.00135396
89 1.00175 0.00134357
90 1.00152 0.00134843
91 1.00139 0.00134017
92 1.00118 0.00134202
93 1.0012 0.00132772
94 1.00125 0.00131446
95 1.00148 0.00132106
96 1.00145 0.00130759
97 1.0015 0.00129504
98 1.00161 0.00128632
99 1.00152 0.00127641
