0 1.06226 0
1 0.980392 inf
2 1.0326 0.0996024
3 0.998894 0.0736522
4 1.00267 0.0539645
5 1.00866 0.0431853
6 1.00589 0.0358895
7 1.00585 0.0306465
8 0.995994 0.02875
9 0.988977 0.0265763
10 0.990506 0.0239446
11 0.986138 0.0222261
12 0.985987 0.020361
13 0.986175 0.0187861
14 0.989088 0.0176972
15 0.983378 0.0175379
16 0.983918 0.0164468
17 0.985737 0.0155891
18 0.985782 0.0147203
19 0.988592 0.0142391
20 0.990628 0.0136857
21 0.992136 0.0131238
22 0.993606 0.0126161
23 0.992936 0.0120859
24 0.99106 0.0117389
25 0.990955 0.0112691
26 0.989079 0.0110027
27 0.988656 0.0106034
28 0.98799 0.0102467
29 0.987856 0.00989385
30 0.989081 0.00964446
31 0.990118 0.00939235
32 0.98775 0.0094112
33 0.98994 0.00939296
34 0.991172 0.00920172
35 0.991558 0.00894721
36 0.990083 0.0088262
37 0.990577 0.00860206
38 0.990878 0.0083811
39 0.992105 0.00826009
40 0.992278 0.00805536
41 0.992282 0.00785877
42 0.992522 0.00767541
43 0.993491 0.00756066
44 0.993865 0.00739839
45 0.994179 0.00724086
46 0.994736 0.00710574
47 0.994885 0.00695613
48 0.994263 0.00684015
49 0.994708 0.0067156
50 0.994475 0.00658545
51 0.995301 0.00650998
52 0.994671 0.00641636
53 0.995537 0.0063557
54 0.996206 0.0062744
55 0.996387 0.00616298
56 0.995295 0.00615241
57 0.996398 0.006146
58 0.997141 0.00608639
59 0.996606 0.0060075
60 0.998228 0.00612954
61 0.996842 0.00618878
62 0.996764 0.00608944
63 0.996815 0.00599298
64 0.996217 0.00592998
65 0.996227 0.00583874
66 0.994381 0.00604363
67 0.994588 0.00595708
68 0.993951 0.00590441
69 0.992195 0.00608177
70 0.99197 0.00599916
71 0.991883 0.00591529
72 0.991575 0.00584136
73 0.9931 0.00596248
74 0.99325 0.00588382
75 0.992574 0.00584507
76 0.993754 0.0058892
77 0.993042 0.0058568
78 0.992269 0.00583375
79 0.992013 0.00576564
80 0.990844 0.0058139
81 0.990379 0.00576114
82 0.990755 0.00570347
83 0.990917 0.00563708
84 0.992088 0.00569326
85 0.99209 0.00562627
86 0.99242 0.00557072
87 0.993416 0.00559705
88 0.994062 0.00557149
89 0.993776 0.00551637
90 0.995212 0.00564279
91 0.995992 0.00563569
92 0.996467 0.00559484
93 0.996517 0.00553491
94 0.997253 0.00552574
95 0.997581 0.0054775
96 0.997496 0.0054211
97 0.997946 0.00538419
98 0.998376 0.00534673
99 0.997939 0.00531092
