2.37049
2.37049
5.3612
4.89096
4.89096
4.89096
5.73605
5.73605
4.96654
6.77418
8.87354
8.87354
8.87354
8.87354
8.87354
9.99176
9.99176
9.99176
9.99176
8.53575
8.94925
8.94925
8.94925
8.94925
7.46385
7.46385
7.46385
7.46385
7.41769
7.59571
5.90257
6.78904
6.78904
4.7638
4.7638
6.15703
6.15703
6.61825
5.90265
5.45767
1.37147
1.37147
3.02559
3.02559
4.26011
4.40347
4.40347
4.40347
4.40347
4.40347
4.40347
4.40347
4.40347
4.40347
3.41968
3.41968
3.41968
2.78776
2.6456
2.6456
2.6456
5.12933
5.12933
5.12933
5.12933
5.77482
5.77482
5.77482
5.77482
5.77482
5.77482
5.77482
4.89804
4.89804
6.44738
6.44738
7.4312
8.68738
8.68738
8.68738
8.68738
8.84777
6.82831
8.65801
8.65801
8.65801
8.65801
8.65801
8.71908
8.71908
8.23551
6.85858
8.04918
8.58242
5.21471
5.21471
5.21471
5.73857
5.73857
6.42196
6.42196
6.49132
5.73258
5.73258
5.7143
5.7143
5.7143
4.31486
4.31486
0.767627
2.21351
2.21351
2.21351
4.11037
4.11037
5.10632
3.41545
3.41545
3.41545
4.66803
4.66803
4.66803
4.66803
5.21168
4.96108
4.96108
4.96108
5.51714
5.51714
4.00319
4.71307
3.06591
5.47944
3.59644
3.59644
3.59644
3.59644
4.67558
4.84497
2.67455
2.67455
2.67455
3.45705
2.01301
2.16347
2.16347
3.1851
4.7814
4.95316
6.69211
6.10968
6.91873
6.57766
4.61391
7.78626
6.00478
6.00478
6.00478
6.00478
6.00478
5.27915
5.16183
2.21843
4.32394
3.81961
3.81961
4.48142
4.48142
4.9634
4.61021
4.41644
4.41644
4.41644
4.41644
4.41644
1.64401
1.64401
1.47174
1.47174
3.35783
4.52017
6.06812
6.06812
6.06812
6.06812
6.88635
6.45243
6.45243
5.70891
5.70891
6.83684
6.83684
5.8164
5.8164
5.42925
5.42925
3.83812
3.83812
5.3958
3.99038
3.99038
3.99038
3.99038
3.99038
2.64843
2.64843
2.64843
2.64843
2.64843
2.64843
4.44438
3.97949
6.90991
6.90991
7.24972
5.85657
5.85657
5.85657
7.3992
7.3992
3.65508
3.65508
3.65508
4.97673
3.54405
3.54405
3.54405
3.54405
3.54405
3.54405
3.54405
4.75662
4.75662
4.75662
4.15844
4.15844
3.68871
3.81599
3.81599
3.81599
3.81599
1.46424
1.46424
1.46424
1.46424
3.2589
3.2589
3.2589
3.78454
4.6778
4.6778
4.6778
2.36834
2.36834
2.36834
4.34626
4.34626
4.34626
3.75554
3.75554
3.75554
3.75554
4.06544
4.06544
2.86891
4.70889
3.4352
3.9585
5.39447
5.39447
5.39447
4.10184
4.10184
4.98922
4.98922
5.53488
5.01234
5.15614
6.12663
4.26313
4.26313
4.26313
2.50513
2.50513
2.27624
2.27624
2.00362
2.72603
2.72603
2.72603
2.72603
2.72603
2.72603
2.11889
4.64306
2.8993
3.41416
2.0698
3.04324
2.48267
2.48267
5.33435
6.5473
6.5473
6.5473
6.48985
8.80988
9.49156
9.49156
9.49156
9.49156
9.0655
9.0655
8.16606
6.62835
5.43869
7.08241
8.93311
8.23441
8.75849
8.01738
8.09026
6.94072
7.52485
7.52485
7.52485
6.48563
10.2795
10.2795
9.13574
9.13574
9.13574
9.13574
9.13574
7.55987
7.55987
5.95412
5.95412
4.52157
4.52157
4.52157
3.7382
3.7382
3.7382
4.08089
4.08089
5.06393
5.06393
4.62139
7.04239
7.04239
5.4719
5.4719
5.4719
5.4719
5.4719
6.06408
8.41443
7.25764
7.25764
5.70296
5.70296
5.70296
6.98329
6.98329
6.98329
8.95512
8.95512
10.3733
9.1802
8.71075
8.71075
6.57971
6.35627
8.312
6.03094
4.84309
6.88336
7.35385
7.22349
6.12792
6.12792
6.12792
6.12792
6.12792
5.48051
5.48051
5.48051
5.48051
5.0602
4.7256
4.7256
4.7256
2.51481
2.51481
2.51481
2.51481
2.51481
2.51481
2.51481
2.9074
2.9074
2.9074
3.04725
3.04725
4.19246
4.19246
4.19246
2.66099
2.66099
2.66099
3.56824
3.56824
4.7517
4.7517
3.32701
3.32701
3.32701
1.91046
3.35055
3.35055
3.35055
2.22257
2.22257
2.67338
3.06741
4.97267
6.15543
6.15543
6.15543
6.15543
6.48436
6.48436
6.48436
6.88674
7.62589
7.62589
7.62589
8.96427
8.96427
8.96427
9.1987
8.79369
5.94266
5.94266
5.94266
5.94266
8.20177
10.0995
8.91741
8.91741
7.0076
7.63147
8.46466
7.10489
6.83968
8.18178
8.18178
6.62548
7.65525
7.65525
7.65525
7.65525
9.66265
9.11615
8.52541
8.52541
8.52541
6.01381
4.55738
4.55738
4.55738
2.16596
4.61965
4.61965
3.38794
3.38794
3.59098
3.59098
3.59098
3.00665
3.85731
3.85731
3.85731
3.4867
2.88501
2.75459
2.75459
2.75459
4.07031
4.07031
2.6468
2.10191
2.8247
4.54601
4.54601
4.54601
4.54601
3.28379
3.28379
4.12513
3.07202
3.07202
3.07202
3.07202
3.07202
3.07202
3.07202
4.27814
4.27814
4.27814
4.27814
3.53524
3.53524
3.53524
2.09539
4.96923
4.96923
6.05597
5.47699
3.26916
3.65587
4.10602
4.10602
2.5259
4.27243
4.27243
4.27243
2.60086
2.60086
3.12509
4.85239
8.10195
7.24943
6.43091
6.43091
7.63244
8.23894
7.64237
7.64237
7.64237
7.64237
7.64237
6.96902
6.96902
6.96902
6.39643
5.80511
5.80511
5.80511
5.00043
4.61664
4.61664
4.61664
8.63236
9.53091
9.53091
9.4721
9.33141
9.33141
10.1623
11.2325
9.99508
9.99508
10.5117
7.87632
7.25869
6.28886
6.28886
6.98002
6.98002
7.02858
5.58718
5.58718
3.17102
3.88408
3.88408
2.53569
3.78202
3.78202
3.78202
4.34622
4.34622
6.8623
6.8623
6.8623
6.8623
7.72437
7.37453
5.61195
4.22894
2.99085
2.99085
2.99085
2.99085
2.99085
2.99085
2.99085
2.99085
2.99085
4.3878
4.3878
4.3878
4.3878
4.3878
4.3878
4.3878
5.29839
4.06828
4.06828
4.06828
4.06828
4.06828
4.06828
4.06828
4.06828
4.45664
4.45664
4.45664
4.45664
2.54353
2.54353
2.54353
2.54353
3.9935
3.57412
3.57412
3.57412
4.84178
5.40835
5.40835
6.6165
7.59392
7.63417
7.63417
6.7309
6.7309
6.01401
5.42048
5.28828
5.28828
5.28828
5.28828
5.45149
3.51515
5.01894
5.32348
5.32348
5.32348
4.65567
5.76397
7.08132
7.08132
7.41949
7.41949
4.45739
3.35082
3.74071
5.56909
5.07859
5.81496
6.57181
5.95609
5.95609
5.95609
5.95609
6.18343
6.18343
6.18343
6.29425
6.95922
6.95922
7.18126
7.18126
8.39199
7.70107
8.11873
8.11873
7.28635
7.28635
7.28635
7.28635
6.28655
7.04195
7.04195
7.10339
9.009
3.92105
3.92105
3.92105
6.18851
6.18851
5.18683
4.32526
5.22638
5.22638
4.96624
6.45691
6.45691
6.45691
7.13504
7.83961
7.83961
8.94681
9.99999
9.99999
9.99999
9.99999
9.99999
9.05973
9.05973
9.10024
9.09378
9.09378
9.09378
9.09378
8.34014
8.34014
8.37808
8.37808
10.4781
10.4781
6.66818
6.66818
7.68343
7.68343
8.04921
8.55146
6.25837
6.36205
3.90372
3.90372
2.37183
2.37183
2.37183
2.37183
2.37183
5.06621
5.75796
3.27788
2.50941
2.50941
1.30641
0.860525
1.04856
1.04856
1.04856
2.43807
2.43807
2.43807
2.43807
1.54071
1.54071
1.54071
1.54071
1.54071
4.96936
4.96936
3.83892
3.83892
3.61017
3.61017
3.61017
5.38039
5.38039
6.89569
4.79074
3.24437
3.24437
3.24437
3.24437
5.08572
5.08572
6.15979
7.45303
7.45303
7.45303
7.45303
7.45303
7.77842
7.77842
6.59419
6.59419
7.14037
7.14037
6.08009
7.21724
6.30614
5.04964
5.04964
6.57693
8.15289
6.50507
3.19889
4.20395
2.74041
5.16262
6.28443
6.28443
6.28443
6.28443
6.28443
5.83595
5.83595
4.53272
6.16348
6.62668
6.62668
5.2099
5.24382
4.9851
6.91922
7.84345
6.0613
6.0613
6.0613
2.7815
2.93219
2.93219
2.93219
2.25391
3.85028
3.85028
3.85028
3.52379
3.52379
3.50127
3.50127
3.50127
3.0468
3.0468
3.0468
3.0468
2.18956
2.00481
4.33851
4.33851
4.0796
5.2425
5.2425
5.2425
4.57775
4.57775
6.31399
4.29383
4.29383
4.29383
3.39244
3.39244
3.39244
3.39244
3.39244
4.64772
4.82599
4.82599
6.03098
3.24621
3.24621
3.32453
4.34762
4.95465
7.81932
7.81932
9.70309
9.70309
9.70309
9.70309
9.62699
8.67449
6.58399
6.58399
4.25916
4.25916
4.25916
7.13641
7.13641
7.13641
3.92267
5.4076
5.21237
5.07894
5.07894
5.07894
5.41023
5.9397
7.63564
6.88826
6.34347
6.44476
6.64156
7.01658
7.01658
5.32725
5.41679
5.41679
5.41679
5.41679
3.00447
3.51176
3.51176
4.15466
4.15466
4.15466
4.15466
6.61621
6.01576
4.60226
3.95723
3.95723
3.95723
3.95723
3.95723
3.95723
4.5186
4.5186
4.5186
5.06019
4.39084
4.39084
4.39084
4.39084
4.39084
6.2568
3.44006
3.52999
3.52999
3.52999
3.89406
3.12787
2.77651
4.8175
2.79839
1.53645
1.53645
1.53645
1.53645
1.53645
3.63605
3.63605
3.63605
4.10458
5.14882
5.14882
4.2391
4.2391
6.49665
6.59278
6.59278
6.59278
6.62455
6.62455
6.62455
6.62455
6.62455
5.86889
4.77084
4.77084
3.52389
3.52389
4.10489
4.58727
3.22618
3.63419
3.24067
3.24067
3.24067
3.91604
3.91604
3.91604
3.91604
3.65733
3.65733
3.65733
3.65733
3.65733
3.65733
3.65733
3.65733
3.11506
3.2212
1.98615
1.98615
1.98615
3.04143
2.35944
2.91138
5.9132
5.9132
5.9132
5.9132
5.9132
4.43839
4.43839
3.70208
3.70208
3.70208
2.17936
2.17936
3.78074
3.08425
