3.19835
3.19835
3.19835
4.2292
4.2292
5.33559
5.33559
5.33559
4.2523
4.2523
4.56731
4.56731
5.05136
3.41322
4.63339
4.63339
2.48456
5.27988
5.27988
5.27988
5.84318
6.64311
7.14131
6.4021
6.4021
6.4021
3.72194
2.41895
4.57965
4.57965
3.50194
4.13537
4.94819
4.94819
4.94819
4.94819
6.43159
6.43159
5.87344
5.87344
4.39117
3.3201
3.3201
3.3201
2.54868
2.54868
2.54868
3.40085
2.86691
0.935842
0.935842
0.935842
0.935842
2.63664
2.63664
2.63664
2.63664
2.63664
2.63664
2.63664
2.63664
2.63664
2.63664
4.68305
4.68305
4.68305
3.83169
6.06203
6.48823
6.48823
7.1998
6.79742
7.31402
7.31402
10.3064
10.3064
10.3064
10.3064
9.41929
9.41929
9.41929
10.363
8.06827
5.14168
5.14168
5.14168
3.76521
5.97159
5.97159
5.14666
5.84677
5.84677
5.84677
5.84677
3.98817
3.8542
3.3148
3.3148
3.3148
4.78498
3.0827
3.0827
2.94121
2.94121
2.94121
2.94121
2.94121
2.94121
2.94121
5.34656
4.36285
6.22582
4.30384
4.29258
4.29258
3.10052
3.39434
3.39434
3.39434
3.39434
3.39434
3.39434
3.66237
3.66237
4.21557
3.06401
3.06401
3.06401
4.98612
4.98612
5.58218
6.10914
3.27466
3.27466
5.33028
4.43212
4.43212
4.43212
4.46452
4.46452
4.46452
5.74887
2.91128
2.91128
4.95061
4.36899
4.80715
4.80715
4.80715
4.37976
2.8703
2.8703
2.25782
2.25782
3.11571
3.11571
3.11571
3.11571
3.5073
3.12593
3.12593
2.56839
3.45952
3.1995
4.34175
2.3551
3.79666
4.15086
4.15086
3.84261
3.84261
3.20719
2.12864
3.29434
3.80767
4.84526
4.00245
1.6816
3.13277
3.13277
3.13277
5.7105
5.7105
5.7105
7.48434
7.48434
7.48434
7.98482
8.95329
7.64723
7.64723
7.64723
9.44173
9.26793
11.1214
10.9109
10.3301
9.41962
6.9293
6.94791
6.94791
6.94791
6.94791
6.94791
6.94791
6.94791
6.94791
6.94791
6.94791
5.66593
7.00251
7.00251
8.98838
8.98838
8.98838
8.98838
8.98838
8.43439
6.86513
6.86513
4.54767
4.54767
4.54767
4.54767
6.91125
5.35621
6.84622
6.84622
5.56236
4.98011
7.5702
7.71763
7.55967
4.72888
4.72888
3.88887
1.88881
1.88881
3.99516
3.99516
3.99516
3.99516
3.99516
5.48993
5.48993
4.92289
4.92289
4.6719
6.06773
6.06773
6.06773
4.07596
4.07596
4.07596
4.5299
5.79478
5.79478
7.03778
7.03778
9.24469
8.23753
8.1973
7.79372
7.79372
7.79372
8.00329
6.79693
8.28377
8.21098
8.21098
8.21098
7.82979
8.37988
7.46375
7.66375
7.66375
7.66375
6.98892
6.98892
7.18359
8.22492
8.22492
8.22492
7.7028
7.12011
8.32584
7.84616
7.84616
8.40861
7.275
8.26431
8.26431
8.26431
8.26431
7.56603
6.7265
6.04873
6.24779
6.17866
6.17866
6.17866
4.97279
4.97279
4.25312
3.95887
5.98106
5.98106
5.98106
5.98106
6.44444
6.44444
6.44444
7.02825
7.02825
6.18491
4.56466
4.56466
5.23243
7.94488
6.36924
6.36924
6.36924
6.36924
6.36924
5.52385
5.52385
5.52385
5.52385
4.28619
4.28619
4.28619
4.28619
4.28619
4.28619
4.83381
3.15991
4.94931
7.04141
8.21096
7.4817
9.0211
9.0211
11.2135
11.2135
12.0169
12.0169
11.2252
11.2252
10.4293
11.8646
11.8646
11.8646
13.2687
15.2644
15.2644
13.1199
11.8839
10.5311
9.73508
9.87605
8.95485
8.95485
8.95485
8.41906
8.41906
8.41906
9.38516
9.38516
6.67444
5.70478
5.21705
8.06918
8.06918
8.06918
7.66955
5.70788
4.86661
4.04398
4.99054
4.99054
4.99054
4.49655
4.49655
4.49655
3.99554
4.69471
4.88723
4.50566
1.09808
1.09808
1.09808
1.09808
1.09808
4.21438
4.21438
4.21438
4.21438
4.21438
4.21438
3.38441
3.38441
3.38441
3.38441
1.19748
2.7895
1.06128
1.07281
1.07281
1.46096
1.46096
2.71261
2.71261
4.60909
3.25248
3.25248
3.25248
3.25248
2.30186
2.73937
3.66569
3.66569
3.66569
5.53474
6.49318
6.49318
6.49318
6.49318
6.49318
6.49318
6.43278
7.31289
7.31289
7.31289
6.09402
5.62588
5.62588
6.1111
5.00677
5.00677
3.6074
3.6074
3.6074
3.6074
3.6074
4.89979
2.91746
5.17357
4.72114
4.56981
5.53744
6.09312
6.35726
6.35726
6.35726
6.35726
5.79478
4.84073
2.74007
2.74007
2.74007
2.74007
2.74007
2.74007
2.74007
2.74007
2.74007
2.74007
2.05449
2.05449
2.05449
3.55167
5.10945
5.10945
6.12258
6.12258
6.12258
5.84975
5.84975
3.1346
3.89367
3.89367
3.89367
5.01521
5.01521
2.1148
3.32543
3.32543
3.32543
3.32543
3.32543
5.48134
5.48134
5.6172
5.57981
6.33879
6.33879
6.33879
5.58606
5.58606
6.21274
6.21274
6.21274
6.21274
6.21274
6.21274
6.21274
5.56761
5.56761
5.56761
5.56761
3.99151
3.99151
2.77896
2.88443
2.88443
3.2759
2.35114
2.35114
2.35114
2.35114
2.35114
2.35114
2.29276
2.29276
2.29276
2.29276
2.29276
2.29276
2.29276
2.29276
2.29276
3.71502
6.01951
5.53421
6.90237
6.90237
6.90237
7.64699
7.64699
8.19166
10.4338
10.4338
8.39348
8.39348
7.77916
7.77916
7.77916
7.19744
6.64409
6.14481
4.31361
3.99887
2.24717
3.69031
3.69031
3.69031
3.69031
5.11881
5.11881
5.11881
4.13571
4.13571
3.58251
3.58251
4.1275
4.1275
4.1275
4.1275
4.1275
2.76009
2.76009
5.19136
3.88021
2.50014
2.50014
2.50014
3.63275
3.63275
5.36424
4.77953
5.14893
5.14893
4.79126
4.79126
5.84698
4.61611
5.59284
7.60387
7.60387
6.50322
7.17462
7.26811
7.26811
5.44958
5.44958
5.44958
5.44958
7.41087
8.58605
8.58605
7.86852
7.17368
7.17368
4.29199
5.29156
7.96333
7.96333
6.61607
6.61607
5.83027
5.83027
7.12358
6.98507
5.20198
5.20198
5.20198
5.20198
5.20198
5.93054
5.93054
5.93054
2.73436
3.80056
2.47138
2.47138
2.94457
2.34219
1.60174
3.53616
2.3889
1.73065
3.00147
3.00147
5.06216
4.03244
4.03244
7.85711
7.85711
7.85711
7.48072
9.12044
9.12044
7.83416
7.83416
9.25749
9.68668
10.7914
10.7914
11.8346
11.8346
8.35223
5.32523
5.32523
5.6618
6.37301
7.7056
11.0097
11.0097
9.42555
7.80716
6.86352
6.86352
5.05916
5.11048
6.58817
5.94892
7.60663
7.60663
7.60663
7.20029
7.20029
6.6913
5.46953
5.46953
4.41497
4.41497
4.41497
4.41497
4.91898
4.91898
6.13281
5.97537
5.97537
5.97537
4.97736
4.97736
3.11393
3.11393
3.11393
4.50932
4.50932
4.50932
4.50932
5.12718
3.07867
2.44343
2.44343
2.44343
4.97406
4.97406
4.97406
4.97406
3.89611
2.51539
2.51539
2.51539
3.20936
2.61586
2.61586
2.76947
2.76947
2.76947
2.76947
2.76947
3.9536
5.23905
5.23905
4.20912
5.16787
5.26619
5.33111
4.95535
4.95535
4.95535
6.72187
6.98648
6.98648
5.92272
3.49605
3.49605
3.45769
3.31858
3.31858
5.30904
5.30904
4.94573
5.92069
6.42524
6.42524
4.6963
3.60594
3.60594
3.60594
2.39276
4.32661
2.58268
2.58268
2.58268
4.18739
2.19929
3.11473
4.29285
3.46425
2.99292
2.99292
6.24474
6.24474
4.99768
5.8086
7.74846
7.74846
7.6514
7.6514
7.6514
8.13182
7.1849
6.8751
6.8751
6.8751
6.24927
2.52783
2.52783
2.52783
2.52783
2.52783
2.52783
2.52783
2.52783
2.52783
2.52783
2.52783
2.52783
2.52783
4.29603
4.53772
4.53772
3.70982
3.79293
3.79293
4.00803
4.00803
4.00803
5.94876
6.05652
6.05652
6.05652
6.05652
6.05652
3.3814
3.3814
3.3814
3.3814
6.84943
6.84943
6.84943
6.84943
9.02843
9.1811
9.33674
8.38167
7.40673
8.50774
9.48482
8.37632
8.37632
8.37632
8.37632
7.45739
10.146
9.35413
9.35413
8.42167
10.6482
10.5021
10.5021
10.6822
8.83594
8.96278
8.96278
8.82404
8.82404
8.82404
11.3315
8.73569
8.73569
8.73569
8.73569
6.52052
6.52052
5.30066
4.0821
4.0821
4.0821
2.48856
3.56049
3.47199
3.47199
2.41729
2.19172
2.19172
2.95939
2.95939
2.04056
4.90495
3.61212
0.910424
2.61957
3.45692
4.07134
4.07134
3.32241
5.10635
5.10635
5.10635
6.03692
6.03692
6.03692
3.93254
3.93254
6.53633
5.52307
5.52307
4.25778
6.33531
6.33531
6.33531
6.33531
7.89922
7.89922
7.89922
7.89922
6.58283
5.0656
4.74282
4.74282
4.74282
5.49914
5.49914
5.41913
6.91732
6.91732
6.91732
6.91732
6.77102
5.71752
6.87957
4.99393
4.99393
4.99393
4.99393
4.99393
4.99393
4.99393
5.5098
5.42567
6.04634
6.04634
8.20013
8.20013
7.74504
7.74504
8.84298
9.12003
6.64208
6.64208
6.64208
6.64208
6.64208
6.64208
6.63356
7.35083
7.35083
7.35083
7.35083
7.35083
7.35083
7.0657
8.34636
8.99101
7.79265
6.83038
6.83038
6.87651
6.87651
6.10806
6.10806
6.10806
6.10806
6.10806
3.80519
5.23706
5.23706
6.67639
5.35052
4.16704
4.51608
4.51608
4.51608
4.51608
5.86296
7.61207
6.24745
7.52672
7.92453
7.00399
7.44818
5.00563
5.00563
5.00563
5.00563
5.00563
5.33329
6.70895
7.15344
7.15344
6.48614
4.84106
4.69283
4.69283
3.18872
3.95706
2.52841
2.52841
2.52841
2.52841
4.51332
4.28861
4.28861
4.28861
4.9489
4.9489
5.39716
5.39716
4.96359
4.16763
4.16763
4.16763
6.24137
4.21728
4.21728
4.21728
4.21728
4.21728
4.42573
4.42573
4.42573
4.76583
4.76583
4.76583
4.76583
