15.9627
15.7466
15.9773
15.9773
14.677
14.9663
11.3189
11
11.0539
10.0311
10.2898
10.2898
12.6452
10.2589
11.0851
9.79942
8.66343
10.5165
10.5165
10.5165
9.74638
8.95346
8.41355
5.5406
3.52056
3.52056
3.52056
3.82613
5.21568
5.21568
5.19549
4.79542
4.79542
4.79542
4.79542
4.79542
6.23905
6.23905
6.55807
6.55807
3.90213
3.9049
3.46927
3.69378
3.69378
3.69378
3.69378
3.69378
2.74558
2.13278
4.24037
1.25739
1.25739
2.86147
2.86147
2.86147
2.86147
2.86147
2.86147
2.86147
2.86147
2.86147
2.86147
4.38661
4.38661
4.38661
3.63327
5.80335
6.29771
6.29771
6.29771
5.81308
5.87322
5.87322
8.81862
8.81862
8.81862
8.81862
7.79575
7.79575
7.79575
7.79575
5.02904
2.52298
2.52298
2.52298
1.21803
2.93469
2.93469
2.93469
3.57575
3.57575
5.12478
5.12478
2.84127
3.31946
3.03015
3.03015
3.03015
4.37534
2.5287
2.5287
2.17633
2.17633
2.17633
2.17633
2.17633
2.17633
2.17633
5.24746
3.54284
5.20421
3.42396
4.00813
4.00813
4.00813
4.00813
2.01971
2.01971
2.01971
2.02909
2.02909
2.02909
2.11655
4.26758
3.46695
3.46695
6.8174
5.44254
5.04485
3.2941
2.36609
4.22048
4.22048
4.88827
3.23346
3.23346
2.95511
2.75173
2.75173
2.75173
2.75173
4.8813
4.8813
4.8813
4.8813
3.27522
3.27522
3.27522
3.26188
5.79441
6.05693
5.80126
5.80126
4.65847
6.89787
6.89787
7.93477
8.52374
8.90296
6.55973
5.53689
4.78386
5.59759
4.13263
6.10168
5.84285
6.23137
6.23137
6.15066
6.15066
6.11677
6.11677
6.11677
6.11677
6.11677
5.04294
2.58348
2.58348
2.58348
2.58348
5.11034
5.11034
3.4537
4.01617
4.01617
4.01617
4.35602
5.60026
4.76941
7.22525
7.22525
8.34183
8.34183
10.3262
9.5517
8.98652
8.27508
5.79584
6.31788
4.12711
4.12711
4.66731
5.56375
6.13494
5.01319
7.07887
7.07887
7.07887
5.76558
5.39153
4.1709
4.1709
4.1709
4.1709
4.1709
4.1709
4.52156
4.7764
4.7764
4.7764
4.52994
4.52994
4.52994
5.94265
4.7392
1.16032
1.16032
4.45974
3.23269
3.23269
3.23269
3.94433
3.94433
3.94433
4.33287
4.33287
4.33287
2.88224
2.88224
2.88224
2.88224
2.88224
2.88224
2.88224
2.88224
2.88224
4.8502
2.93988
2.93988
2.93988
3.70606
2.74302
2.74302
5.48466
5.43246
5.43246
5.43246
5.43246
6.01402
2.74773
6.62568
6.44408
6.44408
6.44408
5.98827
2.47972
2.47972
1.92026
1.92026
1.92026
1.92026
3.19423
2.49452
4.03323
4.03323
4.03323
4.03323
4.03323
4.03323
1.98192
1.98192
1.98192
1.67813
1.67813
3.51136
3.51136
3.51136
3.4241
5.0462
5.0462
5.0462
5.0462
5.0462
5.0462
4.95642
6.35574
3.78971
6.62221
6.62221
6.62221
4.24319
4.24319
3.26616
3.51465
2.24873
2.24873
2.24873
1.8336
1.8336
3.69969
3.69969
3.69969
3.69969
2.69171
1.22438
4.02512
4.02512
6.56099
5.27767
5.27767
5.27767
5.27767
5.27767
4.07348
4.07348
4.07348
5.17737
3.94927
3.94927
3.94927
3.94927
3.94927
3.94927
4.49129
3.14952
4.95503
7.13832
8.3505
7.69458
9.25161
9.25161
11.4718
11.4718
12.2264
12.2264
11.3191
11.3191
10.5049
11.9542
11.9542
11.9542
13.2269
15.2557
15.2557
13.1023
11.9614
10.6804
9.80102
9.99774
9.0832
9.0832
9.0832
8.51349
8.51349
8.51349
9.44271
9.44271
6.68126
5.84599
5.29297
8.0979
8.0979
8.0979
7.81191
5.86822
4.7795
3.84273
4.85222
4.85222
4.85222
4.26964
4.26964
4.26964
3.58742
4.46074
4.86913
4.41555
1.08777
1.08777
1.08777
1.08777
1.08777
4.17975
4.17975
4.17975
4.17975
4.17975
4.17975
3.27155
3.27155
3.27155
3.27155
3.27155
2.68551
2.68551
2.68551
3.95697
3.95697
3.95697
3.95697
3.95697
3.95697
3.95697
3.95697
3.95697
3.95697
4.7862
4.7862
2.28953
3.60725
5.50529
3.57582
6.47019
6.47019
6.47019
6.47019
9.03644
8.3895
5.04112
5.04112
5.04112
5.04112
3.25155
2.48362
2.48362
2.48362
2.48362
2.48362
3.98723
3.98723
3.98723
3.98723
1.45358
1.45358
3.19576
1.20889
1.69727
1.69727
1.69727
1.00188
1.00188
1.00188
1.76391
1.76391
3.23337
2.64775
2.64775
2.64775
2.64775
1.90733
4.64541
4.64541
3.18183
3.18183
3.18183
3.18183
4.21382
4.21382
4.82985
3.37952
4.96857
4.96857
2.79493
4.46643
4.46643
4.46643
4.95666
4.95666
4.0476
4.0476
4.0476
4.66235
4.66235
4.66235
5.51922
5.84257
5.84257
4.74638
5.75354
7.72238
7.72238
6.77752
6.0146
6.0146
6.0146
6.0146
5.11541
5.11541
5.65123
5.04528
5.04528
5.04528
5.04528
5.04528
5.04528
4.44919
4.44919
4.44919
4.44919
2.36834
2.36834
2.36834
2.36834
2.36834
2.36834
3.404
3.404
3.404
3.404
3.404
3.404
3.77098
3.77098
3.77098
4.17545
4.17545
4.17545
6.38567
7.20926
5.19972
5.84988
6.19213
7.6736
8.59443
8.59443
8.59443
8.11431
8.11431
8.11431
8.11431
8.11431
9.75602
9.75602
6.90537
6.90537
5.62198
4.92316
5.57378
5.57378
5.57378
6.98131
7.51961
6.95461
6.95461
6.18952
2.77912
2.77912
2.77912
1.41849
1.41849
1.41849
2.79594
1.20238
2.59313
3.8749
5.86275
5.86275
7.18553
6.07459
6.07459
8.33033
7.21094
5.38938
5.38938
3.69721
4.31006
4.31006
4.31006
3.53856
3.89945
3.89945
1.70155
1.70155
3.25345
3.25345
5.57793
6.79725
6.79725
6.74683
6.10986
6.83466
6.83466
6.83466
5.39504
5.39504
5.39504
7.1423
7.77294
7.77294
7.05392
6.57221
6.57221
3.5949
4.20294
6.80534
6.80534
5.67058
7.57038
6.01442
6.01442
6.01442
6.23665
5.05315
5.05315
5.05315
5.05315
5.05315
4.99421
4.99421
4.99421
3.37514
3.37514
2.10606
2.10606
2.8168
2.29409
1.52572
3.33678
1.81581
1.62007
3.13247
3.13247
4.71781
4.36085
4.36085
8.10742
8.10742
8.10742
7.46624
9.20739
9.20739
8.02558
8.02558
9.22094
9.74555
10.9601
10.9601
11.9551
11.9551
8.43255
5.46455
5.46455
5.75285
6.56393
6.56393
10.1631
10.1631
9.81625
7.78323
7.15425
7.15425
4.62834
4.62834
6.67479
5.36186
6.65897
6.65897
6.65897
6.20015
6.20015
6.10068
5.10992
5.10992
3.74458
3.74458
3.74458
3.74458
4.79806
3.51615
5.13696
4.3924
4.3924
4.3924
3.83034
3.83034
3.83034
3.83034
1.06629
3.35989
4.80986
4.80986
4.80986
5.19462
3.34652
2.82694
3.46906
3.46906
5.04527
5.04527
4.95349
4.95349
4.95349
3.62851
3.62851
3.39774
3.46314
3.32688
1.7989
1.11423
1.11423
1.11423
1.11423
3.77973
3.42961
6.39915
6.39915
5.51093
5.51093
5.51093
5.51093
5.23931
5.23931
5.23931
5.23931
4.9984
4.9984
4.9984
3.11461
3.11461
3.06078
3.06078
3.06078
5.38956
5.38956
4.96521
6.2375
6.87593
6.87593
5.52422
4.32155
4.32155
4.32155
3.23128
3.23128
2.60424
2.60424
2.60424
3.66058
4.8246
5.76335
6.02448
6.11486
4.60752
7.16807
7.16807
7.16807
9.02274
8.41354
9.07814
9.07814
8.76965
8.76965
8.76965
8.38487
9.17164
9.023
9.023
9.023
6.2073
6.3202
6.3202
7.14164
7.14164
7.14164
7.14164
7.14164
7.14164
8.50897
8.50897
8.50897
8.50897
8.50897
5.91175
6.95881
6.95881
6.40177
7.03752
7.03752
6.82577
6.82577
6.89337
3.81757
3.81757
1.89667
1.89667
1.89667
1.89667
4.94326
5.22311
5.22311
5.22311
6.68682
6.68682
6.68682
6.68682
6.68682
5.19007
5.19007
4.92327
5.12859
2.81965
2.81965
2.81965
2.81965
2.81965
2.81965
3.07898
3.78321
3.78321
6.11605
8.30723
7.0399
5.5672
5.5672
5.5672
4.42627
4.42627
4.36792
4.36792
4.58825
4.58825
6.30573
3.37267
3.37267
3.37267
3.37267
3.37267
3.37267
2.0614
2.0614
2.0614
2.0614
2.0614
3.37363
3.20236
3.74674
3.74674
2.54679
2.54679
3.65489
3.65489
1.30747
4.58428
4.58428
2.08837
2.08837
2.08837
2.08837
2.08837
2.08837
0.949293
2.22498
2.22498
2.72222
2.72222
2.72222
2.72222
2.72222
4.67497
4.67497
4.67497
3.29336
6.44083
6.44083
6.44083
6.44083
8.01859
8.01859
8.01859
8.87988
7.12503
5.96517
5.35526
2.14263
3.62387
4.2095
4.2095
4.80794
4.80794
4.80794
4.80794
4.80794
4.43743
4.43743
6.39573
5.67256
3.56228
3.56228
4.87378
4.87378
4.87378
4.87378
5.34903
5.47487
5.47487
5.47487
7.59655
7.59655
7.59655
7.59655
8.35242
9.0495
6.70644
6.70644
6.70644
6.70644
6.70644
6.70644
6.76423
6.76423
6.76423
6.76423
6.76423
6.76423
6.76423
6.63011
7.89603
8.28417
7.05098
5.65877
5.65877
5.73808
5.73808
4.97634
4.97634
4.97634
4.97634
5.32373
3.63594
4.5249
4.5249
7.40483
5.49729
5.49729
5.70264
3.6995
3.6995
2.76116
3.64783
4.84201
3.531
3.531
4.16875
3.37674
4.32933
2.98369
2.98369
2.45732
2.45732
5.23793
5.22118
5.7459
5.92775
6.15026
6.15026
4.78436
5.84543
6.78047
4.85701
5.25983
4.49558
4.49558
4.49558
4.49558
4.49558
3.25388
3.25388
3.25388
5.45954
5.45954
5.45954
5.45954
3.03099
2.64114
2.64114
2.64114
3.18192
2.83723
2.83723
2.83723
2.83723
3.40746
3.60756
3.60756
3.60756
4.14406
4.14406
4.14406
4.14406
