15.7856
15.7856
16.9255
16.8926
16.179
14.3106
14.1612
14.1612
16.4356
16.4356
16.2365
16.7488
16.7488
16.7488
16.7488
14.2402
14.2402
14.2402
14.2402
15.7069
15.2001
15.2001
15.2001
15.2001
13.6296
13.6296
13.6296
12.866
9.7187
8.08254
8.1268
8.1268
8.1268
7.915
7.915
6.02047
6.02047
6.38721
6.69104
6.69104
6.69104
6.69104
4.44143
3.76189
1.82969
2.91924
3.9129
3.9129
3.9129
3.9129
3.9129
3.9129
3.9129
3.9129
3.6823
4.75652
4.75652
4.23754
5.76773
5.84412
5.84412
5.84412
5.84412
5.84412
5.84412
6.66955
6.66955
6.66955
6.66955
6.66955
3.46102
3.46102
3.46102
3.46102
5.11101
5.11101
5.77828
6.28153
6.28153
6.28153
6.28153
7.16805
5.50236
5.50236
5.50236
5.50236
5.50236
5.50236
5.71586
5.71586
5.01315
3.47916
3.74232
4.41751
2.14973
2.14973
2.14973
2.09257
2.09257
3.38719
3.38719
3.38719
2.66779
3.26377
2.81649
2.81649
2.81649
2.81649
2.81649
2.81649
2.81649
2.81649
2.81649
2.81649
2.81649
2.81649
2.81649
2.81649
2.81649
2.81649
2.81649
2.81649
2.81649
3.35982
3.35982
3.35982
3.35982
3.87565
3.87565
3.4047
4.0808
4.0808
6.51945
4.09798
4.09798
4.09798
4.09798
3.96918
3.87551
3.87551
3.87551
3.87551
3.14412
3.14412
1.9255
1.9255
1.9255
1.9255
3.38795
3.38795
3.47932
2.44901
3.31237
3.31237
2.05081
2.05081
4.453
5.16242
5.22743
5.22743
3.81548
3.81548
3.81548
3.81548
3.42954
3.42954
4.10354
4.10354
4.52902
4.12147
4.08453
4.08453
4.08453
4.08453
4.08453
1.23785
1.23785
0.937116
0.937116
3.22364
3.22364
4.69482
4.69482
4.69482
4.69482
5.18916
4.88888
4.88888
4.98636
4.98636
4.98636
4.98636
5.71332
5.71332
4.21394
4.21394
2.55977
4.25768
4.67757
4.67757
4.67757
4.67757
4.67757
4.67757
4.10337
4.10337
4.10337
4.10337
4.10337
4.10337
4.10337
4.67853
4.67853
3.99216
4.67215
4.67215
5.81218
5.81218
5.81218
5.81218
5.81218
5.81218
5.81218
6.92146
4.88072
4.88072
4.88072
4.88072
4.88072
4.63699
4.63699
6.24727
6.24727
6.24727
5.30372
5.30372
4.61208
4.54323
4.54323
4.54323
4.54323
2.53787
2.53787
2.53787
2.53787
2.53787
5.22912
4.56626
4.71636
4.71636
4.71636
4.71636
1.82169
1.82169
1.82169
1.82169
1.82169
1.82169
1.82169
1.82169
1.82169
1.82169
1.82169
2.72012
4.76147
5.16357
4.56795
2.75819
3.20543
3.20543
3.20543
3.20543
3.20543
3.20543
3.20543
4.61129
5.05908
5.05908
5.05908
6.15852
2.89879
2.89879
2.89879
2.89879
2.99684
4.0207
4.11853
4.3865
4.3865
4.3865
4.3865
4.3865
4.3865
6.56985
6.73153
5.26522
5.26522
4.37162
5.41177
4.89887
5.6994
8.00556
9.36436
9.36436
9.36436
9.34055
11.3873
12.4598
12.6071
12.6071
12.6071
11.9004
11.1597
11.2506
9.53933
9.28818
11.2141
12.2373
8.51915
7.9829
5.33255
5.72328
3.97314
4.68472
4.68472
4.68472
3.65725
7.60674
7.60674
7.60674
7.25728
7.25728
7.25728
7.25728
5.43819
5.43819
5.43819
5.43819
4.14028
4.14028
4.14028
3.24599
3.24599
3.24599
3.78592
4.69161
5.17627
5.17627
4.86167
4.86167
4.86167
4.86167
4.86167
3.04512
4.44392
4.44392
4.44392
4.59097
3.20197
3.20197
3.20197
3.20197
4.84688
5.31315
4.228
4.228
5.3947
6.93606
8.40738
7.81396
5.88344
5.88344
6.14009
6.15472
6.15472
8.20463
6.57641
4.60694
3.48359
4.68829
5.44754
5.44754
5.44754
5.44754
5.44754
5.32045
5.32045
5.32045
4.45505
4.91059
4.91059
3.24401
3.24401
5.47778
5.47778
5.47778
5.47778
5.47778
5.47778
7.37082
7.24257
7.24257
7.24257
7.24257
7.24257
4.817
2.55238
2.55238
2.55238
2.55238
5.62585
8.77179
8.77179
8.77179
8.77179
8.14642
8.14642
8.14642
6.39794
6.83389
5.31529
5.31529
5.43638
5.74475
6.14687
6.14687
6.14687
4.14538
4.14538
4.14538
4.14538
3.21393
3.21393
3.21393
2.27762
2.27762
2.6424
2.6424
3.84675
3.84675
3.84675
4.84882
4.84882
4.84882
4.84882
4.84882
4.84882
7.97375
9.66274
8.45336
8.45336
5.7158
5.7158
6.69357
5.44661
4.87526
4.87526
4.87526
3.18483
4.23327
4.23327
4.23327
4.23327
6.24514
5.97467
5.33722
7.96556
7.96556
5.58513
4.77644
4.77644
4.77644
3.06298
5.46017
5.46017
4.29113
4.29113
4.02679
4.02679
4.02679
2.32364
2.85751
2.85751
2.85751
2.86038
2.4104
2.40281
2.40281
2.40281
3.5435
4.66211
3.23234
3.23234
4.53724
4.53724
4.53724
4.53724
4.53724
4.53724
4.53724
6.05562
4.25687
4.25687
4.25687
4.25687
4.25687
4.25687
4.25687
5.65008
4.30797
4.30797
4.30797
4.30797
4.30797
4.30797
2.86377
5.59086
5.59086
6.85752
6.2725
3.93571
3.67993
4.49901
4.49901
3.06027
4.74579
4.74579
4.74579
2.76758
2.76758
2.76758
2.76758
1.78152
1.78152
0.80464
5.12571
7.80102
7.80102
5.84744
5.84744
5.84744
5.84744
5.84744
5.68292
5.68292
5.68292
4.44819
4.44819
4.44819
4.44819
3.36385
2.24755
2.24755
2.24755
2.24755
2.24755
3.16833
3.16833
3.16833
3.16833
3.16833
5.00394
3.53535
3.53535
4.70558
4.70558
4.70558
4.70558
4.77338
5.06452
5.06452
5.06452
4.36982
4.36982
3.68284
3.57436
3.57436
2.9948
3.65774
3.65774
3.65774
4.56642
4.56642
7.67707
7.67707
7.67707
8.22146
9.01737
8.37831
6.59803
5.12554
3.63392
4.14269
5.43627
3.67817
3.67817
3.87666
3.87666
3.87666
3.51402
4.4588
4.4588
4.65501
4.7922
4.7922
2.94183
5.15711
5.15711
5.23674
5.23674
5.23674
5.23674
5.23674
3.00001
3.00001
2.96961
5.24907
5.24907
5.24907
5.24907
3.67335
3.67335
3.67335
3.67335
8.5714
6.20789
6.20789
6.20789
6.20789
5.43935
5.43935
6.38229
6.43622
6.3756
6.3756
5.70057
5.70057
5.70057
3.96325
2.62057
2.62057
2.62057
2.62057
3.56599
5.03157
5.23256
4.82776
4.82776
4.82776
7.60157
7.93034
8.19021
8.19021
8.49602
8.49602
3.9156
5.50128
4.20872
5.85917
5.9137
7.07981
6.96245
6.71496
6.71496
6.71496
6.71496
6.49569
6.49569
6.49569
5.43831
4.48117
4.48117
5.43796
5.43796
5.43796
5.06632
2.76191
2.30995
2.30995
2.30995
2.30995
2.30995
2.51827
3.85721
4.45135
3.62141
5.58582
5.58582
5.58582
5.58582
5.58582
5.58582
5.89443
4.33253
4.81919
4.81919
3.81967
3.81967
3.81967
3.81967
3.81967
3.81967
3.81967
5.17478
6.25961
6.25961
6.25961
6.25961
6.25961
6.43001
6.43001
6.43001
6.33711
6.33711
6.33711
6.33711
5.49674
5.49674
5.59943
5.59943
7.76549
7.76549
4.66059
4.66059
5.83161
5.83161
6.59385
6.70106
4.23683
4.50179
4.50179
4.50179
3.3758
3.3758
3.3758
3.3758
3.3758
5.51596
5.91243
3.22795
4.85602
4.85602
3.66881
3.14288
2.84859
3.28123
3.82073
3.82073
3.82073
3.82073
6.42051
7.65336
7.65336
7.71566
7.71566
7.71566
7.05807
7.05807
7.9839
7.9839
4.6615
4.6615
4.43209
2.59337
3.6184
3.6184
5.83505
7.23715
6.20473
6.20473
6.20473
5.57106
5.57106
6.47691
6.86919
10.3007
11.0407
11.0407
11.0407
10.984
10.984
9.50837
9.50837
9.80227
9.80227
8.62928
9.5537
8.85562
7.59237
7.59237
10.1534
12.012
10.0721
7.24414
8.211
5.05876
6.41451
6.41451
6.41451
6.41451
6.41451
6.41451
5.85405
5.85405
3.98262
3.98262
3.98262
3.98262
2.51169
2.51169
3.12036
3.8308
4.31247
2.47068
2.47068
2.47068
2.47068
1.29585
2.8142
2.8142
2.15171
2.15171
2.15171
2.15171
2.15171
2.15171
3.72297
3.72297
3.72297
4.49161
6.53707
6.53707
8.99799
8.18071
8.18071
8.18071
8.18071
7.85453
8.66466
8.66466
8.66466
6.87142
5.74623
5.74623
5.74623
5.74623
5.74623
5.0349
4.16553
4.16553
4.16553
4.16553
5.92804
5.92804
5.92804
6.35472
4.04179
4.04179
5.21132
5.21132
5.39231
7.78425
7.78425
9.35087
9.35087
9.35087
9.35087
9.53321
8.67714
6.67704
6.67704
5.24425
5.24425
5.24425
7.05126
7.05126
8.54614
5.61669
6.83726
6.90957
6.56548
6.56548
6.56548
6.87102
6.14152
7.82786
6.82595
6.47592
6.64634
7.58076
7.55189
6.93836
4.96325
4.96325
4.96325
4.96325
4.96325
4.07036
4.8099
4.55787
3.84446
3.84446
3.84446
3.84446
6.17262
5.39035
4.05529
3.65122
2.22838
2.22838
2.25146
2.25146
3.05386
3.50278
3.50278
3.50278
3.84333
3.36778
3.36778
3.36778
6.12645
4.18817
5.69963
3.01089
3.67309
3.67309
3.67309
4.0121
3.37601
3.09251
5.77421
3.81385
2.12253
2.12253
2.12253
2.12253
2.12253
4.14063
4.14063
4.57403
4.79966
5.69597
5.69597
4.45561
4.45561
6.69132
6.8427
6.8427
6.8427
7.09521
7.09521
7.09521
7.86919
7.86919
7.10581
4.84787
4.84787
4.73566
2.57772
1.03351
2.02914
2.02914
3.36703
2.89778
2.89778
2.89778
2.32146
2.32146
2.32146
2.32146
3.10998
3.10998
3.10998
3.10998
3.10998
5.55286
5.55286
5.55286
5.79804
5.96378
4.76056
4.76056
4.76056
6.17458
5.38807
5.70455
6.52556
6.52556
6.52556
6.52556
6.52556
5.15773
5.15773
5.15773
5.15773
5.15773
5.15773
5.15773
6.60189
4.98012
