0 3.1506 0
1 3.15878 inf
2 3.15023 0.0138158
3 3.14898 0.00859683
4 3.15086 0.00664118
5 3.14907 0.00561928
6 3.14571 0.00592924
7 3.14366 0.00552663
8 3.14396 0.00483449
9 3.14633 0.00497268
10 3.146 0.00448378
11 3.145 0.0042052
12 3.14409 0.00396665
13 3.14471 0.00371496
14 3.14382 0.00356792
15 3.14372 0.00333065
16 3.14312 0.00318374
17 3.14193 0.00323533
18 3.14338 0.0033997
19 3.14348 0.00322185
20 3.14244 0.00323873
21 3.14115 0.00335838
22 3.14178 0.00327078
23 3.14162 0.00313279
24 3.14066 0.0031572
25 3.14035 0.00304744
26 3.14028 0.00293104
27 3.14052 0.00283365
28 3.14063 0.00273454
29 3.14057 0.00264084
30 3.14037 0.00256098
31 3.14021 0.00248333
32 3.14037 0.00241104
33 3.13996 0.00237503
34 3.14049 0.00236805
35 3.14066 0.00230621
36 3.14051 0.00224693
37 3.14049 0.00218628
38 3.14012 0.00216141
39 3.14073 0.00219574
40 3.14044 0.00216096
41 3.14061 0.00211512
42 3.14085 0.00207916
43 3.14088 0.00203092
44 3.14078 0.00198732
45 3.14119 0.00198744
46 3.14219 0.00219218
47 3.14214 0.0021461
48 3.14206 0.00210276
49 3.14212 0.00206071
50 3.14207 0.00202029
51 3.14219 0.0019845
52 3.14229 0.00194888
53 3.14226 0.00191224
54 3.1422 0.00187788
55 3.14205 0.00184977
56 3.14214 0.00181894
57 3.14205 0.0017893
58 3.14233 0.00178121
59 3.14217 0.00175905
60 3.14249 0.00176069
61 3.1427 0.00174443
62 3.14275 0.00171685
63 3.14288 0.0016947
64 3.14313 0.00168768
65 3.143 0.00166716
66 3.14312 0.00164641
67 3.14303 0.0016244
68 3.14306 0.00160092
69 3.14299 0.00157924
70 3.14293 0.00155814
71 3.14269 0.00155501
72 3.14259 0.00153637
73 3.14281 0.00153139
74 3.14271 0.0015139
75 3.14268 0.0014942
76 3.14282 0.00148205
77 3.14301 0.00147413
78 3.1429 0.00145899
79 3.14254 0.00148508
80 3.14256 0.00146658
81 3.14245 0.00145236
82 3.14244 0.0014347
83 3.14262 0.00142849
84 3.14248 0.00141764
85 3.14282 0.00144199
86 3.14277 0.00142621
87 3.14269 0.00141201
88 3.14264 0.00139708
89 3.14248 0.00139086
90 3.1424 0.00137764
91 3.14259 0.00137641
92 3.14282 0.00138036
93 3.14277 0.00136643
94 3.14287 0.00135604
95 3.1429 0.00134196
96 3.14264 0.00135227
97 3.14256 0.00134119
98 3.14251 0.00132833
99 3.14247 0.00131554
