0 -0.44696 0
1 -0.449187 inf
2 -0.448774 0.00191061
3 -0.441671 0.00877719
4 -0.442468 0.00647557
5 -0.442556 0.00512035
6 -0.445031 0.00503248
7 -0.442822 0.00491524
8 -0.440936 0.00474068
9 -0.439794 0.00437761
10 -0.442591 0.00491716
11 -0.441272 0.00467561
12 -0.439317 0.00474492
13 -0.441188 0.00479112
14 -0.440991 0.00445178
15 -0.437758 0.00533403
16 -0.437968 0.005004
17 -0.436566 0.00492532
18 -0.436901 0.00466362
19 -0.438147 0.00459924
20 -0.436627 0.00463896
21 -0.437129 0.0044474
22 -0.436709 0.00426649
23 -0.436443 0.00408967
24 -0.437288 0.00401288
25 -0.437449 0.00385558
26 -0.436993 0.0037361
27 -0.437982 0.00373596
28 -0.43838 0.00362517
29 -0.43891 0.00354132
30 -0.43944 0.00346536
31 -0.439868 0.00338149
32 -0.438769 0.00346068
33 -0.438921 0.00335925
34 -0.438853 0.00326111
35 -0.439272 0.00319628
36 -0.43877 0.00314877
37 -0.439104 0.00308222
38 -0.439217 0.00300323
39 -0.439413 0.00293288
40 -0.439386 0.00285964
41 -0.439462 0.00279089
42 -0.438926 0.00277794
43 -0.439004 0.00271448
44 -0.439382 0.00268013
45 -0.43934 0.00262088
46 -0.439951 0.00263719
47 -0.440156 0.00258937
48 -0.439422 0.00264171
49 -0.43801 0.00295521
50 -0.438037 0.00289622
51 -0.437671 0.00286338
52 -0.438194 0.00285737
53 -0.438594 0.00283248
54 -0.438405 0.00278658
55 -0.438413 0.00273591
56 -0.438696 0.00270213
57 -0.438046 0.00273451
58 -0.43826 0.002696
59 -0.438575 0.00266932
60 -0.437903 0.00271097
61 -0.43794 0.00266677
62 -0.43778 0.00262867
63 -0.438151 0.00261375
64 -0.437838 0.00259212
65 -0.437488 0.00257648
66 -0.437818 0.0025591
67 -0.438181 0.00254732
68 -0.438516 0.00253237
69 -0.438674 0.00250076
70 -0.438617 0.00246569
71 -0.438256 0.00245799
72 -0.437798 0.00246743
73 -0.438075 0.00244955
74 -0.438121 0.00241688
75 -0.437774 0.00241009
76 -0.437771 0.00237837
77 -0.437934 0.0023532
78 -0.438282 0.00234931
79 -0.438354 0.00232069
80 -0.438017 0.00231665
81 -0.438374 0.00231603
82 -0.438788 0.00232551
83 -0.438646 0.00230195
84 -0.438822 0.00228143
85 -0.438759 0.00225549
86 -0.438945 0.00223711
87 -0.43916 0.00222196
88 -0.439162 0.00219671
89 -0.439321 0.0021779
90 -0.439518 0.0021628
91 -0.439902 0.00217373
92 -0.439712 0.0021586
93 -0.439983 0.00215274
94 -0.4403 0.00215351
95 -0.440605 0.00215275
96 -0.440908 0.00215199
97 -0.441156 0.00214434
98 -0.441371 0.00213349
99 -0.441722 0.00214109
