0 0.732187 0.993078 1.02004
1 0.610449 0.95723 1.02044
2 0.716512 0.933291 1.05155
3 0.615449 0.964882 1.00901
4 0.740509 0.996565 1.00679
5 0.805061 0.9553 1.05162
6 0.991186 0.96513 1.07984
7 0.687936 0.935726 1.03332
8 0.421775 0.90366 0.999016
9 0.33845 0.944518 0.950575
10 0.101658 0.898623 0.91584
11 -0.0174668 0.869127 0.898208
12 0.0374634 0.87852 0.912641
13 -0.00963655 0.894944 0.879896
14 0.164628 0.938293 0.906127
15 0.00294434 0.910697 0.871564
16 -0.037462 0.912596 0.854921
17 0.0752899 0.90724 0.899713
18 0.1438 0.950154 0.890573
19 0.237038 0.958548 0.915147
20 0.234177 0.946731 0.926301
21 0.0402933 0.90544 0.891382
22 0.103691 0.902452 0.907007
23 0.213147 0.921784 0.930757
24 0.270308 0.885018 0.97575
25 0.108096 0.8429 0.943554
26 -0.0663081 0.814413 0.919761
27 0.119513 0.811086 0.967324
28 0.303819 0.859546 1.01123
29 0.310589 0.856014 0.992519
30 0.163574 0.894071 0.945876
31 0.258537 0.924522 0.938915
32 0.302802 0.96298 0.92932
33 0.0712332 0.941506 0.891589
34 0.186273 0.959978 0.910825
35 0.325134 1.00439 0.904176
36 0.656903 1.04172 0.950633
37 0.609899 1.07357 0.921079
38 0.69785 1.08577 0.92134
39 0.752152 1.06537 0.949551
40 0.52761 1.06116 0.905164
41 0.48323 1.04183 0.916157
42 0.220624 1.00612 0.871295
43 0.422321 1.05545 0.876932
44 0.363754 1.0414 0.879794
45 0.194789 1.00487 0.859426
46 0.204413 1.00293 0.872704
47 0.412778 1.03379 0.896053
48 0.383422 1.04121 0.893005
49 0.429989 1.04121 0.893005
50 0.413109 1.0745 0.861932
51 0.493621 1.05846 0.897423
52 0.634379 1.06492 0.934462
53 0.556872 1.07513 0.891563
54 0.785748 1.11573 0.911882
55 0.544818 1.10625 0.87338
56 0.522322 1.11571 0.839727
57 0.577084 1.14108 0.816277
58 0.678439 1.18244 0.797128
59 0.587593 1.17976 0.775908
60 0.690053 1.20198 0.776003
61 0.342133 1.15345 0.726255
62 0.12928 1.10832 0.696971
63 0.222558 1.11906 0.736532
64 0.430745 1.14771 0.779781
65 0.541577 1.14116 0.816759
66 0.690238 1.15722 0.839393
67 1.11166 1.19907 0.883977
68 1.29464 1.23466 0.869729
69 1.49278 1.26601 0.874424
70 1.8951 1.30747 0.878679
71 2.13685 1.33764 0.871196
72 1.61747 1.29213 0.84988
73 1.58581 1.29396 0.852309
74 1.61202 1.29935 0.824837
75 1.45254 1.28568 0.828621
76 1.25365 1.27244 0.783007
77 1.45053 1.29695 0.809142
78 1.68828 1.30218 0.840878
79 1.48854 1.28857 0.832068
80 1.20428 1.27443 0.788968
81 1.16704 1.24516 0.83682
82 1.42106 1.28683 0.803953
83 1.69881 1.31123 0.821014
84 1.7198 1.3191 0.817158
85 1.8873 1.33042 0.833932
86 1.99317 1.34895 0.803969
87 1.9325 1.33466 0.841756
88 2.41173 1.36571 0.871826
89 2.36207 1.36684 0.845626
90 1.88749 1.34387 0.803571
91 2.32199 1.38308 0.795092
92 2.71094 1.40917 0.808696
93 2.37255 1.36924 0.856644
94 2.76024 1.38958 0.881301
95 2.56273 1.35477 0.914714
96 2.60749 1.34473 0.946236
97 2.78369 1.33878 0.969695
98 2.53549 1.29543 1.00033
99 2.60433 1.32958 0.965492
100 2.47491 1.32958 0.965492
101 2.10454 1.29323 0.946234
102 1.88081 1.28619 0.908925
103 1.88014 1.28619 0.908925
104 1.95298 1.28373 0.931888
105 1.78065 1.23799 0.954147
106 1.7455 1.23799 0.954147
107 1.47144 1.22792 0.922578
108 1.30307 1.20933 0.897152
109 1.29623 1.20933 0.897152
110 1.18364 1.21666 0.866382
111 1.16633 1.21666 0.866382
112 0.847155 1.17395 0.84756
113 0.686611 1.1255 0.874323
114 0.551165 1.10742 0.857707
115 0.24287 1.06552 0.819692
116 0.11602 1.0568 0.781979
117 0.152162 1.02128 0.829323
118 0.102246 1.02128 0.829323
119 0.0712775 1.0407 0.793754
120 0.0562216 1.0407 0.793754
121 0.0729498 1.00261 0.813327
122 -0.166622 0.955347 0.779592
123 -0.222154 0.90654 0.779652
124 -0.263439 0.862574 0.783376
125 -0.300922 0.832191 0.776694
126 -0.303943 0.832191 0.776694
127 -0.327333 0.831258 0.75069
128 -0.376937 0.834042 0.721294
129 -0.375977 0.834042 0.721294
130 -0.386991 0.82692 0.722914
131 -0.330862 0.866531 0.741389
132 -0.335869 0.866531 0.741389
133 -0.340174 0.866531 0.741389
134 -0.316183 0.825928 0.778614
135 -0.33891 0.794509 0.753956
136 -0.283762 0.823387 0.776835
137 -0.352901 0.818697 0.74279
138 -0.382644 0.807885 0.730266
139 -0.374216 0.823409 0.72688
140 -0.424686 0.796275 0.685391
141 -0.420863 0.758842 0.659672
142 -0.426293 0.800086 0.642247
143 -0.438722 0.800086 0.642247
144 -0.42082 0.847953 0.663447
145 -0.415465 0.843488 0.660999
146 -0.437088 0.820405 0.655715
147 -0.418907 0.854179 0.648266
148 -0.401343 0.903482 0.610685
149 -0.367338 0.946162 0.632455
150 -0.378599 0.915699 0.650717
151 -0.404 0.89169 0.606179
152 -0.413764 0.876158 0.588391
153 -0.399979 0.844363 0.561261
154 -0.406608 0.882305 0.589686
155 -0.413395 0.872369 0.59024
156 -0.404626 0.893879 0.599877
157 -0.407102 0.889447 0.627959
158 -0.42146 0.858634 0.634566
159 -0.394321 0.895941 0.638846
160 -0.370858 0.939187 0.631661
161 -0.365431 0.939187 0.631661
162 -0.394419 0.907343 0.627344
163 -0.333361 0.953876 0.65753
164 -0.333862 0.953876 0.65753
165 -0.270979 0.970654 0.69413
166 -0.334344 0.946174 0.661669
167 -0.333747 0.946174 0.661669
168 -0.344626 0.928185 0.687901
169 -0.314514 0.908064 0.728273
170 -0.301052 0.908064 0.728273
171 -0.385061 0.872959 0.684487
172 -0.410686 0.868305 0.648524
173 -0.394728 0.897216 0.656278
174 -0.341681 0.917792 0.705422
175 -0.317485 0.965327 0.671242
176 -0.241442 0.97187 0.71255
177 -0.3108 0.95733 0.677751
178 -0.353708 0.916939 0.69266
179 -0.343497 0.874224 0.731215
180 -0.372384 0.877924 0.693592
181 -0.418571 0.863664 0.657363
182 -0.433769 0.824502 0.625714
183 -0.435823 0.824502 0.625714
184 -0.434553 0.790053 0.64619
185 -0.422467 0.819365 0.675165
186 -0.409635 0.855181 0.676168
187 -0.414452 0.870158 0.637633
188 -0.406437 0.888568 0.626288
189 -0.426569 0.843763 0.636589
190 -0.405241 0.881585 0.651292
191 -0.425639 0.84928 0.608786
192 -0.4047 0.824043 0.560679
193 -0.427437 0.789228 0.597132
194 -0.423602 0.789228 0.597132
195 -0.423184 0.814348 0.588336
196 -0.407354 0.833215 0.562647
197 -0.422341 0.862044 0.609263
198 -0.392345 0.874954 0.569475
199 -0.414155 0.852495 0.586226
200 -0.412587 0.852495 0.586226
201 -0.426224 0.852908 0.612278
202 -0.428843 0.829515 0.613667
203 -0.433515 0.829515 0.613667
204 -0.437514 0.791641 0.64866
205 -0.417123 0.747098 0.67478
206 -0.411313 0.714956 0.643016
207 -0.40958 0.712881 0.60956
208 -0.406828 0.712881 0.60956
209 -0.411119 0.725508 0.603832
210 -0.42653 0.749425 0.605933
211 -0.425753 0.749425 0.605933
212 -0.418054 0.740121 0.608548
213 -0.41615 0.786721 0.587433
214 -0.435264 0.799083 0.6318
215 -0.435189 0.799083 0.6318
216 -0.425585 0.777813 0.666579
217 -0.420517 0.79616 0.673345
218 -0.426154 0.767861 0.668001
219 -0.43549 0.779731 0.631999
220 -0.436344 0.779731 0.631999
221 -0.438338 0.779731 0.631999
222 -0.429168 0.769834 0.654289
223 -0.437182 0.769834 0.654289
224 -0.434382 0.759497 0.631783
225 -0.417609 0.725635 0.614543
226 -0.401608 0.694963 0.662021
227 -0.407808 0.694963 0.662021
228 -0.397216 0.727522 0.701811
229 -0.380374 0.776197 0.722758
230 -0.348043 0.800867 0.750343
231 -0.381381 0.809268 0.725515
232 -0.416236 0.769209 0.678742
233 -0.424192 0.746168 0.668275
234 -0.418782 0.746168 0.668275
235 -0.397291 0.766876 0.706267
236 -0.412761 0.730294 0.680729
237 -0.392546 0.684016 0.689969
238 -0.384252 0.680784 0.702408
239 -0.388343 0.687429 0.708704
240 -0.389505 0.674768 0.679442
241 -0.386757 0.674768 0.679442
242 -0.399018 0.700517 0.695854
243 -0.420836 0.729392 0.647089
244 -0.423982 0.725749 0.631043
245 -0.41104 0.713355 0.666567
246 -0.40382 0.707483 0.670801
247 -0.429167 0.749946 0.627015
248 -0.432947 0.799247 0.642067
249 -0.430072 0.836539 0.628083
250 -0.408173 0.868142 0.672313
251 -0.416307 0.836014 0.664837
252 -0.406539 0.845167 0.690176
253 -0.404726 0.845167 0.690176
254 -0.410359 0.870666 0.651168
255 -0.411016 0.870666 0.651168
256 -0.417457 0.871449 0.630853
257 -0.401079 0.889305 0.657193
258 -0.404254 0.859084 0.684545
259 -0.406522 0.859084 0.684545
260 -0.402816 0.859084 0.684545
261 -0.396588 0.859084 0.684545
262 -0.395597 0.859084 0.684545
263 -0.39925 0.860886 0.671854
264 -0.404846 0.860886 0.671854
265 -0.410757 0.860886 0.671854
266 -0.405214 0.846733 0.681711
267 -0.411787 0.846733 0.681711
268 -0.410085 0.860951 0.64972
269 -0.420895 0.860951 0.64972
270 -0.420803 0.860951 0.64972
271 -0.416351 0.865239 0.651005
272 -0.430486 0.835774 0.639819
273 -0.429089 0.837402 0.631449
274 -0.431677 0.837402 0.631449
275 -0.427262 0.844349 0.647896
276 -0.404961 0.886274 0.651219
277 -0.379557 0.913077 0.647247
278 -0.404622 0.869106 0.660934
279 -0.406822 0.869106 0.660934
280 -0.407717 0.869106 0.660934
281 -0.394709 0.901139 0.655631
282 -0.405506 0.851804 0.68452
283 -0.426593 0.847522 0.659533
284 -0.429695 0.82997 0.63198
285 -0.430809 0.82997 0.63198
286 -0.425804 0.819189 0.588504
287 -0.429194 0.85777 0.609556
288 -0.428169 0.840842 0.612985
289 -0.412865 0.809849 0.574082
290 -0.419099 0.809849 0.574082
291 -0.419359 0.781549 0.593202
292 -0.420355 0.781549 0.593202
293 -0.40632 0.778525 0.567438
294 -0.432198 0.788281 0.615254
295 -0.437268 0.755272 0.624772
296 -0.428858 0.801263 0.674153
297 -0.431404 0.80774 0.643992
298 -0.42813 0.836555 0.634578
299 -0.415754 0.8642 0.644602
300 -0.424092 0.816355 0.601526
301 -0.424182 0.849416 0.604148
302 -0.427558 0.849416 0.604148
303 -0.425285 0.849416 0.604148
304 -0.415962 0.876601 0.617613
305 -0.418058 0.876601 0.617613
306 -0.388228 0.907951 0.59007
307 -0.382643 0.924629 0.590104
308 -0.357052 0.943814 0.629602
309 -0.354455 0.943814 0.629602
310 -0.288742 0.991372 0.639743
311 -0.341936 0.945975 0.669057
312 -0.349841 0.952122 0.652243
313 -0.354557 0.909525 0.69853
314 -0.336988 0.861163 0.740756
315 -0.364321 0.869327 0.714217
316 -0.373752 0.869327 0.714217
317 -0.36783 0.869327 0.714217
318 -0.363693 0.869327 0.714217
319 -0.360024 0.869327 0.714217
320 -0.345425 0.834524 0.747304
321 -0.339451 0.834524 0.747304
322 -0.361324 0.834524 0.747304
323 -0.368101 0.82862 0.740849
324 -0.363699 0.787261 0.756771
325 -0.387813 0.814325 0.717373
326 -0.385615 0.813823 0.721344
327 -0.367656 0.834259 0.72845
328 -0.362937 0.834259 0.72845
329 -0.367289 0.882132 0.688893
330 -0.405947 0.895597 0.645425
331 -0.39478 0.901759 0.64998
332 -0.412528 0.887103 0.611449
333 -0.416331 0.872234 0.653154
334 -0.414326 0.872234 0.653154
335 -0.424044 0.854929 0.633552
336 -0.412177 0.873963 0.649609
337 -0.429917 0.833451 0.63984
338 -0.428955 0.799058 0.602713
339 -0.415759 0.752719 0.591025
340 -0.417707 0.752719 0.591025
341 -0.424483 0.752719 0.591025
342 -0.423856 0.740253 0.607588
343 -0.429728 0.783273 0.639674
344 -0.439353 0.783273 0.639674
345 -0.422377 0.775488 0.666747
346 -0.43087 0.775488 0.666747
347 -0.410112 0.81789 0.691073
348 -0.386857 0.775706 0.724739
349 -0.378935 0.82501 0.721728
350 -0.389069 0.829545 0.721333
351 -0.381208 0.829545 0.721333
352 -0.371331 0.829545 0.721333
353 -0.379683 0.829545 0.721333
354 -0.388291 0.829545 0.721333
355 -0.423393 0.814296 0.674113
356 -0.422442 0.860915 0.627651
357 -0.429549 0.821702 0.615859
358 -0.432735 0.821702 0.615859
359 -0.431653 0.821702 0.615859
360 -0.419495 0.811719 0.577369
361 -0.416351 0.811719 0.577369
362 -0.39875 0.855959 0.566145
363 -0.394403 0.816956 0.555727
364 -0.392577 0.816956 0.555727
365 -0.404338 0.816956 0.555727
366 -0.418871 0.814309 0.589648
367 -0.433186 0.837423 0.610219
368 -0.432846 0.817616 0.618053
369 -0.436629 0.785323 0.634391
370 -0.419153 0.735636 0.677399
371 -0.423251 0.777804 0.67009
372 -0.422156 0.728478 0.621158
373 -0.42271 0.749969 0.606339
374 -0.42167 0.733797 0.611669
375 -0.420539 0.733797 0.611669
376 -0.424147 0.749047 0.593664
377 -0.433279 0.753353 0.627122
378 -0.421004 0.762608 0.599269
379 -0.43468 0.797077 0.628217
380 -0.430361 0.797077 0.628217
381 -0.429987 0.831286 0.614335
382 -0.420613 0.871586 0.620686
383 -0.427534 0.871586 0.620686
384 -0.425784 0.871586 0.620686
385 -0.423673 0.859648 0.598061
386 -0.402453 0.861555 0.568004
387 -0.428598 0.817055 0.608632
388 -0.407357 0.775641 0.572978
389 -0.402101 0.80442 0.562547
390 -0.41417 0.805048 0.580094
391 -0.427918 0.833128 0.619597
392 -0.42168 0.859559 0.638076
393 -0.43024 0.837634 0.610723
394 -0.428971 0.837634 0.610723
395 -0.404653 0.840031 0.571649
396 -0.411081 0.840031 0.571649
397 -0.411198 0.840031 0.571649
398 -0.413021 0.840031 0.571649
399 -0.422687 0.798128 0.593086
400 -0.423559 0.798128 0.593086
401 -0.4319 0.779856 0.624495
402 -0.431583 0.795768 0.621625
403 -0.429269 0.817836 0.599223
404 -0.428617 0.817836 0.599223
405 -0.427808 0.817836 0.599223
406 -0.430737 0.820927 0.611326
407 -0.429747 0.819508 0.598462
408 -0.432276 0.832977 0.614952
409 -0.416642 0.798551 0.574212
410 -0.408602 0.798551 0.574212
411 -0.409689 0.842219 0.568199
412 -0.399235 0.875372 0.565798
413 -0.423509 0.838879 0.611029
414 -0.425338 0.838879 0.611029
415 -0.422166 0.810869 0.593307
416 -0.426241 0.810869 0.593307
417 -0.424227 0.845382 0.60906
418 -0.420406 0.86462 0.586438
419 -0.407328 0.848096 0.573069
420 -0.410406 0.875308 0.583755
421 -0.411095 0.85723 0.583384
422 -0.42526 0.832478 0.59564
423 -0.425949 0.832478 0.59564
424 -0.430265 0.832478 0.59564
425 -0.40488 0.834415 0.561852
426 -0.396338 0.834415 0.561852
427 -0.405882 0.816738 0.570544
428 -0.431125 0.81648 0.614623
429 -0.411007 0.780916 0.583526
430 -0.423886 0.7378 0.632809
431 -0.41049 0.713489 0.635721
432 -0.416526 0.713489 0.635721
433 -0.423648 0.736965 0.647298
434 -0.431548 0.736965 0.647298
435 -0.4265 0.736965 0.647298
436 -0.43298 0.766082 0.641356
437 -0.433518 0.766082 0.641356
438 -0.428853 0.756558 0.641048
439 -0.426604 0.736696 0.614759
440 -0.422574 0.736696 0.614759
441 -0.430221 0.75371 0.647784
442 -0.428691 0.75371 0.647784
443 -0.425303 0.78069 0.669633
444 -0.41548 0.823467 0.689571
445 -0.389038 0.80906 0.720649
446 -0.380177 0.836543 0.716063
447 -0.368843 0.836543 0.716063
448 -0.352339 0.811488 0.744388
449 -0.360521 0.811488 0.744388
450 -0.402852 0.799376 0.700668
451 -0.40329 0.82241 0.709661
452 -0.40371 0.82241 0.709661
453 -0.423044 0.785044 0.671466
454 -0.42406 0.820984 0.665714
455 -0.432182 0.837167 0.650601
456 -0.437134 0.837167 0.650601
457 -0.424562 0.837167 0.650601
458 -0.431191 0.837167 0.650601
459 -0.426229 0.837167 0.650601
460 -0.434115 0.816774 0.657175
461 -0.436442 0.786542 0.630481
462 -0.437457 0.786542 0.630481
463 -0.435538 0.786542 0.630481
464 -0.438807 0.786542 0.630481
465 -0.426427 0.830232 0.621469
466 -0.433462 0.830232 0.621469
467 -0.433527 0.795227 0.650884
468 -0.434816 0.780071 0.613458
469 -0.425574 0.797129 0.605333
470 -0.424649 0.797129 0.605333
471 -0.428505 0.797129 0.605333
472 -0.42902 0.81203 0.599763
473 -0.430306 0.795796 0.605088
474 -0.432595 0.795796 0.605088
475 -0.385513 0.759268 0.556205
476 -0.391557 0.764734 0.563111
477 -0.404984 0.769543 0.571849
478 -0.397031 0.769543 0.571849
479 -0.397196 0.769543 0.571849
480 -0.430402 0.747801 0.617975
481 -0.430938 0.760803 0.64406
482 -0.432692 0.760803 0.64406
483 -0.418635 0.728463 0.611577
484 -0.414624 0.728463 0.611577
485 -0.420011 0.754622 0.595629
486 -0.426508 0.752854 0.616811
487 -0.428637 0.752854 0.616811
488 -0.427448 0.767746 0.607156
489 -0.431931 0.79653 0.61283
490 -0.428418 0.798782 0.609173
491 -0.430294 0.819477 0.617066
492 -0.42579 0.846866 0.601058
493 -0.427791 0.856317 0.624153
494 -0.428221 0.856317 0.624153
495 -0.42463 0.865272 0.612095
496 -0.425936 0.827901 0.651206
497 -0.427282 0.827901 0.651206
498 -0.415213 0.853777 0.658219
499 -0.401752 0.821748 0.69988
500 -0.406012 0.821748 0.69988
501 -0.403665 0.821748 0.69988
502 -0.402344 0.821748 0.69988
503 -0.403096 0.821748 0.69988
504 -0.405207 0.821748 0.69988
505 -0.395736 0.86189 0.685946
506 -0.423568 0.848939 0.63919
507 -0.426417 0.848939 0.63919
508 -0.428326 0.836917 0.639608
509 -0.4245 0.836917 0.639608
510 -0.433478 0.807309 0.657261
511 -0.432219 0.807309 0.657261
512 -0.43146 0.807309 0.657261
513 -0.434442 0.785924 0.632931
514 -0.428114 0.761546 0.605408
515 -0.427724 0.761546 0.605408
516 -0.426058 0.76139 0.602774
517 -0.434061 0.773246 0.647683
518 -0.430458 0.784967 0.603969
519 -0.433422 0.784967 0.603969
520 -0.438827 0.783226 0.622391
521 -0.437994 0.783226 0.622391
522 -0.431184 0.787025 0.624316
523 -0.433668 0.77342 0.624126
524 -0.404937 0.752421 0.582614
525 -0.405691 0.796883 0.569502
526 -0.411928 0.796883 0.569502
527 -0.428307 0.750176 0.616458
528 -0.427118 0.750176 0.616458
529 -0.426165 0.750176 0.616458
530 -0.430017 0.750176 0.616458
531 -0.412783 0.716243 0.647431
532 -0.417414 0.71776 0.629098
533 -0.416009 0.71776 0.629098
534 -0.418969 0.722547 0.653007
535 -0.413408 0.704607 0.652689
536 -0.407776 0.729958 0.692656
537 -0.408148 0.729958 0.692656
538 -0.401139 0.767958 0.71723
539 -0.385983 0.767958 0.71723
540 -0.395619 0.767958 0.71723
541 -0.424463 0.752378 0.670034
542 -0.422542 0.752378 0.670034
543 -0.431069 0.764152 0.651795
544 -0.398598 0.80697 0.692038
545 -0.402732 0.80697 0.692038
546 -0.427293 0.817216 0.657607
547 -0.433514 0.780414 0.665433
548 -0.428048 0.780414 0.665433
549 -0.424136 0.780414 0.665433
550 -0.426046 0.785221 0.672654
551 -0.41941 0.818057 0.68087
552 -0.422098 0.770728 0.682196
553 -0.409537 0.743107 0.692763
554 -0.425412 0.734021 0.660075
555 -0.387972 0.687976 0.690052
556 -0.396567 0.687976 0.690052
557 -0.384388 0.687976 0.690052
558 -0.406819 0.71477 0.686002
559 -0.413165 0.738657 0.676855
560 -0.413966 0.738657 0.676855
561 -0.420449 0.781745 0.684113
562 -0.423458 0.807714 0.675275
563 -0.428788 0.807714 0.675275
564 -0.429349 0.774253 0.680306
565 -0.407602 0.743528 0.692359
566 -0.40984 0.743528 0.692359
567 -0.398902 0.730909 0.712438
568 -0.395874 0.730909 0.712438
569 -0.40811 0.736069 0.695421
570 -0.406484 0.760187 0.70226
571 -0.408269 0.760187 0.70226
572 -0.416616 0.751399 0.669185
573 -0.422633 0.738698 0.652207
574 -0.420795 0.728373 0.629287
575 -0.419113 0.728373 0.629287
576 -0.424261 0.728373 0.629287
577 -0.409834 0.737943 0.590662
578 -0.411076 0.737943 0.590662
579 -0.407543 0.737943 0.590662
580 -0.392561 0.691946 0.600308
581 -0.399418 0.697455 0.636194
582 -0.406666 0.697455 0.636194
583 -0.405056 0.697455 0.636194
584 -0.424666 0.74138 0.643115
585 -0.404768 0.701008 0.625437
586 -0.418082 0.732428 0.65579
587 -0.428969 0.757581 0.647141
588 -0.428596 0.770025 0.60603
589 -0.429497 0.770025 0.60603
590 -0.429111 0.754936 0.6433
591 -0.420595 0.775274 0.678553
592 -0.421962 0.756266 0.671077
593 -0.42336 0.756266 0.671077
594 -0.422961 0.756266 0.671077
595 -0.426948 0.777227 0.676415
596 -0.425235 0.777227 0.676415
597 -0.420278 0.809982 0.684482
598 -0.424745 0.809982 0.684482
599 -0.434388 0.809286 0.659126
600 -0.42948 0.804881 0.631987
601 -0.434499 0.804881 0.631987
602 -0.434799 0.804881 0.631987
603 -0.434548 0.767906 0.616103
604 -0.431504 0.767906 0.616103
605 -0.430677 0.767906 0.616103
606 -0.413016 0.721285 0.624263
607 -0.420455 0.721285 0.624263
608 -0.419343 0.721285 0.624263
609 -0.413899 0.710877 0.631462
610 -0.409522 0.710877 0.631462
611 -0.41011 0.714225 0.610695
612 -0.385403 0.696004 0.581595
613 -0.368116 0.650363 0.612112
614 -0.365452 0.650363 0.612112
615 -0.390924 0.680885 0.612229
616 -0.400191 0.705669 0.61656
617 -0.4028 0.725821 0.583251
618 -0.410108 0.753352 0.586441
619 -0.417665 0.743316 0.60019
620 -0.424355 0.778054 0.600577
621 -0.415218 0.73702 0.5999
622 -0.413704 0.716191 0.639089
623 -0.410324 0.716191 0.639089
624 -0.419099 0.716191 0.639089
625 -0.417834 0.716191 0.639089
626 -0.419555 0.716191 0.639089
627 -0.422114 0.735234 0.61618
628 -0.419311 0.735234 0.61618
629 -0.422087 0.735234 0.61618
630 -0.423659 0.735234 0.61618
631 -0.429661 0.764397 0.628397
632 -0.432862 0.764397 0.628397
633 -0.430346 0.764397 0.628397
634 -0.428599 0.75945 0.613091
635 -0.433089 0.793089 0.608483
636 -0.436338 0.796376 0.65745
637 -0.434319 0.796376 0.65745
638 -0.434937 0.774857 0.637513
639 -0.431899 0.785298 0.609183
640 -0.435614 0.809777 0.632149
641 -0.439042 0.809777 0.632149
642 -0.436126 0.809777 0.632149
643 -0.42979 0.788972 0.608709
644 -0.43602 0.767824 0.634639
645 -0.435588 0.767824 0.634639
646 -0.429377 0.767824 0.634639
647 -0.428796 0.804033 0.661583
648 -0.434587 0.768111 0.642509
649 -0.430397 0.768111 0.642509
650 -0.434511 0.797434 0.609882
651 -0.430867 0.797434 0.609882
652 -0.430771 0.797434 0.609882
653 -0.423364 0.747638 0.612886
654 -0.424536 0.747638 0.612886
655 -0.425358 0.747638 0.612886
656 -0.432193 0.76268 0.613186
657 -0.435169 0.787589 0.637556
658 -0.435427 0.787589 0.637556
659 -0.436299 0.806236 0.642729
660 -0.434512 0.781729 0.633945
661 -0.433587 0.8224 0.607186
662 -0.431815 0.8224 0.607186
663 -0.425713 0.8224 0.607186
664 -0.433016 0.8224 0.607186
665 -0.434334 0.827248 0.623961
666 -0.431268 0.827248 0.623961
667 -0.438388 0.827248 0.623961
668 -0.434806 0.827248 0.623961
669 -0.435202 0.827248 0.623961
670 -0.430607 0.827248 0.623961
671 -0.43592 0.827248 0.623961
672 -0.432681 0.828939 0.622316
673 -0.430088 0.828939 0.622316
674 -0.420661 0.868927 0.615343
675 -0.418044 0.878905 0.621794
676 -0.426247 0.833573 0.651166
677 -0.419508 0.854513 0.632486
678 -0.426388 0.854513 0.632486
679 -0.42263 0.854513 0.632486
680 -0.409493 0.880317 0.641808
681 -0.415733 0.86889 0.640047
682 -0.424174 0.86889 0.640047
683 -0.41401 0.86889 0.640047
684 -0.418941 0.881255 0.620568
685 -0.413583 0.881255 0.620568
686 -0.412208 0.874811 0.587004
687 -0.407608 0.874811 0.587004
688 -0.409556 0.874811 0.587004
689 -0.410664 0.893712 0.623796
690 -0.419096 0.865517 0.626686
691 -0.426197 0.826661 0.664733
692 -0.420948 0.847996 0.669446
693 -0.413566 0.847996 0.669446
694 -0.425278 0.839093 0.658507
695 -0.420096 0.834989 0.669887
696 -0.431461 0.848223 0.629958
697 -0.433208 0.856728 0.609175
698 -0.419106 0.847643 0.583748
699 -0.421895 0.815904 0.59553
700 -0.428669 0.815904 0.59553
701 -0.426973 0.815904 0.59553
702 -0.428874 0.815904 0.59553
703 -0.427309 0.815904 0.59553
704 -0.431825 0.8212 0.645287
705 -0.419158 0.814275 0.687079
706 -0.429474 0.814466 0.671989
707 -0.426853 0.811169 0.673902
708 -0.421267 0.79852 0.682136
709 -0.396479 0.757578 0.721145
710 -0.41719 0.767125 0.696328
711 -0.413848 0.767125 0.696328
712 -0.433344 0.765355 0.660696
713 -0.410032 0.760995 0.701542
714 -0.426374 0.781455 0.665279
715 -0.423484 0.738073 0.637475
716 -0.42505 0.738073 0.637475
717 -0.424514 0.746445 0.613749
718 -0.423036 0.746445 0.613749
719 -0.430451 0.772676 0.64553
720 -0.431648 0.772676 0.64553
721 -0.435772 0.812046 0.632248
722 -0.437794 0.790102 0.624266
723 -0.437916 0.812749 0.630763
724 -0.436108 0.808362 0.650819
725 -0.430599 0.761468 0.634265
726 -0.424702 0.753183 0.608593
727 -0.429978 0.783503 0.611417
728 -0.435993 0.826475 0.655889
729 -0.428085 0.788743 0.670246
730 -0.43533 0.806921 0.626498
731 -0.440525 0.806921 0.626498
732 -0.432458 0.806921 0.626498
733 -0.440098 0.806921 0.626498
734 -0.443208 0.806921 0.626498
735 -0.428668 0.795726 0.606198
736 -0.426072 0.843696 0.638625
737 -0.425392 0.843696 0.638625
738 -0.438253 0.812354 0.641716
739 -0.438724 0.812354 0.641716
740 -0.436765 0.812354 0.641716
741 -0.433881 0.812354 0.641716
742 -0.442001 0.812354 0.641716
743 -0.437031 0.812354 0.641716
744 -0.431426 0.78535 0.631855
745 -0.437618 0.78535 0.631855
746 -0.430274 0.78535 0.631855
747 -0.431996 0.824591 0.595965
748 -0.428887 0.791076 0.60137
749 -0.426128 0.83637 0.620032
750 -0.430926 0.83637 0.620032
751 -0.436322 0.806162 0.638059
752 -0.432026 0.806162 0.638059
753 -0.434345 0.806162 0.638059
754 -0.425619 0.848282 0.592891
755 -0.423977 0.799198 0.594446
756 -0.424475 0.799198 0.594446
757 -0.421724 0.799198 0.594446
758 -0.427395 0.799198 0.594446
759 -0.421428 0.799198 0.594446
760 -0.42525 0.843317 0.63915
761 -0.427866 0.843317 0.63915
762 -0.426487 0.835369 0.596762
763 -0.427546 0.835369 0.596762
764 -0.431941 0.829855 0.599705
765 -0.429569 0.829855 0.599705
766 -0.438558 0.81709 0.61615
767 -0.435273 0.777803 0.610382
768 -0.430815 0.777803 0.610382
769 -0.436005 0.785799 0.650636
770 -0.435483 0.785799 0.650636
771 -0.434503 0.785799 0.650636
772 -0.437543 0.777123 0.627233
773 -0.437595 0.777123 0.627233
774 -0.434757 0.759016 0.665685
775 -0.429854 0.759016 0.665685
776 -0.425811 0.759016 0.665685
777 -0.427989 0.759016 0.665685
778 -0.42713 0.759016 0.665685
779 -0.414999 0.726939 0.674762
780 -0.421067 0.770922 0.669287
781 -0.431936 0.754479 0.646754
782 -0.429427 0.799904 0.611217
783 -0.434702 0.785309 0.616254
784 -0.435874 0.824052 0.631121
785 -0.421712 0.835393 0.67622
786 -0.433893 0.808324 0.626732
787 -0.428432 0.760605 0.629163
788 -0.431889 0.760605 0.629163
789 -0.434442 0.760605 0.629163
790 -0.422859 0.746258 0.659427
791 -0.421244 0.738684 0.664454
792 -0.417691 0.778494 0.683123
793 -0.432154 0.819727 0.641085
794 -0.433258 0.786386 0.643835
795 -0.435977 0.786386 0.643835
796 -0.429623 0.769111 0.605903
797 -0.428699 0.769111 0.605903
798 -0.42894 0.757359 0.6032
799 -0.426443 0.747396 0.648336
800 -0.426908 0.747396 0.648336
801 -0.427948 0.776839 0.611841
802 -0.43335 0.776839 0.611841
803 -0.435324 0.776839 0.611841
804 -0.433162 0.776839 0.611841
805 -0.430707 0.776839 0.611841
806 -0.431293 0.776839 0.611841
807 -0.433574 0.776839 0.611841
808 -0.43696 0.814406 0.640094
809 -0.419939 0.800342 0.678911
810 -0.437385 0.825281 0.635162
811 -0.431397 0.825281 0.635162
812 -0.425823 0.861084 0.619183
813 -0.418204 0.861084 0.619183
814 -0.421095 0.861084 0.619183
815 -0.425813 0.852817 0.63214
816 -0.422535 0.841144 0.593007
817 -0.425498 0.841144 0.593007
818 -0.428996 0.850123 0.620331
819 -0.429775 0.850123 0.620331
820 -0.427195 0.850123 0.620331
821 -0.410048 0.887963 0.604739
822 -0.412074 0.887963 0.604739
823 -0.410226 0.887963 0.604739
824 -0.413343 0.887963 0.604739
825 -0.404279 0.891322 0.598774
826 -0.401279 0.891322 0.598774
827 -0.413066 0.891322 0.598774
828 -0.405121 0.891322 0.598774
829 -0.39666 0.87434 0.569396
830 -0.395039 0.87434 0.569396
831 -0.390131 0.87434 0.569396
832 -0.395165 0.87434 0.569396
833 -0.393345 0.87434 0.569396
834 -0.395216 0.87434 0.569396
835 -0.396145 0.87434 0.569396
836 -0.395883 0.87434 0.569396
837 -0.403951 0.834388 0.567247
838 -0.406957 0.862834 0.576495
839 -0.407637 0.892046 0.618105
840 -0.413558 0.892046 0.618105
841 -0.410605 0.892046 0.618105
842 -0.405722 0.892046 0.618105
843 -0.410706 0.892046 0.618105
844 -0.411021 0.877688 0.636686
845 -0.420755 0.831994 0.6752
846 -0.437344 0.803658 0.626195
847 -0.427543 0.815052 0.604066
848 -0.425793 0.806868 0.609225
849 -0.428859 0.806868 0.609225
850 -0.434295 0.776157 0.639465
851 -0.428227 0.740074 0.636409
852 -0.425927 0.740074 0.636409
853 -0.4312 0.740074 0.636409
854 -0.433888 0.760261 0.629358
855 -0.433898 0.773294 0.653755
856 -0.409481 0.771643 0.692439
857 -0.417756 0.741162 0.675069
858 -0.411417 0.780393 0.697454
859 -0.410785 0.780393 0.697454
860 -0.410623 0.734591 0.667343
861 -0.421879 0.775379 0.678633
862 -0.440234 0.813818 0.63568
863 -0.430646 0.790012 0.676386
864 -0.427458 0.791281 0.681511
865 -0.419021 0.791281 0.681511
866 -0.429482 0.75503 0.663758
867 -0.405252 0.737864 0.698224
868 -0.411361 0.787845 0.697286
869 -0.423471 0.742362 0.663281
870 -0.420901 0.742362 0.663281
871 -0.423217 0.742362 0.663281
872 -0.424497 0.742362 0.663281
873 -0.411932 0.766633 0.695218
874 -0.408206 0.766633 0.695218
875 -0.435115 0.78587 0.647284
876 -0.428705 0.757035 0.614256
877 -0.423023 0.749628 0.603061
878 -0.421394 0.749628 0.603061
879 -0.421003 0.749628 0.603061
880 -0.427971 0.748611 0.611085
881 -0.423816 0.748611 0.611085
882 -0.422191 0.748611 0.611085
883 -0.426777 0.748611 0.611085
884 -0.428072 0.754012 0.631169
885 -0.428643 0.782779 0.662953
886 -0.421353 0.797895 0.677442
887 -0.433205 0.835089 0.630378
888 -0.436902 0.795842 0.62617
889 -0.435693 0.795842 0.62617
890 -0.437868 0.795842 0.62617
891 -0.431647 0.829722 0.660328
892 -0.424263 0.78444 0.672267
893 -0.429679 0.751183 0.637676
894 -0.420197 0.730462 0.625031
895 -0.418298 0.730462 0.625031
896 -0.421809 0.730462 0.625031
897 -0.414741 0.751271 0.586573
898 -0.403031 0.729277 0.578821
899 -0.401664 0.729277 0.578821
900 -0.410053 0.744091 0.583065
901 -0.408769 0.744091 0.583065
902 -0.40603 0.739258 0.583545
903 -0.407784 0.775263 0.569794
904 -0.407555 0.767335 0.579243
905 -0.434708 0.802781 0.622001
906 -0.435102 0.802781 0.622001
907 -0.428325 0.792019 0.607075
908 -0.421425 0.743862 0.652371
909 -0.424004 0.743862 0.652371
910 -0.426066 0.743862 0.652371
911 -0.420785 0.743862 0.652371
912 -0.412974 0.708054 0.623364
913 -0.412951 0.726536 0.669985
914 -0.420263 0.726536 0.669985
915 -0.420619 0.758756 0.668598
916 -0.422075 0.739357 0.624843
917 -0.424497 0.739357 0.624843
918 -0.4259 0.739357 0.624843
919 -0.427089 0.739357 0.624843
920 -0.42282 0.739357 0.624843
921 -0.425785 0.747987 0.6632
922 -0.423407 0.747987 0.6632
923 -0.41588 0.741622 0.678817
924 -0.414985 0.739652 0.684469
925 -0.424087 0.7859 0.672421
926 -0.422259 0.823262 0.676128
927 -0.436124 0.782876 0.647179
928 -0.431417 0.782876 0.647179
929 -0.434177 0.782876 0.647179
930 -0.435108 0.831083 0.624705
931 -0.437312 0.831083 0.624705
932 -0.436964 0.807017 0.6275
933 -0.435134 0.784595 0.649531
934 -0.435427 0.784595 0.649531
935 -0.43758 0.794132 0.633203
936 -0.426021 0.75502 0.636098
937 -0.429678 0.75502 0.636098
938 -0.430895 0.75502 0.636098
939 -0.430452 0.75502 0.636098
940 -0.419512 0.721837 0.626317
941 -0.431514 0.76073 0.648059
942 -0.428652 0.76073 0.648059
943 -0.424774 0.777963 0.667796
944 -0.430795 0.777963 0.667796
945 -0.425876 0.747397 0.632344
946 -0.428329 0.747397 0.632344
947 -0.429152 0.747397 0.632344
948 -0.43243 0.747397 0.632344
949 -0.43336 0.747397 0.632344
950 -0.428636 0.77707 0.604725
951 -0.427654 0.77707 0.604725
952 -0.42339 0.77707 0.604725
953 -0.431405 0.77707 0.604725
954 -0.430979 0.803374 0.601079
955 -0.431773 0.803374 0.601079
956 -0.432864 0.81255 0.617152
957 -0.433835 0.81255 0.617152
958 -0.437423 0.81255 0.617152
959 -0.438752 0.81255 0.617152
960 -0.434498 0.790044 0.656692
961 -0.432379 0.790044 0.656692
962 -0.438267 0.790044 0.656692
963 -0.430846 0.785704 0.658392
964 -0.429475 0.819258 0.645845
965 -0.430807 0.797901 0.655441
966 -0.434096 0.758567 0.632079
967 -0.43373 0.758567 0.632079
968 -0.423814 0.771016 0.673375
969 -0.424652 0.771016 0.673375
970 -0.433298 0.802366 0.650682
971 -0.438707 0.802366 0.650682
972 -0.431443 0.785111 0.632904
973 -0.433564 0.824246 0.631425
974 -0.434602 0.824246 0.631425
975 -0.435407 0.824246 0.631425
976 -0.429774 0.783011 0.647978
977 -0.43975 0.783011 0.647978
978 -0.435601 0.783011 0.647978
979 -0.436884 0.783011 0.647978
980 -0.434102 0.783011 0.647978
981 -0.419599 0.794198 0.690951
982 -0.409003 0.794198 0.690951
983 -0.418137 0.771511 0.681139
984 -0.418386 0.771511 0.681139
985 -0.420554 0.806561 0.664974
986 -0.43066 0.823102 0.616409
987 -0.42979 0.823102 0.616409
988 -0.433592 0.793995 0.648838
989 -0.425523 0.749037 0.658846
990 -0.421901 0.749037 0.658846
991 -0.43172 0.791454 0.621834
992 -0.419319 0.753101 0.600723
993 -0.424087 0.741114 0.633514
994 -0.424177 0.735537 0.618355
995 -0.421884 0.781484 0.588355
996 -0.416607 0.781484 0.588355
997 -0.41723 0.781484 0.588355
998 -0.433381 0.807816 0.629158
999 -0.433167 0.807816 0.629158
1000 -0.436372 0.807816 0.629158
1001 -0.435751 0.79497 0.663021
1002 -0.401616 0.825529 0.705268
1003 -0.396366 0.825529 0.705268
1004 -0.38061 0.817179 0.724105
1005 -0.379174 0.817179 0.724105
1006 -0.40248 0.815459 0.700769
1007 -0.422153 0.781928 0.668266
1008 -0.433456 0.801162 0.64214
1009 -0.437517 0.801162 0.64214
1010 -0.442805 0.801162 0.64214
1011 -0.438535 0.801162 0.64214
1012 -0.436344 0.801162 0.64214
1013 -0.436476 0.814207 0.641566
1014 -0.436492 0.814207 0.641566
1015 -0.43427 0.814207 0.641566
1016 -0.438044 0.814207 0.641566
1017 -0.433956 0.814207 0.641566
1018 -0.438989 0.814207 0.641566
1019 -0.433736 0.814207 0.641566
1020 -0.432464 0.810665 0.607935
1021 -0.427627 0.810665 0.607935
1022 -0.428015 0.807869 0.598981
1023 -0.428624 0.834712 0.633398
1024 -0.438252 0.834712 0.633398
1025 -0.429621 0.834712 0.633398
1026 -0.431439 0.834712 0.633398
1027 -0.430097 0.834712 0.633398
1028 -0.42786 0.843422 0.625467
1029 -0.423998 0.853399 0.654954
1030 -0.427831 0.820862 0.652485
1031 -0.434878 0.820862 0.652485
1032 -0.433971 0.820862 0.652485
1033 -0.435468 0.818266 0.637831
1034 -0.429193 0.818266 0.637831
1035 -0.435563 0.818266 0.637831
1036 -0.426582 0.777045 0.675729
1037 -0.431389 0.773569 0.64895
1038 -0.42421 0.746926 0.660727
1039 -0.426425 0.746926 0.660727
1040 -0.423047 0.746926 0.660727
1041 -0.425274 0.747803 0.652832
1042 -0.420997 0.746841 0.671512
1043 -0.419602 0.746841 0.671512
1044 -0.422608 0.746841 0.671512
1045 -0.426635 0.753602 0.647914
1046 -0.431979 0.753602 0.647914
1047 -0.432418 0.753602 0.647914
1048 -0.429324 0.767713 0.662203
1049 -0.437205 0.7892 0.642422
1050 -0.433981 0.818352 0.648454
1051 -0.4351 0.818352 0.648454
1052 -0.432862 0.818352 0.648454
1053 -0.434961 0.782177 0.632711
1054 -0.439941 0.782177 0.632711
1055 -0.435072 0.782177 0.632711
1056 -0.432033 0.782177 0.632711
1057 -0.436481 0.782177 0.632711
1058 -0.435081 0.782177 0.632711
1059 -0.436421 0.782177 0.632711
1060 -0.436648 0.782177 0.632711
1061 -0.436955 0.782177 0.632711
1062 -0.433131 0.782177 0.632711
1063 -0.429078 0.762055 0.645766
1064 -0.437671 0.793844 0.645863
1065 -0.436463 0.782931 0.634215
1066 -0.437825 0.782931 0.634215
1067 -0.434687 0.782931 0.634215
1068 -0.434529 0.803381 0.624985
1069 -0.431957 0.843912 0.620331
1070 -0.426911 0.848325 0.633972
1071 -0.427892 0.848325 0.633972
1072 -0.414578 0.825204 0.678288
1073 -0.423925 0.852377 0.629016
1074 -0.424166 0.852377 0.629016
1075 -0.430208 0.848598 0.61453
1076 -0.428346 0.848598 0.61453
1077 -0.42492 0.845343 0.641737
1078 -0.427646 0.845343 0.641737
1079 -0.431592 0.845343 0.641737
1080 -0.433216 0.845343 0.641737
1081 -0.42517 0.845343 0.641737
1082 -0.424351 0.822645 0.600152
1083 -0.432672 0.850763 0.636901
1084 -0.425868 0.850763 0.636901
1085 -0.423161 0.850763 0.636901
1086 -0.409144 0.883838 0.599504
1087 -0.4071 0.883838 0.599504
1088 -0.413867 0.863085 0.586859
1089 -0.421659 0.880696 0.621223
1090 -0.41902 0.880696 0.621223
1091 -0.413288 0.880696 0.621223
1092 -0.40821 0.89588 0.605703
1093 -0.404691 0.89588 0.605703
1094 -0.408825 0.849107 0.567748
1095 -0.390958 0.875085 0.565503
1096 -0.418944 0.850439 0.58644
1097 -0.42038 0.850439 0.58644
1098 -0.409808 0.83385 0.572311
1099 -0.41224 0.83385 0.572311
1100 -0.408723 0.83385 0.572311
1101 -0.430877 0.83244 0.619064
1102 -0.426655 0.83244 0.619064
1103 -0.440272 0.784757 0.627558
1104 -0.440697 0.784757 0.627558
1105 -0.432522 0.784757 0.627558
1106 -0.431799 0.784757 0.627558
1107 -0.435011 0.784757 0.627558
1108 -0.437339 0.784757 0.627558
1109 -0.442362 0.784757 0.627558
1110 -0.435153 0.792382 0.622999
1111 -0.43577 0.792382 0.622999
1112 -0.437342 0.792382 0.622999
1113 -0.438165 0.792382 0.622999
1114 -0.43555 0.836477 0.634621
1115 -0.431261 0.836477 0.634621
1116 -0.438115 0.813557 0.624307
1117 -0.435978 0.809118 0.61887
1118 -0.434616 0.809118 0.61887
1119 -0.4258 0.760188 0.631195
1120 -0.431091 0.760188 0.631195
1121 -0.430943 0.760188 0.631195
1122 -0.425566 0.796725 0.665769
1123 -0.433196 0.797199 0.652314
1124 -0.437607 0.782515 0.636005
1125 -0.436252 0.788302 0.617094
1126 -0.416891 0.742318 0.60042
1127 -0.413196 0.742318 0.60042
1128 -0.421483 0.742318 0.60042
1129 -0.41811 0.742318 0.60042
1130 -0.42168 0.742318 0.60042
1131 -0.419821 0.742318 0.60042
1132 -0.420869 0.742318 0.60042
1133 -0.41218 0.742318 0.60042
1134 -0.417024 0.742318 0.60042
1135 -0.417893 0.742318 0.60042
1136 -0.432832 0.789057 0.611101
1137 -0.430793 0.789057 0.611101
1138 -0.431425 0.789057 0.611101
1139 -0.430908 0.817329 0.600498
1140 -0.426835 0.817329 0.600498
1141 -0.425462 0.842839 0.601837
1142 -0.431948 0.797637 0.623689
1143 -0.435898 0.797637 0.623689
1144 -0.433821 0.797637 0.623689
1145 -0.436312 0.826346 0.644161
1146 -0.434687 0.826346 0.644161
1147 -0.42906 0.831089 0.602294
1148 -0.427233 0.782607 0.59976
1149 -0.422277 0.753414 0.601706
1150 -0.40311 0.796971 0.565173
1151 -0.401405 0.8111 0.558825
1152 -0.39889 0.8111 0.558825
1153 -0.428492 0.829857 0.604111
1154 -0.426728 0.805073 0.597482
1155 -0.427474 0.853205 0.614191
1156 -0.426834 0.853205 0.614191
1157 -0.424259 0.854993 0.641542
1158 -0.427257 0.837026 0.593434
1159 -0.433551 0.791908 0.637558
1160 -0.43207 0.791908 0.637558
1161 -0.437612 0.791908 0.637558
1162 -0.440212 0.791908 0.637558
1163 -0.436027 0.791908 0.637558
1164 -0.431613 0.748742 0.644663
1165 -0.417801 0.746339 0.670089
1166 -0.427576 0.743807 0.631717
1167 -0.425579 0.743807 0.631717
1168 -0.423583 0.743807 0.631717
1169 -0.426093 0.73403 0.628195
1170 -0.423739 0.73403 0.628195
1171 -0.423143 0.73403 0.628195
1172 -0.422072 0.73403 0.628195
1173 -0.422599 0.73403 0.628195
1174 -0.417861 0.781384 0.589618
1175 -0.439054 0.815709 0.635277
1176 -0.432883 0.784327 0.620704
1177 -0.438476 0.784327 0.620704
1178 -0.433972 0.784327 0.620704
1179 -0.425827 0.750143 0.656702
1180 -0.429237 0.750143 0.656702
1181 -0.428047 0.750143 0.656702
1182 -0.430205 0.750143 0.656702
1183 -0.419069 0.750143 0.656702
1184 -0.426432 0.750143 0.656702
1185 -0.426519 0.750143 0.656702
1186 -0.432467 0.77122 0.625604
1187 -0.43281 0.77122 0.625604
1188 -0.433039 0.77122 0.625604
1189 -0.435544 0.801176 0.615843
1190 -0.433448 0.835405 0.642043
1191 -0.434332 0.835405 0.642043
1192 -0.421214 0.835405 0.642043
1193 -0.426781 0.824358 0.629824
1194 -0.430975 0.824358 0.629824
1195 -0.43409 0.824358 0.629824
1196 -0.439083 0.824358 0.629824
1197 -0.428264 0.788697 0.666347
1198 -0.429234 0.788697 0.666347
1199 -0.429596 0.766137 0.646773
1200 -0.434573 0.766137 0.646773
1201 -0.434 0.766137 0.646773
1202 -0.432719 0.766137 0.646773
1203 -0.433335 0.780333 0.643913
1204 -0.436377 0.781465 0.646548
1205 -0.434118 0.783543 0.630801
1206 -0.439005 0.783543 0.630801
1207 -0.440417 0.783543 0.630801
1208 -0.442187 0.783543 0.630801
1209 -0.433262 0.828368 0.642782
1210 -0.436061 0.814992 0.625959
1211 -0.438639 0.814992 0.625959
1212 -0.438363 0.814992 0.625959
1213 -0.435185 0.814992 0.625959
1214 -0.436779 0.795517 0.615919
1215 -0.436479 0.777398 0.649543
1216 -0.433739 0.789988 0.623692
1217 -0.437586 0.789988 0.623692
1218 -0.434991 0.826314 0.648797
1219 -0.428797 0.780126 0.667014
1220 -0.419509 0.780126 0.667014
1221 -0.419798 0.780126 0.667014
1222 -0.429998 0.780126 0.667014
1223 -0.424176 0.780126 0.667014
1224 -0.434341 0.779388 0.621934
1225 -0.435008 0.779388 0.621934
1226 -0.435303 0.822258 0.618048
1227 -0.42833 0.822258 0.618048
1228 -0.433196 0.822258 0.618048
1229 -0.434398 0.786558 0.649722
1230 -0.436582 0.786558 0.649722
1231 -0.422079 0.739844 0.637343
1232 -0.434186 0.778381 0.666103
1233 -0.428534 0.778381 0.666103
1234 -0.430867 0.778381 0.666103
1235 -0.430746 0.778381 0.666103
1236 -0.428597 0.778381 0.666103
1237 -0.430741 0.760495 0.654066
1238 -0.424336 0.760495 0.654066
1239 -0.438156 0.80065 0.648697
1240 -0.434897 0.80065 0.648697
1241 -0.434128 0.818333 0.640557
1242 -0.436582 0.818333 0.640557
1243 -0.430091 0.818333 0.640557
1244 -0.429027 0.768657 0.612817
1245 -0.433285 0.768657 0.612817
1246 -0.428083 0.768657 0.612817
1247 -0.433767 0.770929 0.622194
1248 -0.426419 0.762443 0.603321
1249 -0.430354 0.762443 0.603321
1250 -0.42638 0.762443 0.603321
1251 -0.423864 0.762443 0.603321
1252 -0.423185 0.762443 0.603321
1253 -0.432467 0.773065 0.6323
1254 -0.428085 0.757027 0.650273
1255 -0.432487 0.76851 0.616528
1256 -0.428524 0.76851 0.616528
1257 -0.433313 0.763274 0.644027
1258 -0.422764 0.763274 0.644027
1259 -0.434053 0.763274 0.644027
1260 -0.4296 0.786479 0.601582
1261 -0.425753 0.816836 0.602696
1262 -0.437194 0.792675 0.638805
1263 -0.434576 0.792675 0.638805
1264 -0.436813 0.792675 0.638805
1265 -0.436163 0.792675 0.638805
1266 -0.435078 0.792675 0.638805
1267 -0.439199 0.792675 0.638805
1268 -0.427751 0.752237 0.644951
1269 -0.41909 0.750699 0.595551
1270 -0.430115 0.748711 0.633127
1271 -0.431123 0.775522 0.606774
1272 -0.426386 0.739639 0.6445
1273 -0.427514 0.758428 0.654512
1274 -0.428195 0.758428 0.654512
1275 -0.430598 0.751141 0.634321
1276 -0.425554 0.751141 0.634321
1277 -0.428098 0.751141 0.634321
1278 -0.427941 0.751141 0.634321
1279 -0.434523 0.780528 0.61585
1280 -0.435063 0.780528 0.61585
1281 -0.4328 0.771297 0.639139
1282 -0.433533 0.791038 0.660384
1283 -0.432244 0.791038 0.660384
1284 -0.435939 0.791038 0.660384
1285 -0.429388 0.748776 0.62743
1286 -0.429601 0.793364 0.638477
1287 -0.43955 0.793364 0.638477
1288 -0.434287 0.793364 0.638477
1289 -0.438269 0.793364 0.638477
1290 -0.434898 0.793364 0.638477
1291 -0.435642 0.793364 0.638477
1292 -0.438002 0.793364 0.638477
1293 -0.426077 0.762562 0.636282
1294 -0.416831 0.733008 0.596716
1295 -0.411203 0.733008 0.596716
1296 -0.418535 0.779633 0.593963
1297 -0.429633 0.774996 0.620385
1298 -0.437233 0.774996 0.620385
1299 -0.429097 0.768953 0.664247
1300 -0.435696 0.811552 0.648004
1301 -0.430131 0.811552 0.648004
1302 -0.430147 0.8216 0.630886
1303 -0.434948 0.8216 0.630886
1304 -0.433084 0.809755 0.646201
1305 -0.427943 0.809755 0.646201
1306 -0.435155 0.78712 0.626356
1307 -0.438129 0.78712 0.626356
1308 -0.42707 0.807254 0.6002
1309 -0.427049 0.766208 0.605338
1310 -0.434278 0.790777 0.611238
1311 -0.435366 0.790777 0.611238
1312 -0.433753 0.808675 0.646761
1313 -0.431322 0.808675 0.646761
1314 -0.435255 0.794848 0.619634
1315 -0.434733 0.794848 0.619634
1316 -0.433845 0.794848 0.619634
1317 -0.434207 0.794848 0.619634
1318 -0.426825 0.789867 0.608455
1319 -0.433938 0.80186 0.650597
1320 -0.433113 0.80186 0.650597
1321 -0.432006 0.80186 0.650597
1322 -0.439186 0.804901 0.620717
1323 -0.432266 0.804901 0.620717
1324 -0.433712 0.804901 0.620717
1325 -0.432758 0.825017 0.626711
1326 -0.434681 0.820071 0.624942
1327 -0.433899 0.807213 0.611192
1328 -0.431527 0.825046 0.635704
1329 -0.435463 0.825046 0.635704
1330 -0.430823 0.825046 0.635704
1331 -0.430613 0.829734 0.612549
1332 -0.435083 0.829734 0.612549
1333 -0.429688 0.829734 0.612549
1334 -0.439647 0.797472 0.653592
1335 -0.427816 0.821434 0.615968
1336 -0.434149 0.821434 0.615968
1337 -0.439417 0.783238 0.625378
1338 -0.440089 0.783238 0.625378
1339 -0.43518 0.775335 0.637497
1340 -0.438122 0.798471 0.638666
1341 -0.433121 0.836822 0.612187
1342 -0.426203 0.836822 0.612187
1343 -0.427685 0.836822 0.612187
1344 -0.424753 0.836822 0.612187
1345 -0.427512 0.836822 0.612187
1346 -0.429233 0.836822 0.612187
1347 -0.434864 0.811511 0.629537
1348 -0.428397 0.842726 0.626301
1349 -0.427532 0.842726 0.626301
1350 -0.429251 0.842726 0.626301
1351 -0.428265 0.819856 0.593821
1352 -0.430271 0.819856 0.593821
1353 -0.425873 0.84955 0.607114
1354 -0.423401 0.808662 0.601704
1355 -0.42987 0.808662 0.601704
1356 -0.428628 0.808662 0.601704
1357 -0.431443 0.808662 0.601704
1358 -0.433348 0.765066 0.650336
1359 -0.428168 0.789004 0.655828
1360 -0.436971 0.776243 0.635819
1361 -0.430305 0.776243 0.635819
1362 -0.431924 0.776243 0.635819
1363 -0.437349 0.82539 0.645572
1364 -0.439704 0.82539 0.645572
1365 -0.434033 0.812909 0.661394
1366 -0.432999 0.812909 0.661394
1367 -0.428349 0.781476 0.63324
1368 -0.43534 0.781476 0.63324
1369 -0.436413 0.781476 0.63324
1370 -0.432891 0.800906 0.65124
1371 -0.428671 0.800906 0.65124
1372 -0.43512 0.800906 0.65124
1373 -0.426927 0.782907 0.672045
1374 -0.415328 0.783248 0.690386
1375 -0.405478 0.783248 0.690386
1376 -0.41999 0.73965 0.662174
1377 -0.430293 0.778618 0.661012
1378 -0.436533 0.778618 0.661012
1379 -0.439542 0.796527 0.64267
1380 -0.435211 0.796527 0.64267
1381 -0.432117 0.783598 0.633043
1382 -0.437442 0.778577 0.637916
1383 -0.435945 0.778577 0.637916
1384 -0.435659 0.778577 0.637916
1385 -0.431779 0.756092 0.640372
1386 -0.433533 0.756092 0.640372
1387 -0.426707 0.756092 0.640372
1388 -0.430895 0.756092 0.640372
1389 -0.435352 0.756092 0.640372
1390 -0.428582 0.756092 0.640372
1391 -0.422489 0.770139 0.6815
1392 -0.418446 0.770139 0.6815
1393 -0.421703 0.770139 0.6815
1394 -0.419458 0.770139 0.6815
1395 -0.419971 0.770139 0.6815
1396 -0.421596 0.81872 0.680561
1397 -0.435658 0.791317 0.636356
1398 -0.441852 0.791317 0.636356
1399 -0.4375 0.791317 0.636356
1400 -0.433843 0.791317 0.636356
1401 -0.434326 0.819498 0.609459
1402 -0.433665 0.798521 0.619001
1403 -0.435507 0.798521 0.619001
1404 -0.438464 0.798521 0.619001
1405 -0.436366 0.798521 0.619001
1406 -0.437667 0.798521 0.619001
1407 -0.435598 0.77316 0.650065
1408 -0.429526 0.77316 0.650065
1409 -0.436425 0.762796 0.64707
1410 -0.428747 0.762796 0.64707
1411 -0.432055 0.762796 0.64707
1412 -0.434307 0.797051 0.620477
1413 -0.437227 0.786935 0.63801
1414 -0.435873 0.786935 0.63801
1415 -0.439236 0.791561 0.643414
1416 -0.440187 0.791561 0.643414
1417 -0.435447 0.791561 0.643414
1418 -0.438191 0.798486 0.650603
1419 -0.433471 0.766897 0.633795
1420 -0.437222 0.783041 0.62732
1421 -0.436637 0.783041 0.62732
1422 -0.438704 0.788111 0.625003
1423 -0.43802 0.788111 0.625003
1424 -0.434442 0.788111 0.625003
1425 -0.434232 0.788111 0.625003
1426 -0.436275 0.788111 0.625003
1427 -0.438502 0.788111 0.625003
1428 -0.438444 0.788111 0.625003
1429 -0.43809 0.788111 0.625003
1430 -0.434581 0.802851 0.620993
1431 -0.435192 0.802851 0.620993
1432 -0.418381 0.763275 0.591184
1433 -0.416761 0.763275 0.591184
1434 -0.419273 0.763275 0.591184
1435 -0.418185 0.763275 0.591184
1436 -0.427308 0.740282 0.63693
1437 -0.422883 0.740282 0.63693
1438 -0.425335 0.736376 0.643939
1439 -0.422964 0.736376 0.643939
1440 -0.424469 0.766681 0.596874
1441 -0.419805 0.766681 0.596874
1442 -0.426491 0.761835 0.605176
1443 -0.426954 0.761835 0.605176
1444 -0.426654 0.761835 0.605176
1445 -0.423816 0.761835 0.605176
1446 -0.42723 0.740289 0.617133
1447 -0.423274 0.740289 0.617133
1448 -0.433165 0.776714 0.643707
1449 -0.436649 0.776714 0.643707
1450 -0.433942 0.776714 0.643707
1451 -0.439417 0.776714 0.643707
1452 -0.436829 0.776714 0.643707
1453 -0.431188 0.776714 0.643707
1454 -0.436898 0.776714 0.643707
1455 -0.431159 0.776714 0.643707
1456 -0.436181 0.776714 0.643707
1457 -0.435917 0.776714 0.643707
1458 -0.435004 0.804259 0.608325
1459 -0.431261 0.837744 0.640513
1460 -0.431007 0.837744 0.640513
1461 -0.431718 0.837744 0.640513
1462 -0.429645 0.823215 0.620707
1463 -0.427121 0.819492 0.619635
1464 -0.425543 0.786655 0.593203
1465 -0.432163 0.783234 0.61905
1466 -0.432662 0.783234 0.61905
1467 -0.433491 0.783234 0.61905
1468 -0.433093 0.783234 0.61905
1469 -0.435664 0.783234 0.61905
1470 -0.432887 0.783234 0.61905
1471 -0.435353 0.812132 0.639341
1472 -0.433897 0.812132 0.639341
1473 -0.440694 0.812132 0.639341
1474 -0.436945 0.812132 0.639341
1475 -0.432031 0.812132 0.639341
1476 -0.433843 0.837539 0.63768
1477 -0.431087 0.838879 0.634709
1478 -0.432886 0.838879 0.634709
1479 -0.42621 0.838879 0.634709
1480 -0.434034 0.818894 0.633707
1481 -0.433186 0.818894 0.633707
1482 -0.432667 0.818894 0.633707
1483 -0.437792 0.803307 0.643464
1484 -0.441164 0.803307 0.643464
1485 -0.433093 0.823789 0.638945
1486 -0.43765 0.823789 0.638945
1487 -0.430752 0.789474 0.648052
1488 -0.436082 0.789474 0.648052
1489 -0.434229 0.795424 0.628861
1490 -0.439279 0.795424 0.628861
1491 -0.435097 0.795424 0.628861
1492 -0.433332 0.770597 0.65495
1493 -0.428572 0.761677 0.618992
1494 -0.436303 0.778206 0.628385
1495 -0.433792 0.778206 0.628385
1496 -0.431979 0.778206 0.628385
1497 -0.436148 0.778206 0.628385
1498 -0.433129 0.826944 0.648739
1499 -0.43229 0.77885 0.614258
1500 -0.430547 0.77885 0.614258
1501 -0.432088 0.822323 0.659078
1502 -0.430621 0.822323 0.659078
1503 -0.436659 0.822323 0.659078
1504 -0.42852 0.822323 0.659078
1505 -0.435246 0.77657 0.642458
1506 -0.432195 0.784842 0.617715
1507 -0.440567 0.784842 0.617715
1508 -0.435409 0.784842 0.617715
1509 -0.432194 0.813336 0.648578
1510 -0.432488 0.813336 0.648578
1511 -0.431932 0.813336 0.648578
1512 -0.437682 0.813336 0.648578
1513 -0.434886 0.792662 0.62401
1514 -0.44233 0.792662 0.62401
1515 -0.436977 0.792662 0.62401
1516 -0.439395 0.783506 0.631951
1517 -0.432602 0.783506 0.631951
1518 -0.437449 0.783506 0.631951
1519 -0.435648 0.781985 0.630951
1520 -0.434861 0.781985 0.630951
1521 -0.428533 0.757727 0.64842
1522 -0.433916 0.805756 0.601899
1523 -0.428852 0.844008 0.641913
1524 -0.428637 0.844008 0.641913
1525 -0.428581 0.84102 0.662927
1526 -0.435375 0.800591 0.633372
1527 -0.438433 0.800591 0.633372
1528 -0.437654 0.800591 0.633372
1529 -0.434983 0.800591 0.633372
1530 -0.434396 0.800591 0.633372
1531 -0.433016 0.800591 0.633372
1532 -0.430495 0.805381 0.608758
1533 -0.432929 0.78592 0.643112
1534 -0.435909 0.78592 0.643112
1535 -0.435845 0.78592 0.643112
1536 -0.438785 0.797219 0.620147
1537 -0.436736 0.797219 0.620147
1538 -0.425689 0.822018 0.617761
1539 -0.42669 0.822018 0.617761
1540 -0.431894 0.822018 0.617761
1541 -0.430571 0.822018 0.617761
1542 -0.432167 0.822018 0.617761
1543 -0.435305 0.781252 0.635765
1544 -0.437715 0.781252 0.635765
1545 -0.43518 0.80048 0.61822
1546 -0.432804 0.80048 0.61822
1547 -0.433651 0.802092 0.661167
1548 -0.430523 0.785255 0.620554
1549 -0.437587 0.785255 0.620554
1550 -0.437512 0.785255 0.620554
1551 -0.431858 0.785255 0.620554
1552 -0.432908 0.785255 0.620554
1553 -0.436014 0.785255 0.620554
1554 -0.437748 0.785255 0.620554
1555 -0.435041 0.785255 0.620554
1556 -0.439154 0.785255 0.620554
1557 -0.437972 0.778001 0.624555
1558 -0.433161 0.813184 0.637265
1559 -0.440144 0.813184 0.637265
1560 -0.427342 0.8244 0.600624
1561 -0.430443 0.8244 0.600624
1562 -0.427045 0.8244 0.600624
1563 -0.435699 0.818529 0.632004
1564 -0.43274 0.818529 0.632004
1565 -0.438233 0.769583 0.648467
1566 -0.4329 0.769583 0.648467
1567 -0.430716 0.769583 0.648467
1568 -0.432593 0.769583 0.648467
1569 -0.434721 0.769583 0.648467
1570 -0.434402 0.769583 0.648467
1571 -0.431652 0.769583 0.648467
1572 -0.430908 0.769583 0.648467
1573 -0.435528 0.769583 0.648467
1574 -0.434567 0.769583 0.648467
1575 -0.437041 0.769583 0.648467
1576 -0.430226 0.789117 0.672352
1577 -0.426034 0.789117 0.672352
1578 -0.43416 0.781805 0.624897
1579 -0.435997 0.781805 0.624897
1580 -0.436321 0.781805 0.624897
1581 -0.434993 0.778085 0.63763
1582 -0.435888 0.778085 0.63763
1583 -0.422177 0.792732 0.590399
1584 -0.422594 0.75095 0.600946
1585 -0.423247 0.75095 0.600946
1586 -0.424845 0.748217 0.611188
1587 -0.426651 0.757363 0.605541
1588 -0.422551 0.757363 0.605541
1589 -0.425777 0.742139 0.620007
1590 -0.427746 0.742139 0.620007
1591 -0.422979 0.742139 0.620007
1592 -0.414762 0.737338 0.594244
1593 -0.416045 0.737338 0.594244
1594 -0.416466 0.775231 0.586356
1595 -0.416135 0.775231 0.586356
1596 -0.429979 0.818546 0.62767
1597 -0.436298 0.822947 0.614975
1598 -0.432669 0.83366 0.630427
1599 -0.425756 0.83366 0.630427
1600 -0.434868 0.83366 0.630427
1601 -0.431126 0.825014 0.615073
1602 -0.43298 0.825014 0.615073
1603 -0.433338 0.825014 0.615073
1604 -0.429729 0.825014 0.615073
1605 -0.428232 0.825014 0.615073
1606 -0.4319 0.825014 0.615073
1607 -0.432458 0.825014 0.615073
1608 -0.432385 0.825014 0.615073
1609 -0.425109 0.841699 0.628481
1610 -0.427825 0.841699 0.628481
1611 -0.428013 0.841699 0.628481
1612 -0.432702 0.840015 0.615985
1613 -0.426448 0.840015 0.615985
1614 -0.426615 0.840015 0.615985
1615 -0.428804 0.831478 0.64134
1616 -0.42886 0.831478 0.64134
1617 -0.42277 0.844215 0.592736
1618 -0.436471 0.81296 0.638195
1619 -0.437438 0.80149 0.61739
1620 -0.42867 0.804193 0.600575
1621 -0.429856 0.833635 0.60267
1622 -0.422879 0.833635 0.60267
1623 -0.431879 0.833635 0.60267
1624 -0.422283 0.833635 0.60267
1625 -0.427524 0.832711 0.601708
1626 -0.426789 0.832711 0.601708
1627 -0.430545 0.810739 0.616691
1628 -0.432305 0.810739 0.616691
1629 -0.436353 0.77305 0.636023
1630 -0.432828 0.77305 0.636023
1631 -0.432077 0.77305 0.636023
1632 -0.433803 0.77305 0.636023
1633 -0.435904 0.821884 0.622885
1634 -0.434894 0.821884 0.622885
1635 -0.431839 0.821884 0.622885
1636 -0.434378 0.821884 0.622885
1637 -0.430512 0.821884 0.622885
1638 -0.433993 0.821884 0.622885
1639 -0.428859 0.821884 0.622885
1640 -0.434306 0.830808 0.639869
1641 -0.432524 0.830808 0.639869
1642 -0.429135 0.830808 0.639869
1643 -0.422032 0.829356 0.674962
1644 -0.415641 0.829356 0.674962
1645 -0.418592 0.829356 0.674962
1646 -0.431892 0.824923 0.626263
1647 -0.43586 0.824923 0.626263
1648 -0.426787 0.843887 0.618626
1649 -0.435066 0.802922 0.622773
1650 -0.435048 0.772345 0.613201
1651 -0.433536 0.772345 0.613201
1652 -0.429763 0.772345 0.613201
1653 -0.430713 0.801548 0.65906
1654 -0.434791 0.801548 0.65906
1655 -0.435224 0.801548 0.65906
1656 -0.434198 0.801548 0.65906
1657 -0.430454 0.773609 0.621174
1658 -0.436035 0.803324 0.632769
1659 -0.438243 0.803324 0.632769
1660 -0.434654 0.803324 0.632769
1661 -0.437854 0.803324 0.632769
1662 -0.431485 0.766197 0.611505
1663 -0.42886 0.766197 0.611505
1664 -0.438681 0.805942 0.64451
1665 -0.433096 0.821269 0.651514
1666 -0.427726 0.821269 0.651514
1667 -0.437193 0.807693 0.625578
1668 -0.419356 0.849072 0.653821
1669 -0.419072 0.847076 0.633084
1670 -0.425723 0.847076 0.633084
1671 -0.422496 0.828475 0.586128
1672 -0.424617 0.828475 0.586128
1673 -0.425002 0.828475 0.586128
1674 -0.420347 0.828475 0.586128
1675 -0.433908 0.79058 0.619062
1676 -0.433284 0.79058 0.619062
1677 -0.430377 0.782008 0.649856
1678 -0.43114 0.817182 0.658795
1679 -0.42469 0.817182 0.658795
1680 -0.434082 0.800743 0.648987
1681 -0.438296 0.800743 0.648987
1682 -0.436448 0.805675 0.627066
1683 -0.434657 0.805675 0.627066
1684 -0.435723 0.805675 0.627066
1685 -0.436614 0.784612 0.612124
1686 -0.431221 0.777204 0.65732
1687 -0.429574 0.758965 0.622794
1688 -0.43297 0.758965 0.622794
1689 -0.437463 0.807645 0.661596
1690 -0.43005 0.807645 0.661596
1691 -0.432422 0.807645 0.661596
1692 -0.434323 0.774074 0.634573
1693 -0.434611 0.774074 0.634573
1694 -0.436317 0.774074 0.634573
1695 -0.434025 0.774074 0.634573
1696 -0.434747 0.774074 0.634573
1697 -0.437637 0.80574 0.655092
1698 -0.435223 0.80574 0.655092
1699 -0.431882 0.762645 0.635883
1700 -0.432741 0.762645 0.635883
1701 -0.432171 0.768931 0.659576
1702 -0.432609 0.804646 0.666247
1703 -0.429066 0.804646 0.666247
1704 -0.427709 0.781245 0.675291
1705 -0.420082 0.772775 0.679394
1706 -0.416958 0.772775 0.679394
1707 -0.435829 0.799206 0.634611
1708 -0.438149 0.799206 0.634611
1709 -0.432966 0.764969 0.646094
1710 -0.434804 0.776859 0.652175
1711 -0.435588 0.776859 0.652175
1712 -0.434145 0.79419 0.658891
1713 -0.42814 0.79419 0.658891
1714 -0.430942 0.79419 0.658891
1715 -0.427075 0.777193 0.677056
1716 -0.43476 0.803938 0.64383
1717 -0.432027 0.766165 0.644212
1718 -0.440494 0.799684 0.636373
1719 -0.415673 0.784982 0.587599
1720 -0.418102 0.784982 0.587599
1721 -0.425477 0.750951 0.624036
1722 -0.429189 0.750951 0.624036
1723 -0.428448 0.768148 0.648817
1724 -0.431336 0.768148 0.648817
1725 -0.432846 0.793652 0.615076
1726 -0.433316 0.793652 0.615076
1727 -0.432951 0.787131 0.608245
1728 -0.430139 0.789696 0.657616
1729 -0.434992 0.801237 0.617025
1730 -0.440725 0.801237 0.617025
1731 -0.432681 0.806435 0.648538
1732 -0.43696 0.806435 0.648538
1733 -0.43621 0.806435 0.648538
1734 -0.434623 0.845522 0.63572
1735 -0.423185 0.845522 0.63572
1736 -0.430117 0.845522 0.63572
1737 -0.42077 0.845522 0.63572
1738 -0.421259 0.845522 0.63572
1739 -0.426093 0.845522 0.63572
1740 -0.422035 0.878137 0.636962
1741 -0.411087 0.856809 0.674778
1742 -0.41611 0.83192 0.676998
1743 -0.423193 0.857651 0.638002
1744 -0.428644 0.828833 0.605679
1745 -0.427406 0.852648 0.631719
1746 -0.424427 0.852648 0.631719
1747 -0.421902 0.852648 0.631719
1748 -0.423495 0.852648 0.631719
1749 -0.427578 0.852648 0.631719
1750 -0.42915 0.835538 0.637299
1751 -0.426252 0.835538 0.637299
1752 -0.432531 0.814057 0.624346
1753 -0.434126 0.814057 0.624346
1754 -0.439311 0.814057 0.624346
1755 -0.429768 0.775472 0.60369
1756 -0.429588 0.767387 0.650092
1757 -0.43115 0.767387 0.650092
1758 -0.423321 0.736041 0.605323
1759 -0.422309 0.749288 0.614152
1760 -0.436359 0.784877 0.615178
1761 -0.434861 0.778925 0.627207
1762 -0.43606 0.778925 0.627207
1763 -0.434698 0.778925 0.627207
1764 -0.436366 0.778925 0.627207
1765 -0.436901 0.778925 0.627207
1766 -0.435151 0.76835 0.635535
1767 -0.429036 0.81553 0.61452
1768 -0.429131 0.81553 0.61452
1769 -0.41985 0.842839 0.653288
1770 -0.422593 0.842839 0.653288
1771 -0.422584 0.799277 0.681192
1772 -0.419423 0.799277 0.681192
1773 -0.421391 0.799277 0.681192
1774 -0.428032 0.799277 0.681192
1775 -0.415237 0.799277 0.681192
1776 -0.419379 0.799277 0.681192
1777 -0.418722 0.832353 0.675806
1778 -0.433205 0.818445 0.633481
1779 -0.434794 0.818445 0.633481
1780 -0.435015 0.818445 0.633481
1781 -0.436926 0.818445 0.633481
1782 -0.441492 0.818445 0.633481
1783 -0.435427 0.818445 0.633481
1784 -0.437453 0.818445 0.633481
1785 -0.430281 0.782697 0.665747
1786 -0.44147 0.782773 0.635692
1787 -0.436818 0.782773 0.635692
1788 -0.433564 0.782773 0.635692
1789 -0.435774 0.782773 0.635692
1790 -0.433099 0.782773 0.635692
1791 -0.43582 0.782773 0.635692
1792 -0.428821 0.774349 0.655322
1793 -0.434117 0.820563 0.628216
1794 -0.433336 0.834775 0.634561
1795 -0.427302 0.810774 0.665196
1796 -0.424916 0.798449 0.675439
1797 -0.428119 0.763538 0.656405
1798 -0.423644 0.763538 0.656405
1799 -0.423926 0.763538 0.656405
1800 -0.424139 0.763538 0.656405
1801 -0.431451 0.763538 0.656405
1802 -0.428666 0.763538 0.656405
1803 -0.429819 0.763538 0.656405
1804 -0.427336 0.763538 0.656405
1805 -0.434738 0.772424 0.625119
1806 -0.440322 0.772424 0.625119
1807 -0.43263 0.772424 0.625119
1808 -0.43017 0.795961 0.668187
1809 -0.42274 0.795961 0.668187
1810 -0.436482 0.795961 0.668187
1811 -0.425797 0.747626 0.645636
1812 -0.429155 0.747626 0.645636
1813 -0.424922 0.747626 0.645636
1814 -0.429689 0.747626 0.645636
1815 -0.430724 0.747626 0.645636
1816 -0.423826 0.78957 0.598794
1817 -0.427507 0.747552 0.614222
1818 -0.435789 0.782937 0.653732
1819 -0.43338 0.782937 0.653732
1820 -0.431508 0.782937 0.653732
1821 -0.430779 0.782937 0.653732
1822 -0.431892 0.82239 0.646111
1823 -0.43532 0.82239 0.646111
1824 -0.431624 0.772663 0.654304
1825 -0.429798 0.772663 0.654304
1826 -0.428128 0.772663 0.654304
1827 -0.434748 0.772499 0.623401
1828 -0.434955 0.772499 0.623401
1829 -0.432461 0.772499 0.623401
1830 -0.434046 0.772499 0.623401
1831 -0.433174 0.772499 0.623401
1832 -0.429768 0.794653 0.604722
1833 -0.431964 0.765771 0.628893
1834 -0.431835 0.765771 0.628893
1835 -0.433323 0.765771 0.628893
1836 -0.430909 0.811551 0.630605
1837 -0.439006 0.811551 0.630605
1838 -0.437424 0.803088 0.652075
1839 -0.432469 0.803088 0.652075
1840 -0.43153 0.757524 0.616715
1841 -0.431752 0.757524 0.616715
1842 -0.436495 0.797153 0.61826
1843 -0.433369 0.797153 0.61826
1844 -0.433277 0.757639 0.634219
1845 -0.433245 0.757081 0.658619
1846 -0.429227 0.757081 0.658619
1847 -0.435673 0.757081 0.658619
1848 -0.433028 0.757081 0.658619
1849 -0.429613 0.757081 0.658619
1850 -0.431831 0.774365 0.654711
1851 -0.428956 0.774365 0.654711
1852 -0.434366 0.774365 0.654711
1853 -0.43532 0.798654 0.643217
1854 -0.439006 0.798654 0.643217
1855 -0.434003 0.798654 0.643217
1856 -0.43882 0.798654 0.643217
1857 -0.43681 0.831221 0.620254
1858 -0.429752 0.851937 0.641073
1859 -0.429445 0.829902 0.628606
1860 -0.432616 0.829902 0.628606
1861 -0.435121 0.829902 0.628606
1862 -0.434048 0.829902 0.628606
1863 -0.434907 0.829902 0.628606
1864 -0.434359 0.829902 0.628606
1865 -0.43438 0.829902 0.628606
1866 -0.440964 0.789306 0.643552
1867 -0.439429 0.789306 0.643552
1868 -0.437748 0.808574 0.621678
1869 -0.430105 0.808574 0.621678
1870 -0.423835 0.847261 0.629017
1871 -0.425722 0.847261 0.629017
1872 -0.432331 0.847261 0.629017
1873 -0.42198 0.847261 0.629017
1874 -0.434733 0.804335 0.631723
1875 -0.43297 0.802126 0.65142
1876 -0.437953 0.806558 0.635425
1877 -0.435185 0.806558 0.635425
1878 -0.432352 0.806558 0.635425
1879 -0.435383 0.771417 0.643829
1880 -0.431789 0.771417 0.643829
1881 -0.437384 0.771467 0.62351
1882 -0.435085 0.771467 0.62351
1883 -0.437586 0.771467 0.62351
1884 -0.431828 0.762135 0.616756
1885 -0.430486 0.762135 0.616756
1886 -0.432379 0.762135 0.616756
1887 -0.431267 0.762135 0.616756
1888 -0.430937 0.762135 0.616756
1889 -0.428486 0.762135 0.616756
1890 -0.431685 0.762135 0.616756
1891 -0.431709 0.762135 0.616756
1892 -0.43312 0.762135 0.616756
1893 -0.426111 0.789297 0.607187
1894 -0.432285 0.789297 0.607187
1895 -0.437688 0.812512 0.631609
1896 -0.429686 0.766325 0.651605
1897 -0.43189 0.766325 0.651605
1898 -0.431458 0.766325 0.651605
1899 -0.434577 0.806899 0.655421
1900 -0.435463 0.806899 0.655421
1901 -0.433956 0.806899 0.655421
1902 -0.427176 0.791164 0.606172
1903 -0.440788 0.807589 0.647259
1904 -0.430331 0.807589 0.647259
1905 -0.435799 0.807589 0.647259
1906 -0.435478 0.804216 0.617218
1907 -0.432357 0.804216 0.617218
1908 -0.436769 0.804216 0.617218
1909 -0.437452 0.804216 0.617218
1910 -0.432092 0.804216 0.617218
1911 -0.435251 0.79973 0.632557
1912 -0.426991 0.780167 0.662219
1913 -0.433308 0.771323 0.626652
1914 -0.430782 0.751773 0.644014
1915 -0.426101 0.751773 0.644014
1916 -0.420092 0.731222 0.630457
1917 -0.418456 0.731222 0.630457
1918 -0.430224 0.747733 0.634455
1919 -0.430125 0.772105 0.61139
1920 -0.43143 0.770633 0.637349
1921 -0.433918 0.782717 0.631062
1922 -0.439569 0.782717 0.631062
1923 -0.434112 0.795937 0.630536
1924 -0.44052 0.807435 0.658316
1925 -0.434728 0.798031 0.632696
1926 -0.44268 0.798031 0.632696
1927 -0.437166 0.798031 0.632696
1928 -0.436325 0.798031 0.632696
1929 -0.438368 0.798031 0.632696
1930 -0.43964 0.798031 0.632696
1931 -0.43406 0.798031 0.632696
1932 -0.437689 0.798031 0.632696
1933 -0.439538 0.806267 0.641964
1934 -0.429401 0.795496 0.60717
1935 -0.428922 0.795496 0.60717
1936 -0.427879 0.795496 0.60717
1937 -0.435298 0.763371 0.623862
1938 -0.429718 0.763371 0.623862
1939 -0.433993 0.763371 0.623862
1940 -0.431608 0.763371 0.623862
1941 -0.427533 0.763371 0.623862
1942 -0.435044 0.803836 0.630936
1943 -0.437193 0.803836 0.630936
1944 -0.437277 0.803836 0.630936
1945 -0.435027 0.82786 0.639515
1946 -0.42856 0.82786 0.639515
1947 -0.432521 0.82786 0.639515
1948 -0.435982 0.799565 0.628183
1949 -0.437689 0.799565 0.628183
1950 -0.438798 0.799565 0.628183
1951 -0.434831 0.799565 0.628183
1952 -0.439917 0.799565 0.628183
1953 -0.435794 0.773124 0.643595
1954 -0.434582 0.773124 0.643595
1955 -0.432476 0.773124 0.643595
1956 -0.432906 0.773124 0.643595
1957 -0.434017 0.773124 0.643595
1958 -0.43116 0.773124 0.643595
1959 -0.437516 0.773124 0.643595
1960 -0.434457 0.773124 0.643595
1961 -0.435482 0.773124 0.643595
1962 -0.434148 0.773124 0.643595
1963 -0.425287 0.745496 0.608332
1964 -0.417669 0.745496 0.608332
1965 -0.42317 0.745496 0.608332
1966 -0.422946 0.745496 0.608332
1967 -0.422507 0.745496 0.608332
1968 -0.425131 0.745496 0.608332
1969 -0.416705 0.745496 0.608332
1970 -0.421315 0.745496 0.608332
1971 -0.426292 0.790005 0.59651
1972 -0.427117 0.790005 0.59651
1973 -0.425779 0.790005 0.59651
1974 -0.424324 0.790005 0.59651
1975 -0.425198 0.790005 0.59651
1976 -0.428329 0.790005 0.59651
1977 -0.425033 0.790005 0.59651
1978 -0.426541 0.790005 0.59651
1979 -0.432211 0.776424 0.610898
1980 -0.430712 0.776424 0.610898
1981 -0.433241 0.776424 0.610898
1982 -0.433917 0.776424 0.610898
1983 -0.432212 0.776424 0.610898
1984 -0.430512 0.822847 0.619459
1985 -0.436498 0.822847 0.619459
1986 -0.428515 0.822847 0.619459
1987 -0.433353 0.810967 0.658099
1988 -0.422277 0.810967 0.658099
1989 -0.427841 0.810967 0.658099
1990 -0.434556 0.768087 0.627502
1991 -0.435294 0.768087 0.627502
1992 -0.434197 0.768087 0.627502
1993 -0.441722 0.794031 0.632193
1994 -0.438651 0.794031 0.632193
1995 -0.437097 0.794031 0.632193
1996 -0.438451 0.794031 0.632193
1997 -0.439532 0.794031 0.632193
1998 -0.438605 0.794031 0.632193
1999 -0.436512 0.794031 0.632193
