0 1.14641 0
1 1.04807 inf
2 0.94691 0.16406
3 0.847952 0.157424
4 0.916967 0.139885
5 0.849213 0.134045
6 0.814635 0.117285
7 0.745297 0.125057
8 0.751272 0.109345
9 0.802429 0.111175
10 0.738508 0.120531
11 0.748265 0.109955
12 0.780875 0.106328
13 0.777782 0.0981507
14 0.752967 0.0946723
15 0.722829 0.0936785
16 0.712956 0.08839
17 0.709655 0.0832415
18 0.718237 0.0790968
19 0.708225 0.0756248
20 0.707724 0.0718356
21 0.773619 0.0961184
22 0.772647 0.0917455
23 0.76406 0.0881869
24 0.772341 0.0849282
25 0.774499 0.0815553
26 0.783979 0.0790076
27 0.776593 0.0764487
28 0.783925 0.074092
29 0.765362 0.0739867
30 0.759857 0.0717365
31 0.758105 0.0694428
32 0.746194 0.0683505
33 0.742269 0.0663971
34 0.738072 0.0645831
35 0.735783 0.0627794
36 0.739447 0.0611471
37 0.72561 0.0611247
38 0.734502 0.0601934
39 0.742881 0.05926
40 0.735673 0.058237
41 0.741201 0.0570907
42 0.738121 0.0558178
43 0.750403 0.0559176
44 0.744192 0.055006
45 0.740514 0.0539115
46 0.743483 0.0528243
47 0.744449 0.0517091
48 0.74807 0.0507635
49 0.75253 0.0499308
50 0.757202 0.0491588
51 0.756992 0.048195
52 0.750027 0.0477881
53 0.75886 0.0477266
54 0.761248 0.0469044
55 0.761232 0.0460514
56 0.756809 0.0454484
57 0.757102 0.0446518
58 0.75747 0.0438833
59 0.758675 0.0431564
60 0.749673 0.043397
61 0.748844 0.0426936
62 0.746377 0.0420784
63 0.745558 0.0414185
64 0.745261 0.0407723
65 0.751935 0.0407045
66 0.755314 0.0402319
67 0.757961 0.039721
68 0.752958 0.03946
69 0.758299 0.0392584
70 0.766366 0.0395412
71 0.76796 0.0390172
72 0.771807 0.0386698
73 0.772246 0.0381425
74 0.772017 0.0376277
75 0.77147 0.03713
76 0.767875 0.0368196
77 0.763681 0.0365857
78 0.768624 0.0364576
79 0.76332 0.0363898
80 0.767298 0.0361571
81 0.771552 0.0359663
82 0.776583 0.0358865
83 0.778455 0.035504
84 0.783146 0.0353973
85 0.779675 0.0351546
86 0.776285 0.0349127
87 0.778592 0.0345892
88 0.782889 0.0344681
89 0.784693 0.0341291
90 0.77984 0.0341008
91 0.775667 0.033986
92 0.772774 0.0337422
93 0.768257 0.0336869
94 0.77332 0.033715
95 0.767238 0.0339157
96 0.775687 0.0346204
97 0.77554 0.0342638
98 0.776667 0.033933
99 0.779165 0.033684
