0 24.4941
1 24.145
2 23.5638
3 20.8983
4 20.7384
5 19.6146
6 19.6146
7 19.6146
8 19.6146
9 19.6146
10 19.6146
11 18.9189
12 18.9189
13 18.9189
14 18.9189
15 18.9189
16 18.9135
17 18.8388
18 18.8388
19 18.738
20 18.5224
21 18.5224
22 18.5224
23 18.2226
24 17.4148
25 17.4148
26 17.4148
27 17.4148
28 17.4148
29 16.6906
30 16.6906
31 16.6811
32 16.6811
33 16.6811
34 16.6261
35 16.6261
36 16.6261
37 16.6261
38 16.6245
39 16.6245
40 16.2452
41 16.0238
42 15.8418
43 15.8418
44 15.8418
45 15.8418
46 15.8418
47 15.8418
48 15.8418
49 15.8418
50 15.8045
51 15.8045
52 15.1084
53 14.5039
54 14.5039
55 14.5039
56 14.5039
57 14.232
58 14.232
59 14.232
60 14.232
61 14.232
62 14.0921
63 14.0921
64 14.0921
65 14.0921
66 14.0921
67 14.0921
68 14.0921
69 14.0921
70 14.0921
71 13.7653
72 13.6054
73 13.6054
74 13.6054
75 13.6054
76 13.6054
77 13.6054
78 13.6054
79 13.6054
80 13.6054
81 13.6054
82 13.3918
83 13.3918
84 13.1796
85 12.9661
86 12.9661
87 12.9661
88 12.9661
89 12.9661
90 12.9661
91 12.9661
92 12.9661
93 12.9661
94 12.9661
95 12.9661
96 12.9661
97 12.9661
98 12.9338
99 12.9338
100 12.9338
101 12.9338
102 12.9338
103 12.9338
104 12.868
105 12.6734
106 12.6734
107 12.4002
108 12.4002
109 12.3485
110 12.3485
111 12.3485
112 12.3485
113 12.3485
114 12.3485
115 12.3485
116 12.3485
117 12.3485
118 12.3485
119 12.3485
120 11.7627
121 11.7627
122 11.7627
123 11.7627
124 11.7627
125 11.7627
126 11.7627
127 11.7627
128 11.7627
129 11.7627
130 11.7627
131 11.7627
132 11.7627
133 11.7627
134 11.7627
135 11.4658
136 11.4658
137 11.4658
138 11.4658
139 11.4658
140 11.1926
141 11.1926
142 11.1926
143 11.1926
144 11.1926
145 11.1926
146 11.1926
147 11.1926
148 11.1926
149 11.1926
150 11.1926
151 11.1926
152 11.1926
153 11.1926
154 11.1926
155 11.1232
156 11.1232
157 11.1232
158 11.1232
159 11.1232
160 11.1232
161 11.1232
162 11.1232
163 11.1232
164 11.1232
165 11.1232
166 11.1232
167 11.1232
168 11.1232
169 11.1232
170 11.1232
171 11.1232
172 11.1232
173 11.1232
174 11.1232
175 11.1232
176 11.1232
177 11.1232
178 11.1232
179 11.1232
180 11.1232
181 11.1232
182 11.1232
183 11.1232
184 11.1232
185 11.1232
186 11.1232
187 11.1232
188 11.1136
189 11.1136
190 11.1136
191 11.1136
192 11.1136
193 11.1136
194 11.1136
195 11.1136
196 11.1136
197 11.1136
198 11.1136
199 11.1136
200 11.1136
201 11.1136
202 11.1136
203 11.1136
204 11.1136
205 11.1136
206 11.1136
207 11.1136
208 11.1136
209 11.1136
210 11.1136
211 11.1136
212 11.1136
213 11.1136
214 11.1136
215 11.1136
216 11.1136
217 11.1136
218 11.1136
219 11.1136
220 11.1136
221 11.1136
222 11.1136
223 11.1136
224 11.1136
225 11.1136
226 11.1136
227 11.1136
228 11.1136
229 11.1136
230 11.1136
231 11.1136
232 11.1136
233 11.1136
234 11.1136
235 11.1136
236 11.1136
237 11.1136
238 11.1136
239 11.1136
240 11.1136
241 11.1136
242 11.1136
243 11.1136
244 11.1136
245 11.1136
246 11.1136
247 11.1136
248 11.1136
249 11.1136
250 11.1136
251 11.1136
252 11.1136
253 11.1136
254 11.1136
255 11.1136
256 11.1136
257 11.1136
258 11.1136
259 11.1136
260 11.1136
261 11.1136
262 11.1136
263 11.1136
264 11.1136
265 11.1136
266 11.1136
267 11.1136
268 11.1136
269 11.1136
270 11.1136
271 11.1136
272 11.1136
273 11.1136
274 11.1136
275 11.1136
276 11.1136
277 11.1136
278 11.1136
279 11.1136
280 11.0907
281 11.0907
282 11.0907
283 11.0907
284 11.0907
285 11.0907
286 11.0907
287 11.0907
288 11.0907
289 11.0907
290 11.0907
291 11.0907
292 11.0907
293 11.0907
294 11.0907
295 11.0907
296 11.0907
297 11.0907
298 11.0907
299 11.0907
