0 32.0848
1 30.1392
2 27.8433
3 26.3925
4 25.5012
5 24.2592
6 23.5259
7 23.3986
8 22.9247
9 22.3413
10 22.08
11 21.5676
12 20.8708
13 20.1859
14 19.7877
15 19.6643
16 19.4702
17 19.3418
18 19.08
19 18.9868
20 18.9868
21 18.9868
22 18.9868
23 18.9868
24 18.9868
25 18.9868
26 18.9868
27 18.9788
28 18.874
29 18.5916
30 18.5643
31 18.4625
32 18.0455
33 17.5963
34 17.1994
35 16.9536
36 16.8558
37 16.8496
38 16.8496
39 16.8496
40 16.8433
41 16.7185
42 16.5299
43 16.5299
44 16.5299
45 16.5278
46 16.4811
47 16.4312
48 16.4226
49 16.4226
50 16.4226
51 16.4226
52 16.4226
53 16.4226
54 16.4198
55 16.3982
56 16.3115
57 15.9878
58 15.4121
59 15.2095
60 14.7417
61 14.5676
62 14.4141
63 14.2901
64 14.2033
65 13.6474
66 13.2396
67 13.2068
68 13.1245
69 13.1037
70 13.0958
71 13.0958
72 13.0958
73 13.0958
74 13.0958
75 13.092
76 13.0431
77 12.6596
78 11.9991
79 11.7988
80 11.6613
81 11.6251
82 11.5992
83 11.5624
84 11.5583
85 11.5578
86 11.5425
87 11.4642
88 11.3828
89 11.2504
90 11.2504
91 11.2504
92 11.2504
93 11.2504
94 11.2504
95 11.2504
96 11.2504
97 11.2504
98 11.2504
99 11.2504
100 11.2504
101 11.2504
102 11.2504
103 11.2504
104 11.2504
105 11.2504
106 11.2504
107 11.2504
108 11.2504
109 11.2504
110 11.2504
111 11.2504
112 11.2504
113 11.2504
114 11.2504
115 11.2504
116 11.2504
117 11.2504
118 11.2504
119 11.2504
120 11.2504
121 11.2504
122 11.2504
123 11.2504
124 11.2504
125 11.2504
126 11.2504
127 11.2504
128 11.2504
129 11.2476
130 11.1678
131 11.0924
132 11.0153
133 10.9389
134 10.9389
135 10.9389
136 10.9389
137 10.9389
138 10.9389
139 10.9389
140 10.9389
141 10.9389
142 10.9389
143 10.9389
144 10.9389
145 10.9389
146 10.9389
147 10.9389
148 10.9389
149 10.9389
150 10.9389
151 10.9389
152 10.9298
153 10.7842
154 10.5293
155 10.4837
156 10.4837
157 10.4837
158 10.4781
159 10.3592
160 10.2006
161 10.2006
162 10.2006
163 10.2006
164 10.2006
165 10.2006
166 10.2006
167 10.2006
168 10.2006
169 10.2006
170 10.2006
171 10.2006
172 10.2006
173 10.2006
174 10.2006
175 10.2006
176 10.2006
177 10.2006
178 10.2006
179 10.2003
180 10.192
181 10.1841
182 10.1841
183 10.1841
184 10.1841
185 10.1841
186 10.1841
187 10.1841
188 10.1841
189 10.1841
190 10.1841
191 10.1841
192 10.1841
193 10.1841
194 10.1841
195 10.1841
196 10.1841
197 10.1841
198 10.1841
199 10.1841
200 10.1841
201 10.1841
202 10.1841
203 10.1841
204 10.1841
205 10.1841
206 10.1841
207 10.1841
208 10.1841
209 10.1841
210 10.1841
211 10.1841
212 10.1841
213 10.1841
214 10.1841
215 10.1841
216 10.1841
217 10.1841
218 10.1821
219 10.147
220 10.0872
221 10.0811
222 10.0811
223 10.0811
224 10.0811
225 10.0811
226 10.0811
227 10.0811
228 10.0811
229 10.0811
230 10.0811
231 10.0811
232 10.0811
233 10.0811
234 10.0811
235 10.0811
236 10.0811
237 10.0811
238 10.0811
239 10.0811
240 10.0811
241 10.0811
242 10.0811
243 10.0811
244 10.0811
245 10.0811
246 10.0811
247 10.0811
248 10.0811
249 10.0811
250 10.0811
251 10.0811
252 10.0811
253 10.0811
254 10.0811
255 10.0811
256 10.0811
257 10.0811
258 10.0811
259 10.0811
260 10.0811
261 10.0811
262 10.0811
263 10.0811
264 10.0811
265 10.0809
266 10.0769
267 10.0716
268 10.0716
269 10.0716
270 10.0716
271 10.0716
272 10.0716
273 10.0716
274 10.0716
275 10.0716
276 10.0716
277 10.0716
278 10.0716
279 10.0716
280 10.0716
281 10.0716
282 10.0716
283 10.0716
284 10.0716
285 10.0716
286 10.0716
287 10.0644
288 9.9788
289 9.74329
290 9.71474
291 9.71474
292 9.71474
293 9.71474
294 9.71474
295 9.71474
296 9.71474
297 9.71474
298 9.71474
299 9.71474
