0 30.1448
1 26.7896
2 24.5429
3 23.9968
4 22.7979
5 21.3041
6 20.3659
7 19.6331
8 19.6146
9 19.6146
10 19.6146
11 19.6007
12 19.4634
13 19.0877
14 18.9189
15 18.9189
16 18.9188
17 18.9162
18 18.8942
19 18.8367
20 18.8018
21 18.6669
22 18.5386
23 18.5164
24 18.3863
25 17.9122
26 17.4519
27 17.4148
28 17.4148
29 17.4003
30 17.109
31 16.6904
32 16.6881
33 16.6818
34 16.6799
35 16.6588
36 16.6261
37 16.6261
38 16.6261
39 16.6259
40 16.6078
41 16.4266
42 16.1894
43 15.9979
44 15.859
45 15.8418
46 15.8418
47 15.8418
48 15.8418
49 15.8418
50 15.841
51 15.8284
52 15.7886
53 15.4403
54 14.6951
55 14.5039
56 14.5039
57 14.4985
58 14.4224
59 14.2335
60 14.232
61 14.232
62 14.2292
63 14.1788
64 14.0949
65 14.0921
66 14.0921
67 14.0921
68 14.0921
69 14.0921
70 14.0921
71 14.0855
72 13.9843
73 13.7946
74 13.6163
75 13.6054
76 13.6054
77 13.6054
78 13.6054
79 13.6054
80 13.6054
81 13.6054
82 13.6011
83 13.5413
84 13.4175
85 13.2856
86 13.0663
87 12.9661
88 12.9661
89 12.9661
90 12.9661
91 12.9661
92 12.9661
93 12.9661
94 12.9661
95 12.9661
96 12.9661
97 12.9661
98 12.9654
99 12.9557
100 12.9396
101 12.9338
102 12.9338
103 12.9338
104 12.9325
105 12.9049
106 12.8175
107 12.695
108 12.5969
109 12.4319
110 12.3847
111 12.3609
112 12.3485
113 12.3485
114 12.3485
115 12.3485
116 12.3485
117 12.3485
118 12.3485
119 12.3485
120 12.3367
121 12.1727
122 11.9119
123 11.7627
124 11.7627
125 11.7627
126 11.7627
127 11.7627
128 11.7627
129 11.7627
130 11.7627
131 11.7627
132 11.7627
133 11.7627
134 11.7627
135 11.7568
136 11.7328
137 11.5962
138 11.4658
139 11.4658
140 11.4604
141 11.3183
142 11.1926
143 11.1926
144 11.1926
145 11.1926
146 11.1926
147 11.1926
148 11.1926
149 11.1926
150 11.1926
151 11.1926
152 11.1926
153 11.1926
154 11.1926
155 11.1912
156 11.1676
157 11.1246
158 11.1232
159 11.1232
160 11.1232
161 11.1232
162 11.1232
163 11.1232
164 11.1232
165 11.1232
166 11.1232
167 11.1232
168 11.1232
169 11.1232
170 11.1232
171 11.1232
172 11.1232
173 11.1232
174 11.1232
175 11.1232
176 11.1232
177 11.1232
178 11.1232
179 11.1232
180 11.1232
181 11.1232
182 11.1232
183 11.1232
184 11.1232
185 11.1232
186 11.1232
187 11.1232
188 11.1231
189 11.119
190 11.1136
191 11.1136
192 11.1136
193 11.1136
194 11.1136
195 11.1136
196 11.1136
197 11.1136
198 11.1136
199 11.1136
200 11.1136
201 11.1136
202 11.1136
203 11.1136
204 11.1136
205 11.1136
206 11.1136
207 11.1136
208 11.1136
209 11.1136
210 11.1136
211 11.1136
212 11.1136
213 11.1136
214 11.1136
215 11.1136
216 11.1136
217 11.1136
218 11.1136
219 11.1136
220 11.1136
221 11.1136
222 11.1136
223 11.1136
224 11.1136
225 11.1136
226 11.1136
227 11.1136
228 11.1136
229 11.1136
230 11.1136
231 11.1136
232 11.1136
233 11.1136
234 11.1136
235 11.1136
236 11.1136
237 11.1136
238 11.1136
239 11.1136
240 11.1136
241 11.1136
242 11.1136
243 11.1136
244 11.1136
245 11.1136
246 11.1136
247 11.1136
248 11.1136
249 11.1136
250 11.1136
251 11.1136
252 11.1136
253 11.1136
254 11.1136
255 11.1136
256 11.1136
257 11.1136
258 11.1136
259 11.1136
260 11.1136
261 11.1136
262 11.1136
263 11.1136
264 11.1136
265 11.1136
266 11.1136
267 11.1136
268 11.1136
269 11.1136
270 11.1136
271 11.1136
272 11.1136
273 11.1136
274 11.1136
275 11.1136
276 11.1136
277 11.1136
278 11.1136
279 11.1136
280 11.1131
281 11.1081
282 11.0953
283 11.0907
284 11.0907
285 11.0907
286 11.0907
287 11.0907
288 11.0907
289 11.0907
290 11.0907
291 11.0907
292 11.0907
293 11.0907
294 11.0907
295 11.0907
296 11.0907
297 11.0907
298 11.0907
299 11.0907
