0 29.3506
1 27.0987
2 25.8625
3 25.0111
4 23.5118
5 23.5118
6 23.3719
7 22.3531
8 22.3309
9 21.9718
10 21.3165
11 20.4776
12 19.8444
13 19.6814
14 19.48
15 19.48
16 18.9868
17 18.9868
18 18.9868
19 18.9868
20 18.9868
21 18.9868
22 18.9868
23 18.9868
24 18.9868
25 18.9868
26 18.9868
27 18.5839
28 18.5839
29 18.5742
30 17.9242
31 17.6659
32 17.3033
33 17.0026
34 16.8496
35 16.8496
36 16.8496
37 16.8496
38 16.8496
39 16.8496
40 16.5299
41 16.5299
42 16.5299
43 16.5299
44 16.5299
45 16.4226
46 16.4226
47 16.4226
48 16.4226
49 16.4226
50 16.4226
51 16.4226
52 16.4226
53 16.4226
54 16.2799
55 16.2544
56 15.405
57 15.405
58 14.9442
59 14.5486
60 14.5075
61 14.3083
62 14.263
63 14.1701
64 13.2423
65 13.2406
66 13.1373
67 13.0975
68 13.0958
69 13.0958
70 13.0958
71 13.0958
72 13.0958
73 13.0958
74 13.0958
75 12.9996
76 11.8957
77 11.8957
78 11.6265
79 11.6265
80 11.6265
81 11.5583
82 11.5583
83 11.5583
84 11.5583
85 11.5342
86 11.2504
87 11.2504
88 11.2504
89 11.2504
90 11.2504
91 11.2504
92 11.2504
93 11.2504
94 11.2504
95 11.2504
96 11.2504
97 11.2504
98 11.2504
99 11.2504
100 11.2504
101 11.2504
102 11.2504
103 11.2504
104 11.2504
105 11.2504
106 11.2504
107 11.2504
108 11.2504
109 11.2504
110 11.2504
111 11.2504
112 11.2504
113 11.2504
114 11.2504
115 11.2504
116 11.2504
117 11.2504
118 11.2504
119 11.2504
120 11.2504
121 11.2504
122 11.2504
123 11.2504
124 11.2504
125 11.2504
126 11.2504
127 11.2504
128 11.2504
129 11.109
130 11.0804
131 10.9389
132 10.9389
133 10.9389
134 10.9389
135 10.9389
136 10.9389
137 10.9389
138 10.9389
139 10.9389
140 10.9389
141 10.9389
142 10.9389
143 10.9389
144 10.9389
145 10.9389
146 10.9389
147 10.9389
148 10.9389
149 10.9389
150 10.9389
151 10.9389
152 10.4837
153 10.4837
154 10.4837
155 10.4837
156 10.4837
157 10.4837
158 10.2006
159 10.2006
160 10.2006
161 10.2006
162 10.2006
163 10.2006
164 10.2006
165 10.2006
166 10.2006
167 10.2006
168 10.2006
169 10.2006
170 10.2006
171 10.2006
172 10.2006
173 10.2006
174 10.2006
175 10.2006
176 10.2006
177 10.2006
178 10.2006
179 10.1841
180 10.1841
181 10.1841
182 10.1841
183 10.1841
184 10.1841
185 10.1841
186 10.1841
187 10.1841
188 10.1841
189 10.1841
190 10.1841
191 10.1841
192 10.1841
193 10.1841
194 10.1841
195 10.1841
196 10.1841
197 10.1841
198 10.1841
199 10.1841
200 10.1841
201 10.1841
202 10.1841
203 10.1841
204 10.1841
205 10.1841
206 10.1841
207 10.1841
208 10.1841
209 10.1841
210 10.1841
211 10.1841
212 10.1841
213 10.1841
214 10.1841
215 10.1841
216 10.1841
217 10.1841
218 10.0811
219 10.0811
220 10.0811
221 10.0811
222 10.0811
223 10.0811
224 10.0811
225 10.0811
226 10.0811
227 10.0811
228 10.0811
229 10.0811
230 10.0811
231 10.0811
232 10.0811
233 10.0811
234 10.0811
235 10.0811
236 10.0811
237 10.0811
238 10.0811
239 10.0811
240 10.0811
241 10.0811
242 10.0811
243 10.0811
244 10.0811
245 10.0811
246 10.0811
247 10.0811
248 10.0811
249 10.0811
250 10.0811
251 10.0811
252 10.0811
253 10.0811
254 10.0811
255 10.0811
256 10.0811
257 10.0811
258 10.0811
259 10.0811
260 10.0811
261 10.0811
262 10.0811
263 10.0811
264 10.0811
265 10.0716
266 10.0716
267 10.0716
268 10.0716
269 10.0716
270 10.0716
271 10.0716
272 10.0716
273 10.0716
274 10.0716
275 10.0716
276 10.0716
277 10.0716
278 10.0716
279 10.0716
280 10.0716
281 10.0716
282 10.0716
283 10.0716
284 10.0716
285 10.0716
286 10.0716
287 9.71474
288 9.71474
289 9.71474
290 9.71474
291 9.71474
292 9.71474
293 9.71474
294 9.71474
295 9.71474
296 9.71474
297 9.71474
298 9.71474
299 9.71474
