0 29.1375
1 27.2648
2 25.2639
3 23.0228
4 21.5959
5 21.0193
6 21.0193
7 21.0121
8 20.8777
9 20.4684
10 19.7254
11 18.6027
12 17.6799
13 17.4449
14 17.193
15 16.8168
16 16.5344
17 16.4698
18 16.3286
19 16.1552
20 16.1514
21 16.1053
22 16.0323
23 15.9371
24 15.8205
25 15.2754
26 14.8267
27 14.5621
28 14.3964
29 14.2938
30 14.2157
31 14.0894
32 14.0023
33 13.9975
34 13.9959
35 13.9649
36 13.9282
37 13.9282
38 13.9282
39 13.9282
40 13.9282
41 13.9282
42 13.9282
43 13.9281
44 13.927
45 13.9013
46 13.7672
47 13.6419
48 13.6355
49 13.6355
50 13.6355
51 13.6355
52 13.6355
53 13.6355
54 13.6355
55 13.6355
56 13.6355
57 13.6355
58 13.6355
59 13.6355
60 13.6346
61 13.6222
62 13.5892
63 13.4634
64 13.2003
65 13.1234
66 12.9779
67 12.7436
68 12.7274
69 12.7274
70 12.7274
71 12.7274
72 12.7273
73 12.7254
74 12.7234
75 12.7227
76 12.7227
77 12.7227
78 12.7227
79 12.7227
80 12.7227
81 12.7227
82 12.7227
83 12.7227
84 12.7227
85 12.7227
86 12.7227
87 12.7227
88 12.7227
89 12.7227
90 12.7227
91 12.7013
92 12.3166
93 11.8662
94 11.6541
95 11.6541
96 11.6541
97 11.6541
98 11.6541
99 11.6541
100 11.6541
101 11.6541
102 11.6541
103 11.6541
104 11.6541
105 11.6541
106 11.6541
107 11.6541
108 11.6541
109 11.6541
110 11.6541
111 11.6541
112 11.6541
113 11.6541
114 11.6541
115 11.6541
116 11.6541
117 11.6541
118 11.6411
119 11.3681
120 11.0615
121 11.0042
122 11.0042
123 11.0042
124 10.9988
125 10.8745
126 10.7321
127 10.7321
128 10.7321
129 10.7321
130 10.732
131 10.731
132 10.729
133 10.7289
134 10.7289
135 10.7289
136 10.7289
137 10.7289
138 10.7289
139 10.7289
140 10.7289
141 10.7289
142 10.7289
143 10.7289
144 10.7289
145 10.7289
146 10.7289
147 10.7289
148 10.7197
149 10.5509
150 10.2777
151 9.93973
152 9.79224
153 9.65448
154 9.65448
155 9.65448
156 9.65448
157 9.65448
158 9.65448
159 9.65448
160 9.65448
161 9.65448
162 9.65448
163 9.65448
164 9.65448
165 9.65448
166 9.65448
167 9.65448
168 9.65448
169 9.65448
170 9.65448
171 9.65448
172 9.65448
173 9.65448
174 9.65384
175 9.64618
176 9.62636
177 9.6219
178 9.62082
179 9.62082
180 9.62082
181 9.62082
182 9.62082
183 9.62082
184 9.62082
185 9.62082
186 9.62082
187 9.62082
188 9.62082
189 9.62082
190 9.62082
191 9.62082
192 9.62082
193 9.61972
194 9.59115
195 9.5654
196 9.55432
197 9.5418
198 9.5418
199 9.5418
200 9.5418
201 9.5418
202 9.5418
203 9.5418
204 9.54043
205 9.51151
206 9.47295
207 9.47295
208 9.47295
209 9.47295
210 9.47295
211 9.47295
212 9.47295
213 9.47295
214 9.47295
215 9.47295
216 9.47295
217 9.47295
218 9.47295
219 9.47295
220 9.47295
221 9.47295
222 9.47295
223 9.47295
224 9.47295
225 9.47295
226 9.47295
227 9.47295
228 9.47295
229 9.47295
230 9.47295
231 9.47295
232 9.47295
233 9.47295
234 9.47295
235 9.47295
236 9.47295
237 9.47295
238 9.47295
239 9.47295
240 9.47295
241 9.47295
242 9.47295
243 9.47295
244 9.47295
245 9.47295
246 9.47295
247 9.47295
248 9.47295
249 9.47295
250 9.47295
251 9.47295
252 9.47295
253 9.47295
254 9.47295
255 9.47295
256 9.47295
257 9.47295
258 9.47295
259 9.47295
260 9.47295
261 9.47295
262 9.47295
263 9.47295
264 9.47295
265 9.47295
266 9.47295
267 9.47295
268 9.47295
269 9.47295
270 9.47295
271 9.47295
272 9.47295
273 9.47295
274 9.47295
275 9.47295
276 9.47295
277 9.47295
278 9.47295
279 9.47295
280 9.47295
281 9.47295
282 9.47295
283 9.47295
284 9.47295
285 9.47295
286 9.47295
287 9.47295
288 9.47295
289 9.47295
290 9.47295
291 9.47295
292 9.47295
293 9.47295
294 9.47295
295 9.47295
296 9.47295
297 9.47295
298 9.47295
299 9.47295
