0 26.1228
1 25.2432
2 25.2432
3 24.1938
4 24.1938
5 24.1938
6 24.1938
7 22.9152
8 22.9152
9 22.9152
10 22.2467
11 22.239
12 22.2381
13 22.2381
14 20.8962
15 20.8962
16 20.8962
17 20.4885
18 20.3672
19 19.532
20 19.4889
21 19.4889
22 19.3539
23 19.3539
24 19.3539
25 19.3539
26 19.3539
27 19.3539
28 19.2614
29 19.2614
30 19.1799
31 18.3506
32 18.3506
33 18.2298
34 18.2298
35 18.0477
36 18.0477
37 18.0477
38 18.0477
39 18.0477
40 18.0477
41 18.0477
42 18.0477
43 16.9837
44 16.9837
45 16.9229
46 16.9229
47 16.9229
48 16.9229
49 16.9229
50 16.9229
51 16.9229
52 16.9229
53 16.9229
54 16.9229
55 16.9229
56 16.9229
57 16.9229
58 16.7723
59 16.7723
60 16.7723
61 16.7723
62 16.5587
63 16.5587
64 15.7794
65 15.7794
66 15.6505
67 15.6505
68 15.6505
69 15.6505
70 15.5237
71 15.5237
72 15.5237
73 15.5142
74 15.5142
75 15.2502
76 15.2502
77 14.9788
78 14.5608
79 14.5608
80 14.5608
81 14.5608
82 14.5608
83 14.2031
84 14.2031
85 14.2031
86 14.2031
87 14.2031
88 14.2031
89 14.2031
90 14.2031
91 14.2031
92 14.1062
93 14.1062
94 14.0388
95 13.7102
96 13.7102
97 13.7102
98 13.7102
99 13.6847
100 13.6847
101 13.6847
102 13.6847
103 13.6847
104 13.6847
105 13.6847
106 13.5372
107 13.4899
108 13.4098
109 13.4098
110 13.4003
111 13.4003
112 13.4003
113 13.4003
114 13.4003
115 13.4003
116 13.4003
117 13.4003
118 13.4003
119 13.4003
120 13.4003
121 13.4003
122 13.4003
123 13.4003
124 13.4003
125 13.4003
126 13.4003
127 12.985
128 12.7209
129 12.7209
130 12.7209
131 12.7209
132 12.7209
133 12.7209
134 12.7209
135 12.7209
136 12.7209
137 12.7209
138 12.7209
139 12.7209
140 12.7209
141 12.7209
142 12.7209
143 12.7209
144 12.7209
145 12.3834
146 12.3834
147 12.3834
148 12.2517
149 12.2517
150 11.91
151 11.8259
152 11.8259
153 11.8259
154 11.8259
155 11.7174
156 11.6332
157 11.6332
158 11.6332
159 11.6332
160 11.6332
161 11.6332
162 11.6332
163 11.6332
164 11.6332
165 11.6332
166 11.6332
167 11.6332
168 11.6332
169 11.6332
170 11.6332
171 11.6332
172 11.6332
173 11.6332
174 11.6332
175 11.6332
176 11.6332
177 11.6332
178 11.6332
179 11.2324
180 11.2324
181 11.2324
182 11.2324
183 10.726
184 10.714
185 10.7032
186 10.6911
187 10.6911
188 10.6911
189 10.6911
190 10.6911
191 10.6911
192 10.6911
193 10.6911
194 10.6911
195 10.6911
196 10.6911
197 10.6911
198 10.6911
199 10.6911
200 10.6911
201 10.6911
202 10.6911
203 10.6911
204 10.6911
205 10.6911
206 10.6911
207 10.6911
208 10.6911
209 10.6911
210 10.6911
211 10.6911
212 10.2929
213 10.2929
214 10.2929
215 10.2929
216 10.2929
217 10.2929
218 10.2929
219 10.2929
220 10.2929
221 10.2929
222 10.2929
223 10.2929
224 10.2929
225 10.2929
226 10.2929
227 10.2929
228 10.2929
229 10.2929
230 10.2929
231 10.2929
232 10.2929
233 10.2929
234 10.2929
235 10.2929
236 10.2929
237 10.2929
238 10.2929
239 10.2929
240 10.2929
241 10.2929
242 10.2929
243 10.2929
244 10.2929
245 10.2929
246 10.2929
247 10.2929
248 10.2929
249 10.2929
250 10.2929
251 10.2929
252 10.2929
253 10.2929
254 10.2929
255 10.2929
256 10.2929
257 10.2929
258 10.2929
259 10.2929
260 10.2929
261 10.2929
262 10.2929
263 10.2929
264 10.2929
265 10.2929
266 10.2929
267 10.2929
268 10.2929
269 10.2243
270 10.2243
271 10.2243
272 10.2243
273 10.2243
274 10.2243
275 10.2243
276 9.91952
277 9.91952
278 9.91952
279 9.91952
280 9.91952
281 9.73525
282 9.73525
283 9.73525
284 9.73525
285 9.73525
286 9.73525
287 9.73525
288 9.73525
289 9.73525
290 9.73525
291 9.73525
292 9.73525
293 9.73525
294 9.73525
295 9.73525
296 9.73525
297 9.73525
298 9.73525
299 9.73525
