0 28.4731
1 27.3808
2 26.1136
3 25.4519
4 24.7969
5 24.1938
6 24.1938
7 24.1682
8 23.7937
9 22.9416
10 22.9019
11 22.7695
12 22.5315
13 22.2517
14 22.2113
15 21.5954
16 20.8962
17 20.8832
18 20.6891
19 20.4064
20 19.9765
21 19.5199
22 19.4862
23 19.443
24 19.3759
25 19.3539
26 19.3539
27 19.3539
28 19.352
29 19.3354
30 19.2758
31 19.198
32 18.8652
33 18.3593
34 18.3042
35 18.2311
36 18.1715
37 18.095
38 18.0477
39 18.0477
40 18.0477
41 18.0477
42 18.0477
43 18.0239
44 17.6925
45 17.2284
46 16.9509
47 16.9229
48 16.9229
49 16.9229
50 16.9229
51 16.9229
52 16.9229
53 16.9229
54 16.9229
55 16.9229
56 16.9229
57 16.9229
58 16.9199
59 16.8928
60 16.7986
61 16.7723
62 16.7649
63 16.7233
64 16.5714
65 16.2662
66 15.7983
67 15.7277
68 15.6505
69 15.6505
70 15.648
71 15.5947
72 15.5339
73 15.5235
74 15.5207
75 15.5108
76 15.3874
77 15.2465
78 15.1228
79 14.8574
80 14.6277
81 14.5608
82 14.5608
83 14.5537
84 14.4034
85 14.2031
86 14.2031
87 14.2031
88 14.2031
89 14.2031
90 14.2031
91 14.2031
92 14.2012
93 14.1799
94 14.1326
95 14.0646
96 13.9133
97 13.7236
98 13.7102
99 13.7097
100 13.6995
101 13.6857
102 13.6847
103 13.6847
104 13.6847
105 13.6847
106 13.6818
107 13.6333
108 13.5509
109 13.518
110 13.4469
111 13.4064
112 13.4006
113 13.4003
114 13.4003
115 13.4003
116 13.4003
117 13.4003
118 13.4003
119 13.4003
120 13.4003
121 13.4003
122 13.4003
123 13.4003
124 13.4003
125 13.4003
126 13.4003
127 13.3884
128 13.2265
129 12.9068
130 12.7557
131 12.7209
132 12.7209
133 12.7209
134 12.7209
135 12.7209
136 12.7209
137 12.7209
138 12.7209
139 12.7209
140 12.7209
141 12.7209
142 12.7209
143 12.7209
144 12.7209
145 12.7142
146 12.5994
147 12.3834
148 12.3808
149 12.3413
150 12.2475
151 12.1407
152 11.8916
153 11.8273
154 11.8259
155 11.8237
156 11.7774
157 11.6735
158 11.6332
159 11.6332
160 11.6332
161 11.6332
162 11.6332
163 11.6332
164 11.6332
165 11.6332
166 11.6332
167 11.6332
168 11.6332
169 11.6332
170 11.6332
171 11.6332
172 11.6332
173 11.6332
174 11.6332
175 11.6332
176 11.6332
177 11.6332
178 11.6332
179 11.6252
180 11.4604
181 11.2324
182 11.2324
183 11.2223
184 11.0702
185 10.802
186 10.7128
187 10.6998
188 10.6923
189 10.6911
190 10.6911
191 10.6911
192 10.6911
193 10.6911
194 10.6911
195 10.6911
196 10.6911
197 10.6911
198 10.6911
199 10.6911
200 10.6911
201 10.6911
202 10.6911
203 10.6911
204 10.6911
205 10.6911
206 10.6911
207 10.6911
208 10.6911
209 10.6911
210 10.6911
211 10.6911
212 10.6831
213 10.5637
214 10.2929
215 10.2929
216 10.2929
217 10.2929
218 10.2929
219 10.2929
220 10.2929
221 10.2929
222 10.2929
223 10.2929
224 10.2929
225 10.2929
226 10.2929
227 10.2929
228 10.2929
229 10.2929
230 10.2929
231 10.2929
232 10.2929
233 10.2929
234 10.2929
235 10.2929
236 10.2929
237 10.2929
238 10.2929
239 10.2929
240 10.2929
241 10.2929
242 10.2929
243 10.2929
244 10.2929
245 10.2929
246 10.2929
247 10.2929
248 10.2929
249 10.2929
250 10.2929
251 10.2929
252 10.2929
253 10.2929
254 10.2929
255 10.2929
256 10.2929
257 10.2929
258 10.2929
259 10.2929
260 10.2929
261 10.2929
262 10.2929
263 10.2929
264 10.2929
265 10.2929
266 10.2929
267 10.2929
268 10.2929
269 10.2915
270 10.2627
271 10.227
272 10.2243
273 10.2243
274 10.2243
275 10.2243
276 10.2182
277 10.16
278 10.0058
279 9.91952
280 9.91952
281 9.91583
282 9.86055
283 9.76474
284 9.73525
285 9.73525
286 9.73525
287 9.73525
288 9.73525
289 9.73525
290 9.73525
291 9.73525
292 9.73525
293 9.73525
294 9.73525
295 9.73525
296 9.73525
297 9.73525
298 9.73525
299 9.73525
