0 0 -nan
1 1 0
2 1.41901 0.00405188
3 1.73055 0.00514442
4 2.001 0.00640351
5 2.23866 0.00790857
6 2.46077 0.00913897
7 2.66289 0.0102014
8 2.84682 0.0101542
9 3.01606 0.0109996
10 3.17411 0.0114468
11 3.32316 0.0119626
12 3.46877 0.0137284
13 3.6127 0.0140115
14 3.76053 0.0149232
15 3.89035 0.0147089
16 4.02361 0.0153236
17 4.14483 0.0156398
18 4.26718 0.0144626
19 4.38746 0.0157028
20 4.49911 0.0158634
21 4.60897 0.0165839
22 4.71481 0.0179512
23 4.82321 0.0187113
24 4.92532 0.0187332
25 5.03063 0.0188225
26 5.13174 0.019708
27 5.21908 0.0197674
28 5.31059 0.0201203
29 5.40472 0.0196617
30 5.49511 0.0205578
31 5.57989 0.0210602
32 5.66893 0.0223963
33 5.7547 0.0219946
34 5.84584 0.0229866
35 5.92873 0.0233385
36 6.0034 0.0245255
37 6.08559 0.0242731
38 6.16681 0.0247454
39 6.25018 0.0253603
40 6.33064 0.0248887
41 6.41147 0.0253633
42 6.49504 0.0251124
43 6.57422 0.0262797
44 6.66113 0.0272404
45 6.73183 0.0269805
46 6.81108 0.0269186
47 6.88812 0.0275568
48 6.95836 0.0259698
49 7.03353 0.026466
50 7.10203 0.0270368
51 7.17206 0.0277633
52 7.24037 0.0275437
53 7.30704 0.0273304
54 7.37337 0.0284153
55 7.44237 0.0276745
56 7.50389 0.0282102
57 7.56777 0.0278347
58 7.63432 0.0287207
59 7.6989 0.029295
60 7.7745 0.030136
61 7.8405 0.0299245
62 7.90722 0.0300683
63 7.96628 0.0288367
64 8.03309 0.0294677
65 8.09235 0.0297251
66 8.15738 0.0295591
67 8.22095 0.0292364
68 8.26618 0.0294124
69 8.33239 0.0308169
70 8.38674 0.030777
71 8.43949 0.0315547
72 8.50767 0.0309043
73 8.57194 0.0309675
74 8.64577 0.0315519
75 8.70129 0.0327201
76 8.74748 0.0327913
77 8.8039 0.0328437
78 8.8596 0.0336856
79 8.91434 0.033948
80 8.95954 0.0347432
81 9.00592 0.0347089
82 9.06116 0.0348544
83 9.12076 0.0346145
84 9.17393 0.0335717
85 9.23189 0.0330111
86 9.29239 0.0330261
87 9.33739 0.0325905
88 9.39135 0.0326407
89 9.44681 0.032119
90 9.49762 0.0321181
91 9.55351 0.0319417
92 9.60431 0.0323362
93 9.66038 0.0320442
94 9.70509 0.0323261
95 9.75058 0.0325245
96 9.80503 0.0337358
97 9.84682 0.0333442
98 9.89794 0.0340587
99 9.9629 0.0341547
