0.560212 -0.449069
0.815556 -0.442559
0.660718 -0.644894
0.867691 -0.949816
0.550266 -0.937826
-0.023792 -0.652269
-0.236828 -0.55066
-0.301824 -0.437944
-0.351894 -0.393637
-0.493721 -0.547485
-0.798979 -0.2887
-0.882754 0.0381593
-0.937504 0.597599
-0.765601 0.689328
-0.698296 0.627958
-0.506077 0.916256
-0.192924 0.290381
0.0207561 0.188189
-0.0490538 0.413589
0.0393659 0.604985
0.198293 0.448198
0.439775 0.535913
0.254947 0.681043
0.313385 0.825815
0.531184 0.984193
0.629624 0.862135
0.928924 0.786094
0.93291 0.311926
0.785285 0.326961
0.771823 0.0954225
0.58502 -0.0272128
0.224805 -0.100205
