0 29.169
1 27.9439
2 26.7524
3 25.3642
4 24.829
5 24.5875
6 24.1137
7 23.7186
8 23.0978
9 22.3574
10 21.7419
11 21.248
12 20.9692
13 20.715
14 20.1743
15 19.859
16 19.6556
17 19.1523
18 18.7558
19 18.6676
20 18.6198
21 18.5915
22 18.5794
23 18.4414
24 17.8092
25 17.5042
26 17.4186
27 17.3247
28 17.0948
29 17.0806
30 17.0806
31 17.0806
32 17.0806
33 17.0806
34 17.0806
35 17.0806
36 17.057
37 16.7029
38 16.0432
39 15.6713
40 15.0921
41 14.9416
42 14.7699
43 14.7125
44 14.6682
45 14.6163
46 14.5847
47 14.3588
48 13.9334
49 13.8492
50 13.8492
51 13.8492
52 13.8492
53 13.8492
54 13.8492
55 13.8448
56 13.7858
57 13.6844
58 13.6237
59 13.6217
60 13.6167
61 13.5155
62 13.3787
63 13.3402
64 13.2902
65 13.2374
66 13.0652
67 12.9708
68 12.9397
69 12.8209
70 12.7591
71 12.7505
72 12.6073
73 12.3297
74 12.3297
75 12.3297
76 12.3297
77 12.3297
78 12.3297
79 12.3297
80 12.3282
81 12.3268
82 12.3263
83 12.3263
84 12.3263
85 12.3263
86 12.3237
87 12.2706
88 12.1998
89 12.1928
90 12.0526
91 11.8945
92 11.8493
93 11.8493
94 11.8493
95 11.8493
96 11.8493
97 11.8493
98 11.8493
99 11.8493
100 11.8493
101 11.8493
102 11.8493
103 11.8493
104 11.8493
105 11.8493
106 11.8493
107 11.8493
108 11.8493
109 11.8493
110 11.8493
111 11.8493
112 11.8493
113 11.8493
114 11.8493
115 11.8493
116 11.8493
117 11.8493
118 11.8493
119 11.8493
120 11.8493
121 11.8493
122 11.8493
123 11.8493
124 11.8493
125 11.8493
126 11.8493
127 11.8493
128 11.8493
129 11.8493
130 11.8493
131 11.8493
132 11.8493
133 11.8493
134 11.8493
135 11.8493
136 11.8493
137 11.8493
138 11.8493
139 11.8493
140 11.8493
141 11.8493
142 11.8493
143 11.8493
144 11.8493
145 11.8493
146 11.8493
147 11.8493
148 11.8493
149 11.8493
150 11.8493
151 11.8493
152 11.8493
153 11.8493
154 11.8493
155 11.8493
156 11.8493
157 11.8493
158 11.8493
159 11.8493
160 11.8493
161 11.8493
162 11.8493
163 11.8493
164 11.8493
165 11.8493
166 11.8493
167 11.8428
168 11.7137
169 11.5146
170 11.3674
171 11.1914
172 11.1914
173 11.1914
174 11.1914
175 11.1914
176 11.1914
177 11.1914
178 11.1914
179 11.1914
180 11.1914
181 11.1914
182 11.1914
183 11.1914
184 11.1914
185 11.1914
186 11.1914
187 11.1914
188 11.1914
189 11.1914
190 11.1914
191 11.1914
192 11.1914
193 11.1914
194 11.1914
195 11.1883
196 11.1337
197 11.0368
198 11.0368
199 11.0368
200 11.0368
201 11.0368
202 11.0368
203 11.0368
204 11.0368
205 11.0368
206 11.0368
207 11.0368
208 11.0368
209 11.0368
210 11.0368
211 11.0368
212 11.0368
213 11.0368
214 11.0368
215 11.0355
216 11.0089
217 10.9703
218 10.9703
219 10.9703
220 10.9703
221 10.9703
222 10.9703
223 10.9685
224 10.9373
225 10.8785
226 10.8785
227 10.8785
228 10.8785
229 10.8762
230 10.8352
231 10.757
232 10.5555
233 10.319
234 10.2615
235 10.2615
236 10.2615
237 10.2615
238 10.2615
239 10.2615
240 10.2615
241 10.2615
242 10.2615
243 10.2615
244 10.2615
245 10.2615
246 10.2615
247 10.2615
248 10.2615
249 10.2615
250 10.2615
251 10.2615
252 10.2615
253 10.2615
254 10.2615
255 10.2615
256 10.2615
257 10.2615
258 10.2615
259 10.2615
260 10.2615
261 10.2615
262 10.2615
263 10.2615
264 10.2615
265 10.2615
266 10.2615
267 10.2615
268 10.2615
269 10.2615
270 10.2615
271 10.2615
272 10.2609
273 10.2487
274 10.2336
275 10.2336
276 10.2336
277 10.2336
278 10.2336
279 10.2336
280 10.2336
281 10.2336
282 10.2336
283 10.2336
284 10.2336
285 10.2336
286 10.2336
287 10.2336
288 10.2336
289 10.2336
290 10.2336
291 10.2336
292 10.2336
293 10.2336
294 10.2336
295 10.2336
296 10.2336
297 10.2321
298 10.2043
299 10.1566
300 10.1566
301 10.1566
302 10.1566
303 10.1566
304 10.1566
305 10.1566
306 10.1566
307 10.1566
308 10.1566
309 10.1566
310 10.1566
311 10.1566
312 10.1439
313 9.84683
314 9.51878
315 9.51878
316 9.51878
317 9.51878
318 9.51878
319 9.51878
320 9.51878
321 9.51878
322 9.51878
323 9.51878
324 9.51878
325 9.51878
326 9.51878
327 9.51878
328 9.51878
329 9.51592
330 9.45592
331 9.37592
332 9.37592
333 9.37592
334 9.37592
335 9.37592
336 9.37592
337 9.37592
338 9.37592
339 9.37592
340 9.37592
341 9.37592
342 9.37592
343 9.37592
344 9.37592
345 9.37592
346 9.37592
347 9.37592
348 9.37592
349 9.37592
350 9.37592
351 9.37592
352 9.37592
353 9.37592
354 9.37592
355 9.37592
356 9.37592
357 9.37592
358 9.37592
359 9.37592
360 9.37592
361 9.37592
362 9.37592
363 9.37592
364 9.37592
365 9.37503
366 9.35799
367 9.33379
368 9.3311
369 9.3311
370 9.3311
371 9.3311
372 9.3311
373 9.3311
374 9.3311
375 9.3311
376 9.3311
377 9.3311
378 9.3311
379 9.3311
380 9.3311
381 9.3311
382 9.3311
383 9.3311
384 9.3311
385 9.3311
386 9.3311
387 9.3311
388 9.3311
389 9.3311
390 9.3311
391 9.3311
392 9.3311
393 9.3311
394 9.3311
395 9.3311
396 9.3311
397 9.3311
398 9.3311
399 9.3311
