0 29.7522
1 28.8301
2 28.8301
3 27.358
4 26.1925
5 25.4908
6 24.3141
7 24.3141
8 23.741
9 23.4246
10 23.4246
11 23.2049
12 20.6823
13 20.6558
14 20.14
15 19.9455
16 19.9455
17 19.873
18 19.7906
19 19.7906
20 19.341
21 19.341
22 17.8553
23 17.4058
24 17.4058
25 16.9234
26 16.9234
27 16.7464
28 16.7464
29 16.7464
30 16.7464
31 16.7464
32 16.7464
33 16.7464
34 16.7342
35 16.5579
36 15.0774
37 12.5119
38 12.4688
39 12.4688
40 12.4688
41 12.4641
42 12.4641
43 12.4641
44 12.3098
45 11.768
46 11.768
47 11.768
48 11.7665
49 11.7665
50 11.7665
51 11.7665
52 11.7665
53 11.7665
54 11.7665
55 11.7665
56 11.7665
57 11.7665
58 11.7665
59 11.0629
60 11.0629
61 11.0629
62 11.0629
63 10.4978
64 10.4978
65 10.4978
66 10.4978
67 10.4978
68 10.4978
69 10.4978
70 10.4978
71 10.4978
72 10.4978
73 10.4978
74 10.4978
75 10.4978
76 10.4978
77 10.4978
78 10.4978
79 10.4978
80 10.4978
81 10.4978
82 10.4978
83 10.4978
84 10.4978
85 10.4978
86 10.4978
87 10.4978
88 10.4978
89 10.4978
90 10.4978
91 10.4978
92 10.4978
93 10.4978
94 10.4978
95 10.2014
96 10.2014
97 10.2014
98 10.2014
99 10.2014
100 10.2014
101 10.2014
102 10.2014
103 10.2014
104 9.9478
105 9.9478
106 9.9478
107 9.9478
108 9.9478
109 9.9478
110 9.9478
111 9.9478
112 9.65112
113 9.65112
114 9.65112
115 9.65112
116 9.65112
117 9.65112
118 9.65112
119 9.65112
120 9.65112
121 9.65112
122 9.65112
123 9.65112
124 9.65112
125 9.65112
126 9.65112
127 9.65112
128 9.65112
129 9.65112
130 9.65112
131 9.63823
132 8.92651
133 8.91362
134 8.91362
135 8.91362
136 8.91362
137 8.91362
138 8.91362
139 8.91362
140 8.91362
141 8.91362
142 8.91362
143 8.91362
144 8.91362
145 8.91362
146 8.91362
147 8.91362
148 8.91362
149 8.91362
150 8.91362
151 8.91362
152 8.91362
153 8.91362
154 8.91362
155 8.91362
156 8.91362
157 8.91362
158 8.91362
159 8.91362
160 8.91362
161 8.91362
162 8.91327
163 8.91327
164 8.91132
165 8.91132
166 8.91132
167 7.82894
168 7.82894
169 7.82894
170 7.82894
171 7.82894
172 7.82894
173 7.82894
174 7.82894
175 7.82894
176 7.82894
177 7.82894
178 7.77626
179 7.77626
180 7.77626
181 7.77626
182 7.77626
183 7.77626
184 7.77626
185 7.77626
186 7.77626
187 7.77626
188 7.77626
189 7.77626
190 7.77626
191 7.77626
192 7.77626
193 7.77626
194 7.77626
195 7.77626
196 7.77626
197 7.77626
198 7.77626
199 7.77626
200 7.77626
201 7.77626
202 7.77626
203 7.77626
204 7.77626
205 7.77626
206 7.77626
207 7.77626
208 7.77626
209 7.77626
210 7.75637
211 7.75637
212 7.75637
213 7.75637
214 7.75637
215 7.75637
216 7.75637
217 7.75637
218 7.75637
219 7.75637
220 7.75637
221 7.75637
222 7.75637
223 7.75637
224 7.75637
225 7.75637
226 7.75637
227 7.75637
228 7.75637
229 7.75637
230 7.75637
231 7.75637
232 7.75637
233 7.75637
234 7.75637
235 7.75637
236 7.75637
237 7.75637
238 7.75637
239 7.75637
240 6.2403
241 6.2403
242 6.2403
243 6.2403
244 6.2403
245 6.2403
246 6.2403
247 6.2403
248 6.2403
249 6.2403
250 6.2403
251 6.2403
252 6.2403
253 6.2403
254 6.2403
255 6.2403
256 6.2403
257 6.2403
258 6.2403
259 6.2403
260 6.2403
261 6.2403
262 6.2403
263 6.2403
264 6.2403
265 6.2403
266 6.2403
267 6.2403
268 6.2403
269 6.2403
270 6.2403
271 6.2403
272 6.2403
273 6.2403
274 6.2403
275 6.2403
276 6.2403
277 6.2403
278 6.2403
279 6.2403
280 6.2403
281 6.2403
282 6.2403
283 6.2403
284 6.2403
285 6.2403
286 6.2403
287 6.2403
288 6.2403
289 6.2403
290 6.2403
291 6.2403
292 6.2403
293 6.2403
294 6.2403
295 6.2403
296 6.2403
297 6.2403
298 6.2403
299 6.2403
300 6.2403
301 6.2403
302 6.2403
303 6.2403
304 6.2403
305 6.2403
306 6.2403
307 6.2403
308 6.2403
309 6.2403
310 6.2403
311 6.2403
312 6.2403
313 6.2403
314 6.2403
315 6.2403
316 6.2403
317 6.2403
318 6.2403
319 6.2403
320 6.2403
321 6.2403
322 6.2403
323 6.2403
324 6.2403
325 6.2403
326 6.2403
327 6.2403
328 6.2403
329 6.2403
330 6.2403
331 6.2403
332 6.2403
333 6.2403
334 6.2403
335 6.2403
336 6.2403
337 6.2403
338 6.2403
339 6.2403
340 6.2403
341 6.2403
342 6.2403
343 6.2403
344 6.2403
345 6.2403
346 6.2403
347 6.2403
348 6.2403
349 6.2403
350 6.2403
351 6.2403
352 6.2403
353 6.2403
354 6.2403
355 6.2403
356 6.2403
357 6.2403
358 6.2403
359 6.2403
360 6.2403
361 6.2403
362 6.2403
363 6.2403
364 6.2403
365 6.2403
366 6.2403
367 6.2403
368 6.2403
369 6.2403
370 6.2403
371 6.2403
372 6.2403
373 6.2403
374 6.2403
375 6.2403
376 6.2403
377 6.2403
378 6.2403
379 6.2403
380 6.2403
381 6.2403
382 6.2403
383 6.2403
384 6.2403
385 6.2403
386 6.2403
387 6.2403
388 6.2403
389 6.2403
390 6.2403
391 6.2403
392 6.2403
393 6.2403
394 6.2403
395 6.2403
396 6.2403
397 6.2403
398 6.2403
399 6.2403
