0 32.0848
1 30.1392
2 27.8433
3 26.3925
4 25.5012
5 24.2592
6 23.5259
7 23.3986
8 22.9247
9 22.3413
10 22.08
11 21.5676
12 20.8708
13 20.1859
14 19.7877
15 19.6643
16 19.4702
17 19.3418
18 19.08
19 18.9868
20 18.9868
21 18.9868
22 18.9868
23 18.9868
24 18.9868
25 18.9868
26 18.9868
27 18.9868
28 18.9679
29 18.7123
30 18.2308
31 18.0391
32 18.0296
33 17.8778
34 17.5525
35 17.4329
36 17.1565
37 17.005
38 16.7916
39 15.8366
40 14.7967
41 13.9282
42 13.9282
43 13.9282
44 13.9282
45 13.9282
46 13.9276
47 13.9164
48 13.8976
49 13.8661
50 13.8173
51 13.805
52 13.5788
53 13.1296
54 12.9405
55 12.9405
56 12.9405
57 12.9405
58 12.9405
59 12.9405
60 12.9405
61 12.9405
62 12.9355
63 12.8686
64 12.7691
65 12.6916
66 12.6916
67 12.6916
68 12.6916
69 12.6916
70 12.6916
71 12.6916
72 12.6916
73 12.6916
74 12.6916
75 12.6916
76 12.6916
77 12.6916
78 12.6916
79 12.6916
80 12.6916
81 12.6916
82 12.6916
83 12.6856
84 12.6252
85 12.7022
86 12.5079
87 12.387
88 12.383
89 12.3822
90 12.3822
91 12.3822
92 12.3822
93 12.3822
94 12.3822
95 12.3816
96 12.3726
97 12.3496
98 12.3486
99 12.0681
100 11.4846
101 11.3253
102 11.3253
103 11.3253
104 11.3253
105 11.3253
106 11.3253
107 11.3253
108 11.3253
109 11.3253
110 11.3253
111 11.3253
112 11.3253
113 11.3253
114 11.3253
115 11.3253
116 11.3253
117 11.3253
118 11.3253
119 11.0521
120 10.7415
121 10.6923
122 10.6922
123 10.6922
124 10.6776
125 10.5895
126 10.3692
127 9.95809
128 9.95809
129 9.95809
130 9.95809
131 9.95809
132 9.95809
133 9.95809
134 9.95809
135 9.95809
136 9.95809
137 9.95809
138 9.95809
139 9.9415
140 9.97866
141 9.85213
142 9.8498
143 9.84808
144 9.84568
145 9.8419
146 9.84139
147 9.84139
148 9.84139
149 9.84139
150 9.84139
151 9.84139
152 9.84139
153 9.84139
154 9.84139
155 9.84139
156 9.84139
157 9.84139
158 9.84139
159 9.84139
160 9.84139
161 9.84139
162 9.84139
163 9.84139
164 9.84139
165 9.84139
166 9.84139
167 9.84139
168 9.84102
169 9.83844
170 9.83245
171 9.82294
172 9.82294
173 9.82294
174 9.82294
175 9.82294
176 9.82294
177 9.82294
178 9.82072
179 9.78014
180 9.64019
181 9.56098
182 9.5564
183 9.5564
184 9.5564
185 9.5564
186 9.5564
187 9.5564
188 9.5564
189 9.5564
190 9.5564
191 9.5564
192 9.5564
193 9.5564
194 9.5564
195 9.5564
196 9.5564
197 9.5564
198 9.5564
199 9.5564
200 9.5564
201 9.5564
202 9.5564
203 9.5564
204 9.5564
205 9.5564
206 9.5564
207 9.5564
208 9.5564
209 9.5564
210 9.5564
211 9.5564
212 9.5564
213 9.5564
214 9.5564
215 9.5564
216 9.5564
217 9.5564
218 9.5564
219 9.5564
220 9.5564
221 9.5564
222 9.5564
223 9.5564
224 9.5564
225 9.5564
226 9.5564
227 9.5564
228 9.5564
229 9.5564
230 9.5564
231 9.5564
232 9.5564
233 9.5564
234 9.5564
235 9.5564
236 9.5564
237 9.5564
238 9.5564
239 9.50667
240 9.52774
241 9.30294
242 9.29973
243 9.29973
244 9.29973
245 9.29973
246 9.29973
247 9.29973
248 9.29973
249 9.29973
250 9.29973
251 9.29973
252 9.29973
253 9.29973
254 9.29973
255 9.29973
256 9.29973
257 9.29973
258 9.29973
259 9.29973
260 9.29973
261 9.29973
262 9.29973
263 9.29973
264 9.29973
265 9.29973
266 9.29973
267 9.29973
268 9.29973
269 9.29973
270 9.29973
271 9.29973
272 9.29973
273 9.29973
274 9.29973
275 9.29973
276 9.29973
277 9.29973
278 9.29973
279 9.29973
280 9.29973
281 9.29973
282 9.29973
283 9.29973
284 9.29973
285 9.29973
286 9.29973
287 9.29973
288 9.29973
289 9.29973
290 9.29973
291 9.29973
292 9.29973
293 9.29973
294 9.29973
295 9.29973
296 9.29973
297 9.29973
298 9.29973
299 9.29973
