0 24.4941
1 24.145
2 23.5638
3 20.8983
4 20.7384
5 19.6146
6 19.6146
7 19.6146
8 19.6146
9 19.6146
10 19.6146
11 18.9189
12 18.9189
13 18.9189
14 18.9189
15 18.9189
16 18.9135
17 18.8388
18 18.8388
19 16.1552
20 16.1552
21 16.1552
22 15.623
23 15.623
24 15.623
25 15.6176
26 15.3982
27 15.3982
28 15.3982
29 15.2832
30 15.2832
31 15.2832
32 15.2832
33 15.2566
34 15.2566
35 14.8779
36 14.8779
37 14.8779
38 14.8779
39 14.8779
40 14.8779
41 14.8779
42 14.6433
43 14.4096
44 14.4096
45 14.4096
46 14.4096
47 14.2787
48 14.2787
49 14.099
50 13.968
51 13.968
52 13.968
53 13.968
54 13.9506
55 13.9084
56 13.8815
57 13.8815
58 13.8815
59 13.6355
60 13.6355
61 13.6355
62 13.6355
63 13.6355
64 13.6355
65 13.4346
66 13.0826
67 13.0826
68 13.0826
69 13.0826
70 12.82
71 12.82
72 12.82
73 12.82
74 12.82
75 12.6612
76 12.6612
77 12.6612
78 12.6612
79 12.1639
80 12.1639
81 11.943
82 11.7842
83 11.7842
84 11.6408
85 11.482
86 11.482
87 11.482
88 11.482
89 11.3253
90 11.3253
91 11.3253
92 11.3253
93 11.3253
94 11.3253
95 11.3253
96 11.3253
97 11.3253
98 11.3253
99 11.3253
100 11.2992
101 11.2992
102 11.2992
103 11.2992
104 11.2992
105 11.2992
106 11.2992
107 11.2992
108 11.2992
109 11.2992
110 10.7094
111 10.7094
112 10.7094
113 10.6684
114 10.6684
115 10.5565
116 10.5565
117 10.5565
118 10.5565
119 10.5565
120 10.5565
121 10.5565
122 10.5565
123 10.5565
124 10.5565
125 10.5565
126 10.5565
127 10.5565
128 10.5565
129 10.5565
130 10.5565
131 10.5565
132 10.5565
133 10.5565
134 10.5565
135 10.5565
136 10.5565
137 10.5565
138 10.5565
139 10.5565
140 10.5565
141 10.5565
142 10.5565
143 10.5565
144 10.5565
145 10.5565
146 10.5565
147 10.5565
148 10.5565
149 10.5565
150 10.5565
151 10.5565
152 10.5565
153 10.5565
154 10.5565
155 10.5565
156 10.5565
157 10.5565
158 10.5565
159 9.84139
160 9.84139
161 9.84139
162 9.84139
163 9.71852
164 9.71852
165 9.71852
166 9.71777
167 9.71777
168 9.71777
169 9.71777
170 9.71777
171 9.71777
172 9.71777
173 9.71777
174 9.71777
175 9.71777
176 9.71777
177 9.71777
178 9.71777
179 9.45893
180 9.45893
181 9.45893
182 9.45893
183 9.45893
184 9.45893
185 9.45893
186 9.45893
187 9.29973
188 9.29973
189 9.29973
190 9.29973
191 9.29973
192 9.29973
193 9.29973
194 9.29973
195 9.29973
196 9.29973
197 9.29973
198 9.29973
199 9.29973
200 9.29973
201 9.29973
202 9.29973
203 9.29973
204 9.29973
205 9.29973
206 9.29973
207 9.29973
208 9.29973
209 9.29973
210 9.29973
211 9.29973
212 9.29973
213 9.29973
214 9.29973
215 9.29973
216 9.29973
217 9.29973
218 9.29973
219 9.29973
220 9.29973
221 9.29973
222 9.29973
223 9.29973
224 9.29973
225 9.29973
226 9.29973
227 9.29973
228 9.29973
229 9.29973
230 9.29973
231 9.29973
232 9.29973
233 9.29973
234 9.29973
235 9.29973
236 9.29973
237 9.29973
238 9.29973
239 9.29973
240 9.29973
241 9.29973
242 9.29973
243 9.29973
244 9.29973
245 9.29973
246 9.29973
247 9.29973
248 9.29973
249 9.29973
250 9.29973
251 9.29973
252 9.29973
253 9.29973
254 9.29973
255 9.29973
256 9.29973
257 9.29973
258 9.29973
259 9.29973
260 9.29973
261 9.29973
262 9.29973
263 9.29973
264 9.29973
265 9.29973
266 9.29973
267 9.29973
268 9.29973
269 9.29973
270 9.29973
271 9.29973
272 9.29973
273 9.29973
274 9.29973
275 9.29973
276 9.29973
277 9.29973
278 9.29973
279 9.29973
280 9.29973
281 9.29973
282 9.29973
283 9.29973
284 9.29973
285 9.29973
286 9.29973
287 9.29973
288 9.29973
289 9.29973
290 9.29973
291 9.29973
292 9.29973
293 9.29973
294 9.29973
295 9.29973
296 9.29973
297 9.29973
298 9.29973
299 9.29973
