0 26.2426
1 23.9445
2 21.0193
3 21.0193
4 21.0193
5 21.0193
6 21.0193
7 20.6599
8 19.9478
9 19.0648
10 17.6465
11 17.5332
12 17.139
13 17.0005
14 16.5881
15 16.4763
16 16.4763
17 16.1552
18 16.1552
19 16.1552
20 16.0522
21 15.9662
22 15.8043
23 15.8043
24 15.0851
25 14.7213
26 14.3964
27 14.3579
28 14.2719
29 14.0771
30 13.9975
31 13.9975
32 13.9975
33 13.9975
34 13.9282
35 13.9282
36 13.9282
37 13.9282
38 13.9282
39 13.9282
40 13.9282
41 13.9282
42 13.9282
43 13.925
44 13.9067
45 13.6355
46 13.6355
47 13.6355
48 13.6355
49 13.6355
50 13.6355
51 13.6355
52 13.6355
53 13.6355
54 13.6355
55 13.6355
56 13.6355
57 13.6355
58 13.6355
59 13.6355
60 13.5913
61 13.5913
62 13.1315
63 13.1315
64 13.1315
65 12.7274
66 12.7274
67 12.7274
68 12.7274
69 12.7274
70 12.7274
71 12.7274
72 12.7227
73 12.7227
74 12.7227
75 12.7227
76 12.7227
77 12.7227
78 12.7227
79 12.113
80 12.0903
81 12.0903
82 12.0903
83 12.0903
84 12.0903
85 12.0903
86 12.0903
87 12.0903
88 12.0903
89 12.0903
90 12.0903
91 11.7264
92 11.7264
93 11.7264
94 11.7264
95 11.7264
96 11.7264
97 11.7264
98 11.7264
99 11.323
100 11.323
101 11.323
102 11.323
103 11.323
104 11.323
105 11.323
106 11.323
107 11.323
108 11.323
109 11.323
110 11.323
111 11.323
112 11.323
113 11.323
114 11.323
115 11.323
116 11.323
117 11.323
118 11.323
119 10.5565
120 10.5565
121 10.5565
122 10.5565
123 10.5565
124 10.5565
125 10.5565
126 10.5565
127 10.5565
128 10.5565
129 10.5565
130 10.5565
131 10.5565
132 10.5565
133 10.5565
134 10.5565
135 10.5565
136 9.84997
137 9.84997
138 9.84997
139 9.84997
140 9.84997
141 9.84997
142 9.84997
143 9.84997
144 9.84997
145 9.84997
146 9.84997
147 9.84997
148 9.84997
149 9.84997
150 9.84997
151 9.84997
152 9.84997
153 9.84997
154 9.84997
155 9.5564
156 9.5564
157 9.5564
158 9.5564
159 9.5564
160 9.5564
161 9.5564
162 9.5564
163 9.5564
164 9.5564
165 9.5564
166 9.5564
167 9.5564
168 9.5564
169 9.5564
170 9.5564
171 9.5564
172 9.5564
173 9.5564
174 9.5564
175 9.5564
176 9.5564
177 9.5564
178 9.5564
179 9.5564
180 9.5564
181 9.5564
182 9.5564
183 9.5564
184 9.5564
185 9.5564
186 9.5564
187 9.5564
188 9.5564
189 9.5564
190 9.5564
191 9.5564
192 9.5564
193 9.5564
194 9.5564
195 9.5564
196 9.5564
197 9.5564
198 9.5564
199 9.29973
200 9.29973
201 9.29973
202 9.29973
203 9.29973
204 9.29973
205 9.29973
206 9.29973
207 9.29973
208 9.29973
209 9.29973
210 9.29973
211 9.29973
212 9.29973
213 9.29973
214 9.29973
215 9.29973
216 9.29973
217 9.29973
218 9.29973
219 9.29973
220 9.29973
221 9.29973
222 9.29973
223 9.29973
224 9.29973
225 9.29973
226 9.29973
227 9.29973
228 9.29973
229 9.29973
230 9.29973
231 9.29973
232 9.29973
233 9.29973
234 9.29973
235 9.29973
236 9.29973
237 9.29973
238 9.29973
239 9.29973
240 9.29973
241 9.29973
242 9.29973
243 9.29973
244 9.29973
245 9.29973
246 9.29973
247 9.29973
248 9.29973
249 9.29973
250 9.29973
251 9.29973
252 9.29973
253 9.29973
254 9.29973
255 9.29973
256 9.29973
257 9.29973
258 9.29973
259 9.29973
260 9.29973
261 9.29973
262 9.29973
263 9.29973
264 9.29973
265 9.29973
266 9.29973
267 9.29973
268 9.29973
269 9.29973
270 9.29973
271 9.29973
272 9.29973
273 9.29973
274 9.29973
275 9.29973
276 9.29973
277 9.29973
278 9.29973
279 9.29973
280 9.29973
281 9.29973
282 9.29973
283 9.29973
284 9.29973
285 9.29973
286 9.29973
287 9.29973
288 9.29973
289 9.29973
290 9.29973
291 9.29973
292 9.29973
293 9.29973
294 9.29973
295 9.29973
296 9.29973
297 9.29973
298 9.29973
299 9.29973
