0 29.3506
1 27.0987
2 25.8625
3 25.0111
4 23.5118
5 23.5118
6 23.3719
7 22.3531
8 22.3309
9 21.9718
10 21.3165
11 20.4776
12 19.8444
13 19.6814
14 19.48
15 19.48
16 18.9868
17 18.9868
18 18.9868
19 18.9868
20 18.9868
21 18.9868
22 18.9868
23 18.9868
24 18.9868
25 18.9868
26 18.9868
27 18.9868
28 18.0391
29 18.0391
30 18.0391
31 18.0391
32 17.5648
33 17.5648
34 17.1505
35 17.1505
36 16.7651
37 16.7651
38 16.7149
39 13.9282
40 13.9282
41 13.9282
42 13.9282
43 13.9282
44 13.9282
45 13.9282
46 13.9008
47 13.8975
48 13.8173
49 13.8173
50 13.8173
51 13.2031
52 12.9405
53 12.9405
54 12.9405
55 12.9405
56 12.9405
57 12.9405
58 12.9405
59 12.9405
60 12.9405
61 12.9405
62 12.6916
63 12.6916
64 12.6916
65 12.6916
66 12.6916
67 12.6916
68 12.6916
69 12.6916
70 12.6916
71 12.6916
72 12.6916
73 12.6916
74 12.6916
75 12.6916
76 12.6916
77 12.6916
78 12.6916
79 12.6916
80 12.6916
81 12.6916
82 12.6916
83 12.3899
84 12.3899
85 12.3899
86 12.3822
87 12.3822
88 12.3822
89 12.3822
90 12.3822
91 12.3822
92 12.3822
93 12.3822
94 12.3822
95 12.3503
96 12.3485
97 12.3485
98 12.3485
99 11.3253
100 11.3253
101 11.3253
102 11.3253
103 11.3253
104 11.3253
105 11.3253
106 11.3253
107 11.3253
108 11.3253
109 11.3253
110 11.3253
111 11.3253
112 11.3253
113 11.3253
114 11.3253
115 11.3253
116 11.3253
117 11.3253
118 11.3253
119 10.6922
120 10.6922
121 10.6922
122 10.6922
123 10.6922
124 9.95809
125 9.95809
126 9.95809
127 9.95809
128 9.95809
129 9.95809
130 9.95809
131 9.95809
132 9.95809
133 9.95809
134 9.95809
135 9.95809
136 9.95809
137 9.95809
138 9.95809
139 9.84997
140 9.84997
141 9.84997
142 9.84139
143 9.84139
144 9.84139
145 9.84139
146 9.84139
147 9.84139
148 9.84139
149 9.84139
150 9.84139
151 9.84139
152 9.84139
153 9.84139
154 9.84139
155 9.84139
156 9.84139
157 9.84139
158 9.84139
159 9.84139
160 9.84139
161 9.84139
162 9.84139
163 9.84139
164 9.84139
165 9.84139
166 9.84139
167 9.84139
168 9.82294
169 9.82294
170 9.82294
171 9.82294
172 9.82294
173 9.82294
174 9.82294
175 9.82294
176 9.82294
177 9.82294
178 9.71158
179 9.5564
180 9.5564
181 9.5564
182 9.5564
183 9.5564
184 9.5564
185 9.5564
186 9.5564
187 9.5564
188 9.5564
189 9.5564
190 9.5564
191 9.5564
192 9.5564
193 9.5564
194 9.5564
195 9.5564
196 9.5564
197 9.5564
198 9.5564
199 9.5564
200 9.5564
201 9.5564
202 9.5564
203 9.5564
204 9.5564
205 9.5564
206 9.5564
207 9.5564
208 9.5564
209 9.5564
210 9.5564
211 9.5564
212 9.5564
213 9.5564
214 9.5564
215 9.5564
216 9.5564
217 9.5564
218 9.5564
219 9.5564
220 9.5564
221 9.5564
222 9.5564
223 9.5564
224 9.5564
225 9.5564
226 9.5564
227 9.5564
228 9.5564
229 9.5564
230 9.5564
231 9.5564
232 9.5564
233 9.5564
234 9.5564
235 9.5564
236 9.5564
237 9.5564
238 9.5564
239 9.29973
240 9.29973
241 9.29973
242 9.29973
243 9.29973
244 9.29973
245 9.29973
246 9.29973
247 9.29973
248 9.29973
249 9.29973
250 9.29973
251 9.29973
252 9.29973
253 9.29973
254 9.29973
255 9.29973
256 9.29973
257 9.29973
258 9.29973
259 9.29973
260 9.29973
261 9.29973
262 9.29973
263 9.29973
264 9.29973
265 9.29973
266 9.29973
267 9.29973
268 9.29973
269 9.29973
270 9.29973
271 9.29973
272 9.29973
273 9.29973
274 9.29973
275 9.29973
276 9.29973
277 9.29973
278 9.29973
279 9.29973
280 9.29973
281 9.29973
282 9.29973
283 9.29973
284 9.29973
285 9.29973
286 9.29973
287 9.29973
288 9.29973
289 9.29973
290 9.29973
291 9.29973
292 9.29973
293 9.29973
294 9.29973
295 9.29973
296 9.29973
297 9.29973
298 9.29973
299 9.29973
