0 29.1375
1 27.2648
2 25.2639
3 23.0228
4 21.5959
5 21.0193
6 21.0193
7 21.0121
8 20.8777
9 20.4684
10 19.7254
11 18.6027
12 17.6799
13 17.4449
14 17.193
15 16.8168
16 16.5344
17 16.4698
18 16.3286
19 16.1552
20 16.1514
21 16.1053
22 16.0323
23 15.9371
24 15.8075
25 15.2605
26 14.8267
27 14.5641
28 14.3939
29 14.2948
30 14.2144
31 14.0839
32 14.0009
33 13.9975
34 13.9959
35 13.9649
36 13.9282
37 13.9282
38 13.9282
39 13.9282
40 13.9282
41 13.9282
42 13.9282
43 13.9281
44 13.927
45 13.9013
46 13.7672
47 13.6419
48 13.6355
49 13.6355
50 13.6355
51 13.6355
52 13.6355
53 13.6355
54 13.6355
55 13.6355
56 13.6355
57 13.6355
58 13.6355
59 13.6355
60 13.6346
61 13.6222
62 13.5892
63 13.4634
64 13.2003
65 13.1234
66 12.9779
67 12.7436
68 12.7274
69 12.7274
70 12.7274
71 12.7274
72 12.7273
73 12.7254
74 12.7234
75 12.7227
76 12.7227
77 12.7227
78 12.7227
79 12.6175
80 12.3555
81 12.1044
82 12.0907
83 12.0903
84 12.0903
85 12.0903
86 12.0903
87 12.0903
88 12.0903
89 12.0903
90 12.0903
91 12.083
92 11.952
93 11.7919
94 11.7264
95 11.7264
96 11.7264
97 11.7264
98 11.7264
99 11.5648
100 11.4521
101 11.323
102 11.323
103 11.323
104 11.323
105 11.323
106 11.323
107 11.323
108 11.323
109 11.323
110 11.323
111 11.323
112 11.323
113 11.323
114 11.323
115 11.323
116 11.323
117 11.323
118 11.323
119 11.0011
120 10.7239
121 10.5565
122 10.5565
123 10.5565
124 10.5565
125 10.5565
126 10.5565
127 10.5565
128 10.5565
129 10.5565
130 10.5565
131 10.5565
132 10.5565
133 10.5565
134 10.5565
135 10.5565
136 10.5424
137 10.4425
138 10.1608
139 9.84997
140 9.84997
141 9.84997
142 9.84997
143 9.84997
144 9.84997
145 9.84997
146 9.84997
147 9.84997
148 9.84997
149 9.84997
150 9.84997
151 9.84997
152 9.84997
153 9.84997
154 9.84997
155 9.8441
156 9.74307
157 9.6139
158 9.5564
159 9.5564
160 9.5564
161 9.5564
162 9.5564
163 9.5564
164 9.5564
165 9.5564
166 9.5564
167 9.5564
168 9.5564
169 9.5564
170 9.5564
171 9.5564
172 9.5564
173 9.5564
174 9.5564
175 9.5564
176 9.5564
177 9.5564
178 9.5564
179 9.5564
180 9.5564
181 9.5564
182 9.5564
183 9.5564
184 9.5564
185 9.5564
186 9.5564
187 9.5564
188 9.5564
189 9.5564
190 9.5564
191 9.5564
192 9.5564
193 9.5564
194 9.5564
195 9.5564
196 9.5564
197 9.5564
198 9.5564
199 9.46913
200 9.31
201 9.29973
202 9.29973
203 9.29973
204 9.29973
205 9.29973
206 9.29973
207 9.29973
208 9.29973
209 9.29973
210 9.29973
211 9.29973
212 9.29973
213 9.29973
214 9.29973
215 9.29973
216 9.29973
217 9.29973
218 9.29973
219 9.29973
220 9.29973
221 9.29973
222 9.29973
223 9.29973
224 9.29973
225 9.29973
226 9.29973
227 9.29973
228 9.29973
229 9.29973
230 9.29973
231 9.29973
232 9.29973
233 9.29973
234 9.29973
235 9.29973
236 9.29973
237 9.29973
238 9.29973
239 9.29973
240 9.29973
241 9.29973
242 9.29973
243 9.29973
244 9.29973
245 9.29973
246 9.29973
247 9.29973
248 9.29973
249 9.29973
250 9.29973
251 9.29973
252 9.29973
253 9.29973
254 9.29973
255 9.29973
256 9.29973
257 9.29973
258 9.29973
259 9.29973
260 9.29973
261 9.29973
262 9.29973
263 9.29973
264 9.29973
265 9.29973
266 9.29973
267 9.29973
268 9.29973
269 9.29973
270 9.29973
271 9.29973
272 9.29973
273 9.29973
274 9.29973
275 9.29973
276 9.29973
277 9.29973
278 9.29973
279 9.29973
280 9.29973
281 9.29973
282 9.29973
283 9.29973
284 9.29973
285 9.29973
286 9.29973
287 9.29973
288 9.29973
289 9.29973
290 9.29973
291 9.29973
292 9.29973
293 9.29973
294 9.29973
295 9.29973
296 9.29973
297 9.29973
298 9.29973
299 9.29973
