0 28.4731
1 27.3808
2 26.1136
3 25.4519
4 24.7969
5 24.1938
6 24.1938
7 24.1682
8 23.7937
9 22.9416
10 22.9019
11 22.7695
12 22.5315
13 22.2517
14 22.2113
15 21.5954
16 20.8962
17 20.8832
18 20.6891
19 20.0663
20 19.253
21 18.8617
22 18.6058
23 18.6058
24 18.6046
25 18.5891
26 18.5759
27 18.5759
28 18.5724
29 18.5476
30 18.4628
31 18.3993
32 18.3872
33 18.1211
34 17.8207
35 17.8043
36 17.5857
37 17.1809
38 16.8811
39 16.3593
40 15.1786
41 14.8779
42 14.8623
43 14.7303
44 14.5413
45 14.4644
46 14.4423
47 14.4423
48 14.4423
49 14.4206
50 14.2655
51 13.9944
52 13.8813
53 13.8813
54 13.8797
55 13.8331
56 13.801
57 13.801
58 13.801
59 13.5969
60 12.8712
61 12.5785
62 12.5393
63 12.5393
64 12.5393
65 12.5333
66 12.4295
67 12.2612
68 12.237
69 12.237
70 12.237
71 12.237
72 12.2349
73 12.2213
74 12.194
75 12.18
76 12.1639
77 12.1639
78 12.1639
79 12.1639
80 12.1639
81 12.1639
82 12.1639
83 12.1639
84 12.1639
85 12.1502
86 11.7546
87 11.4818
88 11.4818
89 11.4818
90 11.4786
91 11.4119
92 11.3293
93 11.323
94 11.323
95 11.323
96 11.323
97 11.323
98 11.323
99 11.323
100 11.323
101 11.323
102 11.323
103 11.323
104 11.323
105 11.323
106 11.323
107 11.3222
108 11.3115
109 11.2902
110 11.282
111 11.282
112 11.282
113 11.282
114 11.282
115 11.2702
116 11.0225
117 10.6922
118 10.6922
119 10.6922
120 10.6922
121 10.6922
122 10.6922
123 10.6922
124 10.6922
125 10.6922
126 10.6922
127 10.6922
128 10.6922
129 10.6922
130 10.6922
131 10.6922
132 10.6922
133 10.6922
134 10.6922
135 10.6922
136 10.6922
137 10.6922
138 10.6922
139 10.6519
140 10.5664
141 10.5565
142 10.5565
143 10.5565
144 10.5565
145 10.5565
146 10.5565
147 10.5565
148 10.5565
149 10.5565
150 10.5544
151 10.5282
152 10.3201
153 10.0049
154 9.86251
155 9.80257
156 9.70468
157 9.70152
158 9.70152
159 9.66379
160 9.61155
161 9.56511
162 9.5564
163 9.5564
164 9.5564
165 9.5564
166 9.5564
167 9.5564
168 9.5564
169 9.5564
170 9.5564
171 9.5564
172 9.5564
173 9.5564
174 9.5564
175 9.5564
176 9.5564
177 9.5564
178 9.5564
179 9.5564
180 9.5564
181 9.5564
182 9.5564
183 9.5564
184 9.5564
185 9.5564
186 9.5564
187 9.5564
188 9.5564
189 9.5564
190 9.5564
191 9.5564
192 9.5564
193 9.5564
194 9.5564
195 9.5564
196 9.5564
197 9.5564
198 9.5564
199 9.5564
200 9.5564
201 9.5564
202 9.5564
203 9.5564
204 9.5564
205 9.5564
206 9.5564
207 9.5564
208 9.5564
209 9.5564
210 9.5564
211 9.5564
212 9.5564
213 9.5564
214 9.5564
215 9.5564
216 9.5564
217 9.5564
218 9.5564
219 9.5564
220 9.5564
221 9.5564
222 9.5564
223 9.5564
224 9.5564
225 9.5564
226 9.5564
227 9.5564
228 9.5564
229 9.5564
230 9.5564
231 9.5564
232 9.5564
233 9.5564
234 9.5564
235 9.5564
236 9.5564
237 9.5564
238 9.5564
239 9.5102
240 9.39213
241 9.31896
242 9.29973
243 9.29973
244 9.29973
245 9.29973
246 9.29973
247 9.29973
248 9.29973
249 9.29973
250 9.29973
251 9.29973
252 9.29973
253 9.29973
254 9.29973
255 9.29973
256 9.29973
257 9.29973
258 9.29973
259 9.29973
260 9.29973
261 9.29973
262 9.29973
263 9.29973
264 9.29973
265 9.29973
266 9.29973
267 9.29973
268 9.29973
269 9.29973
270 9.29973
271 9.29973
272 9.29973
273 9.29973
274 9.29973
275 9.29973
276 9.29973
277 9.29973
278 9.29973
279 9.29973
280 9.29973
281 9.29973
282 9.29973
283 9.29973
284 9.29973
285 9.29973
286 9.29973
287 9.29973
288 9.29973
289 9.29973
290 9.29973
291 9.29973
292 9.29973
293 9.29973
294 9.29973
295 9.29973
296 9.29973
297 9.29973
298 9.29973
299 9.29973
