0 14.7023 0
1 15.0594 inf
2 14.9576 0.325211
3 14.7461 0.326799
4 14.8699 0.278217
5 15.0087 0.269192
6 15.0812 0.23664
7 15.0531 0.204334
8 15.065 0.178808
9 14.9777 0.183746
10 14.9346 0.171295
11 14.9144 0.15702
12 14.9104 0.143902
13 14.8554 0.144558
14 14.8744 0.135612
15 14.9441 0.145662
16 15.0634 0.183879
17 15.0702 0.173169
18 15.0201 0.171461
19 14.9953 0.164391
20 15.0371 0.161928
21 15.0333 0.15425
22 15.0485 0.148054
23 15.0171 0.145204
24 15.0533 0.143961
25 15.0134 0.14405
26 14.9746 0.144046
27 15.0136 0.14429
28 15.0501 0.143991
29 15.0187 0.142641
30 15.0105 0.13813
31 15.0275 0.134779
32 15.0461 0.131927
33 15.0452 0.127929
34 15.0221 0.126358
35 15.0119 0.123183
36 14.9999 0.120372
37 14.9917 0.117413
38 14.9938 0.114341
39 14.9565 0.117635
40 14.9816 0.117482
41 14.9517 0.118554
42 14.9516 0.115729
43 14.9388 0.113773
44 14.9207 0.112688
45 14.9373 0.111457
46 14.9354 0.109049
47 14.9296 0.106892
48 14.9395 0.105143
49 14.9594 0.104944
50 14.9621 0.10288
51 14.9622 0.100862
52 14.947 0.100095
53 14.9249 0.100713
54 14.9317 0.099083
55 14.9375 0.0974579
56 14.9409 0.0957791
57 14.9375 0.0941611
58 14.9363 0.0925457
59 14.9198 0.0924783
60 14.9213 0.0909496
61 14.917 0.0895633
62 14.9103 0.088379
63 14.923 0.087916
64 14.9175 0.0867177
65 14.9225 0.0855285
66 14.9185 0.084328
67 14.9118 0.0833436
68 14.9129 0.0821248
69 14.9153 0.0809705
70 14.9184 0.0798766
71 14.9193 0.0787561
72 14.9362 0.0795163
73 14.9388 0.0784687
74 14.9296 0.0779562
75 14.9386 0.0774452
76 14.9612 0.0797519
77 14.961 0.0787162
78 14.9589 0.0777383
79 14.9456 0.0779024
80 14.9467 0.0769363
81 14.944 0.076034
82 14.9427 0.0751183
83 14.9459 0.0742828
84 14.9429 0.0734616
85 14.9437 0.0726021
86 14.9517 0.0722025
87 14.9518 0.0713726
88 14.9547 0.0706235
89 14.9517 0.069895
90 14.9428 0.0696986
91 14.9294 0.0702261
92 14.9295 0.0694627
93 14.9232 0.0690032
94 14.9368 0.0696148
95 14.938 0.0688925
96 14.9284 0.068843
97 14.9308 0.0681746
98 14.918 0.0687007
99 14.9245 0.0683184
