0 5.13056 0
1 5.27205 inf
2 5.29618 0.120467
3 5.35865 0.10628
4 5.31679 0.0914411
5 5.33853 0.0762686
6 5.29107 0.0818047
7 5.31189 0.0733856
8 5.30129 0.0650509
9 5.32956 0.0650532
10 5.33141 0.0585107
11 5.34849 0.0560821
12 5.37773 0.0597682
13 5.38449 0.0555896
14 5.36562 0.0551908
15 5.35992 0.0518311
16 5.34187 0.0520318
17 5.35678 0.0513147
18 5.36897 0.050054
19 5.37899 0.0485149
20 5.36676 0.0477601
21 5.38932 0.0510173
22 5.37881 0.0498665
23 5.38483 0.0480899
24 5.36533 0.0502052
25 5.37656 0.049538
26 5.38936 0.0493881
27 5.38319 0.0479715
28 5.37377 0.0472387
29 5.39156 0.0490688
30 5.38494 0.0479064
31 5.38438 0.046363
32 5.38207 0.0449741
33 5.39224 0.0448165
34 5.38625 0.0439193
35 5.39086 0.042919
36 5.38844 0.0417981
37 5.39373 0.0410194
38 5.40143 0.0406945
39 5.41794 0.0430317
40 5.40544 0.0438211
41 5.41532 0.0439058
42 5.41192 0.042998
43 5.41385 0.0420429
44 5.42336 0.0421974
45 5.42479 0.0412845
46 5.42462 0.040387
47 5.4284 0.0397108
48 5.42395 0.0391421
49 5.42007 0.0385425
50 5.42135 0.0377935
51 5.41876 0.0371443
52 5.41686 0.0364803
53 5.41712 0.0357926
54 5.41999 0.035249
55 5.41744 0.0347035
56 5.42164 0.0343463
57 5.42096 0.0337506
58 5.42212 0.0331892
59 5.42901 0.0333585
60 5.42561 0.0329808
61 5.42198 0.032646
62 5.42927 0.0329502
63 5.42021 0.0336887
64 5.42614 0.0336962
65 5.42337 0.0332951
66 5.42678 0.0329704
67 5.42904 0.0325576
68 5.42874 0.0320801
69 5.4252 0.031816
70 5.41883 0.0320109
71 5.41687 0.0316213
72 5.42101 0.0314587
73 5.42303 0.0310947
74 5.43098 0.0316999
75 5.4287 0.031361
76 5.42874 0.0309483
77 5.43066 0.0306071
78 5.43428 0.0304337
79 5.43858 0.0303575
80 5.44484 0.0306338
81 5.44538 0.0302603
82 5.44065 0.0302671
83 5.44009 0.0299076
84 5.43998 0.0295517
85 5.43504 0.0296244
86 5.43088 0.0295777
87 5.42877 0.0293143
88 5.43473 0.0295943
89 5.43585 0.0292834
90 5.44271 0.029768
91 5.449 0.0301127
92 5.44364 0.0302679
93 5.44371 0.0299424
94 5.44145 0.0297106
95 5.44117 0.0293991
96 5.44566 0.0294405
97 5.44098 0.0295138
98 5.44071 0.0292139
99 5.4385 0.0290043
