0 1.63754 0
1 1.51599 inf
2 1.49054 0.105571
3 1.49035 0.0646492
4 1.47649 0.0498537
5 1.49486 0.0444449
6 1.49173 0.0369633
7 1.49424 0.0316791
8 1.51329 0.0343427
9 1.51035 0.030635
10 1.50295 0.0286227
11 1.50346 0.0260034
12 1.50711 0.0241244
13 1.49258 0.0269099
14 1.48734 0.0255632
15 1.48128 0.0246609
16 1.48737 0.0239534
17 1.49618 0.0242972
18 1.4917 0.0234009
19 1.48665 0.0227651
20 1.48701 0.0216272
21 1.48495 0.020703
22 1.48121 0.020127
23 1.48785 0.0204101
24 1.49355 0.0204084
25 1.48713 0.0206596
26 1.50206 0.0250309
27 1.50666 0.024554
28 1.50869 0.0237657
29 1.50729 0.0229892
30 1.51079 0.0225045
31 1.51092 0.0217782
32 1.50793 0.0213138
33 1.50789 0.0206674
34 1.51968 0.0233563
35 1.51684 0.0228699
36 1.53011 0.0259894
37 1.53423 0.0256287
38 1.53065 0.0252154
39 1.52689 0.0248629
40 1.5247 0.0243418
41 1.52437 0.0237501
42 1.52959 0.0237777
43 1.52843 0.0232543
44 1.52469 0.0230382
45 1.52476 0.0225261
46 1.52299 0.0221089
47 1.52732 0.0220766
48 1.52432 0.0218278
49 1.52983 0.0220962
50 1.529 0.0216706
51 1.53219 0.0214884
52 1.53641 0.0215026
53 1.53687 0.0211018
54 1.53798 0.0207415
55 1.53809 0.0203645
56 1.53592 0.0201204
57 1.5336 0.0199048
58 1.53247 0.0195946
59 1.53201 0.019268
60 1.52971 0.0190878
61 1.5253 0.0192961
62 1.52414 0.0190205
63 1.52387 0.0187206
64 1.52439 0.0184356
65 1.5233 0.0181853
66 1.52182 0.0179718
67 1.52219 0.0177075
68 1.51954 0.0176513
69 1.51872 0.0174146
70 1.51865 0.017166
71 1.51756 0.0169595
72 1.51658 0.0167535
73 1.51748 0.016549
74 1.51566 0.0164275
75 1.51679 0.0162481
76 1.51642 0.0160387
77 1.514 0.0160169
78 1.51375 0.0158135
79 1.51583 0.0157534
80 1.5127 0.0158731
81 1.51554 0.0159366
82 1.51616 0.0157546
83 1.51732 0.0156085
84 1.51425 0.0157301
85 1.51429 0.0155451
86 1.51409 0.0153655
87 1.51337 0.0152062
88 1.51323 0.0150341
89 1.51274 0.0148734
90 1.51204 0.0147248
91 1.51267 0.0145766
92 1.51355 0.0144455
93 1.51164 0.0144185
94 1.51133 0.0142686
95 1.51218 0.014144
96 1.51351 0.0140611
97 1.51254 0.0139503
98 1.51253 0.013808
99 1.51345 0.0137
