0 1.41532 0
1 1.41597 inf
2 1.47868 0.0886762
3 1.48516 0.0548802
4 1.52106 0.0576592
5 1.51496 0.0460897
6 1.51983 0.0385363
7 1.51299 0.0337254
8 1.49946 0.0328022
9 1.48331 0.0337729
10 1.46312 0.0370791
11 1.4769 0.0366492
12 1.48547 0.0347462
13 1.47338 0.0344395
14 1.46366 0.0335197
15 1.46482 0.0312977
16 1.46321 0.0293804
17 1.46291 0.0276478
18 1.4703 0.0271927
19 1.46329 0.026744
20 1.45687 0.0262441
21 1.45639 0.0249964
22 1.46533 0.0255519
23 1.45893 0.0253
24 1.47114 0.0272639
25 1.47443 0.0263871
26 1.47556 0.0253965
27 1.48169 0.0252415
28 1.48539 0.0246283
29 1.48444 0.0237976
30 1.48179 0.0231617
31 1.48577 0.0227761
32 1.49107 0.0227113
33 1.4855 0.0227353
34 1.49119 0.0228086
35 1.48855 0.0223175
36 1.48655 0.0217919
37 1.48896 0.0213434
38 1.48852 0.0207862
39 1.4892 0.0202644
40 1.48918 0.0197575
41 1.4891 0.0192755
42 1.49114 0.0189286
43 1.48833 0.0187048
44 1.49218 0.0186887
45 1.4923 0.0182736
46 1.49695 0.0184827
47 1.4933 0.0184615
48 1.49813 0.0187251
49 1.49983 0.0184231
50 1.50092 0.018088
51 1.50034 0.0177428
52 1.49572 0.0180172
53 1.4934 0.0178323
54 1.49606 0.0177073
55 1.49496 0.0174203
56 1.49857 0.0174921
57 1.49974 0.0172257
58 1.49749 0.0170812
59 1.49676 0.0168077
60 1.49594 0.016548
61 1.49766 0.0163689
62 1.49879 0.0161449
63 1.49725 0.0159636
64 1.4991 0.0158234
65 1.49678 0.0157531
66 1.49419 0.0157337
67 1.49361 0.0155096
68 1.4916 0.015416
69 1.49434 0.0154415
70 1.49326 0.0152591
71 1.49264 0.0150573
72 1.49249 0.0148489
73 1.49153 0.0146771
74 1.49352 0.0146166
75 1.49392 0.0144271
76 1.4947 0.014259
77 1.49617 0.0141516
78 1.49703 0.0139969
79 1.49452 0.01405
80 1.49279 0.0139827
81 1.49197 0.0138345
82 1.49243 0.0136733
83 1.49056 0.0136389
84 1.49443 0.0140274
85 1.49521 0.0138846
86 1.49339 0.0138444
87 1.49586 0.0139101
88 1.49735 0.0138324
89 1.49724 0.0136774
90 1.49581 0.0136018
91 1.49672 0.0134835
92 1.49659 0.0133376
93 1.49625 0.0131987
94 1.49544 0.0130836
95 1.49535 0.0129462
96 1.49743 0.0129811
97 1.49569 0.0129658
98 1.49459 0.012881
99 1.49669 0.0129241
