0
0
0
0
0
0.568392
0.568392
0.568392
0.188693
0.188693
0.455112
0.455112
1.48135
1.34506
0.875113
1.11204
0.731955
0.731955
0.731955
0.731955
1.44172
1.44172
1.44172
2.095
2.095
2.095
2.095
1.15984
1.91769
1.91769
1.31393
1.31393
0.552428
0.552428
0.552428
0.552428
1.05783
1.05783
1.20935
1.20935
0.254418
0.254418
0.254418
0.254418
0.254418
0.254418
0.254418
0.254418
0.254418
1.37278
1.37278
0.775416
0.775416
0.775416
0.775416
0.775416
0.775416
0.775416
0.775416
0.775416
0.775416
0.775416
1.56284
1.98612
1.98612
1.98612
1.53157
1.9708
1.21212
1.21212
1.26891
1.17386
2.10363
2.10363
2.88004
2.88004
2.88004
2.88004
2.6872
2.6872
3.10977
2.93293
1.95699
1.52906
1.52906
1.52906
1.28444
1.54413
1.54413
1.63915
1.68761
2.13762
2.13762
2.13762
1.53825
1.07425
1.24106
1.24106
1.13348
1.42405
0.81503
0.81503
0.552776
0.552776
0.552776
0.552776
0.552776
0.552776
0.552776
2.00025
0.820557
1.34488
0.812613
1.37566
1.37566
1.37566
1.37566
1.28829
0.80046
1.3882
1.3882
1.3882
1.32883
1.32883
2.05283
2.017
2.017
3.00294
2.71413
2.76404
2.07876
1.33343
1.33343
1.33343
1.71856
1.43335
1.43335
1.43335
1.43415
1.43415
1.43415
1.43415
1.24455
1.46397
1.87065
1.87065
1.47271
1.47697
1.47697
1.06137
1.87313
1.87313
1.7212
1.7212
1.29011
1.29011
1.29011
1.29011
1.36782
1.36782
0.967224
0.774937
0.920752
1.2123
1.02282
0.205932
0.205932
0.896704
1.12418
1.05536
1.05536
1.05536
1.05536
1.05536
1.05536
1.05536
0.558836
1.44876
1.44876
1.44876
2.02819
3.08227
3.08227
3.55513
2.47187
2.47187
2.47187
2.39256
2.39256
3.08532
3.08532
3.08532
2.86068
3.27312
4.05632
4.23273
4.26819
3.99335
3.7649
3.50789
3.50789
3.50789
3.50789
3.50789
3.50789
3.16328
3.16328
3.16328
3.16328
2.15393
2.15166
2.313
2.22407
2.22407
2.54003
2.54003
2.54003
2.39366
1.59851
1.77924
1.67771
1.86917
1.86917
1.86917
3.08702
2.19671
1.95822
1.95822
2.17364
1.23303
1.23303
0.984178
0.984178
0.331766
0.331766
0.331766
0.331766
0.331766
0.668915
0.668915
0.668915
0.668915
0.730286
0.730286
0.730286
0.730286
0.730286
1.51738
0.581556
0.581556
0.581556
0.581556
0.593107
0.593107
1.24685
1.24685
1.24685
1.31243
1.31243
1.31243
1.08098
1.11427
1.11981
1.11981
1.11981
0.938488
0.796951
0.796951
0.796951
0.796951
0.796951
0.796951
1.40876
0.846008
1.52117
1.52117
1.52117
1.52117
2.26666
2.71368
3.05853
3.05853
3.05853
2.63677
2.14609
2.8756
2.81218
2.81218
2.91784
2.82192
2.82192
2.82192
2.82192
2.82192
2.96711
2.68964
2.77172
2.16873
2.59965
2.59965
2.59965
1.64827
1.64827
0.735768
0.735768
1.36932
1.36932
1.36932
1.36932
1.78368
1.78368
1.78368
2.41878
2.41878
2.11892
1.38583
1.38583
1.27955
2.34865
1.54467
1.54467
1.54467
1.54467
1.54467
1.59622
1.59622
1.64711
1.64711
1.80374
1.80374
2.54869
1.40813
1.40813
1.40813
1.03127
1.03127
1.57949
1.68567
1.70808
1.60254
2.2855
2.2855
3.23303
3.23303
3.47422
3.47422
2.91979
2.91979
2.83848
3.1815
3.1815
3.1815
3.83139
4.62915
4.62915
3.7271
3.1947
2.66378
2.27527
2.27527
1.99509
1.99509
1.99509
2.53605
2.53605
2.53605
2.48516
2.48516
2.08299
2.08299
2.33469
3.42539
3.23395
3.23395
2.92537
2.09736
2.09264
1.91679
2.24036
2.24036
2.24036
2.16426
2.16426
2.16426
2.18483
2.23762
2.04917
2.01814
0.704714
0.704714
0.704714
0.704714
0.704714
1.81443
1.81443
1.81443
1.81443
1.81443
1.81443
1.66957
1.34689
1.34689
1.34689
0.727019
0.764764
1.0185
1.11181
0.589124
0.683718
0.683718
1.25192
1.25192
1.25192
0.530622
0.530622
0.530622
0.98868
0.636159
0.636159
0.636159
0.636159
1.42733
1.54911
2.72439
2.72439
3.12922
3.12922
3.12922
3.12922
2.06465
2.70576
2.70576
2.82292
1.80683
0.99058
0.99058
0.539245
0.539245
0.539245
0.544665
0.544665
0.544665
0.544665
0.544665
0.544665
0.544665
0.794419
0.768254
0.44981
0.44981
0.541609
0.541609
0.541609
0.541609
0.541609
1.31939
0.876935
0.876935
0.397146
0.397146
0.397146
0.397146
0.397146
0.397146
0.397146
0.397146
0.397146
0.397146
0.397146
0.397146
0.720138
1.36051
1.36051
1.36051
1.36051
1.30534
1.46378
1.46378
0.147971
0.147971
0.147971
0.147971
0.147971
0.147971
0.147971
0.147971
0.147971
0.147971
0.147971
0.147971
0.147971
0.147971
0.147971
0.147971
0.147971
0.147971
0.147971
0.690562
0.690562
0.744078
0.744078
0.744078
0.744078
0.744078
0.744078
0.744078
0.744078
0.744078
0.595913
0.595913
0.595913
0.595913
1.09344
1.09344
1.09344
1.09344
1.07175
1.07175
1.07175
1.07175
1.07175
1.07175
0.974116
0.974116
0.974116
0.857429
0.857429
0.857429
1.47707
1.97949
0.630358
0.681115
1.58856
2.15607
2.74325
2.74325
3.07257
3.17557
3.17557
2.85345
3.65568
3.65568
3.08448
3.08448
2.42945
2.42945
2.42945
1.85553
1.58061
1.34647
0.752418
1.29477
0.917866
1.07547
1.07547
1.07547
1.07547
1.14833
1.14833
1.14833
0.924963
0.924963
0.427567
0.427567
0.685596
0.685596
0.685596
0.685596
0.685596
0.300704
0.300704
0.932606
0.591941
0.591941
0.591941
0.792362
0.661777
0.661777
0.661777
0.730913
0.730913
0.730913
1.26665
1.26665
0.590391
0.590391
1.47661
1.26635
1.26635
2.20856
1.51633
1.66342
1.66342
1.66342
1.66342
1.58951
1.58951
2.14873
1.89334
1.89334
1.878
1.58711
1.58711
0.967965
0.882524
2.02928
2.02928
1.33668
1.33668
1.37596
1.37596
1.5604
1.3556
1.04328
1.04328
1.04328
1.04328
1.04328
1.0958
1.0958
1.0958
0.712199
1.38547
0.775547
0.775547
0.775547
1.05641
1.39532
1.10535
1.3846
1.35005
0.791413
0.791413
1.34372
1.52174
1.52174
1.9993
1.9993
1.9993
1.35554
2.19458
2.19458
1.90936
1.90936
2.38293
2.80552
3.3663
3.3663
3.58262
3.58262
2.18312
1.28491
1.28491
1.20737
1.60587
2.77768
3.72566
3.72566
2.67415
2.4649
1.57105
1.57105
1.54437
0.77768
1.01456
1.19256
1.19256
1.19256
1.19256
1.28712
1.28712
0.306339
0.817947
0.817947
0.817947
0.817947
0.817947
0.702266
0.875065
0.875065
2.16818
0.900888
0.900888
0.497941
0.337015
0.337015
0.337015
0.337015
0.337015
0.925629
1.33778
1.33778
1.33778
1.74861
0.661772
0.64054
0.64054
0.64054
0.64054
0.64054
0.500496
0.500496
0.500496
0.264275
0.264275
0.264275
0.599992
0.325583
0.325583
0.895187
0.895187
0.895187
0.895187
1.48677
1.87962
1.87962
1.87962
1.36777
1.36777
1.36777
1.36777
1.2338
1.2338
1.2338
1.2338
1.16087
1.16087
1.4159
1.23393
1.23393
0.643589
0.643589
0.643589
1.24867
1.24867
0.762921
0.762921
0.762921
0.747195
0.753955
0.753955
0.753955
0.753955
0.753955
0.753955
1.22844
1.22844
1.22844
0.781628
1.10863
1.5189
2.08508
2.08508
1.46417
2.10665
2.92629
2.92629
2.73407
2.87247
3.3295
3.3295
2.94952
2.94952
2.94952
2.67208
2.67208
2.57715
2.35305
2.35305
1.63292
0.954948
0.954948
0.954948
0.954948
0.954948
0.954948
0.954948
0.954948
1.5365
1.5365
1.5365
1.5365
1.5365
0.529501
0.892245
0.892245
0.72289
1.7934
1.89054
1.73944
1.73944
1.73944
0.924925
0.924925
0.924925
0.924925
0.790384
0.790384
0.790384
0.790384
0.790384
0.790384
2.36131
2.36131
2.36131
2.36131
2.85651
2.91582
2.91582
2.56042
2.14398
2.64302
3.17718
2.80216
2.80216
2.80216
2.80216
2.31247
2.31247
2.36429
2.36429
1.61251
1.61251
1.9608
1.9608
1.84014
0.977462
0.977462
0.977462
0.977462
1.03044
1.03044
1.94391
1.13601
1.13601
1.02682
1.02682
0.21985
0.21985
0.789538
0.789538
0.798359
0.798359
1.11521
0.997937
0.832969
1.0674
1.0674
1.0674
1.31332
1.83995
1.83995
1.16106
1.39044
1.39044
0.551051
0.551051
0.551051
0.635548
0.635548
0.635548
0.635548
0.635548
0.635548
1.05923
1.05923
1.05923
0.378782
0.378782
1.35297
1.35297
1.35297
0.802435
1.24262
1.24262
1.24262
1.24262
1.93455
1.93455
1.93455
1.93455
1.84122
1.44684
1.88873
1.74593
1.87411
2.46061
2.46061
1.07485
0.918504
0.918504
0.918504
0.918504
0.918504
1.19204
0.948078
0.553021
0.553021
0.553021
0.553021
0.712003
0.712003
0.712003
0.712003
0.712003
0.712003
0.712003
1.7242
1.7242
1.32353
1.32353
1.78915
1.86374
1.28476
1.28476
1.28476
1.28476
1.28476
1.28476
0.87097
0.87097
0.87097
0.87097
0.87097
0.87097
0.87097
1.07447
1.39891
1.39891
0.913402
1.06793
1.06793
1.26868
1.26868
0.731262
0.731262
0.731262
0.819746
0.819746
1.359
1.02382
1.02382
1.79244
0.530692
0.530692
0.86003
0.86003
0.86003
0.86003
0.86003
0.945632
0.487811
0.487811
0.487811
0.479104
0.638887
1.37575
1.37575
0.840817
0.840817
0.480082
0.598674
0.598674
0.824152
0.824152
0.824152
0.319692
0.319692
0.319692
0.319692
0.319692
1.57724
1.57724
1.57724
1.57724
0.493243
0.292102
0.292102
0.292102
1.23304
1.23304
1.23304
1.23304
1.15838
1.3161
1.35336
1.03991
1.84631
0.752415
0.752415
0.752415
0.752415
0.752415
0.752415
0.752415
0.752415
0.752415
0.752415
1.60236
1.38343
