0
0
1.46961
1.29236
1.29236
1.29236
1.29236
1.29236
2.00405
2.00405
2.27161
2.0682
2.0682
2.0682
2.0682
1.90399
1.90399
1.90399
1.90399
1.70042
1.70042
1.70042
1.70042
1.70042
0.835661
0.835661
0.835661
0.92391
1.05925
1.05925
1.05925
0.74498
0.74498
0.566236
0.568145
0.942519
1.34057
1.65248
1.60483
1.60483
0.82992
0.82992
0.197028
0.197028
0.197028
0.675231
0.675231
0.675231
0.675231
0.675231
0.675231
0.675231
0.675231
0.675231
0.57275
0.57275
0.57275
0.57275
0.57275
0.57275
0.57275
0.57275
0.57275
0.57275
0.57275
0.416767
0.416767
0.416767
0.416767
0.416767
0.416767
0.416767
0.706475
0.706475
0.635671
0.635671
0.635671
0.716349
0.716349
0.716349
0.716349
0.986317
1.12352
1.70309
1.70309
1.70309
1.70309
1.70309
1.95873
1.53906
1.15231
1.68408
2.10946
1.78194
1.22957
1.22957
1.22957
1.08296
0.97786
0.826799
0.826799
0.857365
0.722751
0.722751
0.618676
0.618676
0.618676
0.618676
0.618676
0.618676
0.834112
0.834112
0.834112
0.834112
0.834112
0.834112
0.834112
0.834112
1.02801
1.48952
1.48952
1.64716
1.64716
1.75646
1.36487
1.36487
1.36487
1.41203
1.41203
1.26936
1.74766
1.74766
1.83635
1.36264
1.36264
1.36264
1.36264
1.36264
1.38115
1.15198
1.15198
0.991581
2.5936
2.1186
1.14754
1.14754
1.14754
2.22074
2.37513
2.37513
1.86431
2.11267
2.33761
1.82318
2.0631
1.29434
1.29434
1.29434
1.29434
1.29434
0.910844
1.0132
0.945914
1.09742
0.848181
0.848181
0.406515
0.406515
1.03881
0.907398
0.97839
0.97839
0.97839
0.97839
0.97839
0.97839
0.97839
1.36298
1.2603
1.2603
1.31582
1.86352
1.86352
1.86352
1.86352
2.27517
2.11093
2.11093
0.924417
0.924417
0.924417
0.924417
2.3053
2.3053
1.34553
1.28799
1.33026
1.33026
1.33026
1.6592
1.01021
1.01021
1.01021
1.01021
0.432929
0.432929
0.432929
0.432929
0.432929
0.432929
1.61482
1.30599
1.30599
1.30599
1.49871
1.37586
1.37586
2.21546
1.89895
1.89895
1.89895
1.89895
1.89895
1.7541
1.38805
1.38805
1.38805
1.38805
1.38805
1.38805
1.38805
1.35201
1.35201
1.35201
0.642949
0.642949
0.534762
0.496576
0.496576
0.496576
0.496576
0.496576
0.603511
0.603511
0.603511
0.603511
0.603511
0.603511
0.970058
0.896764
0.896764
0.896764
1.32851
1.32851
1.55337
0.95622
0.95622
0.95622
0.95622
0.95622
0.95622
0.95622
0.95622
0.95622
0.95622
1.13683
0.845108
0.772777
1.06947
0.854167
0.854167
0.854167
0.854167
1.09254
1.09254
1.09254
1.62618
0.921185
0.921185
1.21931
0.430779
0.430779
0.430779
0.430779
0.430779
0.754204
1.05733
1.25625
1.25625
1.25625
1.25625
1.30529
1.30529
2.69041
2.0679
2.15189
2.46999
2.01801
2.22945
2.09108
2.0684
2.0684
2.63128
2.60238
2.60238
2.66739
3.29369
3.85444
3.79698
3.79698
3.79698
3.50382
3.04154
3.15625
2.47223
2.61714
3.41877
3.59068
1.93476
1.84503
1.44512
1.63806
1.1371
1.41016
1.41016
1.41016
1.5348
2.67545
2.67545
2.13669
2.04386
2.04386
2.04386
2.04386
1.18314
1.18314
1.23043
1.36297
0.620534
0.514129
0.514129
0.514129
0.764458
0.764458
1.46357
1.46357
1.80262
2.28992
2.24537
2.23564
2.23564
1.84787
1.84787
1.74664
1.74664
1.74664
1.74664
1.8183
1.18746
1.17843
1.17843
1.17843
1.2067
1.2067
1.33983
1.33983
1.60777
1.87259
2.51919
2.28723
1.46177
1.46177
2.16499
2.19702
2.19702
2.79621
1.93908
1.38049
0.689121
0.689121
0.689121
0.689121
0.689121
0.689121
0.689121
0.805621
0.557718
0.557718
0.656867
0.397568
0.397568
0.397568
0.397568
1.30006
1.30006
1.30006
1.30006
1.30006
1.30006
1.30006
1.23248
1.23248
1.23248
1.23248
1.23248
0.922553
0.922553
1.09557
0.89415
0.89415
2.35218
3.80981
3.80981
3.80981
3.80981
3.6219
3.6219
3.6219
2.93099
2.65792
2.12816
2.12816
2.56945
2.08854
2.31889
2.31889
3.0982
2.66143
2.70999
2.70999
2.3457
2.55888
2.55888
2.55888
2.69016
2.67759
2.67759
2.67759
3.52158
3.52158
3.52158
3.93948
3.87266
2.89295
2.89295
2.89295
2.89295
4.04816
4.70123
3.90214
3.90214
3.12192
3.12192
3.50366
2.93172
2.60649
3.07057
3.07057
2.39961
2.85234
2.85234
2.85234
2.85234
3.64784
3.43574
3.18137
3.18137
3.18137
2.1395
1.58105
1.58105
1.58105
0.927492
0.927492
1.60035
1.55721
1.55721
1.7962
1.7962
1.7962
2.73403
3.64408
3.42005
3.88488
3.94851
3.70978
3.64108
2.27458
2.27458
2.39152
2.39152
1.75564
1.19238
2.25035
2.25035
2.25035
2.25035
2.25035
1.95241
1.86285
2.17401
2.07624
2.07624
2.07624
2.07624
2.07624
2.07624
2.07624
2.50722
2.26602
2.26602
2.26602
1.95343
1.95343
2.51851
2.23275
2.32344
2.32344
3.29646
3.01899
2.09691
1.1789
1.56867
1.56867
1.90017
1.92683
1.92683
1.92683
1.55426
1.01566
1.01566
1.01566
2.59709
2.19602
1.92361
1.92361
2.52978
2.85265
2.21063
2.21063
2.21063
2.21063
2.21063
1.97329
1.97329
1.97329
1.60363
1.51296
1.51296
0.927095
1.64093
1.64093
1.64318
2.15679
2.15679
2.15679
2.3617
1.54998
1.59519
1.59519
1.59519
1.37528
0.915479
0.915479
1.11097
0.832162
0.832162
0.832162
0.832162
1.14416
1.14416
1.14416
0.487108
0.487108
0.487108
0.487108
0.487108
1.0432
0.642366
0.642366
0.642366
0.642366
0.642366
1.39058
1.39058
1.39058
1.6123
1.73788
1.60504
0.909833
0.636857
0.926721
2.03593
0.303757
0.303757
0.303757
0.303757
0.303757
0.303757
0.303757
1.461
1.461
1.461
1.93698
1.93698
1.78068
1.78068
1.15405
1.60448
1.60448
1.60448
1.60448
1.46002
1.20837
1.20837
0.630893
1.17019
1.17019
1.17019
1.17019
0.432754
0.432754
0.432754
0.432754
2.41816
1.42445
1.42445
1.42445
1.42445
1.33514
1.33514
1.6806
1.84211
1.84909
1.62613
1.19467
1.19467
1.01577
0.780176
0.780176
0.780176
0.780176
0.780176
1.17114
0.843831
1.18473
1.26396
1.26396
1.26396
1.85803
2.07996
2.45326
2.45326
2.53501
2.53501
0.373238
0.611194
0.601392
1.94544
1.81047
2.4128
2.31027
2.1885
2.1885
2.1885
2.1885
1.96918
1.96918
1.96918
1.85312
1.85312
1.85312
2.16043
2.16043
2.16043
1.85965
1.40236
1.40236
1.30687
1.30687
1.30687
1.30687
0.45844
1.80561
2.03143
2.01725
2.35997
0.671128
0.671128
0.671128
1.105
1.105
1.09575
0.744738
0.709722
0.709722
0.905944
1.44897
1.44897
1.44897
1.44897
1.9466
1.9466
2.556
2.89583
2.89583
2.89583
2.89583
2.89583
2.80427
2.80427
2.80427
2.83118
2.83118
2.83118
2.83118
2.39852
2.39852
2.45682
2.45682
3.1583
3.1583
2.15241
2.15241
2.48225
2.48225
3.03265
3.09013
2.04934
2.27326
1.34199
1.34199
1.01075
1.01075
1.01075
1.01075
1.01075
1.70062
1.80458
1.2335
1.2335
1.2335
1.09664
1.37677
1.61108
0.858193
0.475928
0.475928
0.475928
0.475928
0.475928
0.48173
0.48173
0.48173
0.48173
0.48173
0.48173
0.48173
0.48173
0.48173
0.48173
0.48173
0.48173
0.6467
1.46685
1.83177
1.47519
1.33145
1.33145
1.33145
1.33145
1.41113
1.41113
1.92289
2.35656
2.35656
2.35656
2.35656
2.35656
2.18111
2.18111
1.45491
1.45491
1.68933
1.68933
1.54278
2.03836
1.94145
0.97612
0.97612
2.03848
2.79273
2.2666
1.2716
1.54115
1.30876
1.17104
1.28791
1.28791
1.28791
1.28791
1.28791
1.28791
1.28791
1.28791
1.28791
1.28791
1.28791
0.889445
0.685573
0.7323
1.29811
2.14913
1.22147
1.22147
1.22147
1.08018
1.08018
1.08018
1.08018
0.95358
0.95358
0.95358
0.95358
0.508495
0.508495
1.42033
1.42033
1.165
0.622218
0.622218
0.622218
0.622218
1.21126
1.21126
1.19411
1.19411
0.967101
1.67834
1.67834
1.67834
1.59967
1.59967
2.0796
1.15315
1.15315
1.15315
0.982487
0.982487
0.982487
0.982487
0.982487
1.21279
1.21279
1.21279
1.79985
0.630019
0.630019
1.09248
1.09248
1.09248
1.80092
1.80092
2.53318
2.53318
2.53318
2.53318
2.68218
2.30034
1.31702
1.31702
1.31702
0.675254
0.943309
1.46719
1.46719
1.46719
0.818212
0.818212
0.818212
0.676549
0.676549
0.676549
1.01244
1.01244
0.584377
0.456685
0.878982
0.878982
0.878982
0.772506
0.772506
1.15497
1.15497
1.15497
1.15497
1.65479
1.05334
1.64211
1.65006
0.88558
0.88558
0.88558
0.88558
1.71853
1.66708
0.755906
0.651604
1.03017
1.03017
1.03667
1.03667
1.00477
0.989131
0.989131
0.989131
0.693484
0.738925
0.738925
0.738925
0.738925
0.738925
1.49105
1.39176
0.694515
0.694515
0.694515
0.638407
0.792362
0.856567
0.856567
0.792157
0.792157
0.792157
0.792157
0.792157
0.792157
1.29745
1.61689
1.68858
1.68858
1.6083
1.6083
0.862777
0.862777
1.68001
1.75414
1.75414
1.75414
1.75414
1.75414
1.75414
1.75414
1.75414
1.67986
1.67986
1.67986
2.02094
1.54413
0.922258
0.608238
0.608238
1.45829
1.17381
0.722821
0.722821
1.13136
1.19282
1.19282
1.19282
0.833005
0.833005
0.833005
0.833005
0.833005
0.833005
0.833005
0.833005
1.13707
1.13009
1.07778
1.07778
1.07778
1.6524
1.35672
1.10455
1.05329
1.05329
1.05329
1.05329
1.05329
0.758823
0.758823
0.758823
0.758823
0.758823
0.758823
0.758823
1.2206
0.598815
