0 4.94009 0
1 5.04931 inf
2 5.00391 0.109876
3 5.01984 0.0700549
4 5.07758 0.0840365
5 5.06208 0.0686597
6 5.07543 0.0587064
7 5.04035 0.062834
8 4.99293 0.0746869
9 4.94727 0.0820865
10 4.95215 0.0739695
11 4.95521 0.0672627
12 4.96426 0.0623374
13 4.93731 0.0639926
14 4.92148 0.0616266
15 4.88745 0.0674315
16 4.89759 0.0640622
17 4.91303 0.0623476
18 4.93365 0.0625771
19 4.90082 0.0681963
20 4.89982 0.064786
21 4.91656 0.0640341
22 4.92765 0.0621631
23 4.92193 0.0597424
24 4.92184 0.0572488
25 4.94 0.0579991
26 4.94986 0.0566628
27 4.97064 0.0585289
28 4.96656 0.0565885
29 4.96068 0.0549616
30 4.9488 0.0544856
31 4.95431 0.0530236
32 4.95067 0.0514984
33 4.93981 0.0511389
34 4.95467 0.0518741
35 4.95055 0.0505634
36 4.94798 0.0492272
37 4.94477 0.0480062
38 4.94321 0.0467684
39 4.9369 0.0460154
40 4.93225 0.0451104
41 4.93398 0.0440444
42 4.93236 0.0430267
43 4.93076 0.0420567
44 4.93951 0.0420427
45 4.94972 0.0423865
46 4.94227 0.0421449
47 4.94258 0.041249
48 4.95956 0.0438851
49 4.96203 0.0430613
50 4.96049 0.0422286
51 4.95442 0.0418508
52 4.93714 0.0446002
53 4.93392 0.0438791
54 4.93728 0.0431995
55 4.93888 0.0424447
56 4.94176 0.0417877
57 4.94291 0.0410706
58 4.93756 0.0407209
59 4.93195 0.0404293
60 4.93449 0.0398383
61 4.94053 0.0396543
62 4.94463 0.0392329
63 4.94356 0.0386249
64 4.94385 0.0380223
65 4.94727 0.0375961
66 4.94152 0.0374768
67 4.94458 0.0370458
68 4.94241 0.0365663
69 4.94628 0.0362463
70 4.94862 0.0358061
71 4.94263 0.0358145
72 4.94785 0.0357057
73 4.9486 0.0352247
74 4.94477 0.0349614
75 4.94472 0.0344952
76 4.9459 0.0340622
77 4.9465 0.0336252
78 4.94659 0.0331941
79 4.94246 0.0330359
80 4.94086 0.0326629
81 4.94383 0.0323973
82 4.93974 0.0322651
83 4.93671 0.0320216
84 4.94569 0.0329044
85 4.94979 0.0327773
86 4.94596 0.0326234
87 4.95363 0.0331566
88 4.96202 0.0338499
89 4.96265 0.0334755
90 4.95985 0.0332235
91 4.96447 0.0331863
92 4.96178 0.0329372
93 4.96443 0.032692
94 4.96523 0.0323541
95 4.95911 0.0325989
96 4.95994 0.0322701
97 4.95329 0.0326306
98 4.9546 0.0323244
99 4.95424 0.0319998
