5
5.50604
5.50604
5.50604
4.58869
5.72504
5.72504
5.72504
4.64322
4.64322
4.9218
4.9218
5.51765
3.63189
5.00804
5.00804
2.8505
5.47263
5.47263
5.47263
6.00673
6.50761
6.98725
6.04218
6.04218
6.04218
3.4555
2.30617
4.5016
4.5016
3.80071
3.97939
4.80466
4.80466
4.80466
4.80466
6.42277
6.42277
6.00393
6.00393
4.2566
3.35911
3.35911
3.35911
3.35911
3.35911
3.35911
3.35911
2.73717
1.08404
1.08404
1.08404
1.08404
2.63055
2.63055
2.63055
2.63055
2.63055
2.63055
2.63055
2.63055
2.63055
2.63055
4.42968
4.42968
4.42968
3.63635
5.85374
6.40307
6.40307
6.40307
5.94171
6.16337
6.16337
9.04965
9.04965
9.04965
9.04965
8.04555
8.04555
8.04555
8.04555
5.28643
2.78165
2.78165
2.78165
1.35704
3.2125
3.2125
3.2125
3.82765
3.82765
5.39685
5.39685
3.07046
3.35466
2.9867
2.9867
2.9867
4.41515
2.78505
2.78505
2.23665
2.23665
2.23665
2.23665
2.23665
2.23665
2.23665
5.16074
3.7493
5.31562
3.70157
4.14698
4.14698
4.14698
4.14698
1.85768
1.85768
1.85768
2.14177
2.10342
0.974457
0.974457
3.28831
2.49668
2.49668
5.65382
4.41055
4.46248
2.81883
2.81883
2.81883
4.04466
4.80133
3.34914
3.34914
3.26705
3.04636
3.04636
3.04636
3.04636
4.3074
4.3074
4.3074
4.3074
2.85015
2.85015
2.85015
3.13387
5.70287
5.60398
5.30081
5.30081
4.25041
6.07845
6.07845
6.07845
6.25963
6.25963
4.28226
2.59924
1.57507
3.13796
3.13796
4.32925
4.23103
3.94207
3.94207
4.03187
4.03187
4.18592
4.18592
4.87824
4.87824
4.87824
3.93195
1.46924
1.46924
1.46924
1.46924
4.49151
4.49151
3.59767
3.59767
3.59767
4.47563
4.47563
4.47563
6.39342
6.39342
6.39342
4.94441
6.54488
8.21148
9.15044
9.21892
8.41831
8.05364
7.12836
7.12836
7.12836
7.12836
7.12836
7.12836
6.1615
8.13842
8.13842
8.13842
6.00335
5.21771
5.12137
3.57133
3.57133
3.57133
3.57133
3.57133
3.11086
2.92458
2.92458
2.92458
2.54392
2.54392
2.54392
3.60973
3.12442
3.12442
3.12442
6.26925
5.08395
4.41409
2.60359
2.81938
4.85543
4.85543
5.72342
5.72342
5.72342
3.9083
3.9083
3.9083
3.9083
3.9083
2.40373
2.40373
2.40373
2.40373
3.68699
3.68699
2.26944
2.26944
2.26944
2.26944
2.26944
4.93409
5.05534
5.05534
5.05534
5.05534
5.43499
2.29848
6.08301
6.04512
6.04512
6.04512
5.40937
2.04359
0.445276
0.445276
4.2809
4.2809
4.2809
4.2809
3.29274
3.64418
3.64418
3.64418
3.64418
6.76147
6.76496
8.18722
8.18722
8.18722
7.75513
7.1965
8.0454
7.86579
7.86579
8.49562
7.00437
7.00437
7.00437
7.00437
7.00437
7.00437
6.13683
5.22221
6.35896
6.18616
6.18616
6.18616
5.47399
5.47399
5.3295
4.75224
6.92276
6.92276
6.92276
6.92276
6.8102
6.8102
6.8102
6.66524
6.66524
5.80115
4.5457
4.5457
4.5457
6.89627
5.74926
5.74926
5.74926
5.74926
5.74926
4.43652
4.43652
1.92751
3.44873
3.44873
3.44873
3.44873
3.44873
3.44873
3.44873
3.57429
3.57429
4.95998
6.32411
7.26695
6.202
7.61525
7.61525
9.56567
9.56567
10.5373
10.5373
10.4264
10.4264
9.69476
11.0757
11.0757
11.0757
13.1974
15.0648
14.9841
12.9221
11.855
10.7842
9.74457
9.88089
9.0152
9.0152
9.0152
8.59319
8.59319
8.59319
9.30186
9.30186
6.58756
6.58756
5.75627
8.50818
8.50818
8.50818
7.72836
6.39746
6.47921
5.99006
5.99006
5.99006
5.99006
5.53199
6.18079
6.18079
5.51541
6.37974
6.22973
5.9888
2.57471
2.57471
2.57471
2.57471
2.57471
5.61517
5.61517
5.61517
5.61517
5.61517
5.61517
4.73244
4.73244
4.73244
4.73244
2.79019
3.84186
1.59282
1.59282
2.93843
2.93843
2.93843
2.93843
2.93843
2.93843
2.93843
2.93843
2.93843
4.53654
4.54423
4.54423
4.54423
4.54423
6.48491
4.36369
7.14728
7.14728
8.09562
8.09562
8.09562
8.09562
4.4359
5.29002
5.29002
5.29002
3.59329
2.59121
2.59121
2.59121
2.59121
2.59121
3.90532
3.90532
3.90532
3.90532
3.90532
3.90532
3.90532
2.54886
2.97012
2.79429
2.79429
1.85211
1.50129
1.50129
2.24758
2.24758
3.56218
2.43527
2.43527
2.43527
2.43527
1.66745
1.66745
1.66745
1.66745
2.4451
2.4451
2.4451
2.4451
4.8961
3.94194
5.47893
7.33793
7.33793
8.30211
8.30211
8.30211
8.31452
8.31452
5.32455
4.88319
4.88319
4.88319
5.56077
5.56077
3.58658
4.21639
4.45472
4.45472
3.25866
4.66528
6.32217
6.32217
5.15852
4.08884
4.08884
4.08884
4.08884
3.25525
3.25525
3.947
3.947
3.947
3.947
3.947
3.947
3.947
4.44342
4.44342
5.36926
5.36926
5.36926
5.36926
3.47401
3.47401
3.47401
3.47401
3.47401
3.47401
3.47401
3.47401
3.47401
3.47401
3.59783
3.59783
3.59783
4.65735
4.65735
4.65735
6.35607
7.9264
5.6517
5.76911
5.99067
7.97834
8.92926
8.92926
8.92926
8.43693
8.43693
8.43693
7.59925
7.59925
8.81098
8.81098
5.74551
5.74551
4.65694
3.11566
3.24726
3.80695
3.80695
5.51798
6.07129
5.66487
5.66487
5.66487
1.81815
2.29895
2.29895
3.60117
3.60117
3.60117
4.30026
3.17941
4.22672
5.0455
5.0455
5.0455
6.54987
5.06248
5.06248
7.5719
6.12997
4.1748
4.1748
3.42109
3.55114
3.55114
3.55114
3.09836
3.09836
3.09836
0.829723
3.51097
2.75392
2.75392
1.06822
3.7167
3.7167
3.7167
3.7167
4.07
4.07
4.07
4.07
4.07
4.07
6.31535
8.24765
8.24765
7.6773
6.53401
6.08221
2.91223
4.13278
7.00341
7.00341
7.00341
8.69516
6.70728
6.70728
6.70728
7.3038
6.75203
6.75203
6.75203
5.9755
5.9755
5.70478
5.70478
5.70478
2.9467
4.29892
2.77002
2.77002
2.77002
2.12626
1.22783
1.22783
1.22783
1.22783
3.08264
3.08264
4.24789
3.95516
3.95516
7.95643
7.95643
7.95643
7.40639
9.03775
9.03775
7.82489
7.82489
8.8337
9.26263
10.4843
10.4843
11.5464
11.5464
8.03377
5.09399
5.09399
5.42288
6.22334
6.22334
9.82622
9.82622
9.4233
7.30384
6.99336
6.99336
4.65519
4.65519
6.65135
5.50187
6.33563
6.33563
6.33563
5.93453
5.93453
5.70087
5.03456
5.03456
3.84727
3.84727
3.84727
3.84727
4.66311
2.92329
4.63671
3.90137
3.90137
3.90137
3.18146
3.18146
3.18146
3.18146
3.18146
4.12804
5.45394
5.45394
5.03594
5.94056
4.76347
4.54071
4.54071
4.54071
6.89117
6.89117
6.89117
6.89117
6.76619
5.06222
5.06222
5.06222
5.06222
4.30405
3.42135
2.33193
2.33193
2.33193
2.33193
2.33193
1.30863
3.86173
3.86173
3.86173
3.86173
5.38334
4.85736
4.85502
4.85502
4.85502
4.85502
4.85502
4.85502
4.04517
2.22246
4.26399
3.61391
3.61391
3.61391
6.21183
6.21183
5.46516
5.46516
5.655
5.655
3.91533
2.75346
2.75346
2.75346
2.75346
2.91674
3.77487
3.77487
3.77487
3.27944
3.14813
3.53099
3.93397
3.93397
2.48389
4.55127
6.4527
6.4527
6.4527
7.25674
8.62061
8.62061
7.78466
7.78466
7.78466
7.38715
7.38715
7.08696
5.59545
5.59545
4.93879
1.67275
1.67275
1.67275
4.63586
4.528
4.528
4.528
4.528
4.528
4.528
4.528
4.528
4.528
5.28322
5.47438
5.47438
4.94659
3.55168
3.55168
3.88814
1.83068
1.83068
3.60601
3.60601
3.60601
3.60601
3.60601
3.60601
3.60601
3.70368
3.70368
3.70368
6.94574
6.94574
6.8915
6.8915
8.86922
9.12298
9.52293
8.42148
7.4945
8.87519
9.90979
9.09497
9.09497
9.09497
9.09497
7.9325
10.3904
9.60536
9.60536
8.66315
11.001
11.0541
11.0541
11.1353
9.19671
9.46873
9.46873
8.94395
8.94395
8.94395
8.94395
6.3706
6.3706
6.3706
6.3706
4.10167
4.10167
2.96229
1.66975
3.64342
3.64342
2.09789
3.4322
3.32161
3.69107
3.69107
2.40877
2.40877
3.54138
3.54138
1.3796
4.52045
4.52045
2.05289
2.05289
2.05289
2.05289
2.05289
2.05289
0.92679
2.12658
2.12658
2.75332
2.75332
2.75332
2.75332
2.75332
4.65079
4.65079
4.65079
3.25834
6.46118
6.46118
6.46118
6.46118
8.04382
8.04382
8.04382
8.85341
7.15569
6.00199
5.44482
2.24615
3.71487
4.35984
4.35984
4.82058
4.82058
4.82058
4.82058
4.82058
4.36489
4.36489
6.30159
5.54261
3.38717
3.38717
4.7325
4.7325
4.7325
4.7325
5.22237
5.39342
5.39342
5.39342
7.48545
7.48545
7.48545
7.48545
8.27305
8.95514
6.55435
6.55435
6.55435
6.55435
6.55435
6.55435
6.67904
6.67904
6.67904
6.67904
6.67904
6.67904
6.67904
6.56928
7.76972
8.14749
6.91533
5.56507
5.56507
5.64432
5.64432
4.87114
4.87114
4.87114
4.87114
5.32276
3.6662
4.52375
4.52375
7.43977
5.55182
5.55182
5.77902
3.68919
3.68919
2.71481
3.68651
4.90641
3.56736
3.56736
4.14119
3.35186
4.24606
2.82519
2.82519
2.46476
2.46476
5.2046
5.17892
5.70636
5.88634
6.07841
6.07841
4.68793
5.69231
6.68422
4.81546
5.28503
4.42203
4.42203
4.42203
4.42203
4.42203
3.18711
3.18711
3.18711
5.33765
5.33765
5.33765
5.33765
2.9349
2.47985
2.47985
2.47985
3.17582
2.70699
2.70699
2.70699
2.70699
3.38621
3.6125
3.6125
3.6125
4.01032
4.01032
4.01032
4.01032
