0 5.72734 0
1 5.37346 inf
2 5.3085 0.303196
3 5.17842 0.244651
4 5.1647 0.179369
5 5.07644 0.172755
6 5.05093 0.14576
7 4.94634 0.168092
8 4.96082 0.147538
9 4.96427 0.130978
10 4.98451 0.119659
11 4.98392 0.108687
12 5.03146 0.111261
13 5.03241 0.102654
14 5.00603 0.0991368
15 5.00157 0.0926123
16 5.01228 0.0875025
17 5.02082 0.082806
18 4.99255 0.0834286
19 4.98087 0.079931
20 4.96845 0.0769846
21 4.96007 0.0738121
22 4.93971 0.0734662
23 4.9635 0.0743568
24 4.97784 0.0727423
25 4.9841 0.0701199
26 4.99423 0.0682055
27 5.02822 0.0742503
28 5.02042 0.0720346
29 5.01103 0.0702011
30 5.02471 0.0692701
31 5.04111 0.0690754
32 5.03963 0.0669315
33 5.02648 0.0662605
34 5.04414 0.0667621
35 5.03056 0.0663013
36 5.049 0.0671155
37 5.0453 0.0654078
38 5.03177 0.065144
39 5.02806 0.0635839
40 5.02852 0.061995
41 5.02641 0.06052
42 5.02327 0.0591634
43 5.02378 0.057789
44 5.01544 0.0571011
45 5.01814 0.0558981
46 5.02316 0.0549173
47 5.03066 0.0542809
48 5.02627 0.0533346
49 5.04512 0.0556103
50 5.04956 0.054682
51 5.05366 0.0537683
52 5.05657 0.0528157
53 5.06089 0.0520022
54 5.06256 0.0510669
55 5.0612 0.0501569
56 5.05858 0.0493319
57 5.04909 0.049403
58 5.04035 0.0493445
59 5.04712 0.0489866
60 5.05273 0.0485006
61 5.04811 0.047932
62 5.049 0.0471672
63 5.0385 0.0476097
64 5.03324 0.0471647
65 5.03222 0.0464504
66 5.02497 0.0463252
67 5.02617 0.0456496
68 5.02789 0.0450116
69 5.02926 0.0443805
70 5.03361 0.0439657
71 5.03066 0.0434485
72 5.03186 0.042862
73 5.03552 0.0424354
74 5.0357 0.0418623
75 5.03917 0.0414513
76 5.04101 0.0409477
77 5.03228 0.0413598
78 5.04091 0.0417429
79 5.04279 0.0412578
80 5.0453 0.0408202
81 5.05189 0.0408582
82 5.04831 0.0405206
83 5.05077 0.0401092
84 5.04324 0.0403486
85 5.04175 0.0399021
86 5.04224 0.039441
87 5.04091 0.0390106
88 5.0367 0.0387989
89 5.03357 0.0384914
90 5.03225 0.0380869
91 5.03186 0.0376704
92 5.02962 0.0373287
93 5.02584 0.0371221
94 5.02826 0.0368073
95 5.03171 0.0365854
96 5.03925 0.0369895
97 5.03466 0.0368989
98 5.03954 0.0368503
99 5.03828 0.0364998
