3.48914
3.48914
4.6186
4.59188
4.59188
4.59188
4.59188
4.24549
7.06625
7.06625
7.06625
8.65376
8.65376
9.13057
9.13057
5.14542
5.14542
5.14542
5.14542
7.86442
7.86442
7.86442
7.86442
7.86442
6.53853
6.62513
6.62513
6.51166
3.88153
3.12818
3.12818
3.04011
3.04011
4.30977
5.66667
4.35449
3.78562
4.26748
4.77459
4.77459
6.17022
6.17022
4.13076
4.13168
3.57639
3.75498
3.75498
3.75498
3.75498
3.75498
3.75498
3.75498
3.75498
3.75498
3.52057
4.89955
4.89955
3.85767
4.97347
4.7645
4.7645
4.7645
4.7645
4.7645
4.7645
5.69098
5.69098
5.69098
5.69098
5.69098
3.50657
3.50657
3.50657
3.50657
5.35756
5.35756
6.3863
6.91167
6.55327
6.55327
6.55327
6.70087
4.79909
6.70381
6.70381
6.70381
6.70381
6.70381
6.85457
6.85457
6.27546
4.92452
6.00175
6.47323
3.17965
3.17965
3.17965
3.65058
3.65058
4.50225
4.50225
4.57671
3.80164
3.80164
3.99659
3.99659
3.99659
2.51098
2.51098
2.51098
3.66913
3.09793
3.09793
3.09793
3.09793
3.09793
3.09793
3.09793
3.09793
3.09793
3.09793
3.09793
3.09793
3.114
3.114
3.114
3.114
3.60038
1.78122
2.85497
2.85497
3.02001
3.5451
0.913625
3.60137
3.60137
3.60137
3.60137
4.16509
4.16509
4.16509
2.05316
2.89679
2.89679
2.01477
2.01477
4.0694
5.32021
5.37504
7.13336
6.70028
7.44426
6.89194
4.64843
8.26381
6.47342
6.47342
6.47342
6.47342
6.47342
5.78878
5.86242
3.07982
3.07982
2.93045
2.93045
3.34079
3.34079
3.60671
3.196
3.27348
3.27348
3.27348
3.27348
3.27348
3.27348
3.27348
3.60628
3.60628
3.60628
4.32811
5.9482
5.9482
5.9482
5.9482
6.18944
5.27958
5.27958
4.11565
4.11565
4.11565
4.11565
4.11565
4.11565
4.11565
4.11565
1.84859
3.60964
5.37464
4.16652
4.16652
4.16652
4.16652
4.16652
2.75753
2.75753
2.75753
2.75753
2.75753
2.75753
2.75753
3.4316
3.4316
3.4316
3.94132
3.08797
3.45621
3.45621
3.45621
4.56081
1.15247
1.15247
1.15247
2.64236
2.64236
2.64236
2.64236
2.64236
2.64236
2.64236
2.64236
4.43867
4.43867
4.43867
4.27214
4.27214
3.94106
4.09191
4.09191
4.09191
4.09191
1.09787
1.09787
1.09787
1.09787
2.47585
2.47585
2.47585
3.74512
5.04866
5.04866
5.04866
2.49693
2.49693
2.49693
2.49693
2.49693
2.49693
0.89599
0.89599
0.89599
0.89599
0.89599
0.89599
1.87561
2.59024
1.29423
1.29423
1.29423
1.29423
1.29423
2.29806
2.29806
2.29806
2.29806
2.29806
3.94409
3.55742
3.55742
4.75877
2.51335
2.51335
2.65543
2.65543
2.76162
4.13625
4.28578
4.29938
4.29938
4.29938
4.01181
4.43704
4.43704
7.25835
6.84888
5.92483
7.26842
6.3244
7.10526
6.68994
6.7505
6.7505
8.14475
8.16635
8.16635
8.19316
10.0797
11.2506
11.2847
11.2847
11.2847
10.5537
9.62735
9.79011
8.07423
8.00441
9.93087
10.7872
7.00686
6.58431
4.36197
4.85111
3.05401
3.87933
3.87933
3.87933
3.87933
8.09972
8.09972
8.48153
8.105
8.105
8.105
8.105
5.928
5.928
4.06229
2.72197
2.89569
2.89569
3.82565
4.95109
4.95109
4.95109
4.95109
4.95109
5.87169
7.27227
7.27098
7.27098
7.27098
7.91826
7.91826
7.91826
9.82822
9.82822
9.82822
9.46896
8.38148
7.03925
7.03925
7.03925
7.03925
8.06647
8.06647
8.06647
9.67816
11.282
12.7834
12.0518
10.2434
10.2434
8.82322
8.70838
6.66016
8.40229
6.51994
4.68313
3.43188
3.87958
3.87958
3.87958
3.87958
3.87958
4.36128
3.47062
3.47062
3.47062
2.24837
2.24837
2.24837
2.24837
2.24837
4.55952
4.55952
4.55952
4.55952
4.55952
4.55952
4.55952
4.23031
4.23031
4.23031
4.23031
4.23031
2.39723
2.39723
2.39723
3.5711
3.5711
6.88193
10.0014
10.0014
10.0014
10.0014
9.40769
9.40769
9.40769
7.66528
8.01091
6.48998
6.48998
6.70211
6.92652
7.26963
7.26963
7.26963
5.04179
5.12719
5.12719
5.12719
4.47328
4.47328
4.47328
3.5238
2.0919
2.78808
2.78808
4.11312
4.11312
4.11312
5.17726
5.17726
5.17726
5.17726
5.17726
5.17726
8.2877
9.98965
8.75408
8.75408
6.04024
6.04024
7.00401
5.75148
5.16829
5.16829
5.16829
3.43713
4.51552
4.51552
4.51552
4.51552
6.45471
6.21052
5.56065
5.56065
5.56065
2.93502
2.04464
3.6869
3.6869
3.6869
3.6869
3.6869
2.36168
2.36168
2.36168
2.36168
2.36168
2.36168
1.55393
2.00596
2.00596
2.00596
1.19627
0.909608
3.72819
3.72819
6.22355
6.22355
6.41439
6.41439
2.74122
2.74122
3.4459
3.4459
3.4459
3.33276
3.33276
3.33276
4.93428
4.93428
4.93428
4.93428
4.93428
4.93428
4.39125
4.05543
5.99869
5.19949
5.19949
6.09131
8.0256
8.0256
8.0164
5.53763
5.53763
5.53763
4.92196
4.31218
4.09096
2.48487
5.58967
2.29895
3.06506
3.06506
3.06506
3.06506
3.06506
3.06506
3.06506
4.49838
4.49838
4.49838
6.91049
8.5614
9.31552
7.79072
7.79072
7.79072
7.79072
7.79072
7.23606
7.23606
7.23606
6.31003
5.72734
5.72734
2.88098
1.73341
4.1012
2.93118
3.5883
3.5883
3.5883
4.3319
3.62273
3.62273
3.62273
5.98279
8.5625
7.01238
7.01238
8.25172
4.78575
3.3868
2.57135
3.1872
3.90617
3.90617
4.1577
2.54847
2.54847
2.54847
2.54847
2.54847
1.19409
2.43349
2.43349
2.43349
3.22828
3.22828
5.87241
5.87241
5.87241
5.87241
6.66472
6.16295
4.53775
3.24856
1.96986
1.96986
1.96986
1.96986
4.01363
4.01363
3.97865
3.97865
3.15411
5.59247
5.59247
5.9451
5.9451
5.9451
5.9451
5.9451
6.72673
5.69918
5.69918
5.69918
5.69918
5.69918
4.5532
4.5532
4.5532
3.68642
3.68642
3.68642
3.68642
3.63228
2.56836
2.56836
2.56836
2.6319
2.14072
2.14072
2.14072
3.74096
3.74096
3.74096
5.5464
6.6294
6.43188
6.43188
4.80619
4.80619
4.75757
4.4871
4.4871
4.4871
4.4871
4.4871
4.60093
2.70277
4.28509
4.54671
4.54671
4.54671
4.54671
5.59782
5.59782
5.59782
6.03908
6.03908
5.48582
4.40201
4.40201
6.55041
6.09187
6.72596
7.80294
7.10963
7.10963
7.10963
7.10963
7.40943
7.40943
7.40943
7.37158
7.81807
7.81807
8.00051
8.00051
8.00051
7.23462
7.6207
7.6207
6.74646
6.74646
6.74646
6.74646
5.90575
6.53819
6.53819
6.50006
8.52944
3.3763
3.3763
3.3763
5.73736
5.73736
4.74961
3.78736
4.78976
4.78976
4.69454
6.39708
6.39708
6.39708
6.39708
8.0262
8.0262
9.44333
10.2221
10.2221
10.2221
10.2221
10.2221
9.44093
9.44093
9.44093
9.95657
9.95657
9.95657
9.95657
8.8549
9.22293
9.3333
9.3333
10.6916
10.6916
7.94367
7.94367
8.38985
8.38985
9.68053
10.2072
7.76947
8.2926
5.51368
5.51368
4.46408
4.46408
4.46408
4.46408
4.46408
6.66981
7.08342
4.15498
5.4401
5.4401
4.24592
3.48887
3.11268
3.69516
4.27102
4.27102
4.27102
4.27102
7.16444
8.46658
8.46658
8.59646
8.59646
8.59646
7.43424
7.43424
8.56018
8.56018
5.59235
5.59235
5.45645
3.84778
4.63745
3.59137
5.58387
6.96641
6.96641
6.96641
6.96641
5.97324
5.97324
6.48124
6.39173
6.39173
4.50724
5.70876
5.70876
6.90402
6.90402
6.84463
6.55527
7.20861
7.20861
6.27186
7.41407
6.3708
5.41376
5.5586
6.60564
8.32664
6.12741
4.29555
4.9414
2.16397
2.16397
2.16397
2.16397
2.16397
2.16397
2.16397
2.16397
2.16397
2.16397
2.16397
2.16397
2.16397
2.16397
2.16397
3.11131
3.16424
3.66277
1.64946
1.64946
1.64946
1.64946
1.45641
2.98004
2.98004
2.42267
2.42267
2.42267
2.42267
2.42267
2.42267
3.61147
3.61147
1.41623
1.26233
4.15665
4.15665
6.73492
6.73589
6.73589
6.73589
6.73589
6.10039
7.51305
8.94716
8.94716
7.36864
6.72609
6.72609
4.38819
4.38819
4.38819
3.43921
3.43921
3.43921
3.43921
3.43921
4.98619
5.19631
5.19631
6.39683
3.63986
3.63986
3.94907
4.94947
5.5627
8.31652
8.31652
10.1055
10.1055
10.1055
10.1055
10.0545
9.13541
7.13067
7.13067
4.88716
1.4224
3.81846
5.65549
5.65549
7.5643
5.43793
7.71732
7.77346
5.84022
5.84022
5.84022
5.75117
6.30059
6.30059
5.19205
4.6629
4.78426
5.90246
5.97977
5.97977
3.87271
3.81802
3.81802
3.81802
3.81802
2.54532
3.3246
3.31909
2.98311
2.98311
2.98311
2.98311
5.40781
4.86463
3.42044
2.73615
2.73615
2.73615
2.73615
2.73615
2.73615
3.37497
3.37497
3.37497
4.22471
3.38098
3.38098
3.38098
6.16179
4.33194
5.67755
2.46512
4.03771
4.03771
4.03771
4.57186
3.7463
3.4772
5.72774
3.88366
1.84731
1.84731
1.84731
1.84731
2.21216
3.64811
3.64811
3.64811
4.06275
4.06275
4.06275
4.06275
4.06275
6.16209
6.36291
6.36291
6.36291
6.36291
6.36291
7.03948
7.4565
7.4565
7.09609
6.00703
6.00703
5.82285
5.82285
5.83315
5.74856
5.29172
6.12713
5.612
5.612
5.612
6.26332
5.79186
5.84487
5.84487
5.02362
5.02362
5.02362
5.02362
5.02362
5.02362
5.02362
5.02362
4.76598
4.60262
4.60262
4.60262
4.60262
6.2765
5.44779
4.84316
7.2494
7.2494
7.2494
7.2494
7.2494
3.74509
3.74509
3.10814
3.10814
3.10814
3.10814
3.10814
5.42026
5.21566
