0 31.0174
1 31.0174
2 29.2517
3 29.0466
4 27.0053
5 26.7763
6 26.6339
7 26.3337
8 25.4053
9 22.933
10 22.5319
11 21.6848
12 21.4784
13 21.4784
14 21.4784
15 21.4784
16 19.9658
17 19.9658
18 19.1962
19 19.1962
20 18.365
21 18.365
22 16.6256
23 16.6256
24 16.6256
25 16.5805
26 16.5805
27 16.5805
28 15.7391
29 15.6499
30 15.6499
31 15.6499
32 15.5822
33 15.5451
34 15.3391
35 15.3391
36 15.3391
37 15.3391
38 15.3391
39 15.3391
40 15.3391
41 15.3042
42 15.3042
43 14.6506
44 14.6506
45 14.6506
46 14.6506
47 14.5148
48 14.5148
49 14.5148
50 14.5148
51 14.0624
52 14.0624
53 14.0624
54 14.0624
55 14.0624
56 14.0624
57 14.0624
58 14.0624
59 14.0624
60 14.0624
61 14.0624
62 14.0624
63 14.0624
64 14.0624
65 14.0624
66 14.0624
67 14.0624
68 14.0624
69 14.0624
70 14.0297
71 14.0297
72 14.0297
73 14.0297
74 14.0297
75 14.0189
76 14.0189
77 14.015
78 13.9129
79 13.9129
80 13.9129
81 13.4601
82 13.4601
83 13.4601
84 13.4601
85 13.4601
86 13.4601
87 13.4601
88 13.4601
89 13.4601
90 13.4601
91 13.4601
92 13.4601
93 13.4601
94 13.4601
95 13.4601
96 13.4569
97 13.4569
98 13.4569
99 13.4569
100 13.4569
101 13.4569
102 13.4543
103 13.4543
104 12.805
105 12.805
106 12.805
107 12.805
108 12.6437
109 12.6437
110 12.6437
111 12.6437
112 12.6437
113 12.6437
114 12.6437
115 12.6437
116 12.6437
117 12.6437
118 12.6437
119 12.6437
120 12.6437
121 12.6437
122 12.6437
123 12.6437
124 12.6437
125 12.6437
126 12.6437
127 12.6437
128 12.6437
129 12.6437
130 12.6437
131 12.6437
132 12.6437
133 12.6437
134 12.6437
135 12.6437
136 12.6437
137 12.6437
138 12.6437
139 12.6437
140 12.6437
141 12.6437
142 12.6437
143 12.6437
144 12.6437
145 12.6437
146 12.6437
147 12.6437
148 12.6437
149 12.6437
150 12.6437
151 12.6437
152 12.6437
153 12.6437
154 12.4157
155 12.4157
156 12.4157
157 12.4157
158 12.4157
159 12.4157
160 12.4154
161 12.4154
162 12.4154
163 12.1747
164 12.1747
165 12.1747
166 12.1747
167 11.9157
168 11.9157
169 11.9157
170 11.9157
171 11.9157
172 11.9157
173 11.9157
174 11.9157
175 11.9157
176 11.9157
177 11.9157
178 11.9157
179 11.9157
180 11.9157
181 11.9157
182 11.9157
183 11.9157
184 11.9157
185 11.9157
186 11.9157
187 11.9157
188 11.9157
189 11.9157
190 11.9157
191 11.9157
192 11.9157
193 11.9106
194 11.9106
195 11.9106
196 11.9106
197 11.9106
198 11.7551
199 11.7551
200 11.7551
201 11.7551
202 11.5349
203 11.5349
204 11.5349
205 11.5349
206 11.5349
207 11.5349
208 11.5349
209 11.5349
210 11.5349
211 11.5349
212 11.5349
213 11.5349
214 11.5349
215 11.5349
216 11.5349
217 11.5349
218 11.5349
219 11.5349
220 11.5349
221 11.5349
222 11.5349
223 11.5349
224 11.5349
225 11.5349
226 11.5349
227 11.5349
228 11.5349
229 11.5349
230 11.5349
231 11.5349
232 11.5349
233 11.5349
234 11.5349
235 11.5349
236 11.5349
237 11.5349
238 11.5349
239 11.5349
240 11.5349
241 11.5349
242 11.5349
243 11.5349
244 11.5349
245 11.5349
246 11.5349
247 11.5349
248 11.5349
249 11.5349
250 11.5349
251 11.5349
252 11.5349
253 11.5349
254 11.5349
255 11.5349
256 11.5349
257 11.5349
258 11.5349
259 11.5349
260 11.5349
261 11.5349
262 11.5349
263 11.5349
264 11.5349
265 11.5349
266 11.5349
267 11.5349
268 11.5349
269 11.5349
270 11.5349
271 11.5349
272 11.5349
273 11.5349
274 11.5349
275 11.5118
276 11.5118
277 11.5118
278 11.5118
279 10.9689
280 10.9689
281 10.9689
282 10.9689
283 10.9689
284 10.9689
285 10.9689
286 10.9689
287 10.9689
288 10.9689
289 10.9689
290 10.9689
291 10.9689
292 10.9689
293 10.9689
294 10.9689
295 10.9689
296 10.9689
297 10.9689
298 10.9689
299 10.9689
300 10.9689
301 10.9689
302 10.9689
303 10.9689
304 10.9689
305 10.9689
306 10.9689
307 10.9689
308 10.9689
309 10.9689
310 10.9689
311 10.9689
312 10.9689
313 10.9689
314 10.9689
315 10.9689
316 10.9689
317 10.9689
318 10.9689
319 10.9689
320 10.6742
321 10.6742
322 10.6742
323 10.6742
324 10.6742
325 10.6181
326 10.6181
327 10.6181
328 10.6181
329 10.6181
330 10.6181
331 10.6181
332 10.6181
333 10.6181
334 10.6181
335 10.6181
336 10.6181
337 10.6181
338 10.6181
339 10.6181
340 10.6181
341 10.6181
342 10.6181
343 10.6181
344 10.6181
345 10.6181
346 10.6181
347 10.6181
348 10.6181
349 10.6181
350 10.6181
351 10.6181
352 10.6181
353 10.6181
354 10.6181
355 10.6181
356 10.6181
357 10.6181
358 10.6181
359 10.6181
360 10.6181
361 10.6181
362 10.6181
363 10.6181
364 10.6181
365 10.6181
366 10.6181
367 10.6181
368 10.6181
369 9.98172
370 9.98172
371 9.98172
372 9.98172
373 9.98172
374 9.98172
375 9.98172
376 9.98172
377 9.98172
378 9.98172
379 9.98172
380 9.98172
381 9.98172
382 9.98172
383 9.98172
384 9.98172
385 9.98172
386 9.98172
387 9.98172
388 9.98172
389 9.98172
390 9.98172
391 9.98172
392 9.98172
393 9.84893
394 9.84893
395 9.84893
396 9.84893
397 9.84893
398 9.84893
399 9.84893
400 9.84893
401 9.84893
402 9.84893
403 9.84893
404 9.84893
405 9.84893
406 9.84893
407 9.84893
408 9.84893
409 9.84893
410 9.84893
411 9.84893
412 9.84893
413 9.84893
414 9.84893
415 9.84893
416 9.84893
417 9.84893
418 9.84893
419 9.84893
420 9.84893
421 9.4593
422 9.4593
423 9.4593
424 9.4593
425 9.4593
426 9.4593
427 9.4593
428 9.4593
429 9.4593
430 9.4593
431 9.4593
432 9.4593
433 9.4593
434 9.4593
435 9.4593
436 9.4593
437 9.4593
438 9.4593
439 9.4593
440 9.4593
441 8.68256
442 8.68256
443 8.68256
444 8.68256
445 8.66151
446 8.4176
447 8.4176
448 8.4176
449 8.4176
450 7.54516
451 7.54516
452 7.1343
453 7.1343
454 7.1343
455 7.1343
456 7.1343
457 7.1343
458 7.1343
459 7.11324
460 7.11324
461 7.11324
462 7.11324
463 7.11324
464 7.11324
465 7.11324
466 7.11324
467 7.11324
468 7.11324
469 7.11324
470 7.11324
471 7.11324
472 7.11324
473 7.11324
474 7.11324
475 7.11324
476 6.2403
477 6.2403
478 6.2403
479 6.2403
480 6.2403
481 6.2403
482 6.2403
483 6.2403
484 6.2403
485 6.2403
486 6.2403
487 6.2403
488 6.2403
489 6.2403
490 6.2403
491 6.2403
492 6.2403
493 6.2403
494 6.2403
495 6.2403
496 6.2403
497 6.2403
498 6.2403
499 6.2403
500 6.2403
501 6.2403
502 6.2403
503 6.2403
504 6.2403
505 6.2403
506 6.2403
507 6.2403
508 6.2403
509 6.2403
510 6.2403
511 6.2403
512 6.2403
513 6.2403
514 6.2403
515 6.2403
516 6.2403
517 6.2403
518 6.2403
519 6.2403
520 6.2403
521 6.2403
522 6.2403
523 6.2403
524 6.2403
525 6.2403
526 6.2403
527 6.2403
528 6.2403
529 6.2403
530 6.2403
531 6.2403
532 6.2403
533 6.2403
534 6.2403
535 6.2403
536 6.2403
537 6.2403
538 6.2403
539 6.2403
540 6.2403
541 6.2403
542 6.2403
543 6.2403
544 6.2403
545 6.2403
546 6.2403
547 6.2403
548 6.2403
549 6.2403
550 6.2403
551 6.2403
552 6.2403
553 6.2403
554 6.2403
555 6.2403
556 6.2403
557 6.2403
558 6.2403
559 6.2403
560 6.2403
561 6.2403
562 6.2403
563 6.2403
564 6.2403
565 6.2403
566 6.2403
567 6.2403
568 6.2403
569 6.2403
570 6.2403
571 6.2403
572 6.2403
573 6.2403
574 6.2403
575 6.2403
576 6.2403
577 6.2403
578 6.2403
579 6.2403
580 6.2403
581 6.2403
582 6.2403
583 6.2403
584 6.2403
585 6.2403
586 6.2403
587 6.2403
588 6.2403
589 6.2403
590 6.2403
591 6.2403
592 6.2403
593 6.2403
594 6.2403
595 6.2403
596 6.2403
597 6.2403
598 6.2403
599 6.2403
