0 30.431
1 28.9605
2 28.2505
3 27.1361
4 26.3517
5 25.4659
6 23.849
7 23.4241
8 23.3243
9 23.3243
10 23.3022
11 22.6407
12 22.0057
13 21.7284
14 21.7248
15 21.6241
16 21.1843
17 20.7772
18 20.1275
19 19.6758
20 19.6124
21 19.5313
22 19.4685
23 19.4685
24 19.4685
25 19.4685
26 19.4604
27 19.3735
28 19.211
29 19.0712
30 19.0073
31 19.0016
32 18.9344
33 18.8409
34 18.5673
35 18.1054
36 18.1054
37 18.1054
38 18.1054
39 18.1024
40 18.0476
41 17.9475
42 17.8173
43 17.5931
44 17.5926
45 17.5826
46 17.5672
47 17.5651
48 17.5548
49 17.5418
50 17.5357
51 17.4794
52 17.4022
53 17.3636
54 17.3636
55 17.3606
56 17.3249
57 17.2184
58 17.1115
59 17.0697
60 17.0697
61 17.0648
62 16.997
63 16.8904
64 16.8274
65 16.8274
66 16.8268
67 16.8191
68 16.8025
69 16.7957
70 16.7805
71 16.7186
72 16.6847
73 16.6502
74 16.5982
75 16.5135
76 16.3955
77 16.27
78 16.1701
79 16.1701
80 16.1701
81 16.1701
82 16.1701
83 16.1701
84 16.1701
85 16.1688
86 16.1446
87 16.1062
88 16.0863
89 16.075
90 16.075
91 16.075
92 16.075
93 16.075
94 16.0667
95 15.893
96 15.6613
97 15.6613
98 15.6613
99 15.6613
100 15.6613
101 15.6613
102 15.6613
103 15.6613
104 15.6543
105 15.5131
106 15.3111
107 15.3111
108 15.3111
109 15.3111
110 15.3111
111 15.3111
112 15.311
113 15.3076
114 15.3031
115 15.3031
116 15.3031
117 15.3031
118 15.3031
119 15.3031
120 15.3031
121 15.3031
122 15.3031
123 15.3031
124 15.3031
125 15.3031
126 15.3031
127 15.3031
128 15.3031
129 15.2913
130 15.179
131 14.9521
132 14.9473
133 14.9422
134 14.8554
135 14.7023
136 14.6921
137 14.6921
138 14.6921
139 14.6921
140 14.6921
141 14.6921
142 14.6921
143 14.6921
144 14.6921
145 14.6918
146 14.6873
147 14.6779
148 14.6779
149 14.6779
150 14.6779
151 14.6779
152 14.6712
153 14.5706
154 14.3493
155 14.3426
156 14.3426
157 14.3426
158 14.3426
159 14.3426
160 14.3426
161 14.3426
162 14.33
163 14.0004
164 13.713
165 13.713
166 13.713
167 13.706
168 13.6432
169 13.4895
170 13.3637
171 13.3637
172 13.3554
173 13.297
174 13.1133
175 12.9464
176 12.9464
177 12.9464
178 12.9385
179 12.7877
180 12.5575
181 12.5496
182 12.5496
183 12.5496
184 12.5496
185 12.5495
186 12.5454
187 12.5034
188 12.4347
189 12.4347
190 12.4347
191 12.4347
192 12.4346
193 12.4331
194 12.4293
195 12.4293
196 12.4191
197 12.2464
198 11.9212
199 11.9212
200 11.9212
201 11.9212
202 11.914
203 11.7911
204 11.5887
205 11.5598
206 11.5598
207 11.5598
208 11.5598
209 11.5598
210 11.5598
211 11.5598
212 11.5598
213 11.5598
214 11.5598
215 11.5598
216 11.5598
217 11.5598
218 11.5598
219 11.5513
220 11.398
221 11.1339
222 11.1339
223 11.1339
224 11.1339
225 11.1339
226 11.1339
227 11.1339
228 11.1339
229 11.1339
230 11.1339
231 11.1339
232 11.1339
233 11.1339
234 11.1339
235 11.1339
236 11.1339
237 11.1339
238 11.1339
239 11.1339
240 11.1339
241 11.1339
242 11.1339
243 11.1339
244 11.1339
245 11.1339
246 11.1339
247 11.1339
248 11.1339
249 11.1339
250 11.1339
251 11.1339
252 11.1339
253 11.1339
254 11.1339
255 11.1333
256 11.122
257 11.1056
258 11.1056
259 11.1056
260 11.101
261 11.0321
262 10.8805
263 10.8759
264 10.8759
265 10.8759
266 10.8725
267 10.7907
268 10.7498
269 10.7055
270 10.7053
271 10.7015
272 10.696
273 10.6936
274 10.6936
275 10.6936
276 10.6936
277 10.6936
278 10.6936
279 10.6936
280 10.6936
281 10.6936
282 10.6936
283 10.6936
284 10.6936
285 10.6936
286 10.6936
287 10.6936
288 10.6936
289 10.6936
290 10.6936
291 10.6936
292 10.6936
293 10.6936
294 10.6936
295 10.6936
296 10.6936
297 10.6936
298 10.6936
299 10.6936
300 10.6936
301 10.6936
302 10.6936
303 10.6936
304 10.6936
305 10.6936
306 10.6936
307 10.6936
308 10.6936
309 10.6932
310 10.6862
311 10.6737
312 10.672
313 10.672
314 10.672
315 10.672
316 10.672
317 10.672
318 10.672
319 10.672
320 10.672
321 10.672
322 10.672
323 10.672
324 10.672
325 10.672
326 10.672
327 10.672
328 10.672
329 10.672
330 10.672
331 10.672
332 10.672
333 10.672
334 10.672
335 10.672
336 10.672
337 10.671
338 10.6476
339 10.6233
340 10.6233
341 10.6233
342 10.6233
343 10.6233
344 10.6233
345 10.6233
346 10.6233
347 10.6233
348 10.6233
349 10.6233
350 10.6233
351 10.6233
352 10.6233
353 10.6233
354 10.6233
355 10.6233
356 10.6233
357 10.6233
358 10.6233
359 10.6233
360 10.6233
361 10.6233
362 10.6233
363 10.6233
364 10.6233
365 10.6233
366 10.6233
367 10.6233
368 10.6233
369 10.6233
370 10.6233
371 10.6233
372 10.6233
373 10.6206
374 10.5802
375 10.5155
376 10.4886
377 10.4886
378 10.4886
379 10.4885
380 10.4868
381 10.4839
382 10.4839
383 10.4839
384 10.4839
385 10.4839
386 10.4839
387 10.4839
388 10.4839
389 10.4839
390 10.4839
391 10.4839
392 10.4839
393 10.4839
394 10.4839
395 10.4839
396 10.4839
397 10.4839
398 10.4839
399 10.4839
400 10.4839
401 10.4839
402 10.4839
403 10.4839
404 10.4839
405 10.4839
406 10.4839
407 10.4839
408 10.4827
409 10.4589
410 10.4301
411 10.4214
412 10.4214
413 10.4214
414 10.4214
415 10.4214
416 10.4214
417 10.4214
418 10.4201
419 10.3963
420 10.3587
421 10.3587
422 10.3587
423 10.3587
424 10.3587
425 10.3587
426 10.3587
427 10.3587
428 10.3587
429 10.3587
430 10.3587
431 10.3587
432 10.3587
433 10.3587
434 10.3587
435 10.3587
436 10.3587
437 10.3587
438 10.3587
439 10.3587
440 10.3587
441 10.3587
442 10.3587
443 10.3587
444 10.3587
445 10.3587
446 10.3587
447 10.3587
448 10.3587
449 10.3587
450 10.3587
451 10.3587
452 10.3587
453 10.3587
454 10.3587
455 10.3587
456 10.3587
457 10.3587
458 10.3587
459 10.3587
460 10.3587
461 10.3587
462 10.3587
463 10.3587
464 10.3587
465 10.3587
466 10.3587
467 10.3587
468 10.3587
469 10.3587
470 10.3587
471 10.3587
472 10.3587
473 10.3587
474 10.3587
475 10.3587
476 10.3587
477 10.3587
478 10.3587
479 10.3587
480 10.3587
481 10.3587
482 10.3587
483 10.3587
484 10.3587
485 10.3587
486 10.3587
487 10.3587
488 10.3587
489 10.3587
490 10.3587
491 10.3584
492 10.3534
493 10.3438
494 10.3421
495 10.3421
496 10.3421
497 10.3421
498 10.3421
499 10.3421
500 10.3421
501 10.3421
502 10.3421
503 10.3421
504 10.3421
505 10.3421
506 10.3421
507 10.3421
508 10.3421
509 10.3421
510 10.3421
511 10.3421
512 10.3421
513 10.3421
514 10.3421
515 10.3421
516 10.3421
517 10.3421
518 10.3421
519 10.3421
520 10.3421
521 10.3421
522 10.3421
523 10.3421
524 10.3421
525 10.3421
526 10.3421
527 10.3421
528 10.3421
529 10.3421
530 10.3421
531 10.3421
532 10.3421
533 10.3421
534 10.3421
535 10.3421
536 10.3421
537 10.3421
538 10.3421
539 10.3421
540 10.3421
541 10.3421
542 10.3421
543 10.3421
544 10.3421
545 10.3421
546 10.3421
547 10.3421
548 10.3421
549 10.3421
550 10.3421
551 10.3421
552 10.3421
553 10.3421
554 10.3421
555 10.3421
556 10.3421
557 10.3421
558 10.3421
559 10.3421
560 10.3421
561 10.3421
562 10.3421
563 10.3421
564 10.3421
565 10.3421
566 10.3421
567 10.3421
568 10.3421
569 10.3421
570 10.3421
571 10.3421
572 10.3421
573 10.3421
574 10.3421
575 10.3421
576 10.3421
577 10.3421
578 10.3421
579 10.3421
580 10.3421
581 10.3421
582 10.3421
583 10.3421
584 10.3421
585 10.3421
586 10.3421
587 10.3421
588 10.3421
589 10.3421
590 10.3421
591 10.3421
592 10.3421
593 10.3421
594 10.3421
595 10.3421
596 10.3421
597 10.3421
598 10.3421
599 10.3421
600 10.3421
601 10.3421
602 10.3421
603 10.3421
604 10.3421
605 10.3421
606 10.3421
607 10.3421
608 10.3421
609 10.3421
610 10.3421
611 10.3421
612 10.3421
613 10.3421
614 10.3421
615 10.3421
616 10.3421
617 10.3421
618 10.3421
619 10.3421
620 10.3421
621 10.3421
622 10.3421
623 10.3421
624 10.3421
625 10.3421
626 10.3421
627 10.3421
628 10.3421
629 10.3421
630 10.3421
631 10.3421
632 10.3421
633 10.3412
634 10.3289
635 10.3016
636 10.295
637 10.295
638 10.2947
639 10.2889
640 10.2823
641 10.2823
642 10.2823
643 10.2823
644 10.2823
645 10.2823
646 10.2823
647 10.2823
648 10.2823
649 10.2823
650 10.2823
651 10.2823
652 10.2823
653 10.2823
654 10.2823
655 10.2823
656 10.2823
657 10.2823
658 10.2823
659 10.2823
660 10.2823
661 10.2823
662 10.2823
663 10.2823
664 10.2823
665 10.2823
666 10.2823
667 10.2823
668 10.2823
669 10.2823
670 10.2823
671 10.2823
672 10.2823
673 10.2823
674 10.2823
675 10.2823
676 10.2823
677 10.2823
678 10.2823
679 10.2823
680 10.2823
681 10.2823
682 10.2823
683 10.2823
684 10.2823
685 10.2783
686 10.2215
687 10.1444
688 10.0795
689 10.0795
690 10.0795
691 10.0795
692 10.0795
693 10.0795
694 10.0795
695 10.0795
696 10.0795
697 10.0795
698 10.0795
699 10.0795
700 10.0795
701 10.0795
702 10.0795
703 10.0795
704 10.0795
705 10.0795
706 10.079
707 10.0709
708 10.0561
709 10.0557
710 10.0557
711 10.0557
712 10.0557
713 10.0557
714 10.0557
715 10.0557
716 10.0557
717 10.0557
718 10.0557
719 10.0557
720 10.0557
721 10.0557
722 10.0557
723 10.0557
724 10.0557
725 10.0557
726 10.0557
727 10.0557
728 10.0557
729 10.0557
730 10.0557
731 10.0557
732 10.0557
733 10.0557
734 10.0557
735 10.0557
736 10.0557
737 10.0557
738 10.0557
739 10.0557
740 10.0557
741 10.0557
742 10.0557
743 10.0557
744 10.0557
745 10.0557
746 10.0557
747 10.0557
748 10.0557
749 10.0557
750 10.0557
751 10.0557
752 10.0557
753 10.0557
754 10.0553
755 10.0487
756 10.0397
757 10.039
758 10.039
759 10.039
760 10.039
761 10.039
762 10.039
763 10.039
764 10.039
765 10.039
766 10.039
767 10.0389
768 10.0359
769 10.0312
770 10.0312
771 10.0312
772 10.0312
773 10.0312
774 10.0312
775 10.0312
776 10.0312
777 10.0312
778 10.0312
779 10.0312
780 10.0312
781 10.0312
782 10.0312
783 10.0312
784 10.0312
785 10.0312
786 10.0312
787 10.0312
788 10.0312
789 10.0312
790 10.0312
791 10.0312
792 10.0312
793 10.0312
794 10.0312
795 10.0312
796 10.0312
797 10.0312
798 10.0312
799 10.0312
800 10.0312
801 10.0312
802 10.0312
803 10.0312
804 10.0312
805 10.0312
806 10.0312
807 10.0312
808 10.0312
809 10.0312
810 10.0312
811 10.0312
812 10.0312
813 10.0312
814 10.0312
815 10.0312
816 10.0312
817 10.0312
818 10.0312
819 10.0312
820 10.0312
821 10.0312
822 10.0312
823 10.0312
824 10.0312
825 10.0312
826 10.0312
827 10.0312
828 10.0312
829 10.0312
830 10.0312
831 10.0312
832 10.0312
833 10.0312
834 10.0312
835 10.0312
836 10.0312
837 10.0312
838 10.0312
839 10.0312
840 10.0312
841 10.0312
842 10.0312
843 10.0312
844 10.0312
845 10.0312
846 10.0312
847 10.0312
848 10.0312
849 10.0312
850 10.0312
851 10.0312
852 10.0312
853 10.0312
854 10.0312
855 10.0312
856 10.0312
857 10.0312
858 10.0312
859 10.0312
860 10.0312
861 10.0312
862 10.0312
863 10.0312
864 10.0312
865 10.0312
866 10.0312
867 10.0312
868 10.0312
869 10.0312
870 10.0312
871 10.0312
872 10.0312
873 10.0312
874 10.0312
875 10.0312
876 10.0312
877 10.0312
878 10.0312
879 10.0312
880 10.0312
881 10.0312
882 10.0312
883 10.0312
884 10.0312
885 10.0312
886 10.0312
887 10.0312
888 10.0312
889 10.0312
890 10.0312
891 10.0312
892 10.0312
893 10.0312
894 10.0312
895 10.0312
896 10.0312
897 10.0312
898 10.0312
899 10.0312
900 10.0312
901 10.0312
902 10.0312
903 10.0312
904 10.0312
905 10.0312
906 10.0312
907 10.0312
908 10.0312
909 10.0312
910 10.0312
911 10.0312
912 10.0312
913 10.0312
914 10.0312
915 10.0312
916 10.0312
917 10.0312
918 10.0312
919 10.0312
920 10.0312
921 10.0312
922 10.0312
923 10.0312
924 10.0312
925 10.0312
926 10.0312
927 10.0312
928 10.0312
929 10.0312
930 10.0312
931 10.0312
932 10.0312
933 10.0312
934 10.0312
935 10.0312
936 10.0312
937 10.0312
938 10.0312
939 10.0312
940 10.0312
941 10.0312
942 10.0312
943 10.0312
944 10.0312
945 10.0312
946 10.0312
947 10.0312
948 10.0312
949 10.0312
950 10.0312
951 10.0312
952 10.0312
953 10.0312
954 10.0312
955 10.0312
956 10.0312
957 10.0312
958 10.0312
959 10.0312
960 10.0312
961 10.0312
962 10.0312
963 10.0312
964 10.0312
965 10.0312
966 10.0312
967 10.0312
968 10.0312
969 10.0312
970 10.0312
971 10.0312
972 10.0312
973 10.0312
974 10.0312
975 10.0312
976 10.0312
977 10.0312
978 10.0312
979 10.0312
980 10.0312
981 10.0312
982 10.0312
983 10.0312
984 10.0312
985 10.0312
986 10.0312
987 10.0312
988 10.0312
989 10.0312
990 10.0312
991 10.0312
992 10.0312
993 10.0312
994 10.0312
995 10.0312
996 10.0312
997 10.0312
998 10.0312
999 10.0312
1000 10.0312
1001 10.0312
1002 10.0312
1003 10.0312
1004 10.0312
1005 10.0312
1006 10.0312
1007 10.0312
1008 10.0312
1009 10.0312
1010 10.0312
1011 10.0312
1012 10.0312
1013 10.0312
1014 10.0312
1015 10.0312
1016 10.0312
1017 10.0312
1018 10.0312
1019 10.0312
1020 10.0312
1021 10.0312
1022 10.0312
1023 10.0312
1024 10.0312
1025 10.0312
1026 10.0312
1027 10.0312
1028 10.0312
1029 10.0312
1030 10.0312
1031 10.0312
1032 10.0312
1033 10.0312
1034 10.0312
1035 10.0312
1036 10.0312
1037 10.0312
1038 10.0312
1039 10.0312
1040 10.0312
1041 10.0312
1042 10.0312
1043 10.0312
1044 10.0312
1045 10.0312
1046 10.0312
1047 10.0312
1048 10.0312
1049 10.0312
1050 10.0312
1051 10.0312
1052 10.0312
1053 10.0312
1054 10.0312
1055 10.0312
1056 10.0312
1057 10.0312
1058 10.0312
1059 10.0312
1060 10.0312
1061 10.0312
1062 10.0312
1063 10.0312
1064 10.0312
1065 10.0312
1066 10.0312
1067 10.0312
1068 10.0312
1069 10.0312
1070 10.0312
1071 10.0312
1072 10.0312
1073 10.0312
1074 10.0312
1075 10.0312
1076 10.0312
1077 10.0312
1078 10.0312
1079 10.0312
1080 10.0312
1081 10.0312
1082 10.0312
1083 10.0312
1084 10.0312
1085 10.0312
1086 10.0312
1087 10.0312
1088 10.0312
1089 10.0312
1090 10.0312
1091 10.0312
1092 10.0312
1093 10.0312
1094 10.0312
1095 10.0312
1096 10.0312
1097 10.0312
1098 10.0312
1099 10.0312
1100 10.0312
1101 10.0312
1102 10.0312
1103 10.0312
1104 10.0312
1105 10.0312
1106 10.0312
1107 10.0312
1108 10.0312
1109 10.0312
1110 10.0312
1111 10.0312
1112 10.0312
1113 10.0312
1114 10.0312
1115 10.0312
1116 10.0312
1117 10.0312
1118 10.0312
1119 10.0312
1120 10.0312
1121 10.0312
1122 10.0312
1123 10.0312
1124 10.0312
1125 10.0312
1126 10.0312
1127 10.0312
1128 10.0312
1129 10.0312
1130 10.0312
1131 10.0312
1132 10.0312
1133 10.0312
1134 10.0312
1135 10.0312
1136 10.0312
1137 10.0312
1138 10.0312
1139 10.0312
1140 10.0312
1141 10.0312
1142 10.0312
1143 10.0312
1144 10.0312
1145 10.0312
1146 10.0312
1147 10.0312
1148 10.0312
1149 10.0312
1150 10.0312
1151 10.0312
1152 10.0312
1153 10.0312
1154 10.0312
1155 10.0312
1156 10.0312
1157 10.0312
1158 10.0312
1159 10.0312
1160 10.0312
1161 10.0312
1162 10.0312
1163 10.0312
1164 10.0312
1165 10.0312
1166 10.0312
1167 10.0312
1168 10.0312
1169 10.0312
1170 10.0312
1171 10.0312
1172 10.0312
1173 10.0312
1174 10.0312
1175 10.0312
1176 10.0312
1177 10.0312
1178 10.0312
1179 10.0312
1180 10.0312
1181 10.0312
1182 10.0312
1183 10.0312
1184 10.0312
1185 10.0312
1186 10.0312
1187 10.0312
1188 10.0312
1189 10.0312
1190 10.0312
1191 10.0312
1192 10.0312
1193 10.0312
1194 10.0312
1195 10.0312
1196 10.0312
1197 10.0312
1198 10.0312
1199 10.0312
1200 10.0312
1201 10.0312
1202 10.0312
1203 10.0312
1204 10.0312
1205 10.0312
1206 10.0312
1207 10.0312
1208 10.0312
1209 10.0312
1210 10.0312
1211 10.0312
1212 10.0312
1213 10.0312
1214 10.0312
1215 10.0312
1216 10.0312
1217 10.0312
1218 10.0312
1219 10.0312
1220 10.0312
1221 10.0312
1222 10.0312
1223 10.0312
1224 10.0312
1225 10.0312
1226 10.0312
1227 10.0312
1228 10.0312
1229 10.0312
1230 10.0312
1231 10.0312
1232 10.0312
1233 10.0312
1234 10.0312
1235 10.0312
1236 10.0312
1237 10.0312
1238 10.0312
1239 10.0312
1240 10.0312
1241 10.0312
1242 10.0312
1243 10.0312
1244 10.0312
1245 10.0312
1246 10.0312
1247 10.0312
1248 10.0312
1249 10.0312
1250 10.0312
1251 10.0312
1252 10.0312
1253 10.0312
1254 10.0312
1255 10.0312
1256 10.0312
1257 10.0312
1258 10.0312
1259 10.0312
1260 10.0312
1261 10.0312
1262 10.0312
1263 10.0312
1264 10.0312
1265 10.0312
1266 10.0312
1267 10.0312
1268 10.0312
1269 10.0312
1270 10.0312
1271 10.0312
1272 10.0312
1273 10.0312
1274 10.0312
1275 10.0312
1276 10.0312
1277 10.0312
1278 10.0312
1279 10.0312
1280 10.0312
1281 10.0312
1282 10.0312
1283 10.0312
1284 10.0312
1285 10.0312
1286 10.0312
1287 10.0312
1288 10.0312
1289 10.0312
1290 10.0312
1291 10.0312
1292 10.0312
1293 10.0312
1294 10.0312
1295 10.0312
1296 10.0312
1297 10.0312
1298 10.0312
1299 10.0312
1300 10.0312
1301 10.0312
1302 10.0312
1303 10.0312
1304 10.0312
1305 10.0312
1306 10.0312
1307 10.0312
1308 10.0312
1309 10.0312
1310 10.0312
1311 10.0312
1312 10.0312
1313 10.0312
1314 10.0312
1315 10.0312
1316 10.0312
1317 10.0312
1318 10.0312
1319 10.0312
1320 10.0312
1321 10.0312
1322 10.0312
1323 10.0312
1324 10.0312
1325 10.0312
1326 10.0312
1327 10.0312
1328 10.0312
1329 10.0312
1330 10.0312
1331 10.0312
1332 10.0312
1333 10.0312
1334 10.0312
1335 10.0312
1336 10.0312
1337 10.0312
1338 10.0312
1339 10.0312
1340 10.0312
1341 10.0312
1342 10.0312
1343 10.0312
1344 10.0312
1345 10.0312
1346 10.0312
1347 10.0312
1348 10.0312
1349 10.0312
1350 10.0312
1351 10.0312
1352 10.0312
1353 10.0312
1354 10.0312
1355 10.0312
1356 10.0312
1357 10.0312
1358 10.0312
1359 10.0312
1360 10.0312
1361 10.0312
1362 10.0312
1363 10.0312
1364 10.0312
1365 10.0312
1366 10.0312
1367 10.0312
1368 10.0312
1369 10.0312
1370 10.0312
1371 10.0312
1372 10.0312
1373 10.0312
1374 10.0312
1375 10.0312
1376 10.0312
1377 10.0312
1378 10.0312
1379 10.0312
1380 10.0312
1381 10.0312
1382 10.0312
1383 10.0312
1384 10.0312
1385 10.0312
1386 10.0312
1387 10.0312
1388 10.0312
1389 10.0312
1390 10.0312
1391 10.0312
1392 10.0312
1393 10.0312
1394 10.0312
1395 10.0312
1396 10.0312
1397 10.0312
1398 10.0312
1399 10.0312
1400 10.0312
1401 10.0312
1402 10.0312
1403 10.0312
1404 10.0312
1405 10.0312
1406 10.0312
1407 10.0312
1408 10.0312
1409 10.0312
1410 10.0312
1411 10.0312
1412 10.0312
1413 10.0312
1414 10.0312
1415 10.0312
1416 10.0312
1417 10.0312
1418 10.0312
1419 10.0312
1420 10.0312
1421 10.0312
1422 10.0312
1423 10.0312
1424 10.0312
1425 10.0312
1426 10.0312
1427 10.0312
1428 10.0312
1429 10.0312
1430 10.0312
1431 10.0312
1432 10.0312
1433 10.0312
1434 10.0312
1435 10.0312
1436 10.0312
1437 10.0312
1438 10.0312
1439 10.0312
1440 10.0312
1441 10.0312
1442 10.0312
1443 10.0312
1444 10.0312
1445 10.0312
1446 10.0312
1447 10.0312
1448 10.0312
1449 10.0312
1450 10.0312
1451 10.0312
1452 10.0312
1453 10.0312
1454 10.0312
1455 10.0312
1456 10.0312
1457 10.0312
1458 10.0312
1459 10.0312
1460 10.0312
1461 10.0312
1462 10.0312
1463 10.0312
1464 10.0312
1465 10.0312
1466 10.0312
1467 10.0312
1468 10.0312
1469 10.0312
1470 10.0312
1471 10.0312
1472 10.0312
1473 10.0312
1474 10.0312
1475 10.0312
1476 10.0312
1477 10.0312
1478 10.0312
1479 10.0312
1480 10.0312
1481 10.0312
1482 10.0312
1483 10.0312
1484 10.0312
1485 10.0312
1486 10.0312
1487 10.0312
1488 10.0312
1489 10.0312
1490 10.0312
1491 10.0312
1492 10.0312
1493 10.0312
1494 10.0312
1495 10.0312
1496 10.0312
1497 10.0312
1498 10.0312
1499 10.0312
1500 10.0312
1501 10.0312
1502 10.0312
1503 10.0312
1504 10.0312
1505 10.0312
1506 10.0312
1507 10.0312
1508 10.0312
1509 10.0312
1510 10.0312
1511 10.0312
1512 10.0312
1513 10.0312
1514 10.0312
1515 10.0312
1516 10.0312
1517 10.0312
1518 10.0312
1519 10.0312
1520 10.0312
1521 10.0312
1522 10.0312
1523 10.0312
1524 10.0312
1525 10.0312
1526 10.0312
1527 10.0312
1528 10.0312
1529 10.0312
1530 10.0312
1531 10.0312
1532 10.0312
1533 10.0312
1534 10.0312
1535 10.0312
1536 10.0312
1537 10.0312
1538 10.0312
1539 10.0312
1540 10.0312
1541 10.0312
1542 10.0312
1543 10.0312
1544 10.0312
1545 10.0312
1546 10.0312
1547 10.0312
1548 10.0312
1549 10.0312
1550 10.0312
1551 10.0312
1552 10.0312
1553 10.0312
1554 10.0312
1555 10.0312
1556 10.0312
1557 10.0312
1558 10.0312
1559 10.0312
1560 10.0312
1561 10.0312
1562 10.0312
1563 10.0312
1564 10.0312
1565 10.0312
1566 10.0312
1567 10.0312
1568 10.0312
1569 10.0312
1570 10.0312
1571 10.0312
1572 10.0312
1573 10.0312
1574 10.0312
1575 10.0312
1576 10.0312
1577 10.0312
1578 10.0312
1579 10.0312
1580 10.0312
1581 10.0312
1582 10.0312
1583 10.0312
1584 10.0312
1585 10.0312
1586 10.0312
1587 10.0312
1588 10.0312
1589 10.0312
1590 10.0312
1591 10.0312
1592 10.0312
1593 10.0312
1594 10.0312
1595 10.0312
1596 10.0312
1597 10.0312
1598 10.0312
1599 10.0312
1600 10.0312
1601 10.0312
1602 10.0312
1603 10.0312
1604 10.0312
1605 10.0312
1606 10.0312
1607 10.0312
1608 10.0312
1609 10.0312
1610 10.0312
1611 10.0312
1612 10.0312
1613 10.0312
1614 10.0312
1615 10.0312
1616 10.0312
1617 10.0312
1618 10.0312
1619 10.0312
1620 10.0312
1621 10.0312
1622 10.0312
1623 10.0312
1624 10.0312
1625 10.0312
1626 10.0312
1627 10.0312
1628 10.0312
1629 10.0312
1630 10.0312
1631 10.0312
1632 10.0312
1633 10.0312
1634 10.0312
1635 10.0312
1636 10.0312
1637 10.0312
1638 10.0312
1639 10.0312
1640 10.0312
1641 10.0312
1642 10.0312
1643 10.0312
1644 10.0312
1645 10.0312
1646 10.0312
1647 10.0312
1648 10.0312
1649 10.0312
1650 10.0312
1651 10.0312
1652 10.0312
1653 10.0312
1654 10.0312
1655 10.0312
1656 10.0312
1657 10.0312
1658 10.0312
1659 10.0312
1660 10.0312
1661 10.0312
1662 10.0312
1663 10.0312
1664 10.0312
1665 10.0312
1666 10.0312
1667 10.0312
1668 10.0312
1669 10.0312
1670 10.0312
1671 10.0312
1672 10.0312
1673 10.0312
1674 10.0312
1675 10.0312
1676 10.0312
1677 10.0312
1678 10.0312
1679 10.0312
1680 10.0312
1681 10.0312
1682 10.0312
1683 10.0312
1684 10.0312
1685 10.0312
1686 10.0312
1687 10.0312
1688 10.0312
1689 10.0312
1690 10.0312
1691 10.0312
1692 10.0312
1693 10.0312
1694 10.0312
1695 10.0312
1696 10.0312
1697 10.0312
1698 10.0312
1699 10.0312
1700 10.0312
1701 10.0312
1702 10.0312
1703 10.0312
1704 10.0312
1705 10.0312
1706 10.0312
1707 10.0312
1708 10.0312
1709 10.0312
1710 10.0312
1711 10.0312
1712 10.0312
1713 10.0312
1714 10.0312
1715 10.0312
1716 10.0312
1717 10.0312
1718 10.0312
1719 10.0312
1720 10.0312
1721 10.0312
1722 10.0312
1723 10.0312
1724 10.0312
1725 10.0312
1726 10.0312
1727 10.0312
1728 10.0312
1729 10.0312
1730 10.0312
1731 10.0312
1732 10.0312
1733 10.0312
1734 10.0312
1735 10.0312
1736 10.0312
1737 10.0312
1738 10.0312
1739 10.0312
1740 10.0312
1741 10.0312
1742 10.0312
1743 10.0312
1744 10.0312
1745 10.0312
1746 10.0312
1747 10.0312
1748 10.0312
1749 10.0312
1750 10.0312
1751 10.0312
1752 10.0312
1753 10.0312
1754 10.0312
1755 10.0312
1756 10.0312
1757 10.0312
1758 10.0312
1759 10.0312
1760 10.0312
1761 10.0312
1762 10.0312
1763 10.0312
1764 10.0312
1765 10.0312
1766 10.0312
1767 10.0312
1768 10.0312
1769 10.0312
1770 10.0312
1771 10.0312
1772 10.0312
1773 10.0312
1774 10.0312
1775 10.0312
1776 10.0312
1777 10.0312
1778 10.0312
1779 10.0312
1780 10.0312
1781 10.0312
1782 10.0312
1783 10.0312
1784 10.0312
1785 10.0312
1786 10.0312
1787 10.0312
1788 10.0312
1789 10.0312
1790 10.0312
1791 10.0312
1792 10.0312
1793 10.0312
1794 10.0312
1795 10.0312
1796 10.0312
1797 10.0312
1798 10.0312
1799 10.0312
1800 10.0312
1801 10.0312
1802 10.0312
1803 10.0312
1804 10.0312
1805 10.0312
1806 10.0312
1807 10.0312
1808 10.0312
1809 10.0312
1810 10.0312
1811 10.0312
1812 10.0312
1813 10.0312
1814 10.0312
1815 10.0312
1816 10.0312
1817 10.0312
1818 10.0312
1819 10.0312
1820 10.0312
1821 10.0312
1822 10.0312
1823 10.0312
1824 10.0312
1825 10.0312
1826 10.0312
1827 10.0312
1828 10.0312
1829 10.0312
1830 10.0312
1831 10.0312
1832 10.0312
1833 10.0312
1834 10.0312
1835 10.0312
1836 10.0312
1837 10.0312
1838 10.0312
1839 10.0312
1840 10.0312
1841 10.0312
1842 10.0312
1843 10.0312
1844 10.0312
1845 10.0312
1846 10.0312
1847 10.0312
1848 10.0312
1849 10.0312
1850 10.0312
1851 10.0312
1852 10.0312
1853 10.0312
1854 10.0312
1855 10.0312
1856 10.0312
1857 10.0312
1858 10.0312
1859 10.0312
1860 10.0312
1861 10.0312
1862 10.0312
1863 10.0312
1864 10.0312
1865 10.0312
1866 10.0312
1867 10.0312
1868 10.0312
1869 10.0312
1870 10.0312
1871 10.0312
1872 10.0312
1873 10.0312
1874 10.0312
1875 10.0312
1876 10.0312
1877 10.0312
1878 10.0312
1879 10.0312
1880 10.0312
1881 10.0312
1882 10.0312
1883 10.0312
1884 10.0312
1885 10.0312
1886 10.0312
1887 10.0312
1888 10.0312
1889 10.0312
1890 10.0312
1891 10.0312
1892 10.0312
1893 10.0312
1894 10.0312
1895 10.0312
1896 10.0312
1897 10.0312
1898 10.0312
1899 10.0312
1900 10.0312
1901 10.0312
1902 10.0312
1903 10.0312
1904 10.0312
1905 10.0312
1906 10.0312
1907 10.0312
1908 10.0312
1909 10.0312
1910 10.0312
1911 10.0312
1912 10.0312
1913 10.0312
1914 10.0312
1915 10.0312
1916 10.0312
1917 10.0312
1918 10.0312
1919 10.0312
1920 10.0312
1921 10.0312
1922 10.0312
1923 10.0312
1924 10.0312
1925 10.0312
1926 10.0312
1927 10.0312
1928 10.0312
1929 10.0312
1930 10.0312
1931 10.0312
1932 10.0312
1933 10.0312
1934 10.0312
1935 10.0312
1936 10.0312
1937 10.0312
1938 10.0312
1939 10.0312
1940 10.0312
1941 10.0312
1942 10.0312
1943 10.0312
1944 10.0312
1945 10.0312
1946 10.0312
1947 10.0312
1948 10.0312
1949 10.0312
1950 10.0312
1951 10.0312
1952 10.0312
1953 10.0312
1954 10.0312
1955 10.0312
1956 10.0312
1957 10.0312
1958 10.0312
1959 10.0312
1960 10.0312
1961 10.0312
1962 10.0312
1963 10.0312
1964 10.0312
1965 10.0312
1966 10.0312
1967 10.0312
1968 10.0312
1969 10.0312
1970 10.0312
1971 10.0312
1972 10.0312
1973 10.0312
1974 10.0312
1975 10.0312
1976 10.0312
1977 10.0312
1978 10.0312
1979 10.0312
1980 10.0312
1981 10.0312
1982 10.0312
1983 10.0312
1984 10.0312
1985 10.0312
1986 10.0312
1987 10.0312
1988 10.0312
1989 10.0312
1990 10.0312
1991 10.0312
1992 10.0312
1993 10.0312
1994 10.0312
1995 10.0312
1996 10.0312
1997 10.0312
1998 10.0312
1999 10.0312
