0 15.7375 0
1 15.4157 inf
2 15.2814 0.324174
3 15.2701 0.198999
4 15.0083 0.335412
5 14.9337 0.277957
6 15.0223 0.249769
7 15.1611 0.26069
8 15.1115 0.233646
9 15.0817 0.209726
10 15.0003 0.207135
11 15.0214 0.189434
12 15.045 0.175267
13 15.0392 0.161812
14 14.9702 0.166406
15 14.9757 0.155367
16 14.8863 0.172446
17 14.9503 0.175171
18 14.9448 0.165503
19 14.9222 0.158478
20 14.9246 0.150555
21 14.9498 0.145663
22 14.9184 0.142697
23 14.9126 0.136608
24 14.915 0.13093
25 14.934 0.127166
26 14.9584 0.124781
27 14.9834 0.122808
28 14.9902 0.118623
29 14.9864 0.114595
30 14.9892 0.110809
31 15.0195 0.111545
32 15.0006 0.109743
33 15.0104 0.106882
34 15.0066 0.103808
35 14.9784 0.104834
36 14.9845 0.102111
37 14.9989 0.100417
38 15.0039 0.0979014
39 15.0018 0.0954128
40 14.9777 0.0961766
41 14.9854 0.0941539
42 15.0048 0.0939745
43 15.0258 0.0942336
44 15.0112 0.0932806
45 14.992 0.093237
46 14.9914 0.0912117
47 14.9806 0.0899279
48 14.9524 0.0925688
49 14.9575 0.0908303
50 14.9619 0.0891232
51 14.9619 0.087375
52 14.9604 0.0857071
53 14.9531 0.0844172
54 14.9689 0.0843914
55 14.9481 0.0854797
56 14.9539 0.0841554
57 14.9481 0.0828864
58 14.9646 0.0831352
59 14.9475 0.0835104
60 14.9364 0.0828809
61 14.9388 0.0815573
62 14.938 0.080246
63 14.9519 0.0802167
64 14.9672 0.0804594
65 14.9615 0.0794346
66 14.9692 0.0786215
67 14.9669 0.0774853
68 14.9689 0.0763734
69 14.964 0.0754277
70 14.9742 0.0750547
71 14.9988 0.0780489
72 15.0105 0.0778524
73 15.0134 0.0768409
74 15.0141 0.0758061
75 15.011 0.0748618
76 15.0097 0.0738874
77 15.0147 0.0730965
78 15.0122 0.0722036
79 15.0162 0.0714052
80 15.0192 0.0705785
81 15.0114 0.0701472
82 15.0098 0.0693108
83 15.0063 0.0685655
84 14.9998 0.0680677
85 14.9937 0.0675435
86 14.9844 0.0674045
87 14.9816 0.0666891
88 14.9827 0.0659391
89 14.981 0.0652197
90 14.9748 0.0647923
91 14.9735 0.0640935
92 14.9743 0.0634016
93 14.9757 0.0627352
94 14.98 0.0622163
95 14.9891 0.0622429
96 15.0031 0.0631917
97 15.0026 0.0625426
98 14.9993 0.061991
99 14.9914 0.06188
