0 5.50927 0
1 5.48222 inf
2 5.4596 0.0388718
3 5.5771 0.145867
4 5.56701 0.107162
5 5.54237 0.0890878
6 5.52919 0.0751699
7 5.53265 0.0642971
8 5.51015 0.0610622
9 5.54663 0.0665883
10 5.58604 0.0728591
11 5.50538 0.107407
12 5.45621 0.11099
13 5.43069 0.105786
14 5.46113 0.103144
15 5.46301 0.0962561
16 5.49885 0.097513
17 5.50089 0.0917805
18 5.50694 0.0868886
19 5.49142 0.0838316
20 5.48983 0.079646
21 5.47903 0.0766484
22 5.49205 0.0743611
23 5.50424 0.0722065
24 5.49623 0.0696745
25 5.49527 0.0668903
26 5.49053 0.0644948
27 5.47888 0.0632276
28 5.47845 0.0609682
29 5.47778 0.0588671
30 5.48719 0.0577008
31 5.48839 0.0558509
32 5.486 0.0541582
33 5.48019 0.0528461
34 5.46779 0.0528113
35 5.48221 0.0533465
36 5.48199 0.051864
37 5.47593 0.0508344
38 5.4699 0.0498711
39 5.46923 0.0485962
40 5.4668 0.0474442
41 5.46092 0.0466676
42 5.46182 0.0455649
43 5.45733 0.0447367
44 5.46283 0.044072
45 5.47662 0.0452937
46 5.48425 0.0449749
47 5.4786 0.0443858
48 5.47322 0.0438005
49 5.47459 0.0429287
50 5.46679 0.0428007
51 5.46729 0.0419642
52 5.46625 0.0411704
53 5.47009 0.0405792
54 5.4722 0.0398843
55 5.4783 0.0396394
56 5.4811 0.0390334
57 5.47614 0.0386732
58 5.46942 0.0386055
59 5.46959 0.0379513
60 5.47411 0.0375955
61 5.46864 0.037387
62 5.4661 0.0368732
63 5.4623 0.0364894
64 5.45955 0.0360261
65 5.46314 0.0356561
66 5.46141 0.0351589
67 5.46189 0.0346374
68 5.45713 0.0344627
69 5.45484 0.0340414
70 5.454 0.0335656
71 5.45023 0.0333101
72 5.44919 0.032864
73 5.44561 0.0326145
74 5.44324 0.032262
75 5.43512 0.0328643
76 5.43536 0.0324326
77 5.42869 0.0327073
78 5.43072 0.0323525
79 5.43356 0.0320706
80 5.43567 0.0317406
81 5.43781 0.0314226
82 5.4385 0.0310471
83 5.4423 0.0309109
84 5.44388 0.030584
85 5.44293 0.0302392
86 5.44588 0.0300346
87 5.44055 0.0301705
88 5.44071 0.0298281
89 5.44227 0.0295342
90 5.44942 0.0300799
91 5.45095 0.029789
92 5.45028 0.029473
93 5.44872 0.0291982
94 5.44228 0.0296031
95 5.4407 0.0293349
96 5.44091 0.0290301
97 5.44045 0.0287346
98 5.44154 0.0284625
99 5.44982 0.0293784
