0 0.456646 0
1 0.502985 inf
2 0.476028 0.0537102
3 0.496012 0.0409979
4 0.495708 0.0299427
5 0.492961 0.0238701
6 0.495493 0.0199598
7 0.494858 0.0170577
8 0.501828 0.0166497
9 0.506394 0.0155487
10 0.50445 0.0141267
11 0.50699 0.0131047
12 0.506744 0.0120074
13 0.507175 0.0110871
14 0.505479 0.0104404
15 0.508615 0.0102677
16 0.50896 0.00962996
17 0.507601 0.00916907
18 0.507688 0.00865852
19 0.505419 0.00852641
20 0.504399 0.00816626
21 0.503605 0.00781895
22 0.502794 0.00750878
23 0.503193 0.00719322
24 0.504293 0.00698396
25 0.504593 0.00671116
26 0.505569 0.00652893
27 0.505949 0.00629867
28 0.506554 0.00610457
29 0.506531 0.00589386
30 0.505764 0.00575024
31 0.504886 0.00563572
32 0.506219 0.00562481
33 0.504607 0.00569457
34 0.504065 0.00555428
35 0.503789 0.00540267
36 0.504829 0.00535717
37 0.504561 0.00521931
38 0.504497 0.00508228
39 0.50366 0.00502407
40 0.503773 0.00489973
41 0.503827 0.00478047
42 0.503878 0.00466686
43 0.503199 0.0046097
44 0.50301 0.00450895
45 0.502786 0.00441449
46 0.502452 0.00433168
47 0.502301 0.00424222
48 0.502522 0.00415982
49 0.502191 0.0040886
50 0.502344 0.0040098
51 0.501825 0.003966
52 0.502225 0.00391062
53 0.501589 0.00389025
54 0.501251 0.00383333
55 0.50102 0.00377082
56 0.501545 0.00374117
57 0.501032 0.00371179
58 0.500675 0.00366556
59 0.500854 0.00360796
60 0.499879 0.00368174
61 0.500704 0.00371571
62 0.500697 0.00365577
63 0.500935 0.00360572
64 0.501261 0.00356456
65 0.50124 0.00350977
66 0.502142 0.00357386
67 0.501995 0.0035236
68 0.502403 0.00349594
69 0.503536 0.00362954
70 0.503753 0.00358436
71 0.503759 0.00353387
72 0.50398 0.00349188
73 0.50309 0.00355863
74 0.503112 0.0035106
75 0.50356 0.00349301
76 0.503015 0.00349044
77 0.50354 0.00348532
78 0.503935 0.00346349
79 0.504052 0.0034217
80 0.504752 0.00345158
81 0.505084 0.00342529
82 0.504825 0.00339358
83 0.504764 0.00335325
84 0.504186 0.00336389
85 0.504168 0.00332436
86 0.504057 0.0032876
87 0.503582 0.00328472
88 0.503382 0.00325358
89 0.503583 0.00322337
90 0.502754 0.00329483
91 0.502306 0.00328966
92 0.502027 0.00326597
93 0.502016 0.00323087
94 0.501609 0.00322258
95 0.501519 0.00318994
96 0.501633 0.00315879
97 0.501401 0.00313492
98 0.501149 0.00311322
99 0.501214 0.00308246
