0 0.0890399 0
1 0.0936191 inf
2 0.0876198 0.00927159
3 0.0889464 0.00590558
4 0.0867139 0.00502454
5 0.0852591 0.00429237
6 0.0840464 0.00379456
7 0.0847467 0.00332736
8 0.0836774 0.00312125
9 0.0834513 0.0027802
10 0.0846859 0.00281778
11 0.0848619 0.00256603
12 0.085203 0.00237747
13 0.0846059 0.00227979
14 0.0845063 0.00211861
15 0.0850369 0.00205159
16 0.0842032 0.00210683
17 0.0845239 0.00200983
18 0.0843695 0.00190446
19 0.0850092 0.00191992
20 0.0848088 0.00183522
21 0.0846183 0.0017585
22 0.0845317 0.00168074
23 0.0845532 0.00160767
24 0.0846485 0.00154364
25 0.0842996 0.00152397
26 0.0845109 0.00148103
27 0.0843018 0.00144194
28 0.08408 0.0014086
29 0.0842106 0.00136645
30 0.0842668 0.00132208
31 0.084554 0.00131228
32 0.0846628 0.00127603
33 0.0849451 0.00127011
34 0.0846711 0.00126372
35 0.0846966 0.00122786
36 0.0845736 0.00120022
37 0.0845633 0.00116781
38 0.0844152 0.00114691
39 0.0845043 0.00112112
40 0.0842218 0.00112989
41 0.0841498 0.00110472
42 0.0839102 0.00110535
43 0.0840134 0.00108467
44 0.0839672 0.00106103
45 0.0840125 0.00103845
46 0.0840238 0.00101593
47 0.0840943 0.000996849
48 0.0842817 0.000994278
49 0.0843446 0.000976048
50 0.0843382 0.000956541
51 0.0843677 0.000938253
52 0.0843662 0.000920204
53 0.0845159 0.000915395
54 0.0844388 0.0009018
55 0.0845669 0.000894787
56 0.0847403 0.000896049
57 0.0845299 0.000905546
58 0.0844288 0.000895758
59 0.0846083 0.000899001
60 0.0845961 0.0008841
61 0.08464 0.000870728
62 0.0846889 0.0008581
63 0.0843653 0.000905306
64 0.0844116 0.000892383
65 0.0844199 0.000878689
66 0.0847117 0.000913985
67 0.0847493 0.000901135
68 0.08473 0.000888094
69 0.0846445 0.000879443
70 0.0845463 0.000872508
71 0.0845911 0.000861403
72 0.0845472 0.000850588
73 0.0845119 0.000839687
74 0.0843866 0.000837878
75 0.0843506 0.000827499
76 0.0841446 0.000842532
77 0.0840398 0.000838257
78 0.0841207 0.00083151
79 0.084177 0.000822937
80 0.0841929 0.000812805
81 0.0841294 0.000805306
82 0.0841484 0.000795712
83 0.0841147 0.000786852
84 0.0839629 0.000792339
85 0.083994 0.00078364
86 0.0838782 0.00078324
87 0.0837091 0.000792696
88 0.0834739 0.00081859
89 0.0834475 0.000809826
90 0.0833944 0.000802606
91 0.0833649 0.00079434
92 0.0833519 0.000785814
93 0.0833589 0.000777396
94 0.0833117 0.000770581
95 0.0831659 0.000776445
96 0.0830796 0.000773239
97 0.0830292 0.000766942
98 0.0830135 0.000759279
99 0.0832638 0.000792605
