0 26.1228
1 25.2432
2 25.2432
3 24.1938
4 24.1938
5 24.1938
6 24.1938
7 22.9152
8 22.9152
9 21.0561
10 20.4078
11 20.4078
12 19.6827
13 18.7705
14 18.7705
15 18.7705
16 18.7705
17 18.7705
18 18.7705
19 18.7705
20 18.7187
21 18.2494
22 18.0588
23 18.007
24 18.007
25 18.007
26 18.007
27 18.007
28 18.007
29 15.6437
30 15.6437
31 15.3409
32 15.3409
33 14.881
34 14.3508
35 14.3508
36 14.2492
37 14.2492
38 14.2492
39 13.817
40 13.7528
41 13.7528
42 13.7528
43 13.7528
44 13.6779
45 13.6779
46 13.6779
47 13.6779
48 13.6149
49 13.6779
50 13.6779
51 13.6779
52 13.6779
53 13.6779
54 13.6779
55 13.6779
56 13.6779
57 13.6779
58 13.6779
59 13.6779
60 13.6779
61 13.6779
62 13.6779
63 13.6779
64 13.6779
65 13.6779
66 13.6779
67 13.6779
68 13.6779
69 12.6557
70 12.6557
71 12.6557
72 12.6557
73 12.6557
74 12.6557
75 12.6557
76 12.6557
77 12.6557
78 12.6557
79 11.4564
80 11.4564
81 11.4564
82 11.4564
83 11.4564
84 11.4564
85 11.4564
86 11.4564
87 11.4564
88 11.4564
89 11.4564
90 11.4564
91 11.4564
92 11.4564
93 11.4564
94 11.4564
95 11.4564
96 11.4564
97 11.4564
98 11.4564
99 11.3451
100 11.3451
101 11.3451
102 11.3451
103 11.3451
104 11.3451
105 11.3451
106 11.3451
107 11.3451
108 11.3451
109 11.322
110 11.322
111 11.1614
112 11.1614
113 11.1614
114 11.1614
115 11.1614
116 11.1614
117 11.1614
118 11.1614
119 11.1614
120 11.1614
121 11.1614
122 11.0881
123 11.0881
124 11.0679
125 11.0679
126 10.4415
127 10.4415
128 10.4415
129 10.4415
130 10.4415
131 10.4415
132 10.4415
133 10.4415
134 10.4415
135 10.4415
136 10.104
137 10.104
138 10.104
139 10.104
140 10.104
141 10.104
142 10.104
143 10.104
144 10.104
145 10.104
146 10.104
147 10.104
148 10.104
149 9.8457
150 9.8457
151 9.8457
152 9.8457
153 9.8457
154 9.8457
155 9.8457
156 9.8457
157 9.8457
158 9.8457
159 9.39768
160 9.39768
161 9.39768
162 9.39768
163 9.39768
164 9.39768
165 9.39768
166 9.39768
167 9.39768
168 9.39768
169 9.39768
170 9.39768
171 9.39768
172 9.39768
173 9.39768
174 9.39768
175 9.39768
176 9.39768
177 9.39768
178 9.39768
179 9.39768
180 9.39768
181 9.39768
182 9.39768
183 9.39768
184 9.39768
185 9.39768
186 9.39768
187 9.39768
188 9.39768
189 9.39768
190 9.39768
191 9.39768
192 9.39768
193 9.39768
194 9.39768
195 9.39768
196 9.39768
197 9.39768
198 9.39768
199 9.39768
200 9.39768
201 9.39768
202 9.39768
203 9.39768
204 9.39768
205 9.39768
206 9.39768
207 9.39768
208 9.39768
209 9.39768
210 9.39768
211 9.39768
212 9.39768
213 9.39768
214 9.39768
215 9.39768
216 9.39768
217 9.39768
218 9.39768
219 9.39768
220 9.39768
221 9.39768
222 9.39768
223 9.39768
224 9.39768
225 9.39768
226 9.39768
227 9.39768
228 9.39768
229 9.39768
230 9.39768
231 9.39768
232 9.39768
233 9.39768
234 9.39768
235 9.39768
236 9.39768
237 9.39768
238 9.39768
239 9.39768
240 9.39768
241 9.39768
242 9.39768
243 9.39768
244 9.39768
245 9.39768
246 9.39768
247 9.39768
248 9.39768
249 9.39768
250 9.39768
251 9.39768
252 9.39768
253 9.39768
254 9.39768
255 9.39768
256 9.39768
257 9.39768
258 9.39768
259 9.39768
260 9.39768
261 9.39768
262 9.39768
263 9.39768
264 9.39768
265 9.39768
266 9.39768
267 9.39768
268 9.39768
269 9.39768
270 9.39768
271 9.39768
272 9.39768
273 9.39768
274 9.39768
275 9.39768
276 9.39768
277 9.39768
278 9.39768
279 9.39768
280 9.39768
281 9.39768
282 9.39768
283 9.39768
284 9.39768
285 9.39768
286 9.39768
287 9.39768
288 9.39768
289 9.39768
290 9.39768
291 9.39768
292 9.39768
293 9.39768
294 9.39768
295 9.39768
296 9.39768
297 9.39768
298 9.39768
299 9.39768
