0 26.2426
1 23.9445
2 21.0193
3 21.0193
4 21.0193
5 21.0193
6 21.0193
7 20.6599
8 19.9478
9 19.6146
10 19.3203
11 18.9259
12 18.9259
13 18.5415
14 18.5415
15 18.5415
16 18.5415
17 18.3295
18 18.2565
19 18.2565
20 18.0034
21 18.0034
22 18.0034
23 18.0034
24 18.0034
25 18.0034
26 18.0034
27 17.668
28 17.6623
29 16.3313
30 16.3313
31 16.3313
32 16.0378
33 16.0378
34 15.9536
35 15.4083
36 15.4083
37 15.3822
38 15.3822
39 15.3822
40 15.314
41 14.7241
42 14.7241
43 14.1702
44 14.1702
45 13.8124
46 13.8124
47 13.8124
48 13.8124
49 13.6149
50 13.6149
51 13.6149
52 13.6149
53 13.6149
54 13.6149
55 13.6149
56 13.6149
57 13.6149
58 13.5036
59 13.6149
60 12.8064
61 12.8064
62 12.8013
63 12.8013
64 12.8013
65 12.8013
66 12.1738
67 12.1687
68 12.1687
69 12.1687
70 12.1687
71 12.1687
72 12.1687
73 12.1687
74 12.1687
75 12.1687
76 12.1687
77 11.4564
78 11.4564
79 11.4564
80 11.4564
81 11.4564
82 11.4564
83 11.4564
84 11.4564
85 11.4564
86 11.4564
87 11.4564
88 11.4564
89 11.4564
90 11.4564
91 11.4564
92 11.4564
93 11.4564
94 11.4564
95 11.4564
96 11.4564
97 11.4564
98 11.4564
99 11.4164
100 11.4164
101 11.4164
102 11.4164
103 11.4164
104 11.4164
105 11.4164
106 11.4164
107 11.4164
108 11.4164
109 11.4164
110 11.4164
111 11.4164
112 11.4164
113 11.4164
114 11.4164
115 11.4164
116 11.4164
117 11.4164
118 11.4164
119 11.3451
120 11.305
121 11.305
122 11.305
123 11.305
124 11.305
125 11.305
126 11.305
127 11.305
128 11.305
129 10.4415
130 10.4415
131 10.4415
132 10.4415
133 10.104
134 10.104
135 10.104
136 10.104
137 10.104
138 10.104
139 9.8457
140 9.8457
141 9.8457
142 9.8457
143 9.8457
144 9.8457
145 9.8457
146 9.8457
147 9.8457
148 9.8457
149 9.8457
150 9.8457
151 9.8457
152 9.8457
153 9.8457
154 9.8457
155 9.8457
156 9.8457
157 9.8457
158 9.8457
159 9.39768
160 9.39768
161 9.39768
162 9.39768
163 9.39768
164 9.39768
165 9.39768
166 9.39768
167 9.39768
168 9.39768
169 9.39768
170 9.39768
171 9.39768
172 9.39768
173 9.39768
174 9.39768
175 9.39768
176 9.39768
177 9.39768
178 9.39768
179 9.39768
180 9.39768
181 9.39768
182 9.39768
183 9.39768
184 9.39768
185 9.39768
186 9.39768
187 9.39768
188 9.39768
189 9.39768
190 9.39768
191 9.39768
192 9.39768
193 9.39768
194 9.39768
195 9.39768
196 9.39768
197 9.39768
198 9.39768
199 9.39768
200 9.39768
201 9.39768
202 9.39768
203 9.39768
204 9.39768
205 9.39768
206 9.39768
207 9.39768
208 9.39768
209 9.39768
210 9.39768
211 9.39768
212 9.39768
213 9.39768
214 9.39768
215 9.39768
216 9.39768
217 9.39768
218 9.39768
219 9.39768
220 9.39768
221 9.39768
222 9.39768
223 9.39768
224 9.39768
225 9.39768
226 9.39768
227 9.39768
228 9.39768
229 9.39768
230 9.39768
231 9.39768
232 9.39768
233 9.39768
234 9.39768
235 9.39768
236 9.39768
237 9.39768
238 9.39768
239 9.39768
240 9.39768
241 9.39768
242 9.39768
243 9.39768
244 9.39768
245 9.39768
246 9.39768
247 9.39768
248 9.39768
249 9.39768
250 9.39768
251 9.39768
252 9.39768
253 9.39768
254 9.39768
255 9.39768
256 9.39768
257 9.39768
258 9.39768
259 9.39768
260 9.39768
261 9.39768
262 9.39768
263 9.39768
264 9.39768
265 9.39768
266 9.39768
267 9.39768
268 9.39768
269 9.39768
270 9.39768
271 9.39768
272 9.39768
273 9.39768
274 9.39768
275 9.39768
276 9.39768
277 9.39768
278 9.39768
279 9.39768
280 9.39768
281 9.39768
282 9.39768
283 9.39768
284 9.39768
285 9.39768
286 9.39768
287 9.39768
288 9.39768
289 9.39768
290 9.39768
291 9.39768
292 9.39768
293 9.39768
294 9.39768
295 9.39768
296 9.39768
297 9.39768
298 9.39768
299 9.39768
