0 32.0848
1 30.1392
2 27.8433
3 26.3925
4 25.5012
5 24.2592
6 23.5259
7 23.3986
8 22.9247
9 22.3583
10 22.198
11 21.9979
12 21.8443
13 21.4022
14 20.8032
15 20.347
16 20.1467
17 20.0262
18 19.6503
19 19.1072
20 18.3522
21 17.3528
22 16.7378
23 16.7062
24 16.7062
25 16.7062
26 16.6981
27 16.5193
28 16.3792
29 16.3034
30 16.3034
31 16.3034
32 16.3034
33 16.3034
34 16.3034
35 16.3034
36 16.3034
37 16.3034
38 16.3034
39 16.1007
40 15.786
41 15.395
42 15.3822
43 15.3809
44 15.3644
45 15.326
46 15.2973
47 15.0412
48 14.5706
49 14.2727
50 14.1263
51 13.7859
52 13.7212
53 13.705
54 13.7042
55 13.7042
56 13.7042
57 13.7042
58 13.7042
59 13.6995
60 13.6879
61 13.6789
62 13.6779
63 13.6779
64 13.6779
65 13.6779
66 13.6764
67 13.6541
68 13.6036
69 13.1327
70 12.3512
71 12.1624
72 12.1568
73 12.0151
74 11.7764
75 11.6887
76 11.6887
77 11.6887
78 11.6887
79 11.6887
80 11.6887
81 11.6887
82 11.6887
83 11.6887
84 11.6887
85 11.6887
86 11.6887
87 11.6887
88 11.6887
89 11.5878
90 11.4564
91 11.4564
92 11.4564
93 11.4564
94 11.4542
95 11.4294
96 11.3584
97 11.3451
98 11.3451
99 11.3451
100 11.3451
101 11.3451
102 11.3451
103 11.3451
104 11.3451
105 11.3451
106 11.3451
107 11.3451
108 11.3451
109 11.3451
110 11.3451
111 11.3451
112 11.3451
113 11.3451
114 11.3451
115 11.3451
116 11.3451
117 11.3451
118 11.3451
119 11.3451
120 11.3451
121 11.3451
122 11.3443
123 11.3298
124 11.3011
125 11.271
126 11.2116
127 10.9928
128 10.795
129 10.5074
130 10.4375
131 10.2921
132 10.0415
133 10.0415
134 10.0415
135 10.0415
136 10.0415
137 10.0415
138 10.0415
139 10.0411
140 10.0314
141 10.0185
142 10.0185
143 10.0185
144 10.0185
145 10.0185
146 10.0185
147 10.0185
148 10.0185
149 9.77018
150 9.40089
151 9.39768
152 9.39768
153 9.39768
154 9.39768
155 9.39768
156 9.39768
157 9.39768
158 9.39768
159 9.39768
160 9.39768
161 9.39768
162 9.39768
163 9.39768
164 9.39768
165 9.39768
166 9.39768
167 9.39768
168 9.39768
169 9.39768
170 9.39768
171 9.39768
172 9.39768
173 9.39768
174 9.39768
175 9.39768
176 9.39768
177 9.39768
178 9.39768
179 9.39768
180 9.39768
181 9.39768
182 9.39768
183 9.39768
184 9.39768
185 9.39768
186 9.39768
187 9.39768
188 9.39768
189 9.39768
190 9.39768
191 9.39768
192 9.39768
193 9.39768
194 9.39768
195 9.39768
196 9.39768
197 9.39768
198 9.39768
199 9.39768
200 9.39768
201 9.39768
202 9.39768
203 9.39768
204 9.39768
205 9.39768
206 9.39768
207 9.39768
208 9.39768
209 9.39768
210 9.39768
211 9.39768
212 9.39768
213 9.39768
214 9.39768
215 9.39768
216 9.39768
217 9.39768
218 9.39768
219 9.39768
220 9.39768
221 9.39768
222 9.39768
223 9.39768
224 9.39768
225 9.39768
226 9.39768
227 9.39768
228 9.39768
229 9.39768
230 9.39768
231 9.39768
232 9.39768
233 9.39768
234 9.39768
235 9.39768
236 9.39768
237 9.39768
238 9.39768
239 9.39768
240 9.39768
241 9.39768
242 9.39768
243 9.39768
244 9.39768
245 9.39768
246 9.39768
247 9.39768
248 9.39768
249 9.39768
250 9.39768
251 9.39768
252 9.39768
253 9.39768
254 9.39768
255 9.39768
256 9.39768
257 9.39768
258 9.39768
259 9.39768
260 9.39768
261 9.39768
262 9.39768
263 9.39768
264 9.39768
265 9.39768
266 9.39768
267 9.39768
268 9.39768
269 9.39768
270 9.39768
271 9.39768
272 9.39768
273 9.39768
274 9.39768
275 9.39768
276 9.39768
277 9.39768
278 9.39768
279 9.39768
280 9.39768
281 9.39768
282 9.39768
283 9.39768
284 9.39768
285 9.39768
286 9.39768
287 9.39768
288 9.39768
289 9.39768
290 9.39768
291 9.39768
292 9.39768
293 9.39768
294 9.39768
295 9.39768
296 9.39768
297 9.39768
298 9.39768
299 9.39768
