0 30.1448
1 26.7896
2 24.5429
3 23.9968
4 22.7979
5 21.3041
6 20.3659
7 19.6331
8 19.6146
9 19.6146
10 19.6146
11 19.6007
12 19.4634
13 19.0877
14 18.9189
15 18.9189
16 18.9188
17 18.9162
18 18.8942
19 18.8309
20 18.6673
21 18.2117
22 17.8179
23 17.4105
24 17.0924
25 17.0859
26 17.0008
27 16.8414
28 16.7697
29 16.7697
30 16.7697
31 16.7683
32 16.7556
33 16.7227
34 16.6722
35 16.4908
36 16.3609
37 16.3275
38 16.2613
39 15.9007
40 15.2451
41 14.408
42 14.2492
43 14.2492
44 14.2492
45 14.2492
46 14.2492
47 14.2492
48 14.248
49 14.2447
50 14.1846
51 14.0782
52 14.0747
53 14.0747
54 14.0747
55 14.0747
56 14.0747
57 14.0747
58 14.0747
59 13.7889
60 13.5036
61 13.5036
62 13.4933
63 13.2884
64 12.9879
65 12.9115
66 12.8217
67 12.7878
68 12.6896
69 12.6557
70 12.6557
71 12.6557
72 12.6557
73 12.6557
74 12.6557
75 12.6557
76 12.6557
77 12.6557
78 12.6557
79 12.4467
80 11.8631
81 11.6887
82 11.6887
83 11.6887
84 11.6887
85 11.6887
86 11.6887
87 11.6887
88 11.6887
89 11.5899
90 11.4613
91 11.4214
92 11.4191
93 11.4164
94 11.4164
95 11.4164
96 11.4164
97 11.4164
98 11.4164
99 11.4164
100 11.4164
101 11.4164
102 11.4164
103 11.4164
104 11.4164
105 11.4164
106 11.4164
107 11.4164
108 11.4164
109 11.4164
110 11.4164
111 11.4164
112 11.4164
113 11.4164
114 11.4164
115 11.4164
116 11.4164
117 11.4164
118 11.4164
119 11.3281
120 11.1431
121 11.1214
122 11.1214
123 11.1214
124 11.1214
125 11.1214
126 11.1214
127 11.1214
128 11.1214
129 10.9172
130 10.5241
131 10.381
132 10.2797
133 10.262
134 10.262
135 10.262
136 10.262
137 10.262
138 10.262
139 10.1889
140 10.0916
141 9.83917
142 9.57333
143 9.45451
144 9.39768
145 9.39768
146 9.39768
147 9.39768
148 9.39768
149 9.39768
150 9.39768
151 9.39768
152 9.39768
153 9.39768
154 9.39768
155 9.39768
156 9.39768
157 9.39768
158 9.39768
159 9.39768
160 9.39768
161 9.39768
162 9.39768
163 9.39768
164 9.39768
165 9.39768
166 9.39768
167 9.39768
168 9.39768
169 9.39768
170 9.39768
171 9.39768
172 9.39768
173 9.39768
174 9.39768
175 9.39768
176 9.39768
177 9.39768
178 9.39768
179 9.39768
180 9.39768
181 9.39768
182 9.39768
183 9.39768
184 9.39768
185 9.39768
186 9.39768
187 9.39768
188 9.39768
189 9.39768
190 9.39768
191 9.39768
192 9.39768
193 9.39768
194 9.39768
195 9.39768
196 9.39768
197 9.39768
198 9.39768
199 9.39768
200 9.39768
201 9.39768
202 9.39768
203 9.39768
204 9.39768
205 9.39768
206 9.39768
207 9.39768
208 9.39768
209 9.39768
210 9.39768
211 9.39768
212 9.39768
213 9.39768
214 9.39768
215 9.39768
216 9.39768
217 9.39768
218 9.39768
219 9.39768
220 9.39768
221 9.39768
222 9.39768
223 9.39768
224 9.39768
225 9.39768
226 9.39768
227 9.39768
228 9.39768
229 9.39768
230 9.39768
231 9.39768
232 9.39768
233 9.39768
234 9.39768
235 9.39768
236 9.39768
237 9.39768
238 9.39768
239 9.39768
240 9.39768
241 9.39768
242 9.39768
243 9.39768
244 9.39768
245 9.39768
246 9.39768
247 9.39768
248 9.39768
249 9.39768
250 9.39768
251 9.39768
252 9.39768
253 9.39768
254 9.39768
255 9.39768
256 9.39768
257 9.39768
258 9.39768
259 9.39768
260 9.39768
261 9.39768
262 9.39768
263 9.39768
264 9.39768
265 9.39768
266 9.39768
267 9.39768
268 9.39768
269 9.39768
270 9.39768
271 9.39768
272 9.39768
273 9.39768
274 9.39768
275 9.39768
276 9.39768
277 9.39768
278 9.39768
279 9.39768
280 9.39768
281 9.39768
282 9.39768
283 9.39768
284 9.39768
285 9.39768
286 9.39768
287 9.39768
288 9.39768
289 9.39768
290 9.39768
291 9.39768
292 9.39768
293 9.39768
294 9.39768
295 9.39768
296 9.39768
297 9.39768
298 9.39768
299 9.39768
