0 29.3506
1 27.0987
2 25.8625
3 25.0111
4 23.5118
5 23.5118
6 23.3719
7 22.3531
8 22.3309
9 21.9861
10 21.9861
11 21.6246
12 20.9915
13 20.1767
14 20.1767
15 20.098
16 19.8599
17 19.1929
18 19.1929
19 17.9322
20 16.7062
21 16.7062
22 16.7062
23 16.7062
24 16.7062
25 16.7062
26 16.3034
27 16.3034
28 15.6514
29 16.3034
30 16.3034
31 16.3034
32 16.3034
33 16.3034
34 16.3034
35 16.3034
36 16.3034
37 16.3034
38 16.3034
39 15.3822
40 15.3822
41 15.3822
42 15.3822
43 15.3189
44 15.3189
45 15.2952
46 14.7664
47 14.2422
48 14.2422
49 13.8024
50 13.7221
51 13.7042
52 13.7042
53 13.7042
54 13.7042
55 13.7042
56 13.7042
57 13.7042
58 13.7042
59 13.6779
60 13.6779
61 13.6779
62 13.6779
63 13.6779
64 13.6779
65 13.6779
66 13.6036
67 13.6036
68 13.6036
69 12.1624
70 12.1624
71 12.1624
72 11.8792
73 11.6887
74 11.6887
75 11.6887
76 11.6887
77 11.6887
78 11.6887
79 11.6887
80 11.6887
81 11.6887
82 11.6887
83 11.6887
84 11.6887
85 11.6887
86 11.6887
87 11.6887
88 11.6887
89 11.4564
90 11.4564
91 11.4564
92 11.4564
93 11.4564
94 11.3451
95 11.3451
96 11.3451
97 11.3451
98 11.3451
99 11.3451
100 11.3451
101 11.3451
102 11.3451
103 11.3451
104 11.3451
105 11.3451
106 11.3451
107 11.3451
108 11.3451
109 11.3451
110 11.3451
111 11.3451
112 11.3451
113 11.3451
114 11.3451
115 11.3451
116 11.3451
117 11.3451
118 11.3451
119 11.3451
120 11.3451
121 11.3451
122 11.305
123 11.305
124 11.1069
125 10.9928
126 10.9928
127 10.4456
128 10.4456
129 10.4456
130 10.0415
131 10.0415
132 10.0415
133 10.0415
134 10.0415
135 10.0415
136 10.0415
137 10.0415
138 10.0415
139 10.0185
140 10.0185
141 10.0185
142 10.0185
143 10.0185
144 10.0185
145 10.0185
146 10.0185
147 10.0185
148 10.0185
149 9.39768
150 9.39768
151 9.39768
152 9.39768
153 9.39768
154 9.39768
155 9.39768
156 9.39768
157 9.39768
158 9.39768
159 9.39768
160 9.39768
161 9.39768
162 9.39768
163 9.39768
164 9.39768
165 9.39768
166 9.39768
167 9.39768
168 9.39768
169 9.39768
170 9.39768
171 9.39768
172 9.39768
173 9.39768
174 9.39768
175 9.39768
176 9.39768
177 9.39768
178 9.39768
179 9.39768
180 9.39768
181 9.39768
182 9.39768
183 9.39768
184 9.39768
185 9.39768
186 9.39768
187 9.39768
188 9.39768
189 9.39768
190 9.39768
191 9.39768
192 9.39768
193 9.39768
194 9.39768
195 9.39768
196 9.39768
197 9.39768
198 9.39768
199 9.39768
200 9.39768
201 9.39768
202 9.39768
203 9.39768
204 9.39768
205 9.39768
206 9.39768
207 9.39768
208 9.39768
209 9.39768
210 9.39768
211 9.39768
212 9.39768
213 9.39768
214 9.39768
215 9.39768
216 9.39768
217 9.39768
218 9.39768
219 9.39768
220 9.39768
221 9.39768
222 9.39768
223 9.39768
224 9.39768
225 9.39768
226 9.39768
227 9.39768
228 9.39768
229 9.39768
230 9.39768
231 9.39768
232 9.39768
233 9.39768
234 9.39768
235 9.39768
236 9.39768
237 9.39768
238 9.39768
239 9.39768
240 9.39768
241 9.39768
242 9.39768
243 9.39768
244 9.39768
245 9.39768
246 9.39768
247 9.39768
248 9.39768
249 9.39768
250 9.39768
251 9.39768
252 9.39768
253 9.39768
254 9.39768
255 9.39768
256 9.39768
257 9.39768
258 9.39768
259 9.39768
260 9.39768
261 9.39768
262 9.39768
263 9.39768
264 9.39768
265 9.39768
266 9.39768
267 9.39768
268 9.39768
269 9.39768
270 9.39768
271 9.39768
272 9.39768
273 9.39768
274 9.39768
275 9.39768
276 9.39768
277 9.39768
278 9.39768
279 9.39768
280 9.39768
281 9.39768
282 9.39768
283 9.39768
284 9.39768
285 9.39768
286 9.39768
287 9.39768
288 9.39768
289 9.39768
290 9.39768
291 9.39768
292 9.39768
293 9.39768
294 9.39768
295 9.39768
296 9.39768
297 9.39768
298 9.39768
299 9.39768
